ARM GAS  C:\Users\TAISIK~1\AppData\Local\Temp\ccynQIgN.s 			page 1


   1              		.syntax unified
   2              		.cpu cortex-m4
   3              		.fpu softvfp
   4              		.eabi_attribute 20, 1
   5              		.eabi_attribute 21, 1
   6              		.eabi_attribute 23, 3
   7              		.eabi_attribute 24, 1
   8              		.eabi_attribute 25, 1
   9              		.eabi_attribute 26, 1
  10              		.eabi_attribute 30, 2
  11              		.eabi_attribute 34, 1
  12              		.eabi_attribute 18, 4
  13              		.thumb
  14              		.file	"chheap.c"
  15              		.text
  16              	.Ltext0:
  17              		.cfi_sections	.debug_frame
  18              		.section	.text._heap_init,"ax",%progbits
  19              		.align	2
  20              		.p2align 4,,15
  21              		.global	_heap_init
  22              		.thumb
  23              		.thumb_func
  24              		.type	_heap_init, %function
  25              	_heap_init:
  26              	.LFB7:
  27              		.file 1 "../../os/kernel/src/chheap.c"
  28              		.loc 1 68 0
  29              		.cfi_startproc
  30              		@ args = 0, pretend = 0, frame = 0
  31              		@ frame_needed = 0, uses_anonymous_args = 0
  32              		@ link register save eliminated.
  33              		.loc 1 69 0
  34 0000 40F20003 		movw	r3, #:lower16:.LANCHOR0
  35 0004 C0F20003 		movt	r3, #:upper16:.LANCHOR0
  36 0008 40F20001 		movw	r1, #:lower16:chCoreAlloc
  37              		.loc 1 70 0
  38 000c 0022     		movs	r2, #0
  39              		.loc 1 69 0
  40 000e C0F20001 		movt	r1, #:upper16:chCoreAlloc
  41              		.loc 1 73 0
  42 0012 03F11000 		add	r0, r3, #16
  43              		.loc 1 69 0
  44 0016 1960     		str	r1, [r3, #0]
  45              		.loc 1 70 0
  46 0018 9A60     		str	r2, [r3, #8]
  47              		.loc 1 71 0
  48 001a DA60     		str	r2, [r3, #12]
  49              		.loc 1 77 0
  50              		.loc 1 73 0
  51 001c FFF7FEBF 		b	chMtxInit
  52              		.cfi_endproc
  53              	.LFE7:
  54              		.size	_heap_init, .-_heap_init
  55              		.section	.text.chHeapInit,"ax",%progbits
  56              		.align	2
  57              		.p2align 4,,15
ARM GAS  C:\Users\TAISIK~1\AppData\Local\Temp\ccynQIgN.s 			page 2


  58              		.global	chHeapInit
  59              		.thumb
  60              		.thumb_func
  61              		.type	chHeapInit, %function
  62              	chHeapInit:
  63              	.LFB8:
  64              		.loc 1 92 0
  65              		.cfi_startproc
  66              		@ args = 0, pretend = 0, frame = 0
  67              		@ frame_needed = 0, uses_anonymous_args = 0
  68              		@ link register save eliminated.
  69              	.LVL0:
  70 0000 10B4     		push	{r4}
  71              	.LCFI0:
  72              		.cfi_def_cfa_offset 4
  73              		.cfi_offset 4, -4
  74              		.loc 1 92 0
  75 0002 0346     		mov	r3, r0
  76              		.loc 1 97 0
  77 0004 0024     		movs	r4, #0
  78              		.loc 1 101 0
  79 0006 083A     		subs	r2, r2, #8
  80              	.LVL1:
  81              		.loc 1 103 0
  82 0008 00F11000 		add	r0, r0, #16
  83              	.LVL2:
  84              		.loc 1 97 0
  85 000c 1C60     		str	r4, [r3, #0]
  86              	.LVL3:
  87              		.loc 1 98 0
  88 000e 9960     		str	r1, [r3, #8]
  89              		.loc 1 99 0
  90 0010 DC60     		str	r4, [r3, #12]
  91              		.loc 1 100 0
  92 0012 0C60     		str	r4, [r1, #0]
  93              		.loc 1 101 0
  94 0014 4A60     		str	r2, [r1, #4]
  95              		.loc 1 107 0
  96 0016 10BC     		pop	{r4}
  97              		.loc 1 103 0
  98 0018 FFF7FEBF 		b	chMtxInit
  99              	.LVL4:
 100              	.LVL5:
 101              	.LVL6:
 102              	.LVL7:
 103              		.cfi_endproc
 104              	.LFE8:
 105              		.size	chHeapInit, .-chHeapInit
 106 001c AFF30080 		.section	.text.chHeapAlloc,"ax",%progbits
 107              		.align	2
 108              		.p2align 4,,15
 109              		.global	chHeapAlloc
 110              		.thumb
 111              		.thumb_func
 112              		.type	chHeapAlloc, %function
 113              	chHeapAlloc:
 114              	.LFB9:
ARM GAS  C:\Users\TAISIK~1\AppData\Local\Temp\ccynQIgN.s 			page 3


 115              		.loc 1 125 0
 116              		.cfi_startproc
 117              		@ args = 0, pretend = 0, frame = 0
 118              		@ frame_needed = 0, uses_anonymous_args = 0
 119              	.LVL8:
 120 0000 F8B5     		push	{r3, r4, r5, r6, r7, lr}
 121              	.LCFI1:
 122              		.cfi_def_cfa_offset 24
 123              		.cfi_offset 14, -4
 124              		.cfi_offset 7, -8
 125              		.cfi_offset 6, -12
 126              		.cfi_offset 5, -16
 127              		.cfi_offset 4, -20
 128              		.cfi_offset 3, -24
 129              		.loc 1 129 0
 130 0002 214C     		ldr	r4, .L16
 131 0004 0028     		cmp	r0, #0
 132 0006 18BF     		it	ne
 133 0008 0446     		movne	r4, r0
 134              		.loc 1 131 0
 135 000a CE1D     		adds	r6, r1, #7
 136              		.loc 1 133 0
 137 000c 04F11000 		add	r0, r4, #16
 138              	.LVL9:
 139              		.loc 1 131 0
 140 0010 26F00706 		bic	r6, r6, #7
 141              	.LVL10:
 142              		.loc 1 132 0
 143 0014 04F10805 		add	r5, r4, #8
 144              	.LVL11:
 145              		.loc 1 133 0
 146 0018 FFF7FEFF 		bl	chMtxLock
 147              		.loc 1 135 0
 148 001c 00E0     		b	.L5
 149              	.LVL12:
 150              	.L11:
 151              		.loc 1 137 0
 152 001e 1D46     		mov	r5, r3
 153              	.LVL13:
 154              	.L5:
 155              		.loc 1 135 0 discriminator 1
 156 0020 2B68     		ldr	r3, [r5, #0]
 157 0022 03B3     		cbz	r3, .L14
 158              	.LVL14:
 159              		.loc 1 137 0
 160 0024 5A68     		ldr	r2, [r3, #4]
 161 0026 9642     		cmp	r6, r2
 162 0028 F9D8     		bhi	.L11
 163              		.loc 1 138 0
 164 002a 06F10801 		add	r1, r6, #8
 165 002e 8A42     		cmp	r2, r1
 166 0030 16D3     		bcc	.L15
 167              		.loc 1 148 0
 168 0032 4FF6F870 		movw	r0, #65528
 169 0036 CFF6FF70 		movt	r0, 65535
 170              		.loc 1 146 0
 171 003a 5F18     		adds	r7, r3, r1
ARM GAS  C:\Users\TAISIK~1\AppData\Local\Temp\ccynQIgN.s 			page 4


 172              	.LVL15:
 173              		.loc 1 147 0
 174 003c D3F800E0 		ldr	lr, [r3, #0]
 175              		.loc 1 148 0
 176 0040 C6EB000C 		rsb	ip, r6, r0
 177 0044 0CEB0200 		add	r0, ip, r2
 178              		.loc 1 147 0
 179 0048 43F801E0 		str	lr, [r3, r1]
 180              		.loc 1 148 0
 181 004c 7860     		str	r0, [r7, #4]
 182              		.loc 1 149 0
 183 004e 2F60     		str	r7, [r5, #0]
 184              		.loc 1 150 0
 185 0050 5E60     		str	r6, [r3, #4]
 186              	.LVL16:
 187              	.L7:
 188              		.loc 1 152 0
 189 0052 1D46     		mov	r5, r3
 190              	.LVL17:
 191 0054 45F8084B 		str	r4, [r5], #8
 192              		.loc 1 154 0
 193 0058 FFF7FEFF 		bl	chMtxUnlock
 194              	.LVL18:
 195              	.L8:
 196              		.loc 1 174 0
 197 005c 2846     		mov	r0, r5
 198 005e F8BD     		pop	{r3, r4, r5, r6, r7, pc}
 199              	.LVL19:
 200              	.L15:
 201              		.loc 1 142 0
 202 0060 1A68     		ldr	r2, [r3, #0]
 203 0062 2A60     		str	r2, [r5, #0]
 204 0064 F5E7     		b	.L7
 205              	.LVL20:
 206              	.L14:
 207              		.loc 1 160 0
 208 0066 FFF7FEFF 		bl	chMtxUnlock
 209              		.loc 1 164 0
 210 006a 2568     		ldr	r5, [r4, #0]
 211              	.LVL21:
 212 006c 002D     		cmp	r5, #0
 213 006e F5D0     		beq	.L8
 214              		.loc 1 165 0
 215 0070 06F10800 		add	r0, r6, #8
 216 0074 A847     		blx	r5
 217 0076 0546     		mov	r5, r0
 218              	.LVL22:
 219              		.loc 1 166 0
 220 0078 0028     		cmp	r0, #0
 221 007a EFD0     		beq	.L8
 222              		.loc 1 170 0
 223 007c 0835     		adds	r5, r5, #8
 224              		.loc 1 168 0
 225 007e 80E85000 		stmia	r0, {r4, r6}
 226              	.LVL23:
 227              		.loc 1 174 0
 228 0082 2846     		mov	r0, r5
ARM GAS  C:\Users\TAISIK~1\AppData\Local\Temp\ccynQIgN.s 			page 5


 229 0084 F8BD     		pop	{r3, r4, r5, r6, r7, pc}
 230              	.L17:
 231 0086 00BF     		.align	2
 232              	.L16:
 233 0088 00000000 		.word	.LANCHOR0
 234              		.cfi_endproc
 235              	.LFE9:
 236              		.size	chHeapAlloc, .-chHeapAlloc
 237 008c AFF30080 		.section	.text.chHeapFree,"ax",%progbits
 238              		.align	2
 239              		.p2align 4,,15
 240              		.global	chHeapFree
 241              		.thumb
 242              		.thumb_func
 243              		.type	chHeapFree, %function
 244              	chHeapFree:
 245              	.LFB10:
 246              		.loc 1 187 0
 247              		.cfi_startproc
 248              		@ args = 0, pretend = 0, frame = 0
 249              		@ frame_needed = 0, uses_anonymous_args = 0
 250              	.LVL24:
 251 0000 70B5     		push	{r4, r5, r6, lr}
 252              	.LCFI2:
 253              		.cfi_def_cfa_offset 16
 254              		.cfi_offset 14, -4
 255              		.cfi_offset 6, -8
 256              		.cfi_offset 5, -12
 257              		.cfi_offset 4, -16
 258              		.loc 1 194 0
 259 0002 50F8085C 		ldr	r5, [r0, #-8]
 260              		.loc 1 187 0
 261 0006 0646     		mov	r6, r0
 262              		.loc 1 193 0
 263 0008 A0F10804 		sub	r4, r0, #8
 264              	.LVL25:
 265              		.loc 1 196 0
 266 000c 05F11000 		add	r0, r5, #16
 267              	.LVL26:
 268              		.loc 1 195 0
 269 0010 0835     		adds	r5, r5, #8
 270              	.LVL27:
 271              		.loc 1 196 0
 272 0012 FFF7FEFF 		bl	chMtxLock
 273              	.LVL28:
 274              		.loc 1 195 0
 275 0016 2B46     		mov	r3, r5
 276              	.LVL29:
 277              	.L25:
 278              		.loc 1 203 0
 279 0018 AB42     		cmp	r3, r5
 280              		.loc 1 204 0
 281 001a 1A68     		ldr	r2, [r3, #0]
 282              		.loc 1 203 0
 283 001c 01D0     		beq	.L19
 284              		.loc 1 203 0 is_stmt 0 discriminator 2
 285 001e A342     		cmp	r3, r4
ARM GAS  C:\Users\TAISIK~1\AppData\Local\Temp\ccynQIgN.s 			page 6


 286 0020 02D2     		bcs	.L22
 287              	.L19:
 288              		.loc 1 203 0 discriminator 1
 289 0022 1AB1     		cbz	r2, .L21
 290              		.loc 1 204 0 is_stmt 1
 291 0024 9442     		cmp	r4, r2
 292 0026 01D3     		bcc	.L21
 293              	.L22:
 294              	.LVL30:
 295              		.loc 1 221 0
 296 0028 1346     		mov	r3, r2
 297              	.LVL31:
 298              		.loc 1 222 0
 299 002a F5E7     		b	.L25
 300              	.LVL32:
 301              	.L21:
 302              		.loc 1 209 0
 303 002c 56F8041C 		ldr	r1, [r6, #-4]
 304              		.loc 1 206 0
 305 0030 46F8082C 		str	r2, [r6, #-8]
 306              		.loc 1 207 0
 307 0034 1C60     		str	r4, [r3, #0]
 308              		.loc 1 209 0
 309 0036 01F10802 		add	r2, r1, #8
 310 003a 56F8085C 		ldr	r5, [r6, #-8]
 311              	.LVL33:
 312 003e A018     		adds	r0, r4, r2
 313 0040 A842     		cmp	r0, r5
 314 0042 0AD0     		beq	.L26
 315              		.loc 1 214 0
 316 0044 5A68     		ldr	r2, [r3, #4]
 317 0046 02F1080E 		add	lr, r2, #8
 318 004a 03EB0E0C 		add	ip, r3, lr
 319 004e 6445     		cmp	r4, ip
 320 0050 12D0     		beq	.L27
 321              	.L24:
 322              		.loc 1 226 0
 323 0052 BDE87040 		pop	{r4, r5, r6, lr}
 324              		.loc 1 224 0
 325 0056 FFF7FEBF 		b	chMtxUnlock
 326              	.LVL34:
 327              	.L26:
 328              		.loc 1 211 0
 329 005a 4068     		ldr	r0, [r0, #4]
 330              		.loc 1 212 0
 331 005c A258     		ldr	r2, [r4, r2]
 332              		.loc 1 211 0
 333 005e 0918     		adds	r1, r1, r0
 334 0060 0831     		adds	r1, r1, #8
 335 0062 46F8041C 		str	r1, [r6, #-4]
 336              		.loc 1 212 0
 337 0066 46F8082C 		str	r2, [r6, #-8]
 338              		.loc 1 214 0
 339 006a 5A68     		ldr	r2, [r3, #4]
 340 006c 02F1080E 		add	lr, r2, #8
 341 0070 03EB0E0C 		add	ip, r3, lr
 342 0074 6445     		cmp	r4, ip
ARM GAS  C:\Users\TAISIK~1\AppData\Local\Temp\ccynQIgN.s 			page 7


 343 0076 ECD1     		bne	.L24
 344              	.L27:
 345              		.loc 1 216 0
 346 0078 56F8040C 		ldr	r0, [r6, #-4]
 347              		.loc 1 217 0
 348 007c 56F8081C 		ldr	r1, [r6, #-8]
 349              		.loc 1 216 0
 350 0080 1218     		adds	r2, r2, r0
 351 0082 0832     		adds	r2, r2, #8
 352              		.loc 1 217 0
 353 0084 83E80600 		stmia	r3, {r1, r2}
 354 0088 E3E7     		b	.L24
 355              		.cfi_endproc
 356              	.LFE10:
 357              		.size	chHeapFree, .-chHeapFree
 358 008a 00BFAFF3 		.section	.text.chHeapStatus,"ax",%progbits
 358      0080
 359              		.align	2
 360              		.p2align 4,,15
 361              		.global	chHeapStatus
 362              		.thumb
 363              		.thumb_func
 364              		.type	chHeapStatus, %function
 365              	chHeapStatus:
 366              	.LFB11:
 367              		.loc 1 243 0
 368              		.cfi_startproc
 369              		@ args = 0, pretend = 0, frame = 0
 370              		@ frame_needed = 0, uses_anonymous_args = 0
 371              	.LVL35:
 372 0000 38B5     		push	{r3, r4, r5, lr}
 373              	.LCFI3:
 374              		.cfi_def_cfa_offset 16
 375              		.cfi_offset 14, -4
 376              		.cfi_offset 5, -8
 377              		.cfi_offset 4, -12
 378              		.cfi_offset 3, -16
 379              		.loc 1 248 0
 380 0002 0E4C     		ldr	r4, .L36
 381 0004 0028     		cmp	r0, #0
 382 0006 18BF     		it	ne
 383 0008 0446     		movne	r4, r0
 384              		.loc 1 250 0
 385 000a 04F11000 		add	r0, r4, #16
 386              	.LVL36:
 387              		.loc 1 243 0
 388 000e 0D46     		mov	r5, r1
 389              		.loc 1 250 0
 390 0010 FFF7FEFF 		bl	chMtxLock
 391              	.LVL37:
 392              		.loc 1 253 0
 393 0014 A368     		ldr	r3, [r4, #8]
 394 0016 6BB1     		cbz	r3, .L34
 395 0018 0022     		movs	r2, #0
 396 001a 1446     		mov	r4, r2
 397              	.LVL38:
 398              	.L31:
ARM GAS  C:\Users\TAISIK~1\AppData\Local\Temp\ccynQIgN.s 			page 8


 399              		.loc 1 254 0 discriminator 2
 400 001c 5968     		ldr	r1, [r3, #4]
 401              		.loc 1 253 0 discriminator 2
 402 001e 1B68     		ldr	r3, [r3, #0]
 403              		.loc 1 254 0 discriminator 2
 404 0020 5218     		adds	r2, r2, r1
 405              	.LVL39:
 406              		.loc 1 253 0 discriminator 2
 407 0022 0134     		adds	r4, r4, #1
 408              	.LVL40:
 409 0024 002B     		cmp	r3, #0
 410 0026 F9D1     		bne	.L31
 411              	.LVL41:
 412              	.L30:
 413              		.loc 1 255 0
 414 0028 05B1     		cbz	r5, .L32
 415              		.loc 1 256 0
 416 002a 2A60     		str	r2, [r5, #0]
 417              	.L32:
 418              		.loc 1 258 0
 419 002c FFF7FEFF 		bl	chMtxUnlock
 420              		.loc 1 260 0
 421 0030 2046     		mov	r0, r4
 422 0032 38BD     		pop	{r3, r4, r5, pc}
 423              	.LVL42:
 424              	.L34:
 425              		.loc 1 252 0
 426 0034 1A46     		mov	r2, r3
 427              		.loc 1 253 0
 428 0036 1C46     		mov	r4, r3
 429 0038 F6E7     		b	.L30
 430              	.L37:
 431 003a 00BF     		.align	2
 432              	.L36:
 433 003c 00000000 		.word	.LANCHOR0
 434              		.cfi_endproc
 435              	.LFE11:
 436              		.size	chHeapStatus, .-chHeapStatus
 437              		.section	.bss.default_heap,"aw",%nobits
 438              		.align	3
 439              		.set	.LANCHOR0,. + 0
 440              		.type	default_heap, %object
 441              		.size	default_heap, 32
 442              	default_heap:
 443 0000 00000000 		.space	32
 443      00000000 
 443      00000000 
 443      00000000 
 443      00000000 
 444              		.text
 445              	.Letext0:
 446              		.file 2 "c:\\chibistudio\\tools\\gnu tools arm embedded\\4.6 2012q4\\bin\\../lib/gcc/arm-none-eabi
 447              		.file 3 "c:\\chibistudio\\tools\\gnu tools arm embedded\\4.6 2012q4\\bin\\../lib/gcc/arm-none-eabi
 448              		.file 4 "../../os/ports/GCC/ARMCMx/chtypes.h"
 449              		.file 5 "../../os/kernel/include/chlists.h"
 450              		.file 6 "../../os/kernel/include/chthreads.h"
 451              		.file 7 "../../os/ports/GCC/ARMCMx/chcore_v7m.h"
ARM GAS  C:\Users\TAISIK~1\AppData\Local\Temp\ccynQIgN.s 			page 9


 452              		.file 8 "../../os/kernel/include/chmtx.h"
 453              		.file 9 "../../os/kernel/include/chmemcore.h"
 454              		.file 10 "../../os/kernel/include/chheap.h"
 455              		.section	.debug_info,"",%progbits
 456              	.Ldebug_info0:
 457 0000 58060000 		.4byte	0x658
 458 0004 0200     		.2byte	0x2
 459 0006 00000000 		.4byte	.Ldebug_abbrev0
 460 000a 04       		.byte	0x4
 461 000b 01       		.uleb128 0x1
 462 000c 2A000000 		.4byte	.LASF75
 463 0010 01       		.byte	0x1
 464 0011 3D010000 		.4byte	.LASF76
 465 0015 B7000000 		.4byte	.LASF77
 466 0019 00000000 		.4byte	0
 467 001d 00000000 		.4byte	0
 468 0021 00000000 		.4byte	.Ldebug_ranges0+0
 469 0025 00000000 		.4byte	.Ldebug_line0
 470 0029 02       		.uleb128 0x2
 471 002a 04       		.byte	0x4
 472 002b 05       		.byte	0x5
 473 002c 696E7400 		.ascii	"int\000"
 474 0030 03       		.uleb128 0x3
 475 0031 06000000 		.4byte	.LASF2
 476 0035 02       		.byte	0x2
 477 0036 D4       		.byte	0xd4
 478 0037 3B000000 		.4byte	0x3b
 479 003b 04       		.uleb128 0x4
 480 003c 04       		.byte	0x4
 481 003d 07       		.byte	0x7
 482 003e 7A010000 		.4byte	.LASF0
 483 0042 04       		.uleb128 0x4
 484 0043 01       		.byte	0x1
 485 0044 06       		.byte	0x6
 486 0045 FD000000 		.4byte	.LASF1
 487 0049 03       		.uleb128 0x3
 488 004a 1D030000 		.4byte	.LASF3
 489 004e 03       		.byte	0x3
 490 004f 2A       		.byte	0x2a
 491 0050 54000000 		.4byte	0x54
 492 0054 04       		.uleb128 0x4
 493 0055 01       		.byte	0x1
 494 0056 08       		.byte	0x8
 495 0057 35020000 		.4byte	.LASF4
 496 005b 04       		.uleb128 0x4
 497 005c 02       		.byte	0x2
 498 005d 05       		.byte	0x5
 499 005e 58020000 		.4byte	.LASF5
 500 0062 04       		.uleb128 0x4
 501 0063 02       		.byte	0x2
 502 0064 07       		.byte	0x7
 503 0065 A6010000 		.4byte	.LASF6
 504 0069 03       		.uleb128 0x3
 505 006a 2D020000 		.4byte	.LASF7
 506 006e 03       		.byte	0x3
 507 006f 4F       		.byte	0x4f
 508 0070 74000000 		.4byte	0x74
ARM GAS  C:\Users\TAISIK~1\AppData\Local\Temp\ccynQIgN.s 			page 10


 509 0074 04       		.uleb128 0x4
 510 0075 04       		.byte	0x4
 511 0076 05       		.byte	0x5
 512 0077 34010000 		.4byte	.LASF8
 513 007b 03       		.uleb128 0x3
 514 007c B4020000 		.4byte	.LASF9
 515 0080 03       		.byte	0x3
 516 0081 50       		.byte	0x50
 517 0082 86000000 		.4byte	0x86
 518 0086 04       		.uleb128 0x4
 519 0087 04       		.byte	0x4
 520 0088 07       		.byte	0x7
 521 0089 87010000 		.4byte	.LASF10
 522 008d 04       		.uleb128 0x4
 523 008e 08       		.byte	0x8
 524 008f 05       		.byte	0x5
 525 0090 EF000000 		.4byte	.LASF11
 526 0094 03       		.uleb128 0x3
 527 0095 14000000 		.4byte	.LASF12
 528 0099 03       		.byte	0x3
 529 009a 78       		.byte	0x78
 530 009b 9F000000 		.4byte	0x9f
 531 009f 04       		.uleb128 0x4
 532 00a0 08       		.byte	0x8
 533 00a1 07       		.byte	0x7
 534 00a2 73000000 		.4byte	.LASF13
 535 00a6 04       		.uleb128 0x4
 536 00a7 01       		.byte	0x1
 537 00a8 02       		.byte	0x2
 538 00a9 27020000 		.4byte	.LASF14
 539 00ad 03       		.uleb128 0x3
 540 00ae BF010000 		.4byte	.LASF15
 541 00b2 04       		.byte	0x4
 542 00b3 25       		.byte	0x25
 543 00b4 49000000 		.4byte	0x49
 544 00b8 03       		.uleb128 0x3
 545 00b9 5A010000 		.4byte	.LASF16
 546 00bd 04       		.byte	0x4
 547 00be 26       		.byte	0x26
 548 00bf 49000000 		.4byte	0x49
 549 00c3 03       		.uleb128 0x3
 550 00c4 10020000 		.4byte	.LASF17
 551 00c8 04       		.byte	0x4
 552 00c9 27       		.byte	0x27
 553 00ca 49000000 		.4byte	0x49
 554 00ce 03       		.uleb128 0x3
 555 00cf 2A010000 		.4byte	.LASF18
 556 00d3 04       		.byte	0x4
 557 00d4 28       		.byte	0x28
 558 00d5 49000000 		.4byte	0x49
 559 00d9 03       		.uleb128 0x3
 560 00da 1F020000 		.4byte	.LASF19
 561 00de 04       		.byte	0x4
 562 00df 29       		.byte	0x29
 563 00e0 7B000000 		.4byte	0x7b
 564 00e4 03       		.uleb128 0x3
 565 00e5 B9010000 		.4byte	.LASF20
ARM GAS  C:\Users\TAISIK~1\AppData\Local\Temp\ccynQIgN.s 			page 11


 566 00e9 04       		.byte	0x4
 567 00ea 2A       		.byte	0x2a
 568 00eb 69000000 		.4byte	0x69
 569 00ef 03       		.uleb128 0x3
 570 00f0 D3010000 		.4byte	.LASF21
 571 00f4 04       		.byte	0x4
 572 00f5 2C       		.byte	0x2c
 573 00f6 7B000000 		.4byte	0x7b
 574 00fa 03       		.uleb128 0x3
 575 00fb E8020000 		.4byte	.LASF22
 576 00ff 04       		.byte	0x4
 577 0100 2E       		.byte	0x2e
 578 0101 7B000000 		.4byte	0x7b
 579 0105 03       		.uleb128 0x3
 580 0106 96020000 		.4byte	.LASF23
 581 010a 05       		.byte	0x5
 582 010b 23       		.byte	0x23
 583 010c 10010000 		.4byte	0x110
 584 0110 05       		.uleb128 0x5
 585 0111 96020000 		.4byte	.LASF23
 586 0115 48       		.byte	0x48
 587 0116 06       		.byte	0x6
 588 0117 57       		.byte	0x57
 589 0118 35020000 		.4byte	0x235
 590 011c 06       		.uleb128 0x6
 591 011d 87020000 		.4byte	.LASF24
 592 0121 06       		.byte	0x6
 593 0122 58       		.byte	0x58
 594 0123 5A020000 		.4byte	0x25a
 595 0127 02       		.byte	0x2
 596 0128 23       		.byte	0x23
 597 0129 00       		.uleb128 0
 598 012a 06       		.uleb128 0x6
 599 012b 18020000 		.4byte	.LASF25
 600 012f 06       		.byte	0x6
 601 0130 5A       		.byte	0x5a
 602 0131 5A020000 		.4byte	0x25a
 603 0135 02       		.byte	0x2
 604 0136 23       		.byte	0x23
 605 0137 04       		.uleb128 0x4
 606 0138 06       		.uleb128 0x6
 607 0139 B0000000 		.4byte	.LASF26
 608 013d 06       		.byte	0x6
 609 013e 5C       		.byte	0x5c
 610 013f D9000000 		.4byte	0xd9
 611 0143 02       		.byte	0x2
 612 0144 23       		.byte	0x23
 613 0145 08       		.uleb128 0x8
 614 0146 06       		.uleb128 0x6
 615 0147 4C030000 		.4byte	.LASF27
 616 014b 06       		.byte	0x6
 617 014c 5D       		.byte	0x5d
 618 014d 33030000 		.4byte	0x333
 619 0151 02       		.byte	0x2
 620 0152 23       		.byte	0x23
 621 0153 0C       		.uleb128 0xc
 622 0154 06       		.uleb128 0x6
ARM GAS  C:\Users\TAISIK~1\AppData\Local\Temp\ccynQIgN.s 			page 12


 623 0155 63010000 		.4byte	.LASF28
 624 0159 06       		.byte	0x6
 625 015a 5F       		.byte	0x5f
 626 015b 5A020000 		.4byte	0x25a
 627 015f 02       		.byte	0x2
 628 0160 23       		.byte	0x23
 629 0161 10       		.uleb128 0x10
 630 0162 06       		.uleb128 0x6
 631 0163 F0010000 		.4byte	.LASF29
 632 0167 06       		.byte	0x6
 633 0168 60       		.byte	0x60
 634 0169 5A020000 		.4byte	0x25a
 635 016d 02       		.byte	0x2
 636 016e 23       		.byte	0x23
 637 016f 14       		.uleb128 0x14
 638 0170 06       		.uleb128 0x6
 639 0171 32030000 		.4byte	.LASF30
 640 0175 06       		.byte	0x6
 641 0176 67       		.byte	0x67
 642 0177 AA040000 		.4byte	0x4aa
 643 017b 02       		.byte	0x2
 644 017c 23       		.byte	0x23
 645 017d 18       		.uleb128 0x18
 646 017e 06       		.uleb128 0x6
 647 017f 62020000 		.4byte	.LASF31
 648 0183 06       		.byte	0x6
 649 0184 72       		.byte	0x72
 650 0185 B8000000 		.4byte	0xb8
 651 0189 02       		.byte	0x2
 652 018a 23       		.byte	0x23
 653 018b 1C       		.uleb128 0x1c
 654 018c 06       		.uleb128 0x6
 655 018d 8E020000 		.4byte	.LASF32
 656 0191 06       		.byte	0x6
 657 0192 76       		.byte	0x76
 658 0193 AD000000 		.4byte	0xad
 659 0197 02       		.byte	0x2
 660 0198 23       		.byte	0x23
 661 0199 1D       		.uleb128 0x1d
 662 019a 06       		.uleb128 0x6
 663 019b 16030000 		.4byte	.LASF33
 664 019f 06       		.byte	0x6
 665 01a0 7B       		.byte	0x7b
 666 01a1 C3000000 		.4byte	0xc3
 667 01a5 02       		.byte	0x2
 668 01a6 23       		.byte	0x23
 669 01a7 1E       		.uleb128 0x1e
 670 01a8 06       		.uleb128 0x6
 671 01a9 6A020000 		.4byte	.LASF34
 672 01ad 06       		.byte	0x6
 673 01ae 81       		.byte	0x81
 674 01af CE000000 		.4byte	0xce
 675 01b3 02       		.byte	0x2
 676 01b4 23       		.byte	0x23
 677 01b5 1F       		.uleb128 0x1f
 678 01b6 06       		.uleb128 0x6
 679 01b7 FD020000 		.4byte	.LASF35
ARM GAS  C:\Users\TAISIK~1\AppData\Local\Temp\ccynQIgN.s 			page 13


 680 01bb 06       		.byte	0x6
 681 01bc 88       		.byte	0x88
 682 01bd 56030000 		.4byte	0x356
 683 01c1 02       		.byte	0x2
 684 01c2 23       		.byte	0x23
 685 01c3 20       		.uleb128 0x20
 686 01c4 07       		.uleb128 0x7
 687 01c5 705F7500 		.ascii	"p_u\000"
 688 01c9 06       		.byte	0x6
 689 01ca AD       		.byte	0xad
 690 01cb 75040000 		.4byte	0x475
 691 01cf 02       		.byte	0x2
 692 01d0 23       		.byte	0x23
 693 01d1 24       		.uleb128 0x24
 694 01d2 06       		.uleb128 0x6
 695 01d3 52030000 		.4byte	.LASF36
 696 01d7 06       		.byte	0x6
 697 01d8 B2       		.byte	0xb2
 698 01d9 82020000 		.4byte	0x282
 699 01dd 02       		.byte	0x2
 700 01de 23       		.byte	0x23
 701 01df 28       		.uleb128 0x28
 702 01e0 06       		.uleb128 0x6
 703 01e1 0B030000 		.4byte	.LASF37
 704 01e5 06       		.byte	0x6
 705 01e6 B8       		.byte	0xb8
 706 01e7 60020000 		.4byte	0x260
 707 01eb 02       		.byte	0x2
 708 01ec 23       		.byte	0x23
 709 01ed 2C       		.uleb128 0x2c
 710 01ee 06       		.uleb128 0x6
 711 01ef 00000000 		.4byte	.LASF38
 712 01f3 06       		.byte	0x6
 713 01f4 BC       		.byte	0xbc
 714 01f5 E4000000 		.4byte	0xe4
 715 01f9 02       		.byte	0x2
 716 01fa 23       		.byte	0x23
 717 01fb 34       		.uleb128 0x34
 718 01fc 06       		.uleb128 0x6
 719 01fd A9020000 		.4byte	.LASF39
 720 0201 06       		.byte	0x6
 721 0202 C2       		.byte	0xc2
 722 0203 EF000000 		.4byte	0xef
 723 0207 02       		.byte	0x2
 724 0208 23       		.byte	0x23
 725 0209 38       		.uleb128 0x38
 726 020a 06       		.uleb128 0x6
 727 020b 4E020000 		.4byte	.LASF40
 728 020f 06       		.byte	0x6
 729 0210 C9       		.byte	0xc9
 730 0211 BC040000 		.4byte	0x4bc
 731 0215 02       		.byte	0x2
 732 0216 23       		.byte	0x23
 733 0217 3C       		.uleb128 0x3c
 734 0218 06       		.uleb128 0x6
 735 0219 F2020000 		.4byte	.LASF41
 736 021d 06       		.byte	0x6
ARM GAS  C:\Users\TAISIK~1\AppData\Local\Temp\ccynQIgN.s 			page 14


 737 021e CD       		.byte	0xcd
 738 021f D9000000 		.4byte	0xd9
 739 0223 02       		.byte	0x2
 740 0224 23       		.byte	0x23
 741 0225 40       		.uleb128 0x40
 742 0226 06       		.uleb128 0x6
 743 0227 0F010000 		.4byte	.LASF42
 744 022b 06       		.byte	0x6
 745 022c D3       		.byte	0xd3
 746 022d 98020000 		.4byte	0x298
 747 0231 02       		.byte	0x2
 748 0232 23       		.byte	0x23
 749 0233 44       		.uleb128 0x44
 750 0234 00       		.byte	0
 751 0235 08       		.uleb128 0x8
 752 0236 08       		.byte	0x8
 753 0237 05       		.byte	0x5
 754 0238 5A       		.byte	0x5a
 755 0239 5A020000 		.4byte	0x25a
 756 023d 06       		.uleb128 0x6
 757 023e 87020000 		.4byte	.LASF24
 758 0242 05       		.byte	0x5
 759 0243 5B       		.byte	0x5b
 760 0244 5A020000 		.4byte	0x25a
 761 0248 02       		.byte	0x2
 762 0249 23       		.byte	0x23
 763 024a 00       		.uleb128 0
 764 024b 06       		.uleb128 0x6
 765 024c 18020000 		.4byte	.LASF25
 766 0250 05       		.byte	0x5
 767 0251 5D       		.byte	0x5d
 768 0252 5A020000 		.4byte	0x25a
 769 0256 02       		.byte	0x2
 770 0257 23       		.byte	0x23
 771 0258 04       		.uleb128 0x4
 772 0259 00       		.byte	0
 773 025a 09       		.uleb128 0x9
 774 025b 04       		.byte	0x4
 775 025c 05010000 		.4byte	0x105
 776 0260 03       		.uleb128 0x3
 777 0261 F8010000 		.4byte	.LASF43
 778 0265 05       		.byte	0x5
 779 0266 5F       		.byte	0x5f
 780 0267 35020000 		.4byte	0x235
 781 026b 08       		.uleb128 0x8
 782 026c 04       		.byte	0x4
 783 026d 05       		.byte	0x5
 784 026e 64       		.byte	0x64
 785 026f 82020000 		.4byte	0x282
 786 0273 06       		.uleb128 0x6
 787 0274 87020000 		.4byte	.LASF24
 788 0278 05       		.byte	0x5
 789 0279 66       		.byte	0x66
 790 027a 5A020000 		.4byte	0x25a
 791 027e 02       		.byte	0x2
 792 027f 23       		.byte	0x23
 793 0280 00       		.uleb128 0
ARM GAS  C:\Users\TAISIK~1\AppData\Local\Temp\ccynQIgN.s 			page 15


 794 0281 00       		.byte	0
 795 0282 03       		.uleb128 0x3
 796 0283 C7010000 		.4byte	.LASF44
 797 0287 05       		.byte	0x5
 798 0288 69       		.byte	0x69
 799 0289 6B020000 		.4byte	0x26b
 800 028d 03       		.uleb128 0x3
 801 028e 6B010000 		.4byte	.LASF45
 802 0292 07       		.byte	0x7
 803 0293 DE       		.byte	0xde
 804 0294 98020000 		.4byte	0x298
 805 0298 0A       		.uleb128 0xa
 806 0299 04       		.byte	0x4
 807 029a 03       		.uleb128 0x3
 808 029b E5010000 		.4byte	.LASF46
 809 029f 07       		.byte	0x7
 810 02a0 E4       		.byte	0xe4
 811 02a1 94000000 		.4byte	0x94
 812 02a5 0B       		.uleb128 0xb
 813 02a6 04030000 		.4byte	.LASF47
 814 02aa 24       		.byte	0x24
 815 02ab 07       		.byte	0x7
 816 02ac 0501     		.2byte	0x105
 817 02ae 33030000 		.4byte	0x333
 818 02b2 0C       		.uleb128 0xc
 819 02b3 723400   		.ascii	"r4\000"
 820 02b6 07       		.byte	0x7
 821 02b7 1801     		.2byte	0x118
 822 02b9 8D020000 		.4byte	0x28d
 823 02bd 02       		.byte	0x2
 824 02be 23       		.byte	0x23
 825 02bf 00       		.uleb128 0
 826 02c0 0C       		.uleb128 0xc
 827 02c1 723500   		.ascii	"r5\000"
 828 02c4 07       		.byte	0x7
 829 02c5 1901     		.2byte	0x119
 830 02c7 8D020000 		.4byte	0x28d
 831 02cb 02       		.byte	0x2
 832 02cc 23       		.byte	0x23
 833 02cd 04       		.uleb128 0x4
 834 02ce 0C       		.uleb128 0xc
 835 02cf 723600   		.ascii	"r6\000"
 836 02d2 07       		.byte	0x7
 837 02d3 1A01     		.2byte	0x11a
 838 02d5 8D020000 		.4byte	0x28d
 839 02d9 02       		.byte	0x2
 840 02da 23       		.byte	0x23
 841 02db 08       		.uleb128 0x8
 842 02dc 0C       		.uleb128 0xc
 843 02dd 723700   		.ascii	"r7\000"
 844 02e0 07       		.byte	0x7
 845 02e1 1B01     		.2byte	0x11b
 846 02e3 8D020000 		.4byte	0x28d
 847 02e7 02       		.byte	0x2
 848 02e8 23       		.byte	0x23
 849 02e9 0C       		.uleb128 0xc
 850 02ea 0C       		.uleb128 0xc
ARM GAS  C:\Users\TAISIK~1\AppData\Local\Temp\ccynQIgN.s 			page 16


 851 02eb 723800   		.ascii	"r8\000"
 852 02ee 07       		.byte	0x7
 853 02ef 1C01     		.2byte	0x11c
 854 02f1 8D020000 		.4byte	0x28d
 855 02f5 02       		.byte	0x2
 856 02f6 23       		.byte	0x23
 857 02f7 10       		.uleb128 0x10
 858 02f8 0C       		.uleb128 0xc
 859 02f9 723900   		.ascii	"r9\000"
 860 02fc 07       		.byte	0x7
 861 02fd 1D01     		.2byte	0x11d
 862 02ff 8D020000 		.4byte	0x28d
 863 0303 02       		.byte	0x2
 864 0304 23       		.byte	0x23
 865 0305 14       		.uleb128 0x14
 866 0306 0C       		.uleb128 0xc
 867 0307 72313000 		.ascii	"r10\000"
 868 030b 07       		.byte	0x7
 869 030c 1E01     		.2byte	0x11e
 870 030e 8D020000 		.4byte	0x28d
 871 0312 02       		.byte	0x2
 872 0313 23       		.byte	0x23
 873 0314 18       		.uleb128 0x18
 874 0315 0C       		.uleb128 0xc
 875 0316 72313100 		.ascii	"r11\000"
 876 031a 07       		.byte	0x7
 877 031b 1F01     		.2byte	0x11f
 878 031d 8D020000 		.4byte	0x28d
 879 0321 02       		.byte	0x2
 880 0322 23       		.byte	0x23
 881 0323 1C       		.uleb128 0x1c
 882 0324 0C       		.uleb128 0xc
 883 0325 6C7200   		.ascii	"lr\000"
 884 0328 07       		.byte	0x7
 885 0329 2001     		.2byte	0x120
 886 032b 8D020000 		.4byte	0x28d
 887 032f 02       		.byte	0x2
 888 0330 23       		.byte	0x23
 889 0331 20       		.uleb128 0x20
 890 0332 00       		.byte	0
 891 0333 0B       		.uleb128 0xb
 892 0334 99010000 		.4byte	.LASF48
 893 0338 04       		.byte	0x4
 894 0339 07       		.byte	0x7
 895 033a 2A01     		.2byte	0x12a
 896 033c 50030000 		.4byte	0x350
 897 0340 0C       		.uleb128 0xc
 898 0341 72313300 		.ascii	"r13\000"
 899 0345 07       		.byte	0x7
 900 0346 2B01     		.2byte	0x12b
 901 0348 50030000 		.4byte	0x350
 902 034c 02       		.byte	0x2
 903 034d 23       		.byte	0x23
 904 034e 00       		.uleb128 0
 905 034f 00       		.byte	0
 906 0350 09       		.uleb128 0x9
 907 0351 04       		.byte	0x4
ARM GAS  C:\Users\TAISIK~1\AppData\Local\Temp\ccynQIgN.s 			page 17


 908 0352 A5020000 		.4byte	0x2a5
 909 0356 0D       		.uleb128 0xd
 910 0357 FA000000 		.4byte	0xfa
 911 035b 05       		.uleb128 0x5
 912 035c DF010000 		.4byte	.LASF49
 913 0360 10       		.byte	0x10
 914 0361 08       		.byte	0x8
 915 0362 25       		.byte	0x25
 916 0363 92030000 		.4byte	0x392
 917 0367 06       		.uleb128 0x6
 918 0368 17010000 		.4byte	.LASF50
 919 036c 08       		.byte	0x8
 920 036d 26       		.byte	0x26
 921 036e 60020000 		.4byte	0x260
 922 0372 02       		.byte	0x2
 923 0373 23       		.byte	0x23
 924 0374 00       		.uleb128 0
 925 0375 06       		.uleb128 0x6
 926 0376 44030000 		.4byte	.LASF51
 927 037a 08       		.byte	0x8
 928 037b 28       		.byte	0x28
 929 037c 5A020000 		.4byte	0x25a
 930 0380 02       		.byte	0x2
 931 0381 23       		.byte	0x23
 932 0382 08       		.uleb128 0x8
 933 0383 06       		.uleb128 0x6
 934 0384 E1020000 		.4byte	.LASF52
 935 0388 08       		.byte	0x8
 936 0389 2A       		.byte	0x2a
 937 038a 92030000 		.4byte	0x392
 938 038e 02       		.byte	0x2
 939 038f 23       		.byte	0x23
 940 0390 0C       		.uleb128 0xc
 941 0391 00       		.byte	0
 942 0392 09       		.uleb128 0x9
 943 0393 04       		.byte	0x4
 944 0394 5B030000 		.4byte	0x35b
 945 0398 03       		.uleb128 0x3
 946 0399 DF010000 		.4byte	.LASF49
 947 039d 08       		.byte	0x8
 948 039e 2C       		.byte	0x2c
 949 039f 5B030000 		.4byte	0x35b
 950 03a3 03       		.uleb128 0x3
 951 03a4 1D000000 		.4byte	.LASF53
 952 03a8 09       		.byte	0x9
 953 03a9 25       		.byte	0x25
 954 03aa AE030000 		.4byte	0x3ae
 955 03ae 09       		.uleb128 0x9
 956 03af 04       		.byte	0x4
 957 03b0 B4030000 		.4byte	0x3b4
 958 03b4 0E       		.uleb128 0xe
 959 03b5 01       		.byte	0x1
 960 03b6 98020000 		.4byte	0x298
 961 03ba C4030000 		.4byte	0x3c4
 962 03be 0F       		.uleb128 0xf
 963 03bf 30000000 		.4byte	0x30
 964 03c3 00       		.byte	0
ARM GAS  C:\Users\TAISIK~1\AppData\Local\Temp\ccynQIgN.s 			page 18


 965 03c4 03       		.uleb128 0x3
 966 03c5 05020000 		.4byte	.LASF54
 967 03c9 0A       		.byte	0xa
 968 03ca 2D       		.byte	0x2d
 969 03cb CF030000 		.4byte	0x3cf
 970 03cf 05       		.uleb128 0x5
 971 03d0 5C030000 		.4byte	.LASF55
 972 03d4 20       		.byte	0x20
 973 03d5 0A       		.byte	0xa
 974 03d6 40       		.byte	0x40
 975 03d7 06040000 		.4byte	0x406
 976 03db 06       		.uleb128 0x6
 977 03dc 43020000 		.4byte	.LASF56
 978 03e0 0A       		.byte	0xa
 979 03e1 41       		.byte	0x41
 980 03e2 A3030000 		.4byte	0x3a3
 981 03e6 02       		.byte	0x2
 982 03e7 23       		.byte	0x23
 983 03e8 00       		.uleb128 0
 984 03e9 06       		.uleb128 0x6
 985 03ea 93000000 		.4byte	.LASF57
 986 03ee 0A       		.byte	0xa
 987 03ef 43       		.byte	0x43
 988 03f0 25040000 		.4byte	0x425
 989 03f4 02       		.byte	0x2
 990 03f5 23       		.byte	0x23
 991 03f6 08       		.uleb128 0x8
 992 03f7 06       		.uleb128 0x6
 993 03f8 09010000 		.4byte	.LASF58
 994 03fc 0A       		.byte	0xa
 995 03fd 45       		.byte	0x45
 996 03fe 98030000 		.4byte	0x398
 997 0402 02       		.byte	0x2
 998 0403 23       		.byte	0x23
 999 0404 10       		.uleb128 0x10
 1000 0405 00       		.byte	0
 1001 0406 10       		.uleb128 0x10
 1002 0407 04       		.byte	0x4
 1003 0408 0A       		.byte	0xa
 1004 0409 35       		.byte	0x35
 1005 040a 25040000 		.4byte	0x425
 1006 040e 11       		.uleb128 0x11
 1007 040f AB000000 		.4byte	.LASF59
 1008 0413 0A       		.byte	0xa
 1009 0414 36       		.byte	0x36
 1010 0415 46040000 		.4byte	0x446
 1011 0419 11       		.uleb128 0x11
 1012 041a BD020000 		.4byte	.LASF60
 1013 041e 0A       		.byte	0xa
 1014 041f 37       		.byte	0x37
 1015 0420 4C040000 		.4byte	0x44c
 1016 0424 00       		.byte	0
 1017 0425 12       		.uleb128 0x12
 1018 0426 74020000 		.4byte	.LASF78
 1019 042a 08       		.byte	0x8
 1020 042b 0A       		.byte	0xa
 1021 042c 32       		.byte	0x32
ARM GAS  C:\Users\TAISIK~1\AppData\Local\Temp\ccynQIgN.s 			page 19


 1022 042d 46040000 		.4byte	0x446
 1023 0431 11       		.uleb128 0x11
 1024 0432 74010000 		.4byte	.LASF61
 1025 0436 0A       		.byte	0xa
 1026 0437 33       		.byte	0x33
 1027 0438 9A020000 		.4byte	0x29a
 1028 043c 13       		.uleb128 0x13
 1029 043d 6800     		.ascii	"h\000"
 1030 043f 0A       		.byte	0xa
 1031 0440 3A       		.byte	0x3a
 1032 0441 52040000 		.4byte	0x452
 1033 0445 00       		.byte	0
 1034 0446 09       		.uleb128 0x9
 1035 0447 04       		.byte	0x4
 1036 0448 25040000 		.4byte	0x425
 1037 044c 09       		.uleb128 0x9
 1038 044d 04       		.byte	0x4
 1039 044e C4030000 		.4byte	0x3c4
 1040 0452 08       		.uleb128 0x8
 1041 0453 08       		.byte	0x8
 1042 0454 0A       		.byte	0xa
 1043 0455 34       		.byte	0x34
 1044 0456 75040000 		.4byte	0x475
 1045 045a 07       		.uleb128 0x7
 1046 045b 7500     		.ascii	"u\000"
 1047 045d 0A       		.byte	0xa
 1048 045e 38       		.byte	0x38
 1049 045f 06040000 		.4byte	0x406
 1050 0463 02       		.byte	0x2
 1051 0464 23       		.byte	0x23
 1052 0465 00       		.uleb128 0
 1053 0466 06       		.uleb128 0x6
 1054 0467 A1010000 		.4byte	.LASF62
 1055 046b 0A       		.byte	0xa
 1056 046c 39       		.byte	0x39
 1057 046d 30000000 		.4byte	0x30
 1058 0471 02       		.byte	0x2
 1059 0472 23       		.byte	0x23
 1060 0473 04       		.uleb128 0x4
 1061 0474 00       		.byte	0
 1062 0475 10       		.uleb128 0x10
 1063 0476 04       		.byte	0x4
 1064 0477 06       		.byte	0x6
 1065 0478 8F       		.byte	0x8f
 1066 0479 AA040000 		.4byte	0x4aa
 1067 047d 11       		.uleb128 0x11
 1068 047e 0D000000 		.4byte	.LASF63
 1069 0482 06       		.byte	0x6
 1070 0483 96       		.byte	0x96
 1071 0484 E4000000 		.4byte	0xe4
 1072 0488 11       		.uleb128 0x11
 1073 0489 8A000000 		.4byte	.LASF64
 1074 048d 06       		.byte	0x6
 1075 048e 9D       		.byte	0x9d
 1076 048f E4000000 		.4byte	0xe4
 1077 0493 11       		.uleb128 0x11
 1078 0494 25030000 		.4byte	.LASF65
ARM GAS  C:\Users\TAISIK~1\AppData\Local\Temp\ccynQIgN.s 			page 20


 1079 0498 06       		.byte	0x6
 1080 0499 A4       		.byte	0xa4
 1081 049a 98020000 		.4byte	0x298
 1082 049e 11       		.uleb128 0x11
 1083 049f 80020000 		.4byte	.LASF66
 1084 04a3 06       		.byte	0x6
 1085 04a4 AB       		.byte	0xab
 1086 04a5 EF000000 		.4byte	0xef
 1087 04a9 00       		.byte	0
 1088 04aa 09       		.uleb128 0x9
 1089 04ab 04       		.byte	0x4
 1090 04ac B0040000 		.4byte	0x4b0
 1091 04b0 14       		.uleb128 0x14
 1092 04b1 B5040000 		.4byte	0x4b5
 1093 04b5 04       		.uleb128 0x4
 1094 04b6 01       		.byte	0x1
 1095 04b7 08       		.byte	0x8
 1096 04b8 CF020000 		.4byte	.LASF67
 1097 04bc 09       		.uleb128 0x9
 1098 04bd 04       		.byte	0x4
 1099 04be 98030000 		.4byte	0x398
 1100 04c2 15       		.uleb128 0x15
 1101 04c3 01       		.byte	0x1
 1102 04c4 39030000 		.4byte	.LASF79
 1103 04c8 01       		.byte	0x1
 1104 04c9 44       		.byte	0x44
 1105 04ca 01       		.byte	0x1
 1106 04cb 00000000 		.4byte	.LFB7
 1107 04cf 20000000 		.4byte	.LFE7
 1108 04d3 02       		.byte	0x2
 1109 04d4 7D       		.byte	0x7d
 1110 04d5 00       		.sleb128 0
 1111 04d6 16       		.uleb128 0x16
 1112 04d7 01       		.byte	0x1
 1113 04d8 A0000000 		.4byte	.LASF69
 1114 04dc 01       		.byte	0x1
 1115 04dd 5C       		.byte	0x5c
 1116 04de 01       		.byte	0x1
 1117 04df 00000000 		.4byte	.LFB8
 1118 04e3 1C000000 		.4byte	.LFE8
 1119 04e7 00000000 		.4byte	.LLST0
 1120 04eb 2B050000 		.4byte	0x52b
 1121 04ef 17       		.uleb128 0x17
 1122 04f0 9A000000 		.4byte	.LASF68
 1123 04f4 01       		.byte	0x1
 1124 04f5 5C       		.byte	0x5c
 1125 04f6 4C040000 		.4byte	0x44c
 1126 04fa 20000000 		.4byte	.LLST1
 1127 04fe 18       		.uleb128 0x18
 1128 04ff 62756600 		.ascii	"buf\000"
 1129 0503 01       		.byte	0x1
 1130 0504 5C       		.byte	0x5c
 1131 0505 98020000 		.4byte	0x298
 1132 0509 3E000000 		.4byte	.LLST2
 1133 050d 17       		.uleb128 0x17
 1134 050e A1010000 		.4byte	.LASF62
 1135 0512 01       		.byte	0x1
ARM GAS  C:\Users\TAISIK~1\AppData\Local\Temp\ccynQIgN.s 			page 21


 1136 0513 5C       		.byte	0x5c
 1137 0514 30000000 		.4byte	0x30
 1138 0518 51000000 		.4byte	.LLST3
 1139 051c 19       		.uleb128 0x19
 1140 051d 687000   		.ascii	"hp\000"
 1141 0520 01       		.byte	0x1
 1142 0521 5D       		.byte	0x5d
 1143 0522 46040000 		.4byte	0x446
 1144 0526 71000000 		.4byte	.LLST4
 1145 052a 00       		.byte	0
 1146 052b 1A       		.uleb128 0x1a
 1147 052c 01       		.byte	0x1
 1148 052d 9D020000 		.4byte	.LASF71
 1149 0531 01       		.byte	0x1
 1150 0532 7D       		.byte	0x7d
 1151 0533 01       		.byte	0x1
 1152 0534 98020000 		.4byte	0x298
 1153 0538 00000000 		.4byte	.LFB9
 1154 053c 8C000000 		.4byte	.LFE9
 1155 0540 84000000 		.4byte	.LLST5
 1156 0544 91050000 		.4byte	0x591
 1157 0548 17       		.uleb128 0x17
 1158 0549 9A000000 		.4byte	.LASF68
 1159 054d 01       		.byte	0x1
 1160 054e 7D       		.byte	0x7d
 1161 054f 4C040000 		.4byte	0x44c
 1162 0553 A4000000 		.4byte	.LLST6
 1163 0557 17       		.uleb128 0x17
 1164 0558 A1010000 		.4byte	.LASF62
 1165 055c 01       		.byte	0x1
 1166 055d 7D       		.byte	0x7d
 1167 055e 30000000 		.4byte	0x30
 1168 0562 B7000000 		.4byte	.LLST7
 1169 0566 19       		.uleb128 0x19
 1170 0567 717000   		.ascii	"qp\000"
 1171 056a 01       		.byte	0x1
 1172 056b 7E       		.byte	0x7e
 1173 056c 46040000 		.4byte	0x446
 1174 0570 D5000000 		.4byte	.LLST8
 1175 0574 19       		.uleb128 0x19
 1176 0575 687000   		.ascii	"hp\000"
 1177 0578 01       		.byte	0x1
 1178 0579 7E       		.byte	0x7e
 1179 057a 46040000 		.4byte	0x446
 1180 057e F3000000 		.4byte	.LLST9
 1181 0582 19       		.uleb128 0x19
 1182 0583 667000   		.ascii	"fp\000"
 1183 0586 01       		.byte	0x1
 1184 0587 7E       		.byte	0x7e
 1185 0588 46040000 		.4byte	0x446
 1186 058c 40010000 		.4byte	.LLST10
 1187 0590 00       		.byte	0
 1188 0591 16       		.uleb128 0x16
 1189 0592 01       		.byte	0x1
 1190 0593 1F010000 		.4byte	.LASF70
 1191 0597 01       		.byte	0x1
 1192 0598 BB       		.byte	0xbb
ARM GAS  C:\Users\TAISIK~1\AppData\Local\Temp\ccynQIgN.s 			page 22


 1193 0599 01       		.byte	0x1
 1194 059a 00000000 		.4byte	.LFB10
 1195 059e 8A000000 		.4byte	.LFE10
 1196 05a2 53010000 		.4byte	.LLST11
 1197 05a6 E3050000 		.4byte	0x5e3
 1198 05aa 18       		.uleb128 0x18
 1199 05ab 7000     		.ascii	"p\000"
 1200 05ad 01       		.byte	0x1
 1201 05ae BB       		.byte	0xbb
 1202 05af 98020000 		.4byte	0x298
 1203 05b3 73010000 		.4byte	.LLST12
 1204 05b7 19       		.uleb128 0x19
 1205 05b8 717000   		.ascii	"qp\000"
 1206 05bb 01       		.byte	0x1
 1207 05bc BC       		.byte	0xbc
 1208 05bd 46040000 		.4byte	0x446
 1209 05c1 91010000 		.4byte	.LLST13
 1210 05c5 19       		.uleb128 0x19
 1211 05c6 687000   		.ascii	"hp\000"
 1212 05c9 01       		.byte	0x1
 1213 05ca BC       		.byte	0xbc
 1214 05cb 46040000 		.4byte	0x446
 1215 05cf DC010000 		.4byte	.LLST14
 1216 05d3 1B       		.uleb128 0x1b
 1217 05d4 9A000000 		.4byte	.LASF68
 1218 05d8 01       		.byte	0x1
 1219 05d9 BD       		.byte	0xbd
 1220 05da 4C040000 		.4byte	0x44c
 1221 05de FE010000 		.4byte	.LLST15
 1222 05e2 00       		.byte	0
 1223 05e3 1A       		.uleb128 0x1a
 1224 05e4 01       		.byte	0x1
 1225 05e5 D4020000 		.4byte	.LASF72
 1226 05e9 01       		.byte	0x1
 1227 05ea F3       		.byte	0xf3
 1228 05eb 01       		.byte	0x1
 1229 05ec 30000000 		.4byte	0x30
 1230 05f0 00000000 		.4byte	.LFB11
 1231 05f4 40000000 		.4byte	.LFE11
 1232 05f8 2B020000 		.4byte	.LLST16
 1233 05fc 44060000 		.4byte	0x644
 1234 0600 17       		.uleb128 0x17
 1235 0601 9A000000 		.4byte	.LASF68
 1236 0605 01       		.byte	0x1
 1237 0606 F3       		.byte	0xf3
 1238 0607 4C040000 		.4byte	0x44c
 1239 060b 4B020000 		.4byte	.LLST17
 1240 060f 17       		.uleb128 0x17
 1241 0610 2C030000 		.4byte	.LASF73
 1242 0614 01       		.byte	0x1
 1243 0615 F3       		.byte	0xf3
 1244 0616 44060000 		.4byte	0x644
 1245 061a 5E020000 		.4byte	.LLST18
 1246 061e 1C       		.uleb128 0x1c
 1247 061f 717000   		.ascii	"qp\000"
 1248 0622 01       		.byte	0x1
 1249 0623 F4       		.byte	0xf4
ARM GAS  C:\Users\TAISIK~1\AppData\Local\Temp\ccynQIgN.s 			page 23


 1250 0624 46040000 		.4byte	0x446
 1251 0628 19       		.uleb128 0x19
 1252 0629 6E00     		.ascii	"n\000"
 1253 062b 01       		.byte	0x1
 1254 062c F5       		.byte	0xf5
 1255 062d 30000000 		.4byte	0x30
 1256 0631 7C020000 		.4byte	.LLST19
 1257 0635 19       		.uleb128 0x19
 1258 0636 737A00   		.ascii	"sz\000"
 1259 0639 01       		.byte	0x1
 1260 063a F5       		.byte	0xf5
 1261 063b 30000000 		.4byte	0x30
 1262 063f A7020000 		.4byte	.LLST20
 1263 0643 00       		.byte	0
 1264 0644 09       		.uleb128 0x9
 1265 0645 04       		.byte	0x4
 1266 0646 30000000 		.4byte	0x30
 1267 064a 1D       		.uleb128 0x1d
 1268 064b C2020000 		.4byte	.LASF74
 1269 064f 01       		.byte	0x1
 1270 0650 3D       		.byte	0x3d
 1271 0651 C4030000 		.4byte	0x3c4
 1272 0655 05       		.byte	0x5
 1273 0656 03       		.byte	0x3
 1274 0657 00000000 		.4byte	default_heap
 1275 065b 00       		.byte	0
 1276              		.section	.debug_abbrev,"",%progbits
 1277              	.Ldebug_abbrev0:
 1278 0000 01       		.uleb128 0x1
 1279 0001 11       		.uleb128 0x11
 1280 0002 01       		.byte	0x1
 1281 0003 25       		.uleb128 0x25
 1282 0004 0E       		.uleb128 0xe
 1283 0005 13       		.uleb128 0x13
 1284 0006 0B       		.uleb128 0xb
 1285 0007 03       		.uleb128 0x3
 1286 0008 0E       		.uleb128 0xe
 1287 0009 1B       		.uleb128 0x1b
 1288 000a 0E       		.uleb128 0xe
 1289 000b 11       		.uleb128 0x11
 1290 000c 01       		.uleb128 0x1
 1291 000d 52       		.uleb128 0x52
 1292 000e 01       		.uleb128 0x1
 1293 000f 55       		.uleb128 0x55
 1294 0010 06       		.uleb128 0x6
 1295 0011 10       		.uleb128 0x10
 1296 0012 06       		.uleb128 0x6
 1297 0013 00       		.byte	0
 1298 0014 00       		.byte	0
 1299 0015 02       		.uleb128 0x2
 1300 0016 24       		.uleb128 0x24
 1301 0017 00       		.byte	0
 1302 0018 0B       		.uleb128 0xb
 1303 0019 0B       		.uleb128 0xb
 1304 001a 3E       		.uleb128 0x3e
 1305 001b 0B       		.uleb128 0xb
 1306 001c 03       		.uleb128 0x3
ARM GAS  C:\Users\TAISIK~1\AppData\Local\Temp\ccynQIgN.s 			page 24


 1307 001d 08       		.uleb128 0x8
 1308 001e 00       		.byte	0
 1309 001f 00       		.byte	0
 1310 0020 03       		.uleb128 0x3
 1311 0021 16       		.uleb128 0x16
 1312 0022 00       		.byte	0
 1313 0023 03       		.uleb128 0x3
 1314 0024 0E       		.uleb128 0xe
 1315 0025 3A       		.uleb128 0x3a
 1316 0026 0B       		.uleb128 0xb
 1317 0027 3B       		.uleb128 0x3b
 1318 0028 0B       		.uleb128 0xb
 1319 0029 49       		.uleb128 0x49
 1320 002a 13       		.uleb128 0x13
 1321 002b 00       		.byte	0
 1322 002c 00       		.byte	0
 1323 002d 04       		.uleb128 0x4
 1324 002e 24       		.uleb128 0x24
 1325 002f 00       		.byte	0
 1326 0030 0B       		.uleb128 0xb
 1327 0031 0B       		.uleb128 0xb
 1328 0032 3E       		.uleb128 0x3e
 1329 0033 0B       		.uleb128 0xb
 1330 0034 03       		.uleb128 0x3
 1331 0035 0E       		.uleb128 0xe
 1332 0036 00       		.byte	0
 1333 0037 00       		.byte	0
 1334 0038 05       		.uleb128 0x5
 1335 0039 13       		.uleb128 0x13
 1336 003a 01       		.byte	0x1
 1337 003b 03       		.uleb128 0x3
 1338 003c 0E       		.uleb128 0xe
 1339 003d 0B       		.uleb128 0xb
 1340 003e 0B       		.uleb128 0xb
 1341 003f 3A       		.uleb128 0x3a
 1342 0040 0B       		.uleb128 0xb
 1343 0041 3B       		.uleb128 0x3b
 1344 0042 0B       		.uleb128 0xb
 1345 0043 01       		.uleb128 0x1
 1346 0044 13       		.uleb128 0x13
 1347 0045 00       		.byte	0
 1348 0046 00       		.byte	0
 1349 0047 06       		.uleb128 0x6
 1350 0048 0D       		.uleb128 0xd
 1351 0049 00       		.byte	0
 1352 004a 03       		.uleb128 0x3
 1353 004b 0E       		.uleb128 0xe
 1354 004c 3A       		.uleb128 0x3a
 1355 004d 0B       		.uleb128 0xb
 1356 004e 3B       		.uleb128 0x3b
 1357 004f 0B       		.uleb128 0xb
 1358 0050 49       		.uleb128 0x49
 1359 0051 13       		.uleb128 0x13
 1360 0052 38       		.uleb128 0x38
 1361 0053 0A       		.uleb128 0xa
 1362 0054 00       		.byte	0
 1363 0055 00       		.byte	0
ARM GAS  C:\Users\TAISIK~1\AppData\Local\Temp\ccynQIgN.s 			page 25


 1364 0056 07       		.uleb128 0x7
 1365 0057 0D       		.uleb128 0xd
 1366 0058 00       		.byte	0
 1367 0059 03       		.uleb128 0x3
 1368 005a 08       		.uleb128 0x8
 1369 005b 3A       		.uleb128 0x3a
 1370 005c 0B       		.uleb128 0xb
 1371 005d 3B       		.uleb128 0x3b
 1372 005e 0B       		.uleb128 0xb
 1373 005f 49       		.uleb128 0x49
 1374 0060 13       		.uleb128 0x13
 1375 0061 38       		.uleb128 0x38
 1376 0062 0A       		.uleb128 0xa
 1377 0063 00       		.byte	0
 1378 0064 00       		.byte	0
 1379 0065 08       		.uleb128 0x8
 1380 0066 13       		.uleb128 0x13
 1381 0067 01       		.byte	0x1
 1382 0068 0B       		.uleb128 0xb
 1383 0069 0B       		.uleb128 0xb
 1384 006a 3A       		.uleb128 0x3a
 1385 006b 0B       		.uleb128 0xb
 1386 006c 3B       		.uleb128 0x3b
 1387 006d 0B       		.uleb128 0xb
 1388 006e 01       		.uleb128 0x1
 1389 006f 13       		.uleb128 0x13
 1390 0070 00       		.byte	0
 1391 0071 00       		.byte	0
 1392 0072 09       		.uleb128 0x9
 1393 0073 0F       		.uleb128 0xf
 1394 0074 00       		.byte	0
 1395 0075 0B       		.uleb128 0xb
 1396 0076 0B       		.uleb128 0xb
 1397 0077 49       		.uleb128 0x49
 1398 0078 13       		.uleb128 0x13
 1399 0079 00       		.byte	0
 1400 007a 00       		.byte	0
 1401 007b 0A       		.uleb128 0xa
 1402 007c 0F       		.uleb128 0xf
 1403 007d 00       		.byte	0
 1404 007e 0B       		.uleb128 0xb
 1405 007f 0B       		.uleb128 0xb
 1406 0080 00       		.byte	0
 1407 0081 00       		.byte	0
 1408 0082 0B       		.uleb128 0xb
 1409 0083 13       		.uleb128 0x13
 1410 0084 01       		.byte	0x1
 1411 0085 03       		.uleb128 0x3
 1412 0086 0E       		.uleb128 0xe
 1413 0087 0B       		.uleb128 0xb
 1414 0088 0B       		.uleb128 0xb
 1415 0089 3A       		.uleb128 0x3a
 1416 008a 0B       		.uleb128 0xb
 1417 008b 3B       		.uleb128 0x3b
 1418 008c 05       		.uleb128 0x5
 1419 008d 01       		.uleb128 0x1
 1420 008e 13       		.uleb128 0x13
ARM GAS  C:\Users\TAISIK~1\AppData\Local\Temp\ccynQIgN.s 			page 26


 1421 008f 00       		.byte	0
 1422 0090 00       		.byte	0
 1423 0091 0C       		.uleb128 0xc
 1424 0092 0D       		.uleb128 0xd
 1425 0093 00       		.byte	0
 1426 0094 03       		.uleb128 0x3
 1427 0095 08       		.uleb128 0x8
 1428 0096 3A       		.uleb128 0x3a
 1429 0097 0B       		.uleb128 0xb
 1430 0098 3B       		.uleb128 0x3b
 1431 0099 05       		.uleb128 0x5
 1432 009a 49       		.uleb128 0x49
 1433 009b 13       		.uleb128 0x13
 1434 009c 38       		.uleb128 0x38
 1435 009d 0A       		.uleb128 0xa
 1436 009e 00       		.byte	0
 1437 009f 00       		.byte	0
 1438 00a0 0D       		.uleb128 0xd
 1439 00a1 35       		.uleb128 0x35
 1440 00a2 00       		.byte	0
 1441 00a3 49       		.uleb128 0x49
 1442 00a4 13       		.uleb128 0x13
 1443 00a5 00       		.byte	0
 1444 00a6 00       		.byte	0
 1445 00a7 0E       		.uleb128 0xe
 1446 00a8 15       		.uleb128 0x15
 1447 00a9 01       		.byte	0x1
 1448 00aa 27       		.uleb128 0x27
 1449 00ab 0C       		.uleb128 0xc
 1450 00ac 49       		.uleb128 0x49
 1451 00ad 13       		.uleb128 0x13
 1452 00ae 01       		.uleb128 0x1
 1453 00af 13       		.uleb128 0x13
 1454 00b0 00       		.byte	0
 1455 00b1 00       		.byte	0
 1456 00b2 0F       		.uleb128 0xf
 1457 00b3 05       		.uleb128 0x5
 1458 00b4 00       		.byte	0
 1459 00b5 49       		.uleb128 0x49
 1460 00b6 13       		.uleb128 0x13
 1461 00b7 00       		.byte	0
 1462 00b8 00       		.byte	0
 1463 00b9 10       		.uleb128 0x10
 1464 00ba 17       		.uleb128 0x17
 1465 00bb 01       		.byte	0x1
 1466 00bc 0B       		.uleb128 0xb
 1467 00bd 0B       		.uleb128 0xb
 1468 00be 3A       		.uleb128 0x3a
 1469 00bf 0B       		.uleb128 0xb
 1470 00c0 3B       		.uleb128 0x3b
 1471 00c1 0B       		.uleb128 0xb
 1472 00c2 01       		.uleb128 0x1
 1473 00c3 13       		.uleb128 0x13
 1474 00c4 00       		.byte	0
 1475 00c5 00       		.byte	0
 1476 00c6 11       		.uleb128 0x11
 1477 00c7 0D       		.uleb128 0xd
ARM GAS  C:\Users\TAISIK~1\AppData\Local\Temp\ccynQIgN.s 			page 27


 1478 00c8 00       		.byte	0
 1479 00c9 03       		.uleb128 0x3
 1480 00ca 0E       		.uleb128 0xe
 1481 00cb 3A       		.uleb128 0x3a
 1482 00cc 0B       		.uleb128 0xb
 1483 00cd 3B       		.uleb128 0x3b
 1484 00ce 0B       		.uleb128 0xb
 1485 00cf 49       		.uleb128 0x49
 1486 00d0 13       		.uleb128 0x13
 1487 00d1 00       		.byte	0
 1488 00d2 00       		.byte	0
 1489 00d3 12       		.uleb128 0x12
 1490 00d4 17       		.uleb128 0x17
 1491 00d5 01       		.byte	0x1
 1492 00d6 03       		.uleb128 0x3
 1493 00d7 0E       		.uleb128 0xe
 1494 00d8 0B       		.uleb128 0xb
 1495 00d9 0B       		.uleb128 0xb
 1496 00da 3A       		.uleb128 0x3a
 1497 00db 0B       		.uleb128 0xb
 1498 00dc 3B       		.uleb128 0x3b
 1499 00dd 0B       		.uleb128 0xb
 1500 00de 01       		.uleb128 0x1
 1501 00df 13       		.uleb128 0x13
 1502 00e0 00       		.byte	0
 1503 00e1 00       		.byte	0
 1504 00e2 13       		.uleb128 0x13
 1505 00e3 0D       		.uleb128 0xd
 1506 00e4 00       		.byte	0
 1507 00e5 03       		.uleb128 0x3
 1508 00e6 08       		.uleb128 0x8
 1509 00e7 3A       		.uleb128 0x3a
 1510 00e8 0B       		.uleb128 0xb
 1511 00e9 3B       		.uleb128 0x3b
 1512 00ea 0B       		.uleb128 0xb
 1513 00eb 49       		.uleb128 0x49
 1514 00ec 13       		.uleb128 0x13
 1515 00ed 00       		.byte	0
 1516 00ee 00       		.byte	0
 1517 00ef 14       		.uleb128 0x14
 1518 00f0 26       		.uleb128 0x26
 1519 00f1 00       		.byte	0
 1520 00f2 49       		.uleb128 0x49
 1521 00f3 13       		.uleb128 0x13
 1522 00f4 00       		.byte	0
 1523 00f5 00       		.byte	0
 1524 00f6 15       		.uleb128 0x15
 1525 00f7 2E       		.uleb128 0x2e
 1526 00f8 00       		.byte	0
 1527 00f9 3F       		.uleb128 0x3f
 1528 00fa 0C       		.uleb128 0xc
 1529 00fb 03       		.uleb128 0x3
 1530 00fc 0E       		.uleb128 0xe
 1531 00fd 3A       		.uleb128 0x3a
 1532 00fe 0B       		.uleb128 0xb
 1533 00ff 3B       		.uleb128 0x3b
 1534 0100 0B       		.uleb128 0xb
ARM GAS  C:\Users\TAISIK~1\AppData\Local\Temp\ccynQIgN.s 			page 28


 1535 0101 27       		.uleb128 0x27
 1536 0102 0C       		.uleb128 0xc
 1537 0103 11       		.uleb128 0x11
 1538 0104 01       		.uleb128 0x1
 1539 0105 12       		.uleb128 0x12
 1540 0106 01       		.uleb128 0x1
 1541 0107 40       		.uleb128 0x40
 1542 0108 0A       		.uleb128 0xa
 1543 0109 00       		.byte	0
 1544 010a 00       		.byte	0
 1545 010b 16       		.uleb128 0x16
 1546 010c 2E       		.uleb128 0x2e
 1547 010d 01       		.byte	0x1
 1548 010e 3F       		.uleb128 0x3f
 1549 010f 0C       		.uleb128 0xc
 1550 0110 03       		.uleb128 0x3
 1551 0111 0E       		.uleb128 0xe
 1552 0112 3A       		.uleb128 0x3a
 1553 0113 0B       		.uleb128 0xb
 1554 0114 3B       		.uleb128 0x3b
 1555 0115 0B       		.uleb128 0xb
 1556 0116 27       		.uleb128 0x27
 1557 0117 0C       		.uleb128 0xc
 1558 0118 11       		.uleb128 0x11
 1559 0119 01       		.uleb128 0x1
 1560 011a 12       		.uleb128 0x12
 1561 011b 01       		.uleb128 0x1
 1562 011c 40       		.uleb128 0x40
 1563 011d 06       		.uleb128 0x6
 1564 011e 01       		.uleb128 0x1
 1565 011f 13       		.uleb128 0x13
 1566 0120 00       		.byte	0
 1567 0121 00       		.byte	0
 1568 0122 17       		.uleb128 0x17
 1569 0123 05       		.uleb128 0x5
 1570 0124 00       		.byte	0
 1571 0125 03       		.uleb128 0x3
 1572 0126 0E       		.uleb128 0xe
 1573 0127 3A       		.uleb128 0x3a
 1574 0128 0B       		.uleb128 0xb
 1575 0129 3B       		.uleb128 0x3b
 1576 012a 0B       		.uleb128 0xb
 1577 012b 49       		.uleb128 0x49
 1578 012c 13       		.uleb128 0x13
 1579 012d 02       		.uleb128 0x2
 1580 012e 06       		.uleb128 0x6
 1581 012f 00       		.byte	0
 1582 0130 00       		.byte	0
 1583 0131 18       		.uleb128 0x18
 1584 0132 05       		.uleb128 0x5
 1585 0133 00       		.byte	0
 1586 0134 03       		.uleb128 0x3
 1587 0135 08       		.uleb128 0x8
 1588 0136 3A       		.uleb128 0x3a
 1589 0137 0B       		.uleb128 0xb
 1590 0138 3B       		.uleb128 0x3b
 1591 0139 0B       		.uleb128 0xb
ARM GAS  C:\Users\TAISIK~1\AppData\Local\Temp\ccynQIgN.s 			page 29


 1592 013a 49       		.uleb128 0x49
 1593 013b 13       		.uleb128 0x13
 1594 013c 02       		.uleb128 0x2
 1595 013d 06       		.uleb128 0x6
 1596 013e 00       		.byte	0
 1597 013f 00       		.byte	0
 1598 0140 19       		.uleb128 0x19
 1599 0141 34       		.uleb128 0x34
 1600 0142 00       		.byte	0
 1601 0143 03       		.uleb128 0x3
 1602 0144 08       		.uleb128 0x8
 1603 0145 3A       		.uleb128 0x3a
 1604 0146 0B       		.uleb128 0xb
 1605 0147 3B       		.uleb128 0x3b
 1606 0148 0B       		.uleb128 0xb
 1607 0149 49       		.uleb128 0x49
 1608 014a 13       		.uleb128 0x13
 1609 014b 02       		.uleb128 0x2
 1610 014c 06       		.uleb128 0x6
 1611 014d 00       		.byte	0
 1612 014e 00       		.byte	0
 1613 014f 1A       		.uleb128 0x1a
 1614 0150 2E       		.uleb128 0x2e
 1615 0151 01       		.byte	0x1
 1616 0152 3F       		.uleb128 0x3f
 1617 0153 0C       		.uleb128 0xc
 1618 0154 03       		.uleb128 0x3
 1619 0155 0E       		.uleb128 0xe
 1620 0156 3A       		.uleb128 0x3a
 1621 0157 0B       		.uleb128 0xb
 1622 0158 3B       		.uleb128 0x3b
 1623 0159 0B       		.uleb128 0xb
 1624 015a 27       		.uleb128 0x27
 1625 015b 0C       		.uleb128 0xc
 1626 015c 49       		.uleb128 0x49
 1627 015d 13       		.uleb128 0x13
 1628 015e 11       		.uleb128 0x11
 1629 015f 01       		.uleb128 0x1
 1630 0160 12       		.uleb128 0x12
 1631 0161 01       		.uleb128 0x1
 1632 0162 40       		.uleb128 0x40
 1633 0163 06       		.uleb128 0x6
 1634 0164 01       		.uleb128 0x1
 1635 0165 13       		.uleb128 0x13
 1636 0166 00       		.byte	0
 1637 0167 00       		.byte	0
 1638 0168 1B       		.uleb128 0x1b
 1639 0169 34       		.uleb128 0x34
 1640 016a 00       		.byte	0
 1641 016b 03       		.uleb128 0x3
 1642 016c 0E       		.uleb128 0xe
 1643 016d 3A       		.uleb128 0x3a
 1644 016e 0B       		.uleb128 0xb
 1645 016f 3B       		.uleb128 0x3b
 1646 0170 0B       		.uleb128 0xb
 1647 0171 49       		.uleb128 0x49
 1648 0172 13       		.uleb128 0x13
ARM GAS  C:\Users\TAISIK~1\AppData\Local\Temp\ccynQIgN.s 			page 30


 1649 0173 02       		.uleb128 0x2
 1650 0174 06       		.uleb128 0x6
 1651 0175 00       		.byte	0
 1652 0176 00       		.byte	0
 1653 0177 1C       		.uleb128 0x1c
 1654 0178 34       		.uleb128 0x34
 1655 0179 00       		.byte	0
 1656 017a 03       		.uleb128 0x3
 1657 017b 08       		.uleb128 0x8
 1658 017c 3A       		.uleb128 0x3a
 1659 017d 0B       		.uleb128 0xb
 1660 017e 3B       		.uleb128 0x3b
 1661 017f 0B       		.uleb128 0xb
 1662 0180 49       		.uleb128 0x49
 1663 0181 13       		.uleb128 0x13
 1664 0182 00       		.byte	0
 1665 0183 00       		.byte	0
 1666 0184 1D       		.uleb128 0x1d
 1667 0185 34       		.uleb128 0x34
 1668 0186 00       		.byte	0
 1669 0187 03       		.uleb128 0x3
 1670 0188 0E       		.uleb128 0xe
 1671 0189 3A       		.uleb128 0x3a
 1672 018a 0B       		.uleb128 0xb
 1673 018b 3B       		.uleb128 0x3b
 1674 018c 0B       		.uleb128 0xb
 1675 018d 49       		.uleb128 0x49
 1676 018e 13       		.uleb128 0x13
 1677 018f 02       		.uleb128 0x2
 1678 0190 0A       		.uleb128 0xa
 1679 0191 00       		.byte	0
 1680 0192 00       		.byte	0
 1681 0193 00       		.byte	0
 1682              		.section	.debug_loc,"",%progbits
 1683              	.Ldebug_loc0:
 1684              	.LLST0:
 1685 0000 00000000 		.4byte	.LFB8
 1686 0004 02000000 		.4byte	.LCFI0
 1687 0008 0200     		.2byte	0x2
 1688 000a 7D       		.byte	0x7d
 1689 000b 00       		.sleb128 0
 1690 000c 02000000 		.4byte	.LCFI0
 1691 0010 1C000000 		.4byte	.LFE8
 1692 0014 0200     		.2byte	0x2
 1693 0016 7D       		.byte	0x7d
 1694 0017 04       		.sleb128 4
 1695 0018 00000000 		.4byte	0
 1696 001c 00000000 		.4byte	0
 1697              	.LLST1:
 1698 0020 00000000 		.4byte	.LVL0
 1699 0024 0C000000 		.4byte	.LVL2
 1700 0028 0100     		.2byte	0x1
 1701 002a 50       		.byte	0x50
 1702 002b 0C000000 		.4byte	.LVL2
 1703 002f 1B000000 		.4byte	.LVL7-1
 1704 0033 0100     		.2byte	0x1
 1705 0035 53       		.byte	0x53
ARM GAS  C:\Users\TAISIK~1\AppData\Local\Temp\ccynQIgN.s 			page 31


 1706 0036 00000000 		.4byte	0
 1707 003a 00000000 		.4byte	0
 1708              	.LLST2:
 1709 003e 00000000 		.4byte	.LVL0
 1710 0042 1B000000 		.4byte	.LVL6-1
 1711 0046 0100     		.2byte	0x1
 1712 0048 51       		.byte	0x51
 1713 0049 00000000 		.4byte	0
 1714 004d 00000000 		.4byte	0
 1715              	.LLST3:
 1716 0051 00000000 		.4byte	.LVL0
 1717 0055 08000000 		.4byte	.LVL1
 1718 0059 0100     		.2byte	0x1
 1719 005b 52       		.byte	0x52
 1720 005c 08000000 		.4byte	.LVL1
 1721 0060 1B000000 		.4byte	.LVL5-1
 1722 0064 0300     		.2byte	0x3
 1723 0066 72       		.byte	0x72
 1724 0067 08       		.sleb128 8
 1725 0068 9F       		.byte	0x9f
 1726 0069 00000000 		.4byte	0
 1727 006d 00000000 		.4byte	0
 1728              	.LLST4:
 1729 0071 0E000000 		.4byte	.LVL3
 1730 0075 1B000000 		.4byte	.LVL4-1
 1731 0079 0100     		.2byte	0x1
 1732 007b 51       		.byte	0x51
 1733 007c 00000000 		.4byte	0
 1734 0080 00000000 		.4byte	0
 1735              	.LLST5:
 1736 0084 00000000 		.4byte	.LFB9
 1737 0088 02000000 		.4byte	.LCFI1
 1738 008c 0200     		.2byte	0x2
 1739 008e 7D       		.byte	0x7d
 1740 008f 00       		.sleb128 0
 1741 0090 02000000 		.4byte	.LCFI1
 1742 0094 8C000000 		.4byte	.LFE9
 1743 0098 0200     		.2byte	0x2
 1744 009a 7D       		.byte	0x7d
 1745 009b 18       		.sleb128 24
 1746 009c 00000000 		.4byte	0
 1747 00a0 00000000 		.4byte	0
 1748              	.LLST6:
 1749 00a4 00000000 		.4byte	.LVL8
 1750 00a8 10000000 		.4byte	.LVL9
 1751 00ac 0100     		.2byte	0x1
 1752 00ae 50       		.byte	0x50
 1753 00af 00000000 		.4byte	0
 1754 00b3 00000000 		.4byte	0
 1755              	.LLST7:
 1756 00b7 00000000 		.4byte	.LVL8
 1757 00bb 14000000 		.4byte	.LVL10
 1758 00bf 0100     		.2byte	0x1
 1759 00c1 51       		.byte	0x51
 1760 00c2 14000000 		.4byte	.LVL10
 1761 00c6 8C000000 		.4byte	.LFE9
 1762 00ca 0100     		.2byte	0x1
ARM GAS  C:\Users\TAISIK~1\AppData\Local\Temp\ccynQIgN.s 			page 32


 1763 00cc 56       		.byte	0x56
 1764 00cd 00000000 		.4byte	0
 1765 00d1 00000000 		.4byte	0
 1766              	.LLST8:
 1767 00d5 18000000 		.4byte	.LVL11
 1768 00d9 54000000 		.4byte	.LVL17
 1769 00dd 0100     		.2byte	0x1
 1770 00df 55       		.byte	0x55
 1771 00e0 60000000 		.4byte	.LVL19
 1772 00e4 6C000000 		.4byte	.LVL21
 1773 00e8 0100     		.2byte	0x1
 1774 00ea 55       		.byte	0x55
 1775 00eb 00000000 		.4byte	0
 1776 00ef 00000000 		.4byte	0
 1777              	.LLST9:
 1778 00f3 1E000000 		.4byte	.LVL12
 1779 00f7 20000000 		.4byte	.LVL13
 1780 00fb 0100     		.2byte	0x1
 1781 00fd 53       		.byte	0x53
 1782 00fe 24000000 		.4byte	.LVL14
 1783 0102 54000000 		.4byte	.LVL17
 1784 0106 0200     		.2byte	0x2
 1785 0108 75       		.byte	0x75
 1786 0109 00       		.sleb128 0
 1787 010a 54000000 		.4byte	.LVL17
 1788 010e 5B000000 		.4byte	.LVL18-1
 1789 0112 0100     		.2byte	0x1
 1790 0114 53       		.byte	0x53
 1791 0115 5B000000 		.4byte	.LVL18-1
 1792 0119 5C000000 		.4byte	.LVL18
 1793 011d 0300     		.2byte	0x3
 1794 011f 75       		.byte	0x75
 1795 0120 78       		.sleb128 -8
 1796 0121 9F       		.byte	0x9f
 1797 0122 60000000 		.4byte	.LVL19
 1798 0126 66000000 		.4byte	.LVL20
 1799 012a 0100     		.2byte	0x1
 1800 012c 53       		.byte	0x53
 1801 012d 78000000 		.4byte	.LVL22
 1802 0131 82000000 		.4byte	.LVL23
 1803 0135 0100     		.2byte	0x1
 1804 0137 50       		.byte	0x50
 1805 0138 00000000 		.4byte	0
 1806 013c 00000000 		.4byte	0
 1807              	.LLST10:
 1808 0140 3C000000 		.4byte	.LVL15
 1809 0144 52000000 		.4byte	.LVL16
 1810 0148 0100     		.2byte	0x1
 1811 014a 57       		.byte	0x57
 1812 014b 00000000 		.4byte	0
 1813 014f 00000000 		.4byte	0
 1814              	.LLST11:
 1815 0153 00000000 		.4byte	.LFB10
 1816 0157 02000000 		.4byte	.LCFI2
 1817 015b 0200     		.2byte	0x2
 1818 015d 7D       		.byte	0x7d
 1819 015e 00       		.sleb128 0
ARM GAS  C:\Users\TAISIK~1\AppData\Local\Temp\ccynQIgN.s 			page 33


 1820 015f 02000000 		.4byte	.LCFI2
 1821 0163 8A000000 		.4byte	.LFE10
 1822 0167 0200     		.2byte	0x2
 1823 0169 7D       		.byte	0x7d
 1824 016a 10       		.sleb128 16
 1825 016b 00000000 		.4byte	0
 1826 016f 00000000 		.4byte	0
 1827              	.LLST12:
 1828 0173 00000000 		.4byte	.LVL24
 1829 0177 10000000 		.4byte	.LVL26
 1830 017b 0100     		.2byte	0x1
 1831 017d 50       		.byte	0x50
 1832 017e 10000000 		.4byte	.LVL26
 1833 0182 8A000000 		.4byte	.LFE10
 1834 0186 0100     		.2byte	0x1
 1835 0188 56       		.byte	0x56
 1836 0189 00000000 		.4byte	0
 1837 018d 00000000 		.4byte	0
 1838              	.LLST13:
 1839 0191 12000000 		.4byte	.LVL27
 1840 0195 18000000 		.4byte	.LVL29
 1841 0199 0100     		.2byte	0x1
 1842 019b 55       		.byte	0x55
 1843 019c 18000000 		.4byte	.LVL29
 1844 01a0 28000000 		.4byte	.LVL30
 1845 01a4 0100     		.2byte	0x1
 1846 01a6 53       		.byte	0x53
 1847 01a7 28000000 		.4byte	.LVL30
 1848 01ab 2A000000 		.4byte	.LVL31
 1849 01af 0200     		.2byte	0x2
 1850 01b1 73       		.byte	0x73
 1851 01b2 00       		.sleb128 0
 1852 01b3 2A000000 		.4byte	.LVL31
 1853 01b7 2C000000 		.4byte	.LVL32
 1854 01bb 0100     		.2byte	0x1
 1855 01bd 52       		.byte	0x52
 1856 01be 2C000000 		.4byte	.LVL32
 1857 01c2 59000000 		.4byte	.LVL34-1
 1858 01c6 0100     		.2byte	0x1
 1859 01c8 53       		.byte	0x53
 1860 01c9 5A000000 		.4byte	.LVL34
 1861 01cd 8A000000 		.4byte	.LFE10
 1862 01d1 0100     		.2byte	0x1
 1863 01d3 53       		.byte	0x53
 1864 01d4 00000000 		.4byte	0
 1865 01d8 00000000 		.4byte	0
 1866              	.LLST14:
 1867 01dc 0C000000 		.4byte	.LVL25
 1868 01e0 10000000 		.4byte	.LVL26
 1869 01e4 0300     		.2byte	0x3
 1870 01e6 70       		.byte	0x70
 1871 01e7 78       		.sleb128 -8
 1872 01e8 9F       		.byte	0x9f
 1873 01e9 10000000 		.4byte	.LVL26
 1874 01ed 8A000000 		.4byte	.LFE10
 1875 01f1 0300     		.2byte	0x3
 1876 01f3 76       		.byte	0x76
ARM GAS  C:\Users\TAISIK~1\AppData\Local\Temp\ccynQIgN.s 			page 34


 1877 01f4 78       		.sleb128 -8
 1878 01f5 9F       		.byte	0x9f
 1879 01f6 00000000 		.4byte	0
 1880 01fa 00000000 		.4byte	0
 1881              	.LLST15:
 1882 01fe 0C000000 		.4byte	.LVL25
 1883 0202 10000000 		.4byte	.LVL26
 1884 0206 0200     		.2byte	0x2
 1885 0208 70       		.byte	0x70
 1886 0209 78       		.sleb128 -8
 1887 020a 10000000 		.4byte	.LVL26
 1888 020e 15000000 		.4byte	.LVL28-1
 1889 0212 0200     		.2byte	0x2
 1890 0214 76       		.byte	0x76
 1891 0215 78       		.sleb128 -8
 1892 0216 15000000 		.4byte	.LVL28-1
 1893 021a 3E000000 		.4byte	.LVL33
 1894 021e 0300     		.2byte	0x3
 1895 0220 75       		.byte	0x75
 1896 0221 78       		.sleb128 -8
 1897 0222 9F       		.byte	0x9f
 1898 0223 00000000 		.4byte	0
 1899 0227 00000000 		.4byte	0
 1900              	.LLST16:
 1901 022b 00000000 		.4byte	.LFB11
 1902 022f 02000000 		.4byte	.LCFI3
 1903 0233 0200     		.2byte	0x2
 1904 0235 7D       		.byte	0x7d
 1905 0236 00       		.sleb128 0
 1906 0237 02000000 		.4byte	.LCFI3
 1907 023b 40000000 		.4byte	.LFE11
 1908 023f 0200     		.2byte	0x2
 1909 0241 7D       		.byte	0x7d
 1910 0242 10       		.sleb128 16
 1911 0243 00000000 		.4byte	0
 1912 0247 00000000 		.4byte	0
 1913              	.LLST17:
 1914 024b 00000000 		.4byte	.LVL35
 1915 024f 0E000000 		.4byte	.LVL36
 1916 0253 0100     		.2byte	0x1
 1917 0255 50       		.byte	0x50
 1918 0256 00000000 		.4byte	0
 1919 025a 00000000 		.4byte	0
 1920              	.LLST18:
 1921 025e 00000000 		.4byte	.LVL35
 1922 0262 13000000 		.4byte	.LVL37-1
 1923 0266 0100     		.2byte	0x1
 1924 0268 51       		.byte	0x51
 1925 0269 13000000 		.4byte	.LVL37-1
 1926 026d 40000000 		.4byte	.LFE11
 1927 0271 0100     		.2byte	0x1
 1928 0273 55       		.byte	0x55
 1929 0274 00000000 		.4byte	0
 1930 0278 00000000 		.4byte	0
 1931              	.LLST19:
 1932 027c 14000000 		.4byte	.LVL37
 1933 0280 1C000000 		.4byte	.LVL38
ARM GAS  C:\Users\TAISIK~1\AppData\Local\Temp\ccynQIgN.s 			page 35


 1934 0284 0200     		.2byte	0x2
 1935 0286 30       		.byte	0x30
 1936 0287 9F       		.byte	0x9f
 1937 0288 24000000 		.4byte	.LVL40
 1938 028c 28000000 		.4byte	.LVL41
 1939 0290 0100     		.2byte	0x1
 1940 0292 54       		.byte	0x54
 1941 0293 34000000 		.4byte	.LVL42
 1942 0297 40000000 		.4byte	.LFE11
 1943 029b 0200     		.2byte	0x2
 1944 029d 30       		.byte	0x30
 1945 029e 9F       		.byte	0x9f
 1946 029f 00000000 		.4byte	0
 1947 02a3 00000000 		.4byte	0
 1948              	.LLST20:
 1949 02a7 14000000 		.4byte	.LVL37
 1950 02ab 1C000000 		.4byte	.LVL38
 1951 02af 0200     		.2byte	0x2
 1952 02b1 30       		.byte	0x30
 1953 02b2 9F       		.byte	0x9f
 1954 02b3 22000000 		.4byte	.LVL39
 1955 02b7 28000000 		.4byte	.LVL41
 1956 02bb 0100     		.2byte	0x1
 1957 02bd 52       		.byte	0x52
 1958 02be 34000000 		.4byte	.LVL42
 1959 02c2 40000000 		.4byte	.LFE11
 1960 02c6 0200     		.2byte	0x2
 1961 02c8 30       		.byte	0x30
 1962 02c9 9F       		.byte	0x9f
 1963 02ca 00000000 		.4byte	0
 1964 02ce 00000000 		.4byte	0
 1965              		.section	.debug_aranges,"",%progbits
 1966 0000 3C000000 		.4byte	0x3c
 1967 0004 0200     		.2byte	0x2
 1968 0006 00000000 		.4byte	.Ldebug_info0
 1969 000a 04       		.byte	0x4
 1970 000b 00       		.byte	0
 1971 000c 0000     		.2byte	0
 1972 000e 0000     		.2byte	0
 1973 0010 00000000 		.4byte	.LFB7
 1974 0014 20000000 		.4byte	.LFE7-.LFB7
 1975 0018 00000000 		.4byte	.LFB8
 1976 001c 1C000000 		.4byte	.LFE8-.LFB8
 1977 0020 00000000 		.4byte	.LFB9
 1978 0024 8C000000 		.4byte	.LFE9-.LFB9
 1979 0028 00000000 		.4byte	.LFB10
 1980 002c 8A000000 		.4byte	.LFE10-.LFB10
 1981 0030 00000000 		.4byte	.LFB11
 1982 0034 40000000 		.4byte	.LFE11-.LFB11
 1983 0038 00000000 		.4byte	0
 1984 003c 00000000 		.4byte	0
 1985              		.section	.debug_ranges,"",%progbits
 1986              	.Ldebug_ranges0:
 1987 0000 00000000 		.4byte	.LFB7
 1988 0004 20000000 		.4byte	.LFE7
 1989 0008 00000000 		.4byte	.LFB8
 1990 000c 1C000000 		.4byte	.LFE8
ARM GAS  C:\Users\TAISIK~1\AppData\Local\Temp\ccynQIgN.s 			page 36


 1991 0010 00000000 		.4byte	.LFB9
 1992 0014 8C000000 		.4byte	.LFE9
 1993 0018 00000000 		.4byte	.LFB10
 1994 001c 8A000000 		.4byte	.LFE10
 1995 0020 00000000 		.4byte	.LFB11
 1996 0024 40000000 		.4byte	.LFE11
 1997 0028 00000000 		.4byte	0
 1998 002c 00000000 		.4byte	0
 1999              		.section	.debug_line,"",%progbits
 2000              	.Ldebug_line0:
 2001 0000 A6020000 		.section	.debug_str,"MS",%progbits,1
 2001      0200BA01 
 2001      00000201 
 2001      FB0E0D00 
 2001      01010101 
 2002              	.LASF38:
 2003 0000 705F6D73 		.ascii	"p_msg\000"
 2003      6700
 2004              	.LASF2:
 2005 0006 73697A65 		.ascii	"size_t\000"
 2005      5F7400
 2006              	.LASF63:
 2007 000d 7264796D 		.ascii	"rdymsg\000"
 2007      736700
 2008              	.LASF12:
 2009 0014 75696E74 		.ascii	"uint64_t\000"
 2009      36345F74 
 2009      00
 2010              	.LASF53:
 2011 001d 6D656D67 		.ascii	"memgetfunc_t\000"
 2011      65746675 
 2011      6E635F74 
 2011      00
 2012              	.LASF75:
 2013 002a 474E5520 		.ascii	"GNU C 4.6.2 20121016 (release) [ARM/embedded-4_6-br"
 2013      4320342E 
 2013      362E3220 
 2013      32303132 
 2013      31303136 
 2014 005d 616E6368 		.ascii	"anch revision 192487]\000"
 2014      20726576 
 2014      6973696F 
 2014      6E203139 
 2014      32343837 
 2015              	.LASF13:
 2016 0073 6C6F6E67 		.ascii	"long long unsigned int\000"
 2016      206C6F6E 
 2016      6720756E 
 2016      7369676E 
 2016      65642069 
 2017              	.LASF64:
 2018 008a 65786974 		.ascii	"exitcode\000"
 2018      636F6465 
 2018      00
 2019              	.LASF57:
 2020 0093 685F6672 		.ascii	"h_free\000"
 2020      656500
ARM GAS  C:\Users\TAISIK~1\AppData\Local\Temp\ccynQIgN.s 			page 37


 2021              	.LASF68:
 2022 009a 68656170 		.ascii	"heapp\000"
 2022      7000
 2023              	.LASF69:
 2024 00a0 63684865 		.ascii	"chHeapInit\000"
 2024      6170496E 
 2024      697400
 2025              	.LASF59:
 2026 00ab 6E657874 		.ascii	"next\000"
 2026      00
 2027              	.LASF26:
 2028 00b0 705F7072 		.ascii	"p_prio\000"
 2028      696F00
 2029              	.LASF77:
 2030 00b7 433A5C43 		.ascii	"C:\\ChibiStudio\\chibios\\demos\\ARMCM4-STM32F303-D"
 2030      68696269 
 2030      53747564 
 2030      696F5C63 
 2030      68696269 
 2031 00e6 4953434F 		.ascii	"ISCOVERY\000"
 2031      56455259 
 2031      00
 2032              	.LASF11:
 2033 00ef 6C6F6E67 		.ascii	"long long int\000"
 2033      206C6F6E 
 2033      6720696E 
 2033      7400
 2034              	.LASF1:
 2035 00fd 7369676E 		.ascii	"signed char\000"
 2035      65642063 
 2035      68617200 
 2036              	.LASF58:
 2037 0109 685F6D74 		.ascii	"h_mtx\000"
 2037      7800
 2038              	.LASF42:
 2039 010f 705F6D70 		.ascii	"p_mpool\000"
 2039      6F6F6C00 
 2040              	.LASF50:
 2041 0117 6D5F7175 		.ascii	"m_queue\000"
 2041      65756500 
 2042              	.LASF70:
 2043 011f 63684865 		.ascii	"chHeapFree\000"
 2043      61704672 
 2043      656500
 2044              	.LASF18:
 2045 012a 74736C69 		.ascii	"tslices_t\000"
 2045      6365735F 
 2045      7400
 2046              	.LASF8:
 2047 0134 6C6F6E67 		.ascii	"long int\000"
 2047      20696E74 
 2047      00
 2048              	.LASF76:
 2049 013d 2E2E2F2E 		.ascii	"../../os/kernel/src/chheap.c\000"
 2049      2E2F6F73 
 2049      2F6B6572 
 2049      6E656C2F 
ARM GAS  C:\Users\TAISIK~1\AppData\Local\Temp\ccynQIgN.s 			page 38


 2049      7372632F 
 2050              	.LASF16:
 2051 015a 74737461 		.ascii	"tstate_t\000"
 2051      74655F74 
 2051      00
 2052              	.LASF28:
 2053 0163 705F6E65 		.ascii	"p_newer\000"
 2053      77657200 
 2054              	.LASF45:
 2055 016b 72656761 		.ascii	"regarm_t\000"
 2055      726D5F74 
 2055      00
 2056              	.LASF61:
 2057 0174 616C6967 		.ascii	"align\000"
 2057      6E00
 2058              	.LASF0:
 2059 017a 756E7369 		.ascii	"unsigned int\000"
 2059      676E6564 
 2059      20696E74 
 2059      00
 2060              	.LASF10:
 2061 0187 6C6F6E67 		.ascii	"long unsigned int\000"
 2061      20756E73 
 2061      69676E65 
 2061      6420696E 
 2061      7400
 2062              	.LASF48:
 2063 0199 636F6E74 		.ascii	"context\000"
 2063      65787400 
 2064              	.LASF62:
 2065 01a1 73697A65 		.ascii	"size\000"
 2065      00
 2066              	.LASF6:
 2067 01a6 73686F72 		.ascii	"short unsigned int\000"
 2067      7420756E 
 2067      7369676E 
 2067      65642069 
 2067      6E7400
 2068              	.LASF20:
 2069 01b9 6D73675F 		.ascii	"msg_t\000"
 2069      7400
 2070              	.LASF15:
 2071 01bf 746D6F64 		.ascii	"tmode_t\000"
 2071      655F7400 
 2072              	.LASF44:
 2073 01c7 54687265 		.ascii	"ThreadsList\000"
 2073      6164734C 
 2073      69737400 
 2074              	.LASF21:
 2075 01d3 6576656E 		.ascii	"eventmask_t\000"
 2075      746D6173 
 2075      6B5F7400 
 2076              	.LASF49:
 2077 01df 4D757465 		.ascii	"Mutex\000"
 2077      7800
 2078              	.LASF46:
 2079 01e5 73746B61 		.ascii	"stkalign_t\000"
ARM GAS  C:\Users\TAISIK~1\AppData\Local\Temp\ccynQIgN.s 			page 39


 2079      6C69676E 
 2079      5F7400
 2080              	.LASF29:
 2081 01f0 705F6F6C 		.ascii	"p_older\000"
 2081      64657200 
 2082              	.LASF43:
 2083 01f8 54687265 		.ascii	"ThreadsQueue\000"
 2083      61647351 
 2083      75657565 
 2083      00
 2084              	.LASF54:
 2085 0205 4D656D6F 		.ascii	"MemoryHeap\000"
 2085      72794865 
 2085      617000
 2086              	.LASF17:
 2087 0210 74726566 		.ascii	"trefs_t\000"
 2087      735F7400 
 2088              	.LASF25:
 2089 0218 705F7072 		.ascii	"p_prev\000"
 2089      657600
 2090              	.LASF19:
 2091 021f 74707269 		.ascii	"tprio_t\000"
 2091      6F5F7400 
 2092              	.LASF14:
 2093 0227 5F426F6F 		.ascii	"_Bool\000"
 2093      6C00
 2094              	.LASF7:
 2095 022d 696E7433 		.ascii	"int32_t\000"
 2095      325F7400 
 2096              	.LASF4:
 2097 0235 756E7369 		.ascii	"unsigned char\000"
 2097      676E6564 
 2097      20636861 
 2097      7200
 2098              	.LASF56:
 2099 0243 685F7072 		.ascii	"h_provider\000"
 2099      6F766964 
 2099      657200
 2100              	.LASF40:
 2101 024e 705F6D74 		.ascii	"p_mtxlist\000"
 2101      786C6973 
 2101      7400
 2102              	.LASF5:
 2103 0258 73686F72 		.ascii	"short int\000"
 2103      7420696E 
 2103      7400
 2104              	.LASF31:
 2105 0262 705F7374 		.ascii	"p_state\000"
 2105      61746500 
 2106              	.LASF34:
 2107 026a 705F7072 		.ascii	"p_preempt\000"
 2107      65656D70 
 2107      7400
 2108              	.LASF78:
 2109 0274 68656170 		.ascii	"heap_header\000"
 2109      5F686561 
 2109      64657200 
ARM GAS  C:\Users\TAISIK~1\AppData\Local\Temp\ccynQIgN.s 			page 40


 2110              	.LASF66:
 2111 0280 65776D61 		.ascii	"ewmask\000"
 2111      736B00
 2112              	.LASF24:
 2113 0287 705F6E65 		.ascii	"p_next\000"
 2113      787400
 2114              	.LASF32:
 2115 028e 705F666C 		.ascii	"p_flags\000"
 2115      61677300 
 2116              	.LASF23:
 2117 0296 54687265 		.ascii	"Thread\000"
 2117      616400
 2118              	.LASF71:
 2119 029d 63684865 		.ascii	"chHeapAlloc\000"
 2119      6170416C 
 2119      6C6F6300 
 2120              	.LASF39:
 2121 02a9 705F6570 		.ascii	"p_epending\000"
 2121      656E6469 
 2121      6E6700
 2122              	.LASF9:
 2123 02b4 75696E74 		.ascii	"uint32_t\000"
 2123      33325F74 
 2123      00
 2124              	.LASF60:
 2125 02bd 68656170 		.ascii	"heap\000"
 2125      00
 2126              	.LASF74:
 2127 02c2 64656661 		.ascii	"default_heap\000"
 2127      756C745F 
 2127      68656170 
 2127      00
 2128              	.LASF67:
 2129 02cf 63686172 		.ascii	"char\000"
 2129      00
 2130              	.LASF72:
 2131 02d4 63684865 		.ascii	"chHeapStatus\000"
 2131      61705374 
 2131      61747573 
 2131      00
 2132              	.LASF52:
 2133 02e1 6D5F6E65 		.ascii	"m_next\000"
 2133      787400
 2134              	.LASF22:
 2135 02e8 73797374 		.ascii	"systime_t\000"
 2135      696D655F 
 2135      7400
 2136              	.LASF41:
 2137 02f2 705F7265 		.ascii	"p_realprio\000"
 2137      616C7072 
 2137      696F00
 2138              	.LASF35:
 2139 02fd 705F7469 		.ascii	"p_time\000"
 2139      6D6500
 2140              	.LASF47:
 2141 0304 696E7463 		.ascii	"intctx\000"
 2141      747800
ARM GAS  C:\Users\TAISIK~1\AppData\Local\Temp\ccynQIgN.s 			page 41


 2142              	.LASF37:
 2143 030b 705F6D73 		.ascii	"p_msgqueue\000"
 2143      67717565 
 2143      756500
 2144              	.LASF33:
 2145 0316 705F7265 		.ascii	"p_refs\000"
 2145      667300
 2146              	.LASF3:
 2147 031d 75696E74 		.ascii	"uint8_t\000"
 2147      385F7400 
 2148              	.LASF65:
 2149 0325 77746F62 		.ascii	"wtobjp\000"
 2149      6A7000
 2150              	.LASF73:
 2151 032c 73697A65 		.ascii	"sizep\000"
 2151      7000
 2152              	.LASF30:
 2153 0332 705F6E61 		.ascii	"p_name\000"
 2153      6D6500
 2154              	.LASF79:
 2155 0339 5F686561 		.ascii	"_heap_init\000"
 2155      705F696E 
 2155      697400
 2156              	.LASF51:
 2157 0344 6D5F6F77 		.ascii	"m_owner\000"
 2157      6E657200 
 2158              	.LASF27:
 2159 034c 705F6374 		.ascii	"p_ctx\000"
 2159      7800
 2160              	.LASF36:
 2161 0352 705F7761 		.ascii	"p_waiting\000"
 2161      6974696E 
 2161      6700
 2162              	.LASF55:
 2163 035c 6D656D6F 		.ascii	"memory_heap\000"
 2163      72795F68 
 2163      65617000 
 2164              		.ident	"GCC: (GNU Tools for ARM Embedded Processors) 4.6.2 20121016 (release) [ARM/embedded-4_6-br
ARM GAS  C:\Users\TAISIK~1\AppData\Local\Temp\ccynQIgN.s 			page 42


DEFINED SYMBOLS
                            *ABS*:00000000 chheap.c
C:\Users\TAISIK~1\AppData\Local\Temp\ccynQIgN.s:19     .text._heap_init:00000000 $t
C:\Users\TAISIK~1\AppData\Local\Temp\ccynQIgN.s:25     .text._heap_init:00000000 _heap_init
C:\Users\TAISIK~1\AppData\Local\Temp\ccynQIgN.s:439    .bss.default_heap:00000000 .LANCHOR0
C:\Users\TAISIK~1\AppData\Local\Temp\ccynQIgN.s:56     .text.chHeapInit:00000000 $t
C:\Users\TAISIK~1\AppData\Local\Temp\ccynQIgN.s:62     .text.chHeapInit:00000000 chHeapInit
C:\Users\TAISIK~1\AppData\Local\Temp\ccynQIgN.s:107    .text.chHeapAlloc:00000000 $t
C:\Users\TAISIK~1\AppData\Local\Temp\ccynQIgN.s:113    .text.chHeapAlloc:00000000 chHeapAlloc
C:\Users\TAISIK~1\AppData\Local\Temp\ccynQIgN.s:233    .text.chHeapAlloc:00000088 $d
C:\Users\TAISIK~1\AppData\Local\Temp\ccynQIgN.s:238    .text.chHeapFree:00000000 $t
C:\Users\TAISIK~1\AppData\Local\Temp\ccynQIgN.s:244    .text.chHeapFree:00000000 chHeapFree
C:\Users\TAISIK~1\AppData\Local\Temp\ccynQIgN.s:359    .text.chHeapStatus:00000000 $t
C:\Users\TAISIK~1\AppData\Local\Temp\ccynQIgN.s:365    .text.chHeapStatus:00000000 chHeapStatus
C:\Users\TAISIK~1\AppData\Local\Temp\ccynQIgN.s:433    .text.chHeapStatus:0000003c $d
C:\Users\TAISIK~1\AppData\Local\Temp\ccynQIgN.s:438    .bss.default_heap:00000000 $d
C:\Users\TAISIK~1\AppData\Local\Temp\ccynQIgN.s:442    .bss.default_heap:00000000 default_heap
                     .debug_frame:00000010 $d
C:\Users\TAISIK~1\AppData\Local\Temp\ccynQIgN.s:237    .text.chHeapAlloc:0000008c $t

UNDEFINED SYMBOLS
chCoreAlloc
chMtxInit
chMtxLock
chMtxUnlock
