ARM GAS  C:\Users\TAISIK~1\AppData\Local\Temp\ccRZmizE.s 			page 1


   1              		.syntax unified
   2              		.cpu cortex-m4
   3              		.fpu softvfp
   4              		.eabi_attribute 20, 1
   5              		.eabi_attribute 21, 1
   6              		.eabi_attribute 23, 3
   7              		.eabi_attribute 24, 1
   8              		.eabi_attribute 25, 1
   9              		.eabi_attribute 26, 1
  10              		.eabi_attribute 30, 2
  11              		.eabi_attribute 34, 1
  12              		.eabi_attribute 18, 4
  13              		.thumb
  14              		.file	"chmsg.c"
  15              		.text
  16              	.Ltext0:
  17              		.cfi_sections	.debug_frame
  18              		.section	.text.chMsgSend,"ax",%progbits
  19              		.align	2
  20              		.p2align 4,,15
  21              		.global	chMsgSend
  22              		.thumb
  23              		.thumb_func
  24              		.type	chMsgSend, %function
  25              	chMsgSend:
  26              	.LFB7:
  27              		.file 1 "../../os/kernel/src/chmsg.c"
  28              		.loc 1 68 0
  29              		.cfi_startproc
  30              		@ args = 0, pretend = 0, frame = 0
  31              		@ frame_needed = 0, uses_anonymous_args = 0
  32              	.LVL0:
  33 0000 38B5     		push	{r3, r4, r5, lr}
  34              	.LCFI0:
  35              		.cfi_def_cfa_offset 16
  36              		.cfi_offset 14, -4
  37              		.cfi_offset 5, -8
  38              		.cfi_offset 4, -12
  39              		.cfi_offset 3, -16
  40              		.loc 1 69 0
  41 0002 114C     		ldr	r4, .L5
  42              	.LBB10:
  43              		.loc 1 73 0
  44 0004 2023     		movs	r3, #32
  45              	.LVL1:
  46              	.LBE10:
  47              		.loc 1 69 0
  48 0006 A469     		ldr	r4, [r4, #24]
  49              	.LVL2:
  50              	.LBB11:
  51              		.loc 1 73 0
  52              	@ 73 "../../os/kernel/src/chmsg.c" 1
  53 0008 83F31188 		msr     BASEPRI, r3
  54              	@ 0 "" 2
  55              	.LVL3:
  56              		.thumb
  57              	.LBE11:
ARM GAS  C:\Users\TAISIK~1\AppData\Local\Temp\ccRZmizE.s 			page 2


  58              		.loc 1 75 0
  59 000c 00F12C02 		add	r2, r0, #44
  60 0010 6262     		str	r2, [r4, #36]
  61              	.LVL4:
  62              		.loc 1 77 0
  63 0012 057F     		ldrb	r5, [r0, #28]	@ zero_extendqisi2
  64              	.LBB12:
  65              	.LBB13:
  66              		.file 2 "../../os/kernel/include/chinline.h"
  67              		.loc 2 48 0
  68 0014 036B     		ldr	r3, [r0, #48]
  69              	.LVL5:
  70              		.loc 2 47 0
  71 0016 2260     		str	r2, [r4, #0]
  72              	.LBE13:
  73              	.LBE12:
  74              		.loc 1 77 0
  75 0018 0C2D     		cmp	r5, #12
  76              		.loc 1 74 0
  77 001a 6163     		str	r1, [r4, #52]
  78              	.LBB15:
  79              	.LBB14:
  80              		.loc 2 48 0
  81 001c 6360     		str	r3, [r4, #4]
  82              		.loc 2 49 0
  83 001e 0463     		str	r4, [r0, #48]
  84 0020 1C60     		str	r4, [r3, #0]
  85              	.LBE14:
  86              	.LBE15:
  87              		.loc 1 77 0
  88 0022 07D0     		beq	.L4
  89              		.loc 1 79 0
  90 0024 0A20     		movs	r0, #10
  91              	.LVL6:
  92 0026 FFF7FEFF 		bl	chSchGoSleepS
  93              	.LVL7:
  94              		.loc 1 80 0
  95 002a 606A     		ldr	r0, [r4, #36]
  96              	.LVL8:
  97              	.LBB16:
  98              		.loc 1 81 0
  99 002c 0023     		movs	r3, #0
 100              	.LVL9:
 101              	@ 81 "../../os/kernel/src/chmsg.c" 1
 102 002e 83F31188 		msr     BASEPRI, r3
 103              	@ 0 "" 2
 104              	.LVL10:
 105              		.thumb
 106              	.LBE16:
 107              		.loc 1 83 0
 108 0032 38BD     		pop	{r3, r4, r5, pc}
 109              	.LVL11:
 110              	.L4:
 111              		.loc 1 78 0
 112 0034 FFF7FEFF 		bl	chSchReadyI
 113              	.LVL12:
 114              		.loc 1 79 0
ARM GAS  C:\Users\TAISIK~1\AppData\Local\Temp\ccRZmizE.s 			page 3


 115 0038 0A20     		movs	r0, #10
 116 003a FFF7FEFF 		bl	chSchGoSleepS
 117              		.loc 1 80 0
 118 003e 606A     		ldr	r0, [r4, #36]
 119              	.LVL13:
 120              	.LBB17:
 121              		.loc 1 81 0
 122 0040 0023     		movs	r3, #0
 123              	@ 81 "../../os/kernel/src/chmsg.c" 1
 124 0042 83F31188 		msr     BASEPRI, r3
 125              	@ 0 "" 2
 126              	.LVL14:
 127              		.thumb
 128              	.LBE17:
 129              		.loc 1 83 0
 130 0046 38BD     		pop	{r3, r4, r5, pc}
 131              	.L6:
 132              		.align	2
 133              	.L5:
 134 0048 00000000 		.word	rlist
 135              		.cfi_endproc
 136              	.LFE7:
 137              		.size	chMsgSend, .-chMsgSend
 138 004c AFF30080 		.section	.text.chMsgWait,"ax",%progbits
 139              		.align	2
 140              		.p2align 4,,15
 141              		.global	chMsgWait
 142              		.thumb
 143              		.thumb_func
 144              		.type	chMsgWait, %function
 145              	chMsgWait:
 146              	.LFB8:
 147              		.loc 1 99 0
 148              		.cfi_startproc
 149              		@ args = 0, pretend = 0, frame = 0
 150              		@ frame_needed = 0, uses_anonymous_args = 0
 151 0000 10B5     		push	{r4, lr}
 152              	.LCFI1:
 153              		.cfi_def_cfa_offset 8
 154              		.cfi_offset 14, -4
 155              		.cfi_offset 4, -8
 156              	.LBB18:
 157              		.loc 1 102 0
 158 0002 2023     		movs	r3, #32
 159              	.LVL15:
 160              	@ 102 "../../os/kernel/src/chmsg.c" 1
 161 0004 83F31188 		msr     BASEPRI, r3
 162              	@ 0 "" 2
 163              	.LVL16:
 164              		.thumb
 165              	.LBE18:
 166              		.loc 1 103 0
 167 0008 0B4C     		ldr	r4, .L10
 168 000a A369     		ldr	r3, [r4, #24]
 169              	.LVL17:
 170 000c 1A46     		mov	r2, r3
 171 000e 52F82C0F 		ldr	r0, [r2, #44]!
ARM GAS  C:\Users\TAISIK~1\AppData\Local\Temp\ccRZmizE.s 			page 4


 172 0012 9042     		cmp	r0, r2
 173 0014 08D0     		beq	.L9
 174              	.L8:
 175              	.LVL18:
 176              	.LBB19:
 177              	.LBB20:
 178              		.loc 2 55 0
 179 0016 0168     		ldr	r1, [r0, #0]
 180 0018 D962     		str	r1, [r3, #44]
 181 001a 4A60     		str	r2, [r1, #4]
 182              	.LBE20:
 183              	.LBE19:
 184              		.loc 1 106 0
 185 001c 0B22     		movs	r2, #11
 186 001e 0277     		strb	r2, [r0, #28]
 187              	.LBB21:
 188              		.loc 1 107 0
 189 0020 0023     		movs	r3, #0
 190              	.LVL19:
 191              	@ 107 "../../os/kernel/src/chmsg.c" 1
 192 0022 83F31188 		msr     BASEPRI, r3
 193              	@ 0 "" 2
 194              	.LVL20:
 195              		.thumb
 196              	.LBE21:
 197              		.loc 1 109 0
 198 0026 10BD     		pop	{r4, pc}
 199              	.LVL21:
 200              	.L9:
 201              		.loc 1 104 0
 202 0028 0C20     		movs	r0, #12
 203 002a FFF7FEFF 		bl	chSchGoSleepS
 204 002e A369     		ldr	r3, [r4, #24]
 205 0030 1A46     		mov	r2, r3
 206 0032 52F82C0F 		ldr	r0, [r2, #44]!
 207 0036 EEE7     		b	.L8
 208              	.L11:
 209              		.align	2
 210              	.L10:
 211 0038 00000000 		.word	rlist
 212              		.cfi_endproc
 213              	.LFE8:
 214              		.size	chMsgWait, .-chMsgWait
 215 003c AFF30080 		.section	.text.chMsgRelease,"ax",%progbits
 216              		.align	2
 217              		.p2align 4,,15
 218              		.global	chMsgRelease
 219              		.thumb
 220              		.thumb_func
 221              		.type	chMsgRelease, %function
 222              	chMsgRelease:
 223              	.LFB9:
 224              		.loc 1 121 0
 225              		.cfi_startproc
 226              		@ args = 0, pretend = 0, frame = 0
 227              		@ frame_needed = 0, uses_anonymous_args = 0
 228              	.LVL22:
ARM GAS  C:\Users\TAISIK~1\AppData\Local\Temp\ccRZmizE.s 			page 5


 229 0000 08B5     		push	{r3, lr}
 230              	.LCFI2:
 231              		.cfi_def_cfa_offset 8
 232              		.cfi_offset 14, -4
 233              		.cfi_offset 3, -8
 234              	.LBB22:
 235              		.loc 1 123 0
 236 0002 2023     		movs	r3, #32
 237              	.LVL23:
 238              	@ 123 "../../os/kernel/src/chmsg.c" 1
 239 0004 83F31188 		msr     BASEPRI, r3
 240              	@ 0 "" 2
 241              	.LVL24:
 242              		.thumb
 243              	.LBE22:
 244              		.loc 1 126 0
 245 0008 FFF7FEFF 		bl	chSchWakeupS
 246              	.LVL25:
 247              	.LBB23:
 248              		.loc 1 127 0
 249 000c 0023     		movs	r3, #0
 250              	.LVL26:
 251              	@ 127 "../../os/kernel/src/chmsg.c" 1
 252 000e 83F31188 		msr     BASEPRI, r3
 253              	@ 0 "" 2
 254              	.LVL27:
 255              		.thumb
 256              	.LBE23:
 257              		.loc 1 128 0
 258 0012 08BD     		pop	{r3, pc}
 259              		.cfi_endproc
 260              	.LFE9:
 261              		.size	chMsgRelease, .-chMsgRelease
 262 0014 AFF30080 		.text
 262      AFF30080 
 262      AFF30080 
 263              	.Letext0:
 264              		.file 3 "c:\\chibistudio\\tools\\gnu tools arm embedded\\4.6 2012q4\\bin\\../lib/gcc/arm-none-eabi
 265              		.file 4 "../../os/ports/GCC/ARMCMx/chtypes.h"
 266              		.file 5 "../../os/kernel/include/chlists.h"
 267              		.file 6 "../../os/kernel/include/chthreads.h"
 268              		.file 7 "../../os/ports/GCC/ARMCMx/chcore_v7m.h"
 269              		.file 8 "../../os/kernel/include/chschd.h"
 270              		.file 9 "../../os/kernel/include/chmtx.h"
 271              		.section	.debug_info,"",%progbits
 272              	.Ldebug_info0:
 273 0000 37060000 		.4byte	0x637
 274 0004 0200     		.2byte	0x2
 275 0006 00000000 		.4byte	.Ldebug_abbrev0
 276 000a 04       		.byte	0x4
 277 000b 01       		.uleb128 0x1
 278 000c 1A000000 		.4byte	.LASF65
 279 0010 01       		.byte	0x1
 280 0011 E1020000 		.4byte	.LASF66
 281 0015 8A000000 		.4byte	.LASF67
 282 0019 00000000 		.4byte	0
 283 001d 00000000 		.4byte	0
ARM GAS  C:\Users\TAISIK~1\AppData\Local\Temp\ccRZmizE.s 			page 6


 284 0021 48000000 		.4byte	.Ldebug_ranges0+0x48
 285 0025 00000000 		.4byte	.Ldebug_line0
 286 0029 02       		.uleb128 0x2
 287 002a 04       		.byte	0x4
 288 002b 05       		.byte	0x5
 289 002c 696E7400 		.ascii	"int\000"
 290 0030 03       		.uleb128 0x3
 291 0031 04       		.byte	0x4
 292 0032 07       		.byte	0x7
 293 0033 2B010000 		.4byte	.LASF0
 294 0037 03       		.uleb128 0x3
 295 0038 01       		.byte	0x1
 296 0039 06       		.byte	0x6
 297 003a D0000000 		.4byte	.LASF1
 298 003e 04       		.uleb128 0x4
 299 003f CB020000 		.4byte	.LASF5
 300 0043 03       		.byte	0x3
 301 0044 2A       		.byte	0x2a
 302 0045 49000000 		.4byte	0x49
 303 0049 03       		.uleb128 0x3
 304 004a 01       		.byte	0x1
 305 004b 08       		.byte	0x8
 306 004c E3010000 		.4byte	.LASF2
 307 0050 03       		.uleb128 0x3
 308 0051 02       		.byte	0x2
 309 0052 05       		.byte	0x5
 310 0053 FB010000 		.4byte	.LASF3
 311 0057 03       		.uleb128 0x3
 312 0058 02       		.byte	0x2
 313 0059 07       		.byte	0x7
 314 005a 52010000 		.4byte	.LASF4
 315 005e 04       		.uleb128 0x4
 316 005f DB010000 		.4byte	.LASF6
 317 0063 03       		.byte	0x3
 318 0064 4F       		.byte	0x4f
 319 0065 69000000 		.4byte	0x69
 320 0069 03       		.uleb128 0x3
 321 006a 04       		.byte	0x4
 322 006b 05       		.byte	0x5
 323 006c F6000000 		.4byte	.LASF7
 324 0070 04       		.uleb128 0x4
 325 0071 53020000 		.4byte	.LASF8
 326 0075 03       		.byte	0x3
 327 0076 50       		.byte	0x50
 328 0077 7B000000 		.4byte	0x7b
 329 007b 03       		.uleb128 0x3
 330 007c 04       		.byte	0x4
 331 007d 07       		.byte	0x7
 332 007e 38010000 		.4byte	.LASF9
 333 0082 03       		.uleb128 0x3
 334 0083 08       		.byte	0x8
 335 0084 05       		.byte	0x5
 336 0085 C2000000 		.4byte	.LASF10
 337 0089 03       		.uleb128 0x3
 338 008a 08       		.byte	0x8
 339 008b 07       		.byte	0x7
 340 008c 63000000 		.4byte	.LASF11
ARM GAS  C:\Users\TAISIK~1\AppData\Local\Temp\ccRZmizE.s 			page 7


 341 0090 03       		.uleb128 0x3
 342 0091 01       		.byte	0x1
 343 0092 02       		.byte	0x2
 344 0093 D5010000 		.4byte	.LASF12
 345 0097 04       		.uleb128 0x4
 346 0098 6B010000 		.4byte	.LASF13
 347 009c 04       		.byte	0x4
 348 009d 25       		.byte	0x25
 349 009e 3E000000 		.4byte	0x3e
 350 00a2 04       		.uleb128 0x4
 351 00a3 09010000 		.4byte	.LASF14
 352 00a7 04       		.byte	0x4
 353 00a8 26       		.byte	0x26
 354 00a9 3E000000 		.4byte	0x3e
 355 00ad 04       		.uleb128 0x4
 356 00ae BE010000 		.4byte	.LASF15
 357 00b2 04       		.byte	0x4
 358 00b3 27       		.byte	0x27
 359 00b4 3E000000 		.4byte	0x3e
 360 00b8 04       		.uleb128 0x4
 361 00b9 EC000000 		.4byte	.LASF16
 362 00bd 04       		.byte	0x4
 363 00be 28       		.byte	0x28
 364 00bf 3E000000 		.4byte	0x3e
 365 00c3 04       		.uleb128 0x4
 366 00c4 CD010000 		.4byte	.LASF17
 367 00c8 04       		.byte	0x4
 368 00c9 29       		.byte	0x29
 369 00ca 70000000 		.4byte	0x70
 370 00ce 04       		.uleb128 0x4
 371 00cf 65010000 		.4byte	.LASF18
 372 00d3 04       		.byte	0x4
 373 00d4 2A       		.byte	0x2a
 374 00d5 5E000000 		.4byte	0x5e
 375 00d9 04       		.uleb128 0x4
 376 00da 7F010000 		.4byte	.LASF19
 377 00de 04       		.byte	0x4
 378 00df 2C       		.byte	0x2c
 379 00e0 70000000 		.4byte	0x70
 380 00e4 04       		.uleb128 0x4
 381 00e5 7C020000 		.4byte	.LASF20
 382 00e9 04       		.byte	0x4
 383 00ea 2E       		.byte	0x2e
 384 00eb 70000000 		.4byte	0x70
 385 00ef 04       		.uleb128 0x4
 386 00f0 34020000 		.4byte	.LASF21
 387 00f4 05       		.byte	0x5
 388 00f5 23       		.byte	0x23
 389 00f6 FA000000 		.4byte	0xfa
 390 00fa 05       		.uleb128 0x5
 391 00fb 34020000 		.4byte	.LASF21
 392 00ff 48       		.byte	0x48
 393 0100 06       		.byte	0x6
 394 0101 57       		.byte	0x57
 395 0102 1F020000 		.4byte	0x21f
 396 0106 06       		.uleb128 0x6
 397 0107 25020000 		.4byte	.LASF22
ARM GAS  C:\Users\TAISIK~1\AppData\Local\Temp\ccRZmizE.s 			page 8


 398 010b 06       		.byte	0x6
 399 010c 58       		.byte	0x58
 400 010d 44020000 		.4byte	0x244
 401 0111 02       		.byte	0x2
 402 0112 23       		.byte	0x23
 403 0113 00       		.uleb128 0
 404 0114 06       		.uleb128 0x6
 405 0115 C6010000 		.4byte	.LASF23
 406 0119 06       		.byte	0x6
 407 011a 5A       		.byte	0x5a
 408 011b 44020000 		.4byte	0x244
 409 011f 02       		.byte	0x2
 410 0120 23       		.byte	0x23
 411 0121 04       		.uleb128 0x4
 412 0122 06       		.uleb128 0x6
 413 0123 83000000 		.4byte	.LASF24
 414 0127 06       		.byte	0x6
 415 0128 5C       		.byte	0x5c
 416 0129 C3000000 		.4byte	0xc3
 417 012d 02       		.byte	0x2
 418 012e 23       		.byte	0x23
 419 012f 08       		.uleb128 0x8
 420 0130 06       		.uleb128 0x6
 421 0131 05030000 		.4byte	.LASF25
 422 0135 06       		.byte	0x6
 423 0136 5D       		.byte	0x5d
 424 0137 12030000 		.4byte	0x312
 425 013b 02       		.byte	0x2
 426 013c 23       		.byte	0x23
 427 013d 0C       		.uleb128 0xc
 428 013e 06       		.uleb128 0x6
 429 013f 12010000 		.4byte	.LASF26
 430 0143 06       		.byte	0x6
 431 0144 5F       		.byte	0x5f
 432 0145 44020000 		.4byte	0x244
 433 0149 02       		.byte	0x2
 434 014a 23       		.byte	0x23
 435 014b 10       		.uleb128 0x10
 436 014c 06       		.uleb128 0x6
 437 014d 91010000 		.4byte	.LASF27
 438 0151 06       		.byte	0x6
 439 0152 60       		.byte	0x60
 440 0153 44020000 		.4byte	0x244
 441 0157 02       		.byte	0x2
 442 0158 23       		.byte	0x23
 443 0159 14       		.uleb128 0x14
 444 015a 06       		.uleb128 0x6
 445 015b DA020000 		.4byte	.LASF28
 446 015f 06       		.byte	0x6
 447 0160 67       		.byte	0x67
 448 0161 1F040000 		.4byte	0x41f
 449 0165 02       		.byte	0x2
 450 0166 23       		.byte	0x23
 451 0167 18       		.uleb128 0x18
 452 0168 06       		.uleb128 0x6
 453 0169 05020000 		.4byte	.LASF29
 454 016d 06       		.byte	0x6
ARM GAS  C:\Users\TAISIK~1\AppData\Local\Temp\ccRZmizE.s 			page 9


 455 016e 72       		.byte	0x72
 456 016f A2000000 		.4byte	0xa2
 457 0173 02       		.byte	0x2
 458 0174 23       		.byte	0x23
 459 0175 1C       		.uleb128 0x1c
 460 0176 06       		.uleb128 0x6
 461 0177 2C020000 		.4byte	.LASF30
 462 017b 06       		.byte	0x6
 463 017c 76       		.byte	0x76
 464 017d 97000000 		.4byte	0x97
 465 0181 02       		.byte	0x2
 466 0182 23       		.byte	0x23
 467 0183 1D       		.uleb128 0x1d
 468 0184 06       		.uleb128 0x6
 469 0185 B4020000 		.4byte	.LASF31
 470 0189 06       		.byte	0x6
 471 018a 7B       		.byte	0x7b
 472 018b AD000000 		.4byte	0xad
 473 018f 02       		.byte	0x2
 474 0190 23       		.byte	0x23
 475 0191 1E       		.uleb128 0x1e
 476 0192 06       		.uleb128 0x6
 477 0193 0D020000 		.4byte	.LASF32
 478 0197 06       		.byte	0x6
 479 0198 81       		.byte	0x81
 480 0199 B8000000 		.4byte	0xb8
 481 019d 02       		.byte	0x2
 482 019e 23       		.byte	0x23
 483 019f 1F       		.uleb128 0x1f
 484 01a0 06       		.uleb128 0x6
 485 01a1 91020000 		.4byte	.LASF33
 486 01a5 06       		.byte	0x6
 487 01a6 88       		.byte	0x88
 488 01a7 35030000 		.4byte	0x335
 489 01ab 02       		.byte	0x2
 490 01ac 23       		.byte	0x23
 491 01ad 20       		.uleb128 0x20
 492 01ae 07       		.uleb128 0x7
 493 01af 705F7500 		.ascii	"p_u\000"
 494 01b3 06       		.byte	0x6
 495 01b4 AD       		.byte	0xad
 496 01b5 EA030000 		.4byte	0x3ea
 497 01b9 02       		.byte	0x2
 498 01ba 23       		.byte	0x23
 499 01bb 24       		.uleb128 0x24
 500 01bc 06       		.uleb128 0x6
 501 01bd 0B030000 		.4byte	.LASF34
 502 01c1 06       		.byte	0x6
 503 01c2 B2       		.byte	0xb2
 504 01c3 6C020000 		.4byte	0x26c
 505 01c7 02       		.byte	0x2
 506 01c8 23       		.byte	0x23
 507 01c9 28       		.uleb128 0x28
 508 01ca 06       		.uleb128 0x6
 509 01cb 9F020000 		.4byte	.LASF35
 510 01cf 06       		.byte	0x6
 511 01d0 B8       		.byte	0xb8
ARM GAS  C:\Users\TAISIK~1\AppData\Local\Temp\ccRZmizE.s 			page 10


 512 01d1 4A020000 		.4byte	0x24a
 513 01d5 02       		.byte	0x2
 514 01d6 23       		.byte	0x23
 515 01d7 2C       		.uleb128 0x2c
 516 01d8 06       		.uleb128 0x6
 517 01d9 00000000 		.4byte	.LASF36
 518 01dd 06       		.byte	0x6
 519 01de BC       		.byte	0xbc
 520 01df CE000000 		.4byte	0xce
 521 01e3 02       		.byte	0x2
 522 01e4 23       		.byte	0x23
 523 01e5 34       		.uleb128 0x34
 524 01e6 06       		.uleb128 0x6
 525 01e7 48020000 		.4byte	.LASF37
 526 01eb 06       		.byte	0x6
 527 01ec C2       		.byte	0xc2
 528 01ed D9000000 		.4byte	0xd9
 529 01f1 02       		.byte	0x2
 530 01f2 23       		.byte	0x23
 531 01f3 38       		.uleb128 0x38
 532 01f4 06       		.uleb128 0x6
 533 01f5 F1010000 		.4byte	.LASF38
 534 01f9 06       		.byte	0x6
 535 01fa C9       		.byte	0xc9
 536 01fb 31040000 		.4byte	0x431
 537 01ff 02       		.byte	0x2
 538 0200 23       		.byte	0x23
 539 0201 3C       		.uleb128 0x3c
 540 0202 06       		.uleb128 0x6
 541 0203 86020000 		.4byte	.LASF39
 542 0207 06       		.byte	0x6
 543 0208 CD       		.byte	0xcd
 544 0209 C3000000 		.4byte	0xc3
 545 020d 02       		.byte	0x2
 546 020e 23       		.byte	0x23
 547 020f 40       		.uleb128 0x40
 548 0210 06       		.uleb128 0x6
 549 0211 DC000000 		.4byte	.LASF40
 550 0215 06       		.byte	0x6
 551 0216 D3       		.byte	0xd3
 552 0217 82020000 		.4byte	0x282
 553 021b 02       		.byte	0x2
 554 021c 23       		.byte	0x23
 555 021d 44       		.uleb128 0x44
 556 021e 00       		.byte	0
 557 021f 08       		.uleb128 0x8
 558 0220 08       		.byte	0x8
 559 0221 05       		.byte	0x5
 560 0222 5A       		.byte	0x5a
 561 0223 44020000 		.4byte	0x244
 562 0227 06       		.uleb128 0x6
 563 0228 25020000 		.4byte	.LASF22
 564 022c 05       		.byte	0x5
 565 022d 5B       		.byte	0x5b
 566 022e 44020000 		.4byte	0x244
 567 0232 02       		.byte	0x2
 568 0233 23       		.byte	0x23
ARM GAS  C:\Users\TAISIK~1\AppData\Local\Temp\ccRZmizE.s 			page 11


 569 0234 00       		.uleb128 0
 570 0235 06       		.uleb128 0x6
 571 0236 C6010000 		.4byte	.LASF23
 572 023a 05       		.byte	0x5
 573 023b 5D       		.byte	0x5d
 574 023c 44020000 		.4byte	0x244
 575 0240 02       		.byte	0x2
 576 0241 23       		.byte	0x23
 577 0242 04       		.uleb128 0x4
 578 0243 00       		.byte	0
 579 0244 09       		.uleb128 0x9
 580 0245 04       		.byte	0x4
 581 0246 EF000000 		.4byte	0xef
 582 024a 04       		.uleb128 0x4
 583 024b 9F010000 		.4byte	.LASF41
 584 024f 05       		.byte	0x5
 585 0250 5F       		.byte	0x5f
 586 0251 1F020000 		.4byte	0x21f
 587 0255 08       		.uleb128 0x8
 588 0256 04       		.byte	0x4
 589 0257 05       		.byte	0x5
 590 0258 64       		.byte	0x64
 591 0259 6C020000 		.4byte	0x26c
 592 025d 06       		.uleb128 0x6
 593 025e 25020000 		.4byte	.LASF22
 594 0262 05       		.byte	0x5
 595 0263 66       		.byte	0x66
 596 0264 44020000 		.4byte	0x244
 597 0268 02       		.byte	0x2
 598 0269 23       		.byte	0x23
 599 026a 00       		.uleb128 0
 600 026b 00       		.byte	0
 601 026c 04       		.uleb128 0x4
 602 026d 73010000 		.4byte	.LASF42
 603 0271 05       		.byte	0x5
 604 0272 69       		.byte	0x69
 605 0273 55020000 		.4byte	0x255
 606 0277 04       		.uleb128 0x4
 607 0278 22010000 		.4byte	.LASF43
 608 027c 07       		.byte	0x7
 609 027d DE       		.byte	0xde
 610 027e 82020000 		.4byte	0x282
 611 0282 0A       		.uleb128 0xa
 612 0283 04       		.byte	0x4
 613 0284 0B       		.uleb128 0xb
 614 0285 98020000 		.4byte	.LASF44
 615 0289 24       		.byte	0x24
 616 028a 07       		.byte	0x7
 617 028b 0501     		.2byte	0x105
 618 028d 12030000 		.4byte	0x312
 619 0291 0C       		.uleb128 0xc
 620 0292 723400   		.ascii	"r4\000"
 621 0295 07       		.byte	0x7
 622 0296 1801     		.2byte	0x118
 623 0298 77020000 		.4byte	0x277
 624 029c 02       		.byte	0x2
 625 029d 23       		.byte	0x23
ARM GAS  C:\Users\TAISIK~1\AppData\Local\Temp\ccRZmizE.s 			page 12


 626 029e 00       		.uleb128 0
 627 029f 0C       		.uleb128 0xc
 628 02a0 723500   		.ascii	"r5\000"
 629 02a3 07       		.byte	0x7
 630 02a4 1901     		.2byte	0x119
 631 02a6 77020000 		.4byte	0x277
 632 02aa 02       		.byte	0x2
 633 02ab 23       		.byte	0x23
 634 02ac 04       		.uleb128 0x4
 635 02ad 0C       		.uleb128 0xc
 636 02ae 723600   		.ascii	"r6\000"
 637 02b1 07       		.byte	0x7
 638 02b2 1A01     		.2byte	0x11a
 639 02b4 77020000 		.4byte	0x277
 640 02b8 02       		.byte	0x2
 641 02b9 23       		.byte	0x23
 642 02ba 08       		.uleb128 0x8
 643 02bb 0C       		.uleb128 0xc
 644 02bc 723700   		.ascii	"r7\000"
 645 02bf 07       		.byte	0x7
 646 02c0 1B01     		.2byte	0x11b
 647 02c2 77020000 		.4byte	0x277
 648 02c6 02       		.byte	0x2
 649 02c7 23       		.byte	0x23
 650 02c8 0C       		.uleb128 0xc
 651 02c9 0C       		.uleb128 0xc
 652 02ca 723800   		.ascii	"r8\000"
 653 02cd 07       		.byte	0x7
 654 02ce 1C01     		.2byte	0x11c
 655 02d0 77020000 		.4byte	0x277
 656 02d4 02       		.byte	0x2
 657 02d5 23       		.byte	0x23
 658 02d6 10       		.uleb128 0x10
 659 02d7 0C       		.uleb128 0xc
 660 02d8 723900   		.ascii	"r9\000"
 661 02db 07       		.byte	0x7
 662 02dc 1D01     		.2byte	0x11d
 663 02de 77020000 		.4byte	0x277
 664 02e2 02       		.byte	0x2
 665 02e3 23       		.byte	0x23
 666 02e4 14       		.uleb128 0x14
 667 02e5 0C       		.uleb128 0xc
 668 02e6 72313000 		.ascii	"r10\000"
 669 02ea 07       		.byte	0x7
 670 02eb 1E01     		.2byte	0x11e
 671 02ed 77020000 		.4byte	0x277
 672 02f1 02       		.byte	0x2
 673 02f2 23       		.byte	0x23
 674 02f3 18       		.uleb128 0x18
 675 02f4 0C       		.uleb128 0xc
 676 02f5 72313100 		.ascii	"r11\000"
 677 02f9 07       		.byte	0x7
 678 02fa 1F01     		.2byte	0x11f
 679 02fc 77020000 		.4byte	0x277
 680 0300 02       		.byte	0x2
 681 0301 23       		.byte	0x23
 682 0302 1C       		.uleb128 0x1c
ARM GAS  C:\Users\TAISIK~1\AppData\Local\Temp\ccRZmizE.s 			page 13


 683 0303 0C       		.uleb128 0xc
 684 0304 6C7200   		.ascii	"lr\000"
 685 0307 07       		.byte	0x7
 686 0308 2001     		.2byte	0x120
 687 030a 77020000 		.4byte	0x277
 688 030e 02       		.byte	0x2
 689 030f 23       		.byte	0x23
 690 0310 20       		.uleb128 0x20
 691 0311 00       		.byte	0
 692 0312 0B       		.uleb128 0xb
 693 0313 4A010000 		.4byte	.LASF45
 694 0317 04       		.byte	0x4
 695 0318 07       		.byte	0x7
 696 0319 2A01     		.2byte	0x12a
 697 031b 2F030000 		.4byte	0x32f
 698 031f 0C       		.uleb128 0xc
 699 0320 72313300 		.ascii	"r13\000"
 700 0324 07       		.byte	0x7
 701 0325 2B01     		.2byte	0x12b
 702 0327 2F030000 		.4byte	0x32f
 703 032b 02       		.byte	0x2
 704 032c 23       		.byte	0x23
 705 032d 00       		.uleb128 0
 706 032e 00       		.byte	0
 707 032f 09       		.uleb128 0x9
 708 0330 04       		.byte	0x4
 709 0331 84020000 		.4byte	0x284
 710 0335 0D       		.uleb128 0xd
 711 0336 E4000000 		.4byte	0xe4
 712 033a 08       		.uleb128 0x8
 713 033b 1C       		.byte	0x1c
 714 033c 08       		.byte	0x8
 715 033d 57       		.byte	0x57
 716 033e 97030000 		.4byte	0x397
 717 0342 06       		.uleb128 0x6
 718 0343 5C020000 		.4byte	.LASF46
 719 0347 08       		.byte	0x8
 720 0348 58       		.byte	0x58
 721 0349 4A020000 		.4byte	0x24a
 722 034d 02       		.byte	0x2
 723 034e 23       		.byte	0x23
 724 034f 00       		.uleb128 0
 725 0350 06       		.uleb128 0x6
 726 0351 17020000 		.4byte	.LASF47
 727 0355 08       		.byte	0x8
 728 0356 59       		.byte	0x59
 729 0357 C3000000 		.4byte	0xc3
 730 035b 02       		.byte	0x2
 731 035c 23       		.byte	0x23
 732 035d 08       		.uleb128 0x8
 733 035e 06       		.uleb128 0x6
 734 035f 99010000 		.4byte	.LASF48
 735 0363 08       		.byte	0x8
 736 0364 5B       		.byte	0x5b
 737 0365 12030000 		.4byte	0x312
 738 0369 02       		.byte	0x2
 739 036a 23       		.byte	0x23
ARM GAS  C:\Users\TAISIK~1\AppData\Local\Temp\ccRZmizE.s 			page 14


 740 036b 0C       		.uleb128 0xc
 741 036c 06       		.uleb128 0x6
 742 036d 1A010000 		.4byte	.LASF49
 743 0371 08       		.byte	0x8
 744 0372 5E       		.byte	0x5e
 745 0373 44020000 		.4byte	0x244
 746 0377 02       		.byte	0x2
 747 0378 23       		.byte	0x23
 748 0379 10       		.uleb128 0x10
 749 037a 06       		.uleb128 0x6
 750 037b B6010000 		.4byte	.LASF50
 751 037f 08       		.byte	0x8
 752 0380 5F       		.byte	0x5f
 753 0381 44020000 		.4byte	0x244
 754 0385 02       		.byte	0x2
 755 0386 23       		.byte	0x23
 756 0387 14       		.uleb128 0x14
 757 0388 06       		.uleb128 0x6
 758 0389 AC010000 		.4byte	.LASF51
 759 038d 08       		.byte	0x8
 760 038e 62       		.byte	0x62
 761 038f 44020000 		.4byte	0x244
 762 0393 02       		.byte	0x2
 763 0394 23       		.byte	0x23
 764 0395 18       		.uleb128 0x18
 765 0396 00       		.byte	0
 766 0397 04       		.uleb128 0x4
 767 0398 BB020000 		.4byte	.LASF52
 768 039c 08       		.byte	0x8
 769 039d 64       		.byte	0x64
 770 039e 3A030000 		.4byte	0x33a
 771 03a2 05       		.uleb128 0x5
 772 03a3 8B010000 		.4byte	.LASF53
 773 03a7 10       		.byte	0x10
 774 03a8 09       		.byte	0x9
 775 03a9 25       		.byte	0x25
 776 03aa D9030000 		.4byte	0x3d9
 777 03ae 06       		.uleb128 0x6
 778 03af E4000000 		.4byte	.LASF54
 779 03b3 09       		.byte	0x9
 780 03b4 26       		.byte	0x26
 781 03b5 4A020000 		.4byte	0x24a
 782 03b9 02       		.byte	0x2
 783 03ba 23       		.byte	0x23
 784 03bb 00       		.uleb128 0
 785 03bc 06       		.uleb128 0x6
 786 03bd FD020000 		.4byte	.LASF55
 787 03c1 09       		.byte	0x9
 788 03c2 28       		.byte	0x28
 789 03c3 44020000 		.4byte	0x244
 790 03c7 02       		.byte	0x2
 791 03c8 23       		.byte	0x23
 792 03c9 08       		.uleb128 0x8
 793 03ca 06       		.uleb128 0x6
 794 03cb 75020000 		.4byte	.LASF56
 795 03cf 09       		.byte	0x9
 796 03d0 2A       		.byte	0x2a
ARM GAS  C:\Users\TAISIK~1\AppData\Local\Temp\ccRZmizE.s 			page 15


 797 03d1 D9030000 		.4byte	0x3d9
 798 03d5 02       		.byte	0x2
 799 03d6 23       		.byte	0x23
 800 03d7 0C       		.uleb128 0xc
 801 03d8 00       		.byte	0
 802 03d9 09       		.uleb128 0x9
 803 03da 04       		.byte	0x4
 804 03db A2030000 		.4byte	0x3a2
 805 03df 04       		.uleb128 0x4
 806 03e0 8B010000 		.4byte	.LASF53
 807 03e4 09       		.byte	0x9
 808 03e5 2C       		.byte	0x2c
 809 03e6 A2030000 		.4byte	0x3a2
 810 03ea 0E       		.uleb128 0xe
 811 03eb 04       		.byte	0x4
 812 03ec 06       		.byte	0x6
 813 03ed 8F       		.byte	0x8f
 814 03ee 1F040000 		.4byte	0x41f
 815 03f2 0F       		.uleb128 0xf
 816 03f3 13000000 		.4byte	.LASF57
 817 03f7 06       		.byte	0x6
 818 03f8 96       		.byte	0x96
 819 03f9 CE000000 		.4byte	0xce
 820 03fd 0F       		.uleb128 0xf
 821 03fe 7A000000 		.4byte	.LASF58
 822 0402 06       		.byte	0x6
 823 0403 9D       		.byte	0x9d
 824 0404 CE000000 		.4byte	0xce
 825 0408 0F       		.uleb128 0xf
 826 0409 D3020000 		.4byte	.LASF59
 827 040d 06       		.byte	0x6
 828 040e A4       		.byte	0xa4
 829 040f 82020000 		.4byte	0x282
 830 0413 0F       		.uleb128 0xf
 831 0414 1E020000 		.4byte	.LASF60
 832 0418 06       		.byte	0x6
 833 0419 AB       		.byte	0xab
 834 041a D9000000 		.4byte	0xd9
 835 041e 00       		.byte	0
 836 041f 09       		.uleb128 0x9
 837 0420 04       		.byte	0x4
 838 0421 25040000 		.4byte	0x425
 839 0425 10       		.uleb128 0x10
 840 0426 2A040000 		.4byte	0x42a
 841 042a 03       		.uleb128 0x3
 842 042b 01       		.byte	0x1
 843 042c 08       		.byte	0x8
 844 042d 64020000 		.4byte	.LASF61
 845 0431 09       		.uleb128 0x9
 846 0432 04       		.byte	0x4
 847 0433 DF030000 		.4byte	0x3df
 848 0437 11       		.uleb128 0x11
 849 0438 06000000 		.4byte	.LASF68
 850 043c 02       		.byte	0x2
 851 043d 2D       		.byte	0x2d
 852 043e 01       		.byte	0x1
 853 043f 03       		.byte	0x3
ARM GAS  C:\Users\TAISIK~1\AppData\Local\Temp\ccRZmizE.s 			page 16


 854 0440 5A040000 		.4byte	0x45a
 855 0444 12       		.uleb128 0x12
 856 0445 747000   		.ascii	"tp\000"
 857 0448 02       		.byte	0x2
 858 0449 2D       		.byte	0x2d
 859 044a 44020000 		.4byte	0x244
 860 044e 12       		.uleb128 0x12
 861 044f 74717000 		.ascii	"tqp\000"
 862 0453 02       		.byte	0x2
 863 0454 2D       		.byte	0x2d
 864 0455 5A040000 		.4byte	0x45a
 865 0459 00       		.byte	0
 866 045a 09       		.uleb128 0x9
 867 045b 04       		.byte	0x4
 868 045c 4A020000 		.4byte	0x24a
 869 0460 13       		.uleb128 0x13
 870 0461 69020000 		.4byte	.LASF69
 871 0465 02       		.byte	0x2
 872 0466 34       		.byte	0x34
 873 0467 01       		.byte	0x1
 874 0468 44020000 		.4byte	0x244
 875 046c 03       		.byte	0x3
 876 046d 87040000 		.4byte	0x487
 877 0471 12       		.uleb128 0x12
 878 0472 74717000 		.ascii	"tqp\000"
 879 0476 02       		.byte	0x2
 880 0477 34       		.byte	0x34
 881 0478 5A040000 		.4byte	0x45a
 882 047c 14       		.uleb128 0x14
 883 047d 747000   		.ascii	"tp\000"
 884 0480 02       		.byte	0x2
 885 0481 35       		.byte	0x35
 886 0482 44020000 		.4byte	0x244
 887 0486 00       		.byte	0
 888 0487 15       		.uleb128 0x15
 889 0488 01       		.byte	0x1
 890 0489 FF000000 		.4byte	.LASF62
 891 048d 01       		.byte	0x1
 892 048e 44       		.byte	0x44
 893 048f 01       		.byte	0x1
 894 0490 CE000000 		.4byte	0xce
 895 0494 00000000 		.4byte	.LFB7
 896 0498 4C000000 		.4byte	.LFE7
 897 049c 00000000 		.4byte	.LLST0
 898 04a0 25050000 		.4byte	0x525
 899 04a4 16       		.uleb128 0x16
 900 04a5 747000   		.ascii	"tp\000"
 901 04a8 01       		.byte	0x1
 902 04a9 44       		.byte	0x44
 903 04aa 44020000 		.4byte	0x244
 904 04ae 20000000 		.4byte	.LLST1
 905 04b2 16       		.uleb128 0x16
 906 04b3 6D736700 		.ascii	"msg\000"
 907 04b7 01       		.byte	0x1
 908 04b8 44       		.byte	0x44
 909 04b9 CE000000 		.4byte	0xce
 910 04bd 4B000000 		.4byte	.LLST2
ARM GAS  C:\Users\TAISIK~1\AppData\Local\Temp\ccRZmizE.s 			page 17


 911 04c1 17       		.uleb128 0x17
 912 04c2 63747000 		.ascii	"ctp\000"
 913 04c6 01       		.byte	0x1
 914 04c7 45       		.byte	0x45
 915 04c8 44020000 		.4byte	0x244
 916 04cc 81000000 		.4byte	.LLST3
 917 04d0 18       		.uleb128 0x18
 918 04d1 00000000 		.4byte	.Ldebug_ranges0+0
 919 04d5 E9040000 		.4byte	0x4e9
 920 04d9 17       		.uleb128 0x17
 921 04da 746D7000 		.ascii	"tmp\000"
 922 04de 01       		.byte	0x1
 923 04df 49       		.byte	0x49
 924 04e0 70000000 		.4byte	0x70
 925 04e4 94000000 		.4byte	.LLST4
 926 04e8 00       		.byte	0
 927 04e9 19       		.uleb128 0x19
 928 04ea 37040000 		.4byte	0x437
 929 04ee 14000000 		.4byte	.LBB12
 930 04f2 18000000 		.4byte	.Ldebug_ranges0+0x18
 931 04f6 01       		.byte	0x1
 932 04f7 4C       		.byte	0x4c
 933 04f8 0F050000 		.4byte	0x50f
 934 04fc 1A       		.uleb128 0x1a
 935 04fd 4E040000 		.4byte	0x44e
 936 0501 A7000000 		.4byte	.LLST5
 937 0505 1A       		.uleb128 0x1a
 938 0506 44040000 		.4byte	0x444
 939 050a 81000000 		.4byte	.LLST3
 940 050e 00       		.byte	0
 941 050f 1B       		.uleb128 0x1b
 942 0510 30000000 		.4byte	.Ldebug_ranges0+0x30
 943 0514 17       		.uleb128 0x17
 944 0515 746D7000 		.ascii	"tmp\000"
 945 0519 01       		.byte	0x1
 946 051a 51       		.byte	0x51
 947 051b 70000000 		.4byte	0x70
 948 051f C5000000 		.4byte	.LLST7
 949 0523 00       		.byte	0
 950 0524 00       		.byte	0
 951 0525 15       		.uleb128 0x15
 952 0526 01       		.byte	0x1
 953 0527 AA020000 		.4byte	.LASF63
 954 052b 01       		.byte	0x1
 955 052c 63       		.byte	0x63
 956 052d 01       		.byte	0x1
 957 052e 44020000 		.4byte	0x244
 958 0532 00000000 		.4byte	.LFB8
 959 0536 3C000000 		.4byte	.LFE8
 960 053a E3000000 		.4byte	.LLST8
 961 053e B3050000 		.4byte	0x5b3
 962 0542 14       		.uleb128 0x14
 963 0543 747000   		.ascii	"tp\000"
 964 0546 01       		.byte	0x1
 965 0547 64       		.byte	0x64
 966 0548 44020000 		.4byte	0x244
 967 054c 1C       		.uleb128 0x1c
ARM GAS  C:\Users\TAISIK~1\AppData\Local\Temp\ccRZmizE.s 			page 18


 968 054d 02000000 		.4byte	.LBB18
 969 0551 08000000 		.4byte	.LBE18
 970 0555 69050000 		.4byte	0x569
 971 0559 17       		.uleb128 0x17
 972 055a 746D7000 		.ascii	"tmp\000"
 973 055e 01       		.byte	0x1
 974 055f 66       		.byte	0x66
 975 0560 70000000 		.4byte	0x70
 976 0564 03010000 		.4byte	.LLST9
 977 0568 00       		.byte	0
 978 0569 1D       		.uleb128 0x1d
 979 056a 60040000 		.4byte	0x460
 980 056e 16000000 		.4byte	.LBB19
 981 0572 1C000000 		.4byte	.LBE19
 982 0576 01       		.byte	0x1
 983 0577 69       		.byte	0x69
 984 0578 99050000 		.4byte	0x599
 985 057c 1A       		.uleb128 0x1a
 986 057d 71040000 		.4byte	0x471
 987 0581 16010000 		.4byte	.LLST10
 988 0585 1E       		.uleb128 0x1e
 989 0586 16000000 		.4byte	.LBB20
 990 058a 1C000000 		.4byte	.LBE20
 991 058e 1F       		.uleb128 0x1f
 992 058f 7C040000 		.4byte	0x47c
 993 0593 2B010000 		.4byte	.LLST11
 994 0597 00       		.byte	0
 995 0598 00       		.byte	0
 996 0599 1E       		.uleb128 0x1e
 997 059a 20000000 		.4byte	.LBB21
 998 059e 26000000 		.4byte	.LBE21
 999 05a2 17       		.uleb128 0x17
 1000 05a3 746D7000 		.ascii	"tmp\000"
 1001 05a7 01       		.byte	0x1
 1002 05a8 6B       		.byte	0x6b
 1003 05a9 70000000 		.4byte	0x70
 1004 05ad 3E010000 		.4byte	.LLST12
 1005 05b1 00       		.byte	0
 1006 05b2 00       		.byte	0
 1007 05b3 20       		.uleb128 0x20
 1008 05b4 01       		.byte	0x1
 1009 05b5 3B020000 		.4byte	.LASF70
 1010 05b9 01       		.byte	0x1
 1011 05ba 79       		.byte	0x79
 1012 05bb 01       		.byte	0x1
 1013 05bc 00000000 		.4byte	.LFB9
 1014 05c0 14000000 		.4byte	.LFE9
 1015 05c4 51010000 		.4byte	.LLST13
 1016 05c8 20060000 		.4byte	0x620
 1017 05cc 16       		.uleb128 0x16
 1018 05cd 747000   		.ascii	"tp\000"
 1019 05d0 01       		.byte	0x1
 1020 05d1 79       		.byte	0x79
 1021 05d2 44020000 		.4byte	0x244
 1022 05d6 71010000 		.4byte	.LLST14
 1023 05da 16       		.uleb128 0x16
 1024 05db 6D736700 		.ascii	"msg\000"
ARM GAS  C:\Users\TAISIK~1\AppData\Local\Temp\ccRZmizE.s 			page 19


 1025 05df 01       		.byte	0x1
 1026 05e0 79       		.byte	0x79
 1027 05e1 CE000000 		.4byte	0xce
 1028 05e5 84010000 		.4byte	.LLST15
 1029 05e9 1C       		.uleb128 0x1c
 1030 05ea 02000000 		.4byte	.LBB22
 1031 05ee 08000000 		.4byte	.LBE22
 1032 05f2 06060000 		.4byte	0x606
 1033 05f6 17       		.uleb128 0x17
 1034 05f7 746D7000 		.ascii	"tmp\000"
 1035 05fb 01       		.byte	0x1
 1036 05fc 7B       		.byte	0x7b
 1037 05fd 70000000 		.4byte	0x70
 1038 0601 97010000 		.4byte	.LLST16
 1039 0605 00       		.byte	0
 1040 0606 1E       		.uleb128 0x1e
 1041 0607 0C000000 		.4byte	.LBB23
 1042 060b 12000000 		.4byte	.LBE23
 1043 060f 17       		.uleb128 0x17
 1044 0610 746D7000 		.ascii	"tmp\000"
 1045 0614 01       		.byte	0x1
 1046 0615 7F       		.byte	0x7f
 1047 0616 70000000 		.4byte	0x70
 1048 061a AA010000 		.4byte	.LLST17
 1049 061e 00       		.byte	0
 1050 061f 00       		.byte	0
 1051 0620 21       		.uleb128 0x21
 1052 0621 C5020000 		.4byte	.LASF64
 1053 0625 08       		.byte	0x8
 1054 0626 68       		.byte	0x68
 1055 0627 97030000 		.4byte	0x397
 1056 062b 01       		.byte	0x1
 1057 062c 01       		.byte	0x1
 1058 062d 21       		.uleb128 0x21
 1059 062e C5020000 		.4byte	.LASF64
 1060 0632 08       		.byte	0x8
 1061 0633 68       		.byte	0x68
 1062 0634 97030000 		.4byte	0x397
 1063 0638 01       		.byte	0x1
 1064 0639 01       		.byte	0x1
 1065 063a 00       		.byte	0
 1066              		.section	.debug_abbrev,"",%progbits
 1067              	.Ldebug_abbrev0:
 1068 0000 01       		.uleb128 0x1
 1069 0001 11       		.uleb128 0x11
 1070 0002 01       		.byte	0x1
 1071 0003 25       		.uleb128 0x25
 1072 0004 0E       		.uleb128 0xe
 1073 0005 13       		.uleb128 0x13
 1074 0006 0B       		.uleb128 0xb
 1075 0007 03       		.uleb128 0x3
 1076 0008 0E       		.uleb128 0xe
 1077 0009 1B       		.uleb128 0x1b
 1078 000a 0E       		.uleb128 0xe
 1079 000b 11       		.uleb128 0x11
 1080 000c 01       		.uleb128 0x1
 1081 000d 52       		.uleb128 0x52
ARM GAS  C:\Users\TAISIK~1\AppData\Local\Temp\ccRZmizE.s 			page 20


 1082 000e 01       		.uleb128 0x1
 1083 000f 55       		.uleb128 0x55
 1084 0010 06       		.uleb128 0x6
 1085 0011 10       		.uleb128 0x10
 1086 0012 06       		.uleb128 0x6
 1087 0013 00       		.byte	0
 1088 0014 00       		.byte	0
 1089 0015 02       		.uleb128 0x2
 1090 0016 24       		.uleb128 0x24
 1091 0017 00       		.byte	0
 1092 0018 0B       		.uleb128 0xb
 1093 0019 0B       		.uleb128 0xb
 1094 001a 3E       		.uleb128 0x3e
 1095 001b 0B       		.uleb128 0xb
 1096 001c 03       		.uleb128 0x3
 1097 001d 08       		.uleb128 0x8
 1098 001e 00       		.byte	0
 1099 001f 00       		.byte	0
 1100 0020 03       		.uleb128 0x3
 1101 0021 24       		.uleb128 0x24
 1102 0022 00       		.byte	0
 1103 0023 0B       		.uleb128 0xb
 1104 0024 0B       		.uleb128 0xb
 1105 0025 3E       		.uleb128 0x3e
 1106 0026 0B       		.uleb128 0xb
 1107 0027 03       		.uleb128 0x3
 1108 0028 0E       		.uleb128 0xe
 1109 0029 00       		.byte	0
 1110 002a 00       		.byte	0
 1111 002b 04       		.uleb128 0x4
 1112 002c 16       		.uleb128 0x16
 1113 002d 00       		.byte	0
 1114 002e 03       		.uleb128 0x3
 1115 002f 0E       		.uleb128 0xe
 1116 0030 3A       		.uleb128 0x3a
 1117 0031 0B       		.uleb128 0xb
 1118 0032 3B       		.uleb128 0x3b
 1119 0033 0B       		.uleb128 0xb
 1120 0034 49       		.uleb128 0x49
 1121 0035 13       		.uleb128 0x13
 1122 0036 00       		.byte	0
 1123 0037 00       		.byte	0
 1124 0038 05       		.uleb128 0x5
 1125 0039 13       		.uleb128 0x13
 1126 003a 01       		.byte	0x1
 1127 003b 03       		.uleb128 0x3
 1128 003c 0E       		.uleb128 0xe
 1129 003d 0B       		.uleb128 0xb
 1130 003e 0B       		.uleb128 0xb
 1131 003f 3A       		.uleb128 0x3a
 1132 0040 0B       		.uleb128 0xb
 1133 0041 3B       		.uleb128 0x3b
 1134 0042 0B       		.uleb128 0xb
 1135 0043 01       		.uleb128 0x1
 1136 0044 13       		.uleb128 0x13
 1137 0045 00       		.byte	0
 1138 0046 00       		.byte	0
ARM GAS  C:\Users\TAISIK~1\AppData\Local\Temp\ccRZmizE.s 			page 21


 1139 0047 06       		.uleb128 0x6
 1140 0048 0D       		.uleb128 0xd
 1141 0049 00       		.byte	0
 1142 004a 03       		.uleb128 0x3
 1143 004b 0E       		.uleb128 0xe
 1144 004c 3A       		.uleb128 0x3a
 1145 004d 0B       		.uleb128 0xb
 1146 004e 3B       		.uleb128 0x3b
 1147 004f 0B       		.uleb128 0xb
 1148 0050 49       		.uleb128 0x49
 1149 0051 13       		.uleb128 0x13
 1150 0052 38       		.uleb128 0x38
 1151 0053 0A       		.uleb128 0xa
 1152 0054 00       		.byte	0
 1153 0055 00       		.byte	0
 1154 0056 07       		.uleb128 0x7
 1155 0057 0D       		.uleb128 0xd
 1156 0058 00       		.byte	0
 1157 0059 03       		.uleb128 0x3
 1158 005a 08       		.uleb128 0x8
 1159 005b 3A       		.uleb128 0x3a
 1160 005c 0B       		.uleb128 0xb
 1161 005d 3B       		.uleb128 0x3b
 1162 005e 0B       		.uleb128 0xb
 1163 005f 49       		.uleb128 0x49
 1164 0060 13       		.uleb128 0x13
 1165 0061 38       		.uleb128 0x38
 1166 0062 0A       		.uleb128 0xa
 1167 0063 00       		.byte	0
 1168 0064 00       		.byte	0
 1169 0065 08       		.uleb128 0x8
 1170 0066 13       		.uleb128 0x13
 1171 0067 01       		.byte	0x1
 1172 0068 0B       		.uleb128 0xb
 1173 0069 0B       		.uleb128 0xb
 1174 006a 3A       		.uleb128 0x3a
 1175 006b 0B       		.uleb128 0xb
 1176 006c 3B       		.uleb128 0x3b
 1177 006d 0B       		.uleb128 0xb
 1178 006e 01       		.uleb128 0x1
 1179 006f 13       		.uleb128 0x13
 1180 0070 00       		.byte	0
 1181 0071 00       		.byte	0
 1182 0072 09       		.uleb128 0x9
 1183 0073 0F       		.uleb128 0xf
 1184 0074 00       		.byte	0
 1185 0075 0B       		.uleb128 0xb
 1186 0076 0B       		.uleb128 0xb
 1187 0077 49       		.uleb128 0x49
 1188 0078 13       		.uleb128 0x13
 1189 0079 00       		.byte	0
 1190 007a 00       		.byte	0
 1191 007b 0A       		.uleb128 0xa
 1192 007c 0F       		.uleb128 0xf
 1193 007d 00       		.byte	0
 1194 007e 0B       		.uleb128 0xb
 1195 007f 0B       		.uleb128 0xb
ARM GAS  C:\Users\TAISIK~1\AppData\Local\Temp\ccRZmizE.s 			page 22


 1196 0080 00       		.byte	0
 1197 0081 00       		.byte	0
 1198 0082 0B       		.uleb128 0xb
 1199 0083 13       		.uleb128 0x13
 1200 0084 01       		.byte	0x1
 1201 0085 03       		.uleb128 0x3
 1202 0086 0E       		.uleb128 0xe
 1203 0087 0B       		.uleb128 0xb
 1204 0088 0B       		.uleb128 0xb
 1205 0089 3A       		.uleb128 0x3a
 1206 008a 0B       		.uleb128 0xb
 1207 008b 3B       		.uleb128 0x3b
 1208 008c 05       		.uleb128 0x5
 1209 008d 01       		.uleb128 0x1
 1210 008e 13       		.uleb128 0x13
 1211 008f 00       		.byte	0
 1212 0090 00       		.byte	0
 1213 0091 0C       		.uleb128 0xc
 1214 0092 0D       		.uleb128 0xd
 1215 0093 00       		.byte	0
 1216 0094 03       		.uleb128 0x3
 1217 0095 08       		.uleb128 0x8
 1218 0096 3A       		.uleb128 0x3a
 1219 0097 0B       		.uleb128 0xb
 1220 0098 3B       		.uleb128 0x3b
 1221 0099 05       		.uleb128 0x5
 1222 009a 49       		.uleb128 0x49
 1223 009b 13       		.uleb128 0x13
 1224 009c 38       		.uleb128 0x38
 1225 009d 0A       		.uleb128 0xa
 1226 009e 00       		.byte	0
 1227 009f 00       		.byte	0
 1228 00a0 0D       		.uleb128 0xd
 1229 00a1 35       		.uleb128 0x35
 1230 00a2 00       		.byte	0
 1231 00a3 49       		.uleb128 0x49
 1232 00a4 13       		.uleb128 0x13
 1233 00a5 00       		.byte	0
 1234 00a6 00       		.byte	0
 1235 00a7 0E       		.uleb128 0xe
 1236 00a8 17       		.uleb128 0x17
 1237 00a9 01       		.byte	0x1
 1238 00aa 0B       		.uleb128 0xb
 1239 00ab 0B       		.uleb128 0xb
 1240 00ac 3A       		.uleb128 0x3a
 1241 00ad 0B       		.uleb128 0xb
 1242 00ae 3B       		.uleb128 0x3b
 1243 00af 0B       		.uleb128 0xb
 1244 00b0 01       		.uleb128 0x1
 1245 00b1 13       		.uleb128 0x13
 1246 00b2 00       		.byte	0
 1247 00b3 00       		.byte	0
 1248 00b4 0F       		.uleb128 0xf
 1249 00b5 0D       		.uleb128 0xd
 1250 00b6 00       		.byte	0
 1251 00b7 03       		.uleb128 0x3
 1252 00b8 0E       		.uleb128 0xe
ARM GAS  C:\Users\TAISIK~1\AppData\Local\Temp\ccRZmizE.s 			page 23


 1253 00b9 3A       		.uleb128 0x3a
 1254 00ba 0B       		.uleb128 0xb
 1255 00bb 3B       		.uleb128 0x3b
 1256 00bc 0B       		.uleb128 0xb
 1257 00bd 49       		.uleb128 0x49
 1258 00be 13       		.uleb128 0x13
 1259 00bf 00       		.byte	0
 1260 00c0 00       		.byte	0
 1261 00c1 10       		.uleb128 0x10
 1262 00c2 26       		.uleb128 0x26
 1263 00c3 00       		.byte	0
 1264 00c4 49       		.uleb128 0x49
 1265 00c5 13       		.uleb128 0x13
 1266 00c6 00       		.byte	0
 1267 00c7 00       		.byte	0
 1268 00c8 11       		.uleb128 0x11
 1269 00c9 2E       		.uleb128 0x2e
 1270 00ca 01       		.byte	0x1
 1271 00cb 03       		.uleb128 0x3
 1272 00cc 0E       		.uleb128 0xe
 1273 00cd 3A       		.uleb128 0x3a
 1274 00ce 0B       		.uleb128 0xb
 1275 00cf 3B       		.uleb128 0x3b
 1276 00d0 0B       		.uleb128 0xb
 1277 00d1 27       		.uleb128 0x27
 1278 00d2 0C       		.uleb128 0xc
 1279 00d3 20       		.uleb128 0x20
 1280 00d4 0B       		.uleb128 0xb
 1281 00d5 01       		.uleb128 0x1
 1282 00d6 13       		.uleb128 0x13
 1283 00d7 00       		.byte	0
 1284 00d8 00       		.byte	0
 1285 00d9 12       		.uleb128 0x12
 1286 00da 05       		.uleb128 0x5
 1287 00db 00       		.byte	0
 1288 00dc 03       		.uleb128 0x3
 1289 00dd 08       		.uleb128 0x8
 1290 00de 3A       		.uleb128 0x3a
 1291 00df 0B       		.uleb128 0xb
 1292 00e0 3B       		.uleb128 0x3b
 1293 00e1 0B       		.uleb128 0xb
 1294 00e2 49       		.uleb128 0x49
 1295 00e3 13       		.uleb128 0x13
 1296 00e4 00       		.byte	0
 1297 00e5 00       		.byte	0
 1298 00e6 13       		.uleb128 0x13
 1299 00e7 2E       		.uleb128 0x2e
 1300 00e8 01       		.byte	0x1
 1301 00e9 03       		.uleb128 0x3
 1302 00ea 0E       		.uleb128 0xe
 1303 00eb 3A       		.uleb128 0x3a
 1304 00ec 0B       		.uleb128 0xb
 1305 00ed 3B       		.uleb128 0x3b
 1306 00ee 0B       		.uleb128 0xb
 1307 00ef 27       		.uleb128 0x27
 1308 00f0 0C       		.uleb128 0xc
 1309 00f1 49       		.uleb128 0x49
ARM GAS  C:\Users\TAISIK~1\AppData\Local\Temp\ccRZmizE.s 			page 24


 1310 00f2 13       		.uleb128 0x13
 1311 00f3 20       		.uleb128 0x20
 1312 00f4 0B       		.uleb128 0xb
 1313 00f5 01       		.uleb128 0x1
 1314 00f6 13       		.uleb128 0x13
 1315 00f7 00       		.byte	0
 1316 00f8 00       		.byte	0
 1317 00f9 14       		.uleb128 0x14
 1318 00fa 34       		.uleb128 0x34
 1319 00fb 00       		.byte	0
 1320 00fc 03       		.uleb128 0x3
 1321 00fd 08       		.uleb128 0x8
 1322 00fe 3A       		.uleb128 0x3a
 1323 00ff 0B       		.uleb128 0xb
 1324 0100 3B       		.uleb128 0x3b
 1325 0101 0B       		.uleb128 0xb
 1326 0102 49       		.uleb128 0x49
 1327 0103 13       		.uleb128 0x13
 1328 0104 00       		.byte	0
 1329 0105 00       		.byte	0
 1330 0106 15       		.uleb128 0x15
 1331 0107 2E       		.uleb128 0x2e
 1332 0108 01       		.byte	0x1
 1333 0109 3F       		.uleb128 0x3f
 1334 010a 0C       		.uleb128 0xc
 1335 010b 03       		.uleb128 0x3
 1336 010c 0E       		.uleb128 0xe
 1337 010d 3A       		.uleb128 0x3a
 1338 010e 0B       		.uleb128 0xb
 1339 010f 3B       		.uleb128 0x3b
 1340 0110 0B       		.uleb128 0xb
 1341 0111 27       		.uleb128 0x27
 1342 0112 0C       		.uleb128 0xc
 1343 0113 49       		.uleb128 0x49
 1344 0114 13       		.uleb128 0x13
 1345 0115 11       		.uleb128 0x11
 1346 0116 01       		.uleb128 0x1
 1347 0117 12       		.uleb128 0x12
 1348 0118 01       		.uleb128 0x1
 1349 0119 40       		.uleb128 0x40
 1350 011a 06       		.uleb128 0x6
 1351 011b 01       		.uleb128 0x1
 1352 011c 13       		.uleb128 0x13
 1353 011d 00       		.byte	0
 1354 011e 00       		.byte	0
 1355 011f 16       		.uleb128 0x16
 1356 0120 05       		.uleb128 0x5
 1357 0121 00       		.byte	0
 1358 0122 03       		.uleb128 0x3
 1359 0123 08       		.uleb128 0x8
 1360 0124 3A       		.uleb128 0x3a
 1361 0125 0B       		.uleb128 0xb
 1362 0126 3B       		.uleb128 0x3b
 1363 0127 0B       		.uleb128 0xb
 1364 0128 49       		.uleb128 0x49
 1365 0129 13       		.uleb128 0x13
 1366 012a 02       		.uleb128 0x2
ARM GAS  C:\Users\TAISIK~1\AppData\Local\Temp\ccRZmizE.s 			page 25


 1367 012b 06       		.uleb128 0x6
 1368 012c 00       		.byte	0
 1369 012d 00       		.byte	0
 1370 012e 17       		.uleb128 0x17
 1371 012f 34       		.uleb128 0x34
 1372 0130 00       		.byte	0
 1373 0131 03       		.uleb128 0x3
 1374 0132 08       		.uleb128 0x8
 1375 0133 3A       		.uleb128 0x3a
 1376 0134 0B       		.uleb128 0xb
 1377 0135 3B       		.uleb128 0x3b
 1378 0136 0B       		.uleb128 0xb
 1379 0137 49       		.uleb128 0x49
 1380 0138 13       		.uleb128 0x13
 1381 0139 02       		.uleb128 0x2
 1382 013a 06       		.uleb128 0x6
 1383 013b 00       		.byte	0
 1384 013c 00       		.byte	0
 1385 013d 18       		.uleb128 0x18
 1386 013e 0B       		.uleb128 0xb
 1387 013f 01       		.byte	0x1
 1388 0140 55       		.uleb128 0x55
 1389 0141 06       		.uleb128 0x6
 1390 0142 01       		.uleb128 0x1
 1391 0143 13       		.uleb128 0x13
 1392 0144 00       		.byte	0
 1393 0145 00       		.byte	0
 1394 0146 19       		.uleb128 0x19
 1395 0147 1D       		.uleb128 0x1d
 1396 0148 01       		.byte	0x1
 1397 0149 31       		.uleb128 0x31
 1398 014a 13       		.uleb128 0x13
 1399 014b 52       		.uleb128 0x52
 1400 014c 01       		.uleb128 0x1
 1401 014d 55       		.uleb128 0x55
 1402 014e 06       		.uleb128 0x6
 1403 014f 58       		.uleb128 0x58
 1404 0150 0B       		.uleb128 0xb
 1405 0151 59       		.uleb128 0x59
 1406 0152 0B       		.uleb128 0xb
 1407 0153 01       		.uleb128 0x1
 1408 0154 13       		.uleb128 0x13
 1409 0155 00       		.byte	0
 1410 0156 00       		.byte	0
 1411 0157 1A       		.uleb128 0x1a
 1412 0158 05       		.uleb128 0x5
 1413 0159 00       		.byte	0
 1414 015a 31       		.uleb128 0x31
 1415 015b 13       		.uleb128 0x13
 1416 015c 02       		.uleb128 0x2
 1417 015d 06       		.uleb128 0x6
 1418 015e 00       		.byte	0
 1419 015f 00       		.byte	0
 1420 0160 1B       		.uleb128 0x1b
 1421 0161 0B       		.uleb128 0xb
 1422 0162 01       		.byte	0x1
 1423 0163 55       		.uleb128 0x55
ARM GAS  C:\Users\TAISIK~1\AppData\Local\Temp\ccRZmizE.s 			page 26


 1424 0164 06       		.uleb128 0x6
 1425 0165 00       		.byte	0
 1426 0166 00       		.byte	0
 1427 0167 1C       		.uleb128 0x1c
 1428 0168 0B       		.uleb128 0xb
 1429 0169 01       		.byte	0x1
 1430 016a 11       		.uleb128 0x11
 1431 016b 01       		.uleb128 0x1
 1432 016c 12       		.uleb128 0x12
 1433 016d 01       		.uleb128 0x1
 1434 016e 01       		.uleb128 0x1
 1435 016f 13       		.uleb128 0x13
 1436 0170 00       		.byte	0
 1437 0171 00       		.byte	0
 1438 0172 1D       		.uleb128 0x1d
 1439 0173 1D       		.uleb128 0x1d
 1440 0174 01       		.byte	0x1
 1441 0175 31       		.uleb128 0x31
 1442 0176 13       		.uleb128 0x13
 1443 0177 11       		.uleb128 0x11
 1444 0178 01       		.uleb128 0x1
 1445 0179 12       		.uleb128 0x12
 1446 017a 01       		.uleb128 0x1
 1447 017b 58       		.uleb128 0x58
 1448 017c 0B       		.uleb128 0xb
 1449 017d 59       		.uleb128 0x59
 1450 017e 0B       		.uleb128 0xb
 1451 017f 01       		.uleb128 0x1
 1452 0180 13       		.uleb128 0x13
 1453 0181 00       		.byte	0
 1454 0182 00       		.byte	0
 1455 0183 1E       		.uleb128 0x1e
 1456 0184 0B       		.uleb128 0xb
 1457 0185 01       		.byte	0x1
 1458 0186 11       		.uleb128 0x11
 1459 0187 01       		.uleb128 0x1
 1460 0188 12       		.uleb128 0x12
 1461 0189 01       		.uleb128 0x1
 1462 018a 00       		.byte	0
 1463 018b 00       		.byte	0
 1464 018c 1F       		.uleb128 0x1f
 1465 018d 34       		.uleb128 0x34
 1466 018e 00       		.byte	0
 1467 018f 31       		.uleb128 0x31
 1468 0190 13       		.uleb128 0x13
 1469 0191 02       		.uleb128 0x2
 1470 0192 06       		.uleb128 0x6
 1471 0193 00       		.byte	0
 1472 0194 00       		.byte	0
 1473 0195 20       		.uleb128 0x20
 1474 0196 2E       		.uleb128 0x2e
 1475 0197 01       		.byte	0x1
 1476 0198 3F       		.uleb128 0x3f
 1477 0199 0C       		.uleb128 0xc
 1478 019a 03       		.uleb128 0x3
 1479 019b 0E       		.uleb128 0xe
 1480 019c 3A       		.uleb128 0x3a
ARM GAS  C:\Users\TAISIK~1\AppData\Local\Temp\ccRZmizE.s 			page 27


 1481 019d 0B       		.uleb128 0xb
 1482 019e 3B       		.uleb128 0x3b
 1483 019f 0B       		.uleb128 0xb
 1484 01a0 27       		.uleb128 0x27
 1485 01a1 0C       		.uleb128 0xc
 1486 01a2 11       		.uleb128 0x11
 1487 01a3 01       		.uleb128 0x1
 1488 01a4 12       		.uleb128 0x12
 1489 01a5 01       		.uleb128 0x1
 1490 01a6 40       		.uleb128 0x40
 1491 01a7 06       		.uleb128 0x6
 1492 01a8 01       		.uleb128 0x1
 1493 01a9 13       		.uleb128 0x13
 1494 01aa 00       		.byte	0
 1495 01ab 00       		.byte	0
 1496 01ac 21       		.uleb128 0x21
 1497 01ad 34       		.uleb128 0x34
 1498 01ae 00       		.byte	0
 1499 01af 03       		.uleb128 0x3
 1500 01b0 0E       		.uleb128 0xe
 1501 01b1 3A       		.uleb128 0x3a
 1502 01b2 0B       		.uleb128 0xb
 1503 01b3 3B       		.uleb128 0x3b
 1504 01b4 0B       		.uleb128 0xb
 1505 01b5 49       		.uleb128 0x49
 1506 01b6 13       		.uleb128 0x13
 1507 01b7 3F       		.uleb128 0x3f
 1508 01b8 0C       		.uleb128 0xc
 1509 01b9 3C       		.uleb128 0x3c
 1510 01ba 0C       		.uleb128 0xc
 1511 01bb 00       		.byte	0
 1512 01bc 00       		.byte	0
 1513 01bd 00       		.byte	0
 1514              		.section	.debug_loc,"",%progbits
 1515              	.Ldebug_loc0:
 1516              	.LLST0:
 1517 0000 00000000 		.4byte	.LFB7
 1518 0004 02000000 		.4byte	.LCFI0
 1519 0008 0200     		.2byte	0x2
 1520 000a 7D       		.byte	0x7d
 1521 000b 00       		.sleb128 0
 1522 000c 02000000 		.4byte	.LCFI0
 1523 0010 4C000000 		.4byte	.LFE7
 1524 0014 0200     		.2byte	0x2
 1525 0016 7D       		.byte	0x7d
 1526 0017 10       		.sleb128 16
 1527 0018 00000000 		.4byte	0
 1528 001c 00000000 		.4byte	0
 1529              	.LLST1:
 1530 0020 00000000 		.4byte	.LVL0
 1531 0024 26000000 		.4byte	.LVL6
 1532 0028 0100     		.2byte	0x1
 1533 002a 50       		.byte	0x50
 1534 002b 26000000 		.4byte	.LVL6
 1535 002f 29000000 		.4byte	.LVL7-1
 1536 0033 0300     		.2byte	0x3
 1537 0035 72       		.byte	0x72
ARM GAS  C:\Users\TAISIK~1\AppData\Local\Temp\ccRZmizE.s 			page 28


 1538 0036 54       		.sleb128 -44
 1539 0037 9F       		.byte	0x9f
 1540 0038 34000000 		.4byte	.LVL11
 1541 003c 37000000 		.4byte	.LVL12-1
 1542 0040 0100     		.2byte	0x1
 1543 0042 50       		.byte	0x50
 1544 0043 00000000 		.4byte	0
 1545 0047 00000000 		.4byte	0
 1546              	.LLST2:
 1547 004b 00000000 		.4byte	.LVL0
 1548 004f 29000000 		.4byte	.LVL7-1
 1549 0053 0100     		.2byte	0x1
 1550 0055 51       		.byte	0x51
 1551 0056 2C000000 		.4byte	.LVL8
 1552 005a 34000000 		.4byte	.LVL11
 1553 005e 0200     		.2byte	0x2
 1554 0060 74       		.byte	0x74
 1555 0061 24       		.sleb128 36
 1556 0062 34000000 		.4byte	.LVL11
 1557 0066 37000000 		.4byte	.LVL12-1
 1558 006a 0100     		.2byte	0x1
 1559 006c 51       		.byte	0x51
 1560 006d 40000000 		.4byte	.LVL13
 1561 0071 4C000000 		.4byte	.LFE7
 1562 0075 0200     		.2byte	0x2
 1563 0077 74       		.byte	0x74
 1564 0078 24       		.sleb128 36
 1565 0079 00000000 		.4byte	0
 1566 007d 00000000 		.4byte	0
 1567              	.LLST3:
 1568 0081 29000000 		.4byte	.LVL7-1
 1569 0085 4C000000 		.4byte	.LFE7
 1570 0089 0100     		.2byte	0x1
 1571 008b 54       		.byte	0x54
 1572 008c 00000000 		.4byte	0
 1573 0090 00000000 		.4byte	0
 1574              	.LLST4:
 1575 0094 0C000000 		.4byte	.LVL3
 1576 0098 16000000 		.4byte	.LVL5
 1577 009c 0100     		.2byte	0x1
 1578 009e 53       		.byte	0x53
 1579 009f 00000000 		.4byte	0
 1580 00a3 00000000 		.4byte	0
 1581              	.LLST5:
 1582 00a7 12000000 		.4byte	.LVL4
 1583 00ab 29000000 		.4byte	.LVL7-1
 1584 00af 0100     		.2byte	0x1
 1585 00b1 52       		.byte	0x52
 1586 00b2 34000000 		.4byte	.LVL11
 1587 00b6 37000000 		.4byte	.LVL12-1
 1588 00ba 0100     		.2byte	0x1
 1589 00bc 52       		.byte	0x52
 1590 00bd 00000000 		.4byte	0
 1591 00c1 00000000 		.4byte	0
 1592              	.LLST7:
 1593 00c5 32000000 		.4byte	.LVL10
 1594 00c9 34000000 		.4byte	.LVL11
ARM GAS  C:\Users\TAISIK~1\AppData\Local\Temp\ccRZmizE.s 			page 29


 1595 00cd 0100     		.2byte	0x1
 1596 00cf 53       		.byte	0x53
 1597 00d0 46000000 		.4byte	.LVL14
 1598 00d4 4C000000 		.4byte	.LFE7
 1599 00d8 0100     		.2byte	0x1
 1600 00da 53       		.byte	0x53
 1601 00db 00000000 		.4byte	0
 1602 00df 00000000 		.4byte	0
 1603              	.LLST8:
 1604 00e3 00000000 		.4byte	.LFB8
 1605 00e7 02000000 		.4byte	.LCFI1
 1606 00eb 0200     		.2byte	0x2
 1607 00ed 7D       		.byte	0x7d
 1608 00ee 00       		.sleb128 0
 1609 00ef 02000000 		.4byte	.LCFI1
 1610 00f3 3C000000 		.4byte	.LFE8
 1611 00f7 0200     		.2byte	0x2
 1612 00f9 7D       		.byte	0x7d
 1613 00fa 08       		.sleb128 8
 1614 00fb 00000000 		.4byte	0
 1615 00ff 00000000 		.4byte	0
 1616              	.LLST9:
 1617 0103 08000000 		.4byte	.LVL16
 1618 0107 0C000000 		.4byte	.LVL17
 1619 010b 0100     		.2byte	0x1
 1620 010d 53       		.byte	0x53
 1621 010e 00000000 		.4byte	0
 1622 0112 00000000 		.4byte	0
 1623              	.LLST10:
 1624 0116 16000000 		.4byte	.LVL18
 1625 011a 22000000 		.4byte	.LVL19
 1626 011e 0300     		.2byte	0x3
 1627 0120 73       		.byte	0x73
 1628 0121 2C       		.sleb128 44
 1629 0122 9F       		.byte	0x9f
 1630 0123 00000000 		.4byte	0
 1631 0127 00000000 		.4byte	0
 1632              	.LLST11:
 1633 012b 16000000 		.4byte	.LVL18
 1634 012f 28000000 		.4byte	.LVL21
 1635 0133 0100     		.2byte	0x1
 1636 0135 50       		.byte	0x50
 1637 0136 00000000 		.4byte	0
 1638 013a 00000000 		.4byte	0
 1639              	.LLST12:
 1640 013e 26000000 		.4byte	.LVL20
 1641 0142 28000000 		.4byte	.LVL21
 1642 0146 0100     		.2byte	0x1
 1643 0148 53       		.byte	0x53
 1644 0149 00000000 		.4byte	0
 1645 014d 00000000 		.4byte	0
 1646              	.LLST13:
 1647 0151 00000000 		.4byte	.LFB9
 1648 0155 02000000 		.4byte	.LCFI2
 1649 0159 0200     		.2byte	0x2
 1650 015b 7D       		.byte	0x7d
 1651 015c 00       		.sleb128 0
ARM GAS  C:\Users\TAISIK~1\AppData\Local\Temp\ccRZmizE.s 			page 30


 1652 015d 02000000 		.4byte	.LCFI2
 1653 0161 14000000 		.4byte	.LFE9
 1654 0165 0200     		.2byte	0x2
 1655 0167 7D       		.byte	0x7d
 1656 0168 08       		.sleb128 8
 1657 0169 00000000 		.4byte	0
 1658 016d 00000000 		.4byte	0
 1659              	.LLST14:
 1660 0171 00000000 		.4byte	.LVL22
 1661 0175 0B000000 		.4byte	.LVL25-1
 1662 0179 0100     		.2byte	0x1
 1663 017b 50       		.byte	0x50
 1664 017c 00000000 		.4byte	0
 1665 0180 00000000 		.4byte	0
 1666              	.LLST15:
 1667 0184 00000000 		.4byte	.LVL22
 1668 0188 0B000000 		.4byte	.LVL25-1
 1669 018c 0100     		.2byte	0x1
 1670 018e 51       		.byte	0x51
 1671 018f 00000000 		.4byte	0
 1672 0193 00000000 		.4byte	0
 1673              	.LLST16:
 1674 0197 08000000 		.4byte	.LVL24
 1675 019b 0B000000 		.4byte	.LVL25-1
 1676 019f 0100     		.2byte	0x1
 1677 01a1 53       		.byte	0x53
 1678 01a2 00000000 		.4byte	0
 1679 01a6 00000000 		.4byte	0
 1680              	.LLST17:
 1681 01aa 12000000 		.4byte	.LVL27
 1682 01ae 14000000 		.4byte	.LFE9
 1683 01b2 0100     		.2byte	0x1
 1684 01b4 53       		.byte	0x53
 1685 01b5 00000000 		.4byte	0
 1686 01b9 00000000 		.4byte	0
 1687              		.section	.debug_aranges,"",%progbits
 1688 0000 2C000000 		.4byte	0x2c
 1689 0004 0200     		.2byte	0x2
 1690 0006 00000000 		.4byte	.Ldebug_info0
 1691 000a 04       		.byte	0x4
 1692 000b 00       		.byte	0
 1693 000c 0000     		.2byte	0
 1694 000e 0000     		.2byte	0
 1695 0010 00000000 		.4byte	.LFB7
 1696 0014 4C000000 		.4byte	.LFE7-.LFB7
 1697 0018 00000000 		.4byte	.LFB8
 1698 001c 3C000000 		.4byte	.LFE8-.LFB8
 1699 0020 00000000 		.4byte	.LFB9
 1700 0024 14000000 		.4byte	.LFE9-.LFB9
 1701 0028 00000000 		.4byte	0
 1702 002c 00000000 		.4byte	0
 1703              		.section	.debug_ranges,"",%progbits
 1704              	.Ldebug_ranges0:
 1705 0000 04000000 		.4byte	.LBB10
 1706 0004 06000000 		.4byte	.LBE10
 1707 0008 08000000 		.4byte	.LBB11
 1708 000c 0C000000 		.4byte	.LBE11
ARM GAS  C:\Users\TAISIK~1\AppData\Local\Temp\ccRZmizE.s 			page 31


 1709 0010 00000000 		.4byte	0
 1710 0014 00000000 		.4byte	0
 1711 0018 14000000 		.4byte	.LBB12
 1712 001c 18000000 		.4byte	.LBE12
 1713 0020 1C000000 		.4byte	.LBB15
 1714 0024 22000000 		.4byte	.LBE15
 1715 0028 00000000 		.4byte	0
 1716 002c 00000000 		.4byte	0
 1717 0030 2C000000 		.4byte	.LBB16
 1718 0034 32000000 		.4byte	.LBE16
 1719 0038 40000000 		.4byte	.LBB17
 1720 003c 46000000 		.4byte	.LBE17
 1721 0040 00000000 		.4byte	0
 1722 0044 00000000 		.4byte	0
 1723 0048 00000000 		.4byte	.LFB7
 1724 004c 4C000000 		.4byte	.LFE7
 1725 0050 00000000 		.4byte	.LFB8
 1726 0054 3C000000 		.4byte	.LFE8
 1727 0058 00000000 		.4byte	.LFB9
 1728 005c 14000000 		.4byte	.LFE9
 1729 0060 00000000 		.4byte	0
 1730 0064 00000000 		.4byte	0
 1731              		.section	.debug_line,"",%progbits
 1732              	.Ldebug_line0:
 1733 0000 B9010000 		.section	.debug_str,"MS",%progbits,1
 1733      02004A01 
 1733      00000201 
 1733      FB0E0D00 
 1733      01010101 
 1734              	.LASF36:
 1735 0000 705F6D73 		.ascii	"p_msg\000"
 1735      6700
 1736              	.LASF68:
 1737 0006 71756575 		.ascii	"queue_insert\000"
 1737      655F696E 
 1737      73657274 
 1737      00
 1738              	.LASF57:
 1739 0013 7264796D 		.ascii	"rdymsg\000"
 1739      736700
 1740              	.LASF65:
 1741 001a 474E5520 		.ascii	"GNU C 4.6.2 20121016 (release) [ARM/embedded-4_6-br"
 1741      4320342E 
 1741      362E3220 
 1741      32303132 
 1741      31303136 
 1742 004d 616E6368 		.ascii	"anch revision 192487]\000"
 1742      20726576 
 1742      6973696F 
 1742      6E203139 
 1742      32343837 
 1743              	.LASF11:
 1744 0063 6C6F6E67 		.ascii	"long long unsigned int\000"
 1744      206C6F6E 
 1744      6720756E 
 1744      7369676E 
 1744      65642069 
ARM GAS  C:\Users\TAISIK~1\AppData\Local\Temp\ccRZmizE.s 			page 32


 1745              	.LASF58:
 1746 007a 65786974 		.ascii	"exitcode\000"
 1746      636F6465 
 1746      00
 1747              	.LASF24:
 1748 0083 705F7072 		.ascii	"p_prio\000"
 1748      696F00
 1749              	.LASF67:
 1750 008a 433A5C43 		.ascii	"C:\\ChibiStudio\\chibios\\demos\\ARMCM4-STM32F303-D"
 1750      68696269 
 1750      53747564 
 1750      696F5C63 
 1750      68696269 
 1751 00b9 4953434F 		.ascii	"ISCOVERY\000"
 1751      56455259 
 1751      00
 1752              	.LASF10:
 1753 00c2 6C6F6E67 		.ascii	"long long int\000"
 1753      206C6F6E 
 1753      6720696E 
 1753      7400
 1754              	.LASF1:
 1755 00d0 7369676E 		.ascii	"signed char\000"
 1755      65642063 
 1755      68617200 
 1756              	.LASF40:
 1757 00dc 705F6D70 		.ascii	"p_mpool\000"
 1757      6F6F6C00 
 1758              	.LASF54:
 1759 00e4 6D5F7175 		.ascii	"m_queue\000"
 1759      65756500 
 1760              	.LASF16:
 1761 00ec 74736C69 		.ascii	"tslices_t\000"
 1761      6365735F 
 1761      7400
 1762              	.LASF7:
 1763 00f6 6C6F6E67 		.ascii	"long int\000"
 1763      20696E74 
 1763      00
 1764              	.LASF62:
 1765 00ff 63684D73 		.ascii	"chMsgSend\000"
 1765      6753656E 
 1765      6400
 1766              	.LASF14:
 1767 0109 74737461 		.ascii	"tstate_t\000"
 1767      74655F74 
 1767      00
 1768              	.LASF26:
 1769 0112 705F6E65 		.ascii	"p_newer\000"
 1769      77657200 
 1770              	.LASF49:
 1771 011a 725F6E65 		.ascii	"r_newer\000"
 1771      77657200 
 1772              	.LASF43:
 1773 0122 72656761 		.ascii	"regarm_t\000"
 1773      726D5F74 
 1773      00
ARM GAS  C:\Users\TAISIK~1\AppData\Local\Temp\ccRZmizE.s 			page 33


 1774              	.LASF0:
 1775 012b 756E7369 		.ascii	"unsigned int\000"
 1775      676E6564 
 1775      20696E74 
 1775      00
 1776              	.LASF9:
 1777 0138 6C6F6E67 		.ascii	"long unsigned int\000"
 1777      20756E73 
 1777      69676E65 
 1777      6420696E 
 1777      7400
 1778              	.LASF45:
 1779 014a 636F6E74 		.ascii	"context\000"
 1779      65787400 
 1780              	.LASF4:
 1781 0152 73686F72 		.ascii	"short unsigned int\000"
 1781      7420756E 
 1781      7369676E 
 1781      65642069 
 1781      6E7400
 1782              	.LASF18:
 1783 0165 6D73675F 		.ascii	"msg_t\000"
 1783      7400
 1784              	.LASF13:
 1785 016b 746D6F64 		.ascii	"tmode_t\000"
 1785      655F7400 
 1786              	.LASF42:
 1787 0173 54687265 		.ascii	"ThreadsList\000"
 1787      6164734C 
 1787      69737400 
 1788              	.LASF19:
 1789 017f 6576656E 		.ascii	"eventmask_t\000"
 1789      746D6173 
 1789      6B5F7400 
 1790              	.LASF53:
 1791 018b 4D757465 		.ascii	"Mutex\000"
 1791      7800
 1792              	.LASF27:
 1793 0191 705F6F6C 		.ascii	"p_older\000"
 1793      64657200 
 1794              	.LASF48:
 1795 0199 725F6374 		.ascii	"r_ctx\000"
 1795      7800
 1796              	.LASF41:
 1797 019f 54687265 		.ascii	"ThreadsQueue\000"
 1797      61647351 
 1797      75657565 
 1797      00
 1798              	.LASF51:
 1799 01ac 725F6375 		.ascii	"r_current\000"
 1799      7272656E 
 1799      7400
 1800              	.LASF50:
 1801 01b6 725F6F6C 		.ascii	"r_older\000"
 1801      64657200 
 1802              	.LASF15:
 1803 01be 74726566 		.ascii	"trefs_t\000"
ARM GAS  C:\Users\TAISIK~1\AppData\Local\Temp\ccRZmizE.s 			page 34


 1803      735F7400 
 1804              	.LASF23:
 1805 01c6 705F7072 		.ascii	"p_prev\000"
 1805      657600
 1806              	.LASF17:
 1807 01cd 74707269 		.ascii	"tprio_t\000"
 1807      6F5F7400 
 1808              	.LASF12:
 1809 01d5 5F426F6F 		.ascii	"_Bool\000"
 1809      6C00
 1810              	.LASF6:
 1811 01db 696E7433 		.ascii	"int32_t\000"
 1811      325F7400 
 1812              	.LASF2:
 1813 01e3 756E7369 		.ascii	"unsigned char\000"
 1813      676E6564 
 1813      20636861 
 1813      7200
 1814              	.LASF38:
 1815 01f1 705F6D74 		.ascii	"p_mtxlist\000"
 1815      786C6973 
 1815      7400
 1816              	.LASF3:
 1817 01fb 73686F72 		.ascii	"short int\000"
 1817      7420696E 
 1817      7400
 1818              	.LASF29:
 1819 0205 705F7374 		.ascii	"p_state\000"
 1819      61746500 
 1820              	.LASF32:
 1821 020d 705F7072 		.ascii	"p_preempt\000"
 1821      65656D70 
 1821      7400
 1822              	.LASF47:
 1823 0217 725F7072 		.ascii	"r_prio\000"
 1823      696F00
 1824              	.LASF60:
 1825 021e 65776D61 		.ascii	"ewmask\000"
 1825      736B00
 1826              	.LASF22:
 1827 0225 705F6E65 		.ascii	"p_next\000"
 1827      787400
 1828              	.LASF30:
 1829 022c 705F666C 		.ascii	"p_flags\000"
 1829      61677300 
 1830              	.LASF21:
 1831 0234 54687265 		.ascii	"Thread\000"
 1831      616400
 1832              	.LASF70:
 1833 023b 63684D73 		.ascii	"chMsgRelease\000"
 1833      6752656C 
 1833      65617365 
 1833      00
 1834              	.LASF37:
 1835 0248 705F6570 		.ascii	"p_epending\000"
 1835      656E6469 
 1835      6E6700
ARM GAS  C:\Users\TAISIK~1\AppData\Local\Temp\ccRZmizE.s 			page 35


 1836              	.LASF8:
 1837 0253 75696E74 		.ascii	"uint32_t\000"
 1837      33325F74 
 1837      00
 1838              	.LASF46:
 1839 025c 725F7175 		.ascii	"r_queue\000"
 1839      65756500 
 1840              	.LASF61:
 1841 0264 63686172 		.ascii	"char\000"
 1841      00
 1842              	.LASF69:
 1843 0269 6669666F 		.ascii	"fifo_remove\000"
 1843      5F72656D 
 1843      6F766500 
 1844              	.LASF56:
 1845 0275 6D5F6E65 		.ascii	"m_next\000"
 1845      787400
 1846              	.LASF20:
 1847 027c 73797374 		.ascii	"systime_t\000"
 1847      696D655F 
 1847      7400
 1848              	.LASF39:
 1849 0286 705F7265 		.ascii	"p_realprio\000"
 1849      616C7072 
 1849      696F00
 1850              	.LASF33:
 1851 0291 705F7469 		.ascii	"p_time\000"
 1851      6D6500
 1852              	.LASF44:
 1853 0298 696E7463 		.ascii	"intctx\000"
 1853      747800
 1854              	.LASF35:
 1855 029f 705F6D73 		.ascii	"p_msgqueue\000"
 1855      67717565 
 1855      756500
 1856              	.LASF63:
 1857 02aa 63684D73 		.ascii	"chMsgWait\000"
 1857      67576169 
 1857      7400
 1858              	.LASF31:
 1859 02b4 705F7265 		.ascii	"p_refs\000"
 1859      667300
 1860              	.LASF52:
 1861 02bb 52656164 		.ascii	"ReadyList\000"
 1861      794C6973 
 1861      7400
 1862              	.LASF64:
 1863 02c5 726C6973 		.ascii	"rlist\000"
 1863      7400
 1864              	.LASF5:
 1865 02cb 75696E74 		.ascii	"uint8_t\000"
 1865      385F7400 
 1866              	.LASF59:
 1867 02d3 77746F62 		.ascii	"wtobjp\000"
 1867      6A7000
 1868              	.LASF28:
 1869 02da 705F6E61 		.ascii	"p_name\000"
ARM GAS  C:\Users\TAISIK~1\AppData\Local\Temp\ccRZmizE.s 			page 36


 1869      6D6500
 1870              	.LASF66:
 1871 02e1 2E2E2F2E 		.ascii	"../../os/kernel/src/chmsg.c\000"
 1871      2E2F6F73 
 1871      2F6B6572 
 1871      6E656C2F 
 1871      7372632F 
 1872              	.LASF55:
 1873 02fd 6D5F6F77 		.ascii	"m_owner\000"
 1873      6E657200 
 1874              	.LASF25:
 1875 0305 705F6374 		.ascii	"p_ctx\000"
 1875      7800
 1876              	.LASF34:
 1877 030b 705F7761 		.ascii	"p_waiting\000"
 1877      6974696E 
 1877      6700
 1878              		.ident	"GCC: (GNU Tools for ARM Embedded Processors) 4.6.2 20121016 (release) [ARM/embedded-4_6-br
ARM GAS  C:\Users\TAISIK~1\AppData\Local\Temp\ccRZmizE.s 			page 37


DEFINED SYMBOLS
                            *ABS*:00000000 chmsg.c
C:\Users\TAISIK~1\AppData\Local\Temp\ccRZmizE.s:19     .text.chMsgSend:00000000 $t
C:\Users\TAISIK~1\AppData\Local\Temp\ccRZmizE.s:25     .text.chMsgSend:00000000 chMsgSend
C:\Users\TAISIK~1\AppData\Local\Temp\ccRZmizE.s:134    .text.chMsgSend:00000048 $d
C:\Users\TAISIK~1\AppData\Local\Temp\ccRZmizE.s:139    .text.chMsgWait:00000000 $t
C:\Users\TAISIK~1\AppData\Local\Temp\ccRZmizE.s:145    .text.chMsgWait:00000000 chMsgWait
C:\Users\TAISIK~1\AppData\Local\Temp\ccRZmizE.s:211    .text.chMsgWait:00000038 $d
C:\Users\TAISIK~1\AppData\Local\Temp\ccRZmizE.s:216    .text.chMsgRelease:00000000 $t
C:\Users\TAISIK~1\AppData\Local\Temp\ccRZmizE.s:222    .text.chMsgRelease:00000000 chMsgRelease
                     .debug_frame:00000010 $d
C:\Users\TAISIK~1\AppData\Local\Temp\ccRZmizE.s:138    .text.chMsgSend:0000004c $t
C:\Users\TAISIK~1\AppData\Local\Temp\ccRZmizE.s:215    .text.chMsgWait:0000003c $t

UNDEFINED SYMBOLS
chSchGoSleepS
chSchReadyI
rlist
chSchWakeupS
