ARM GAS  C:\Users\TAISIK~1\AppData\Local\Temp\ccqKPvtq.s 			page 1


   1              		.syntax unified
   2              		.cpu cortex-m4
   3              		.fpu softvfp
   4              		.eabi_attribute 20, 1
   5              		.eabi_attribute 21, 1
   6              		.eabi_attribute 23, 3
   7              		.eabi_attribute 24, 1
   8              		.eabi_attribute 25, 1
   9              		.eabi_attribute 26, 1
  10              		.eabi_attribute 30, 2
  11              		.eabi_attribute 34, 1
  12              		.eabi_attribute 18, 4
  13              		.thumb
  14              		.file	"chregistry.c"
  15              		.text
  16              	.Ltext0:
  17              		.cfi_sections	.debug_frame
  18              		.section	.text.chRegFirstThread,"ax",%progbits
  19              		.align	2
  20              		.p2align 4,,15
  21              		.global	chRegFirstThread
  22              		.thumb
  23              		.thumb_func
  24              		.type	chRegFirstThread, %function
  25              	chRegFirstThread:
  26              	.LFB7:
  27              		.file 1 "../../os/kernel/src/chregistry.c"
  28              		.loc 1 110 0
  29              		.cfi_startproc
  30              		@ args = 0, pretend = 0, frame = 0
  31              		@ frame_needed = 0, uses_anonymous_args = 0
  32              		@ link register save eliminated.
  33              	.LBB2:
  34              		.loc 1 113 0
  35 0000 2023     		movs	r3, #32
  36              	.LVL0:
  37              	@ 113 "../../os/kernel/src/chregistry.c" 1
  38 0002 83F31188 		msr     BASEPRI, r3
  39              	@ 0 "" 2
  40              	.LVL1:
  41              		.thumb
  42              	.LBE2:
  43              		.loc 1 114 0
  44 0006 40F20000 		movw	r0, #:lower16:rlist
  45 000a C0F20000 		movt	r0, #:upper16:rlist
  46              	.LBB3:
  47              		.loc 1 118 0
  48 000e 0023     		movs	r3, #0
  49              	.LVL2:
  50              	.LBE3:
  51              		.loc 1 114 0
  52 0010 0069     		ldr	r0, [r0, #16]
  53              	.LVL3:
  54              		.loc 1 116 0
  55 0012 817F     		ldrb	r1, [r0, #30]	@ zero_extendqisi2
  56 0014 4A1C     		adds	r2, r1, #1
  57 0016 8277     		strb	r2, [r0, #30]
ARM GAS  C:\Users\TAISIK~1\AppData\Local\Temp\ccqKPvtq.s 			page 2


  58              	.LBB4:
  59              		.loc 1 118 0
  60              	@ 118 "../../os/kernel/src/chregistry.c" 1
  61 0018 83F31188 		msr     BASEPRI, r3
  62              	@ 0 "" 2
  63              	.LVL4:
  64              		.thumb
  65              	.LBE4:
  66              		.loc 1 120 0
  67 001c 7047     		bx	lr
  68              		.cfi_endproc
  69              	.LFE7:
  70              		.size	chRegFirstThread, .-chRegFirstThread
  71 001e 00BF     		.section	.text.chRegNextThread,"ax",%progbits
  72              		.align	2
  73              		.p2align 4,,15
  74              		.global	chRegNextThread
  75              		.thumb
  76              		.thumb_func
  77              		.type	chRegNextThread, %function
  78              	chRegNextThread:
  79              	.LFB8:
  80              		.loc 1 133 0
  81              		.cfi_startproc
  82              		@ args = 0, pretend = 0, frame = 0
  83              		@ frame_needed = 0, uses_anonymous_args = 0
  84              	.LVL5:
  85 0000 10B5     		push	{r4, lr}
  86              	.LCFI0:
  87              		.cfi_def_cfa_offset 8
  88              		.cfi_offset 14, -4
  89              		.cfi_offset 4, -8
  90              	.LBB5:
  91              		.loc 1 136 0
  92 0002 2023     		movs	r3, #32
  93              	.LVL6:
  94              	@ 136 "../../os/kernel/src/chregistry.c" 1
  95 0004 83F31188 		msr     BASEPRI, r3
  96              	@ 0 "" 2
  97              	.LVL7:
  98              		.thumb
  99              	.LBE5:
 100              		.loc 1 138 0
 101 0008 074B     		ldr	r3, .L6
 102              	.LVL8:
 103              		.loc 1 137 0
 104 000a 0469     		ldr	r4, [r0, #16]
 105              	.LVL9:
 106              		.loc 1 138 0
 107 000c 9C42     		cmp	r4, r3
 108 000e 09D0     		beq	.L4
 109              	.LVL10:
 110              		.loc 1 144 0
 111 0010 A27F     		ldrb	r2, [r4, #30]	@ zero_extendqisi2
 112 0012 511C     		adds	r1, r2, #1
 113 0014 A177     		strb	r1, [r4, #30]
 114              	.LVL11:
ARM GAS  C:\Users\TAISIK~1\AppData\Local\Temp\ccqKPvtq.s 			page 3


 115              	.L3:
 116              	.LBB6:
 117              		.loc 1 147 0
 118 0016 0023     		movs	r3, #0
 119              	.LVL12:
 120              	@ 147 "../../os/kernel/src/chregistry.c" 1
 121 0018 83F31188 		msr     BASEPRI, r3
 122              	@ 0 "" 2
 123              	.LVL13:
 124              		.thumb
 125              	.LBE6:
 126              		.loc 1 149 0
 127 001c FFF7FEFF 		bl	chThdRelease
 128              	.LVL14:
 129              		.loc 1 152 0
 130 0020 2046     		mov	r0, r4
 131 0022 10BD     		pop	{r4, pc}
 132              	.LVL15:
 133              	.L4:
 134              		.loc 1 139 0
 135 0024 0024     		movs	r4, #0
 136              	.LVL16:
 137 0026 F6E7     		b	.L3
 138              	.L7:
 139              		.align	2
 140              	.L6:
 141 0028 00000000 		.word	rlist
 142              		.cfi_endproc
 143              	.LFE8:
 144              		.size	chRegNextThread, .-chRegNextThread
 145              		.global	ch_debug
 146 002c AFF30080 		.section	.rodata.ch_debug,"a",%progbits
 147              		.align	2
 148              		.type	ch_debug, %object
 149              		.size	ch_debug, 22
 150              	ch_debug:
 151 0000 6D61696E 		.ascii	"main"
 152 0004 00       		.byte	0
 153 0005 16       		.byte	22
 154 0006 4211     		.short	4418
 155 0008 04       		.byte	4
 156 0009 04       		.byte	4
 157 000a 48       		.byte	72
 158 000b 08       		.byte	8
 159 000c 0C       		.byte	12
 160 000d 10       		.byte	16
 161 000e 14       		.byte	20
 162 000f 18       		.byte	24
 163 0010 00       		.byte	0
 164 0011 1C       		.byte	28
 165 0012 1D       		.byte	29
 166 0013 1E       		.byte	30
 167 0014 1F       		.byte	31
 168 0015 20       		.byte	32
 169 0016 0000     		.text
 170              	.Letext0:
 171              		.file 2 "c:\\chibistudio\\tools\\gnu tools arm embedded\\4.6 2012q4\\bin\\../lib/gcc/arm-none-eabi
ARM GAS  C:\Users\TAISIK~1\AppData\Local\Temp\ccqKPvtq.s 			page 4


 172              		.file 3 "c:\\chibistudio\\tools\\gnu tools arm embedded\\4.6 2012q4\\bin\\../lib/gcc/arm-none-eabi
 173              		.file 4 "../../os/ports/GCC/ARMCMx/chtypes.h"
 174              		.file 5 "../../os/kernel/include/chlists.h"
 175              		.file 6 "../../os/kernel/include/chthreads.h"
 176              		.file 7 "../../os/ports/GCC/ARMCMx/chcore_v7m.h"
 177              		.file 8 "../../os/kernel/include/chschd.h"
 178              		.file 9 "../../os/kernel/include/chmtx.h"
 179              		.file 10 "../../os/kernel/include/chregistry.h"
 180              		.section	.debug_info,"",%progbits
 181              	.Ldebug_info0:
 182 0000 65060000 		.4byte	0x665
 183 0004 0200     		.2byte	0x2
 184 0006 00000000 		.4byte	.Ldebug_abbrev0
 185 000a 04       		.byte	0x4
 186 000b 01       		.uleb128 0x1
 187 000c 21000000 		.4byte	.LASF87
 188 0010 01       		.byte	0x1
 189 0011 84030000 		.4byte	.LASF88
 190 0015 BD000000 		.4byte	.LASF89
 191 0019 00000000 		.4byte	0
 192 001d 00000000 		.4byte	0
 193 0021 18000000 		.4byte	.Ldebug_ranges0+0x18
 194 0025 00000000 		.4byte	.Ldebug_line0
 195 0029 02       		.uleb128 0x2
 196 002a 04       		.byte	0x4
 197 002b 05       		.byte	0x5
 198 002c 696E7400 		.ascii	"int\000"
 199 0030 03       		.uleb128 0x3
 200 0031 13000000 		.4byte	.LASF2
 201 0035 02       		.byte	0x2
 202 0036 D4       		.byte	0xd4
 203 0037 3B000000 		.4byte	0x3b
 204 003b 04       		.uleb128 0x4
 205 003c 04       		.byte	0x4
 206 003d 07       		.byte	0x7
 207 003e 84010000 		.4byte	.LASF0
 208 0042 04       		.uleb128 0x4
 209 0043 01       		.byte	0x1
 210 0044 06       		.byte	0x6
 211 0045 03010000 		.4byte	.LASF1
 212 0049 03       		.uleb128 0x3
 213 004a C7030000 		.4byte	.LASF3
 214 004e 03       		.byte	0x3
 215 004f 2A       		.byte	0x2a
 216 0050 54000000 		.4byte	0x54
 217 0054 04       		.uleb128 0x4
 218 0055 01       		.byte	0x1
 219 0056 08       		.byte	0x8
 220 0057 92020000 		.4byte	.LASF4
 221 005b 04       		.uleb128 0x4
 222 005c 02       		.byte	0x2
 223 005d 05       		.byte	0x5
 224 005e AA020000 		.4byte	.LASF5
 225 0062 03       		.uleb128 0x3
 226 0063 58010000 		.4byte	.LASF6
 227 0067 03       		.byte	0x3
 228 0068 36       		.byte	0x36
ARM GAS  C:\Users\TAISIK~1\AppData\Local\Temp\ccqKPvtq.s 			page 5


 229 0069 6D000000 		.4byte	0x6d
 230 006d 04       		.uleb128 0x4
 231 006e 02       		.byte	0x2
 232 006f 07       		.byte	0x7
 233 0070 C2010000 		.4byte	.LASF7
 234 0074 03       		.uleb128 0x3
 235 0075 8A020000 		.4byte	.LASF8
 236 0079 03       		.byte	0x3
 237 007a 4F       		.byte	0x4f
 238 007b 7F000000 		.4byte	0x7f
 239 007f 04       		.uleb128 0x4
 240 0080 04       		.byte	0x4
 241 0081 05       		.byte	0x5
 242 0082 46010000 		.4byte	.LASF9
 243 0086 03       		.uleb128 0x3
 244 0087 1D030000 		.4byte	.LASF10
 245 008b 03       		.byte	0x3
 246 008c 50       		.byte	0x50
 247 008d 91000000 		.4byte	0x91
 248 0091 04       		.uleb128 0x4
 249 0092 04       		.byte	0x4
 250 0093 07       		.byte	0x7
 251 0094 91010000 		.4byte	.LASF11
 252 0098 04       		.uleb128 0x4
 253 0099 08       		.byte	0x8
 254 009a 05       		.byte	0x5
 255 009b F5000000 		.4byte	.LASF12
 256 009f 04       		.uleb128 0x4
 257 00a0 08       		.byte	0x8
 258 00a1 07       		.byte	0x7
 259 00a2 6A000000 		.4byte	.LASF13
 260 00a6 04       		.uleb128 0x4
 261 00a7 01       		.byte	0x1
 262 00a8 02       		.byte	0x2
 263 00a9 84020000 		.4byte	.LASF14
 264 00ad 03       		.uleb128 0x3
 265 00ae DB010000 		.4byte	.LASF15
 266 00b2 04       		.byte	0x4
 267 00b3 25       		.byte	0x25
 268 00b4 49000000 		.4byte	0x49
 269 00b8 03       		.uleb128 0x3
 270 00b9 4F010000 		.4byte	.LASF16
 271 00bd 04       		.byte	0x4
 272 00be 26       		.byte	0x26
 273 00bf 49000000 		.4byte	0x49
 274 00c3 03       		.uleb128 0x3
 275 00c4 62020000 		.4byte	.LASF17
 276 00c8 04       		.byte	0x4
 277 00c9 27       		.byte	0x27
 278 00ca 49000000 		.4byte	0x49
 279 00ce 03       		.uleb128 0x3
 280 00cf 3C010000 		.4byte	.LASF18
 281 00d3 04       		.byte	0x4
 282 00d4 28       		.byte	0x28
 283 00d5 49000000 		.4byte	0x49
 284 00d9 03       		.uleb128 0x3
 285 00da 7C020000 		.4byte	.LASF19
ARM GAS  C:\Users\TAISIK~1\AppData\Local\Temp\ccqKPvtq.s 			page 6


 286 00de 04       		.byte	0x4
 287 00df 29       		.byte	0x29
 288 00e0 86000000 		.4byte	0x86
 289 00e4 03       		.uleb128 0x3
 290 00e5 D5010000 		.4byte	.LASF20
 291 00e9 04       		.byte	0x4
 292 00ea 2A       		.byte	0x2a
 293 00eb 74000000 		.4byte	0x74
 294 00ef 03       		.uleb128 0x3
 295 00f0 EF010000 		.4byte	.LASF21
 296 00f4 04       		.byte	0x4
 297 00f5 2C       		.byte	0x2c
 298 00f6 86000000 		.4byte	0x86
 299 00fa 03       		.uleb128 0x3
 300 00fb 56030000 		.4byte	.LASF22
 301 00ff 04       		.byte	0x4
 302 0100 2E       		.byte	0x2e
 303 0101 86000000 		.4byte	0x86
 304 0105 03       		.uleb128 0x3
 305 0106 FE020000 		.4byte	.LASF23
 306 010a 05       		.byte	0x5
 307 010b 23       		.byte	0x23
 308 010c 10010000 		.4byte	0x110
 309 0110 05       		.uleb128 0x5
 310 0111 FE020000 		.4byte	.LASF23
 311 0115 48       		.byte	0x48
 312 0116 06       		.byte	0x6
 313 0117 57       		.byte	0x57
 314 0118 35020000 		.4byte	0x235
 315 011c 06       		.uleb128 0x6
 316 011d E0020000 		.4byte	.LASF24
 317 0121 06       		.byte	0x6
 318 0122 58       		.byte	0x58
 319 0123 5A020000 		.4byte	0x25a
 320 0127 02       		.byte	0x2
 321 0128 23       		.byte	0x23
 322 0129 00       		.uleb128 0
 323 012a 06       		.uleb128 0x6
 324 012b 75020000 		.4byte	.LASF25
 325 012f 06       		.byte	0x6
 326 0130 5A       		.byte	0x5a
 327 0131 5A020000 		.4byte	0x25a
 328 0135 02       		.byte	0x2
 329 0136 23       		.byte	0x23
 330 0137 04       		.uleb128 0x4
 331 0138 06       		.uleb128 0x6
 332 0139 A9000000 		.4byte	.LASF26
 333 013d 06       		.byte	0x6
 334 013e 5C       		.byte	0x5c
 335 013f D9000000 		.4byte	0xd9
 336 0143 02       		.byte	0x2
 337 0144 23       		.byte	0x23
 338 0145 08       		.uleb128 0x8
 339 0146 06       		.uleb128 0x6
 340 0147 F0030000 		.4byte	.LASF27
 341 014b 06       		.byte	0x6
 342 014c 5D       		.byte	0x5d
ARM GAS  C:\Users\TAISIK~1\AppData\Local\Temp\ccqKPvtq.s 			page 7


 343 014d 28030000 		.4byte	0x328
 344 0151 02       		.byte	0x2
 345 0152 23       		.byte	0x23
 346 0153 0C       		.uleb128 0xc
 347 0154 06       		.uleb128 0x6
 348 0155 6B010000 		.4byte	.LASF28
 349 0159 06       		.byte	0x6
 350 015a 5F       		.byte	0x5f
 351 015b 5A020000 		.4byte	0x25a
 352 015f 02       		.byte	0x2
 353 0160 23       		.byte	0x23
 354 0161 10       		.uleb128 0x10
 355 0162 06       		.uleb128 0x6
 356 0163 2D020000 		.4byte	.LASF29
 357 0167 06       		.byte	0x6
 358 0168 60       		.byte	0x60
 359 0169 5A020000 		.4byte	0x25a
 360 016d 02       		.byte	0x2
 361 016e 23       		.byte	0x23
 362 016f 14       		.uleb128 0x14
 363 0170 06       		.uleb128 0x6
 364 0171 D6030000 		.4byte	.LASF30
 365 0175 06       		.byte	0x6
 366 0176 67       		.byte	0x67
 367 0177 35040000 		.4byte	0x435
 368 017b 02       		.byte	0x2
 369 017c 23       		.byte	0x23
 370 017d 18       		.uleb128 0x18
 371 017e 06       		.uleb128 0x6
 372 017f B4020000 		.4byte	.LASF31
 373 0183 06       		.byte	0x6
 374 0184 72       		.byte	0x72
 375 0185 B8000000 		.4byte	0xb8
 376 0189 02       		.byte	0x2
 377 018a 23       		.byte	0x23
 378 018b 1C       		.uleb128 0x1c
 379 018c 06       		.uleb128 0x6
 380 018d F6020000 		.4byte	.LASF32
 381 0191 06       		.byte	0x6
 382 0192 76       		.byte	0x76
 383 0193 AD000000 		.4byte	0xad
 384 0197 02       		.byte	0x2
 385 0198 23       		.byte	0x23
 386 0199 1D       		.uleb128 0x1d
 387 019a 06       		.uleb128 0x6
 388 019b B0030000 		.4byte	.LASF33
 389 019f 06       		.byte	0x6
 390 01a0 7B       		.byte	0x7b
 391 01a1 C3000000 		.4byte	0xc3
 392 01a5 02       		.byte	0x2
 393 01a6 23       		.byte	0x23
 394 01a7 1E       		.uleb128 0x1e
 395 01a8 06       		.uleb128 0x6
 396 01a9 BC020000 		.4byte	.LASF34
 397 01ad 06       		.byte	0x6
 398 01ae 81       		.byte	0x81
 399 01af CE000000 		.4byte	0xce
ARM GAS  C:\Users\TAISIK~1\AppData\Local\Temp\ccqKPvtq.s 			page 8


 400 01b3 02       		.byte	0x2
 401 01b4 23       		.byte	0x23
 402 01b5 1F       		.uleb128 0x1f
 403 01b6 06       		.uleb128 0x6
 404 01b7 6B030000 		.4byte	.LASF35
 405 01bb 06       		.byte	0x6
 406 01bc 88       		.byte	0x88
 407 01bd 4B030000 		.4byte	0x34b
 408 01c1 02       		.byte	0x2
 409 01c2 23       		.byte	0x23
 410 01c3 20       		.uleb128 0x20
 411 01c4 07       		.uleb128 0x7
 412 01c5 705F7500 		.ascii	"p_u\000"
 413 01c9 06       		.byte	0x6
 414 01ca AD       		.byte	0xad
 415 01cb 00040000 		.4byte	0x400
 416 01cf 02       		.byte	0x2
 417 01d0 23       		.byte	0x23
 418 01d1 24       		.uleb128 0x24
 419 01d2 06       		.uleb128 0x6
 420 01d3 F6030000 		.4byte	.LASF36
 421 01d7 06       		.byte	0x6
 422 01d8 B2       		.byte	0xb2
 423 01d9 82020000 		.4byte	0x282
 424 01dd 02       		.byte	0x2
 425 01de 23       		.byte	0x23
 426 01df 28       		.uleb128 0x28
 427 01e0 06       		.uleb128 0x6
 428 01e1 79030000 		.4byte	.LASF37
 429 01e5 06       		.byte	0x6
 430 01e6 B8       		.byte	0xb8
 431 01e7 60020000 		.4byte	0x260
 432 01eb 02       		.byte	0x2
 433 01ec 23       		.byte	0x23
 434 01ed 2C       		.uleb128 0x2c
 435 01ee 06       		.uleb128 0x6
 436 01ef 0D000000 		.4byte	.LASF38
 437 01f3 06       		.byte	0x6
 438 01f4 BC       		.byte	0xbc
 439 01f5 E4000000 		.4byte	0xe4
 440 01f9 02       		.byte	0x2
 441 01fa 23       		.byte	0x23
 442 01fb 34       		.uleb128 0x34
 443 01fc 06       		.uleb128 0x6
 444 01fd 12030000 		.4byte	.LASF39
 445 0201 06       		.byte	0x6
 446 0202 C2       		.byte	0xc2
 447 0203 EF000000 		.4byte	0xef
 448 0207 02       		.byte	0x2
 449 0208 23       		.byte	0x23
 450 0209 38       		.uleb128 0x38
 451 020a 06       		.uleb128 0x6
 452 020b A0020000 		.4byte	.LASF40
 453 020f 06       		.byte	0x6
 454 0210 C9       		.byte	0xc9
 455 0211 47040000 		.4byte	0x447
 456 0215 02       		.byte	0x2
ARM GAS  C:\Users\TAISIK~1\AppData\Local\Temp\ccqKPvtq.s 			page 9


 457 0216 23       		.byte	0x23
 458 0217 3C       		.uleb128 0x3c
 459 0218 06       		.uleb128 0x6
 460 0219 60030000 		.4byte	.LASF41
 461 021d 06       		.byte	0x6
 462 021e CD       		.byte	0xcd
 463 021f D9000000 		.4byte	0xd9
 464 0223 02       		.byte	0x2
 465 0224 23       		.byte	0x23
 466 0225 40       		.uleb128 0x40
 467 0226 06       		.uleb128 0x6
 468 0227 2C010000 		.4byte	.LASF42
 469 022b 06       		.byte	0x6
 470 022c D3       		.byte	0xd3
 471 022d 98020000 		.4byte	0x298
 472 0231 02       		.byte	0x2
 473 0232 23       		.byte	0x23
 474 0233 44       		.uleb128 0x44
 475 0234 00       		.byte	0
 476 0235 08       		.uleb128 0x8
 477 0236 08       		.byte	0x8
 478 0237 05       		.byte	0x5
 479 0238 5A       		.byte	0x5a
 480 0239 5A020000 		.4byte	0x25a
 481 023d 06       		.uleb128 0x6
 482 023e E0020000 		.4byte	.LASF24
 483 0242 05       		.byte	0x5
 484 0243 5B       		.byte	0x5b
 485 0244 5A020000 		.4byte	0x25a
 486 0248 02       		.byte	0x2
 487 0249 23       		.byte	0x23
 488 024a 00       		.uleb128 0
 489 024b 06       		.uleb128 0x6
 490 024c 75020000 		.4byte	.LASF25
 491 0250 05       		.byte	0x5
 492 0251 5D       		.byte	0x5d
 493 0252 5A020000 		.4byte	0x25a
 494 0256 02       		.byte	0x2
 495 0257 23       		.byte	0x23
 496 0258 04       		.uleb128 0x4
 497 0259 00       		.byte	0
 498 025a 09       		.uleb128 0x9
 499 025b 04       		.byte	0x4
 500 025c 05010000 		.4byte	0x105
 501 0260 03       		.uleb128 0x3
 502 0261 3B020000 		.4byte	.LASF43
 503 0265 05       		.byte	0x5
 504 0266 5F       		.byte	0x5f
 505 0267 35020000 		.4byte	0x235
 506 026b 08       		.uleb128 0x8
 507 026c 04       		.byte	0x4
 508 026d 05       		.byte	0x5
 509 026e 64       		.byte	0x64
 510 026f 82020000 		.4byte	0x282
 511 0273 06       		.uleb128 0x6
 512 0274 E0020000 		.4byte	.LASF24
 513 0278 05       		.byte	0x5
ARM GAS  C:\Users\TAISIK~1\AppData\Local\Temp\ccqKPvtq.s 			page 10


 514 0279 66       		.byte	0x66
 515 027a 5A020000 		.4byte	0x25a
 516 027e 02       		.byte	0x2
 517 027f 23       		.byte	0x23
 518 0280 00       		.uleb128 0
 519 0281 00       		.byte	0
 520 0282 03       		.uleb128 0x3
 521 0283 E3010000 		.4byte	.LASF44
 522 0287 05       		.byte	0x5
 523 0288 69       		.byte	0x69
 524 0289 6B020000 		.4byte	0x26b
 525 028d 03       		.uleb128 0x3
 526 028e 7B010000 		.4byte	.LASF45
 527 0292 07       		.byte	0x7
 528 0293 DE       		.byte	0xde
 529 0294 98020000 		.4byte	0x298
 530 0298 0A       		.uleb128 0xa
 531 0299 04       		.byte	0x4
 532 029a 0B       		.uleb128 0xb
 533 029b 72030000 		.4byte	.LASF46
 534 029f 24       		.byte	0x24
 535 02a0 07       		.byte	0x7
 536 02a1 0501     		.2byte	0x105
 537 02a3 28030000 		.4byte	0x328
 538 02a7 0C       		.uleb128 0xc
 539 02a8 723400   		.ascii	"r4\000"
 540 02ab 07       		.byte	0x7
 541 02ac 1801     		.2byte	0x118
 542 02ae 8D020000 		.4byte	0x28d
 543 02b2 02       		.byte	0x2
 544 02b3 23       		.byte	0x23
 545 02b4 00       		.uleb128 0
 546 02b5 0C       		.uleb128 0xc
 547 02b6 723500   		.ascii	"r5\000"
 548 02b9 07       		.byte	0x7
 549 02ba 1901     		.2byte	0x119
 550 02bc 8D020000 		.4byte	0x28d
 551 02c0 02       		.byte	0x2
 552 02c1 23       		.byte	0x23
 553 02c2 04       		.uleb128 0x4
 554 02c3 0C       		.uleb128 0xc
 555 02c4 723600   		.ascii	"r6\000"
 556 02c7 07       		.byte	0x7
 557 02c8 1A01     		.2byte	0x11a
 558 02ca 8D020000 		.4byte	0x28d
 559 02ce 02       		.byte	0x2
 560 02cf 23       		.byte	0x23
 561 02d0 08       		.uleb128 0x8
 562 02d1 0C       		.uleb128 0xc
 563 02d2 723700   		.ascii	"r7\000"
 564 02d5 07       		.byte	0x7
 565 02d6 1B01     		.2byte	0x11b
 566 02d8 8D020000 		.4byte	0x28d
 567 02dc 02       		.byte	0x2
 568 02dd 23       		.byte	0x23
 569 02de 0C       		.uleb128 0xc
 570 02df 0C       		.uleb128 0xc
ARM GAS  C:\Users\TAISIK~1\AppData\Local\Temp\ccqKPvtq.s 			page 11


 571 02e0 723800   		.ascii	"r8\000"
 572 02e3 07       		.byte	0x7
 573 02e4 1C01     		.2byte	0x11c
 574 02e6 8D020000 		.4byte	0x28d
 575 02ea 02       		.byte	0x2
 576 02eb 23       		.byte	0x23
 577 02ec 10       		.uleb128 0x10
 578 02ed 0C       		.uleb128 0xc
 579 02ee 723900   		.ascii	"r9\000"
 580 02f1 07       		.byte	0x7
 581 02f2 1D01     		.2byte	0x11d
 582 02f4 8D020000 		.4byte	0x28d
 583 02f8 02       		.byte	0x2
 584 02f9 23       		.byte	0x23
 585 02fa 14       		.uleb128 0x14
 586 02fb 0C       		.uleb128 0xc
 587 02fc 72313000 		.ascii	"r10\000"
 588 0300 07       		.byte	0x7
 589 0301 1E01     		.2byte	0x11e
 590 0303 8D020000 		.4byte	0x28d
 591 0307 02       		.byte	0x2
 592 0308 23       		.byte	0x23
 593 0309 18       		.uleb128 0x18
 594 030a 0C       		.uleb128 0xc
 595 030b 72313100 		.ascii	"r11\000"
 596 030f 07       		.byte	0x7
 597 0310 1F01     		.2byte	0x11f
 598 0312 8D020000 		.4byte	0x28d
 599 0316 02       		.byte	0x2
 600 0317 23       		.byte	0x23
 601 0318 1C       		.uleb128 0x1c
 602 0319 0C       		.uleb128 0xc
 603 031a 6C7200   		.ascii	"lr\000"
 604 031d 07       		.byte	0x7
 605 031e 2001     		.2byte	0x120
 606 0320 8D020000 		.4byte	0x28d
 607 0324 02       		.byte	0x2
 608 0325 23       		.byte	0x23
 609 0326 20       		.uleb128 0x20
 610 0327 00       		.byte	0
 611 0328 0B       		.uleb128 0xb
 612 0329 BA010000 		.4byte	.LASF47
 613 032d 04       		.byte	0x4
 614 032e 07       		.byte	0x7
 615 032f 2A01     		.2byte	0x12a
 616 0331 45030000 		.4byte	0x345
 617 0335 0C       		.uleb128 0xc
 618 0336 72313300 		.ascii	"r13\000"
 619 033a 07       		.byte	0x7
 620 033b 2B01     		.2byte	0x12b
 621 033d 45030000 		.4byte	0x345
 622 0341 02       		.byte	0x2
 623 0342 23       		.byte	0x23
 624 0343 00       		.uleb128 0
 625 0344 00       		.byte	0
 626 0345 09       		.uleb128 0x9
 627 0346 04       		.byte	0x4
ARM GAS  C:\Users\TAISIK~1\AppData\Local\Temp\ccqKPvtq.s 			page 12


 628 0347 9A020000 		.4byte	0x29a
 629 034b 0D       		.uleb128 0xd
 630 034c FA000000 		.4byte	0xfa
 631 0350 08       		.uleb128 0x8
 632 0351 1C       		.byte	0x1c
 633 0352 08       		.byte	0x8
 634 0353 57       		.byte	0x57
 635 0354 AD030000 		.4byte	0x3ad
 636 0358 06       		.uleb128 0x6
 637 0359 32030000 		.4byte	.LASF48
 638 035d 08       		.byte	0x8
 639 035e 58       		.byte	0x58
 640 035f 60020000 		.4byte	0x260
 641 0363 02       		.byte	0x2
 642 0364 23       		.byte	0x23
 643 0365 00       		.uleb128 0
 644 0366 06       		.uleb128 0x6
 645 0367 D2020000 		.4byte	.LASF49
 646 036b 08       		.byte	0x8
 647 036c 59       		.byte	0x59
 648 036d D9000000 		.4byte	0xd9
 649 0371 02       		.byte	0x2
 650 0372 23       		.byte	0x23
 651 0373 08       		.uleb128 0x8
 652 0374 06       		.uleb128 0x6
 653 0375 35020000 		.4byte	.LASF50
 654 0379 08       		.byte	0x8
 655 037a 5B       		.byte	0x5b
 656 037b 28030000 		.4byte	0x328
 657 037f 02       		.byte	0x2
 658 0380 23       		.byte	0x23
 659 0381 0C       		.uleb128 0xc
 660 0382 06       		.uleb128 0x6
 661 0383 73010000 		.4byte	.LASF51
 662 0387 08       		.byte	0x8
 663 0388 5E       		.byte	0x5e
 664 0389 5A020000 		.4byte	0x25a
 665 038d 02       		.byte	0x2
 666 038e 23       		.byte	0x23
 667 038f 10       		.uleb128 0x10
 668 0390 06       		.uleb128 0x6
 669 0391 5A020000 		.4byte	.LASF52
 670 0395 08       		.byte	0x8
 671 0396 5F       		.byte	0x5f
 672 0397 5A020000 		.4byte	0x25a
 673 039b 02       		.byte	0x2
 674 039c 23       		.byte	0x23
 675 039d 14       		.uleb128 0x14
 676 039e 06       		.uleb128 0x6
 677 039f 50020000 		.4byte	.LASF53
 678 03a3 08       		.byte	0x8
 679 03a4 62       		.byte	0x62
 680 03a5 5A020000 		.4byte	0x25a
 681 03a9 02       		.byte	0x2
 682 03aa 23       		.byte	0x23
 683 03ab 18       		.uleb128 0x18
 684 03ac 00       		.byte	0
ARM GAS  C:\Users\TAISIK~1\AppData\Local\Temp\ccqKPvtq.s 			page 13


 685 03ad 03       		.uleb128 0x3
 686 03ae B7030000 		.4byte	.LASF54
 687 03b2 08       		.byte	0x8
 688 03b3 64       		.byte	0x64
 689 03b4 50030000 		.4byte	0x350
 690 03b8 05       		.uleb128 0x5
 691 03b9 FB010000 		.4byte	.LASF55
 692 03bd 10       		.byte	0x10
 693 03be 09       		.byte	0x9
 694 03bf 25       		.byte	0x25
 695 03c0 EF030000 		.4byte	0x3ef
 696 03c4 06       		.uleb128 0x6
 697 03c5 34010000 		.4byte	.LASF56
 698 03c9 09       		.byte	0x9
 699 03ca 26       		.byte	0x26
 700 03cb 60020000 		.4byte	0x260
 701 03cf 02       		.byte	0x2
 702 03d0 23       		.byte	0x23
 703 03d1 00       		.uleb128 0
 704 03d2 06       		.uleb128 0x6
 705 03d3 E8030000 		.4byte	.LASF57
 706 03d7 09       		.byte	0x9
 707 03d8 28       		.byte	0x28
 708 03d9 5A020000 		.4byte	0x25a
 709 03dd 02       		.byte	0x2
 710 03de 23       		.byte	0x23
 711 03df 08       		.uleb128 0x8
 712 03e0 06       		.uleb128 0x6
 713 03e1 4F030000 		.4byte	.LASF58
 714 03e5 09       		.byte	0x9
 715 03e6 2A       		.byte	0x2a
 716 03e7 EF030000 		.4byte	0x3ef
 717 03eb 02       		.byte	0x2
 718 03ec 23       		.byte	0x23
 719 03ed 0C       		.uleb128 0xc
 720 03ee 00       		.byte	0
 721 03ef 09       		.uleb128 0x9
 722 03f0 04       		.byte	0x4
 723 03f1 B8030000 		.4byte	0x3b8
 724 03f5 03       		.uleb128 0x3
 725 03f6 FB010000 		.4byte	.LASF55
 726 03fa 09       		.byte	0x9
 727 03fb 2C       		.byte	0x2c
 728 03fc B8030000 		.4byte	0x3b8
 729 0400 0E       		.uleb128 0xe
 730 0401 04       		.byte	0x4
 731 0402 06       		.byte	0x6
 732 0403 8F       		.byte	0x8f
 733 0404 35040000 		.4byte	0x435
 734 0408 0F       		.uleb128 0xf
 735 0409 1A000000 		.4byte	.LASF59
 736 040d 06       		.byte	0x6
 737 040e 96       		.byte	0x96
 738 040f E4000000 		.4byte	0xe4
 739 0413 0F       		.uleb128 0xf
 740 0414 8F000000 		.4byte	.LASF60
 741 0418 06       		.byte	0x6
ARM GAS  C:\Users\TAISIK~1\AppData\Local\Temp\ccqKPvtq.s 			page 14


 742 0419 9D       		.byte	0x9d
 743 041a E4000000 		.4byte	0xe4
 744 041e 0F       		.uleb128 0xf
 745 041f CF030000 		.4byte	.LASF61
 746 0423 06       		.byte	0x6
 747 0424 A4       		.byte	0xa4
 748 0425 98020000 		.4byte	0x298
 749 0429 0F       		.uleb128 0xf
 750 042a D9020000 		.4byte	.LASF62
 751 042e 06       		.byte	0x6
 752 042f AB       		.byte	0xab
 753 0430 EF000000 		.4byte	0xef
 754 0434 00       		.byte	0
 755 0435 09       		.uleb128 0x9
 756 0436 04       		.byte	0x4
 757 0437 3B040000 		.4byte	0x43b
 758 043b 10       		.uleb128 0x10
 759 043c 40040000 		.4byte	0x440
 760 0440 04       		.uleb128 0x4
 761 0441 01       		.byte	0x1
 762 0442 08       		.byte	0x8
 763 0443 3A030000 		.4byte	.LASF63
 764 0447 09       		.uleb128 0x9
 765 0448 04       		.byte	0x4
 766 0449 F5030000 		.4byte	0x3f5
 767 044d 08       		.uleb128 0x8
 768 044e 16       		.byte	0x16
 769 044f 0A       		.byte	0xa
 770 0450 25       		.byte	0x25
 771 0451 52050000 		.4byte	0x552
 772 0455 06       		.uleb128 0x6
 773 0456 AC010000 		.4byte	.LASF64
 774 045a 0A       		.byte	0xa
 775 045b 26       		.byte	0x26
 776 045c 52050000 		.4byte	0x552
 777 0460 02       		.byte	0x2
 778 0461 23       		.byte	0x23
 779 0462 00       		.uleb128 0
 780 0463 06       		.uleb128 0x6
 781 0464 01020000 		.4byte	.LASF65
 782 0468 0A       		.byte	0xa
 783 0469 27       		.byte	0x27
 784 046a 49000000 		.4byte	0x49
 785 046e 02       		.byte	0x2
 786 046f 23       		.byte	0x23
 787 0470 04       		.uleb128 0x4
 788 0471 06       		.uleb128 0x6
 789 0472 48020000 		.4byte	.LASF66
 790 0476 0A       		.byte	0xa
 791 0477 28       		.byte	0x28
 792 0478 49000000 		.4byte	0x49
 793 047c 02       		.byte	0x2
 794 047d 23       		.byte	0x23
 795 047e 05       		.uleb128 0x5
 796 047f 06       		.uleb128 0x6
 797 0480 DD030000 		.4byte	.LASF67
 798 0484 0A       		.byte	0xa
ARM GAS  C:\Users\TAISIK~1\AppData\Local\Temp\ccqKPvtq.s 			page 15


 799 0485 29       		.byte	0x29
 800 0486 62000000 		.4byte	0x62
 801 048a 02       		.byte	0x2
 802 048b 23       		.byte	0x23
 803 048c 06       		.uleb128 0x6
 804 048d 06       		.uleb128 0x6
 805 048e 6A020000 		.4byte	.LASF68
 806 0492 0A       		.byte	0xa
 807 0493 2A       		.byte	0x2a
 808 0494 49000000 		.4byte	0x49
 809 0498 02       		.byte	0x2
 810 0499 23       		.byte	0x23
 811 049a 08       		.uleb128 0x8
 812 049b 06       		.uleb128 0x6
 813 049c 15020000 		.4byte	.LASF69
 814 04a0 0A       		.byte	0xa
 815 04a1 2B       		.byte	0x2b
 816 04a2 49000000 		.4byte	0x49
 817 04a6 02       		.byte	0x2
 818 04a7 23       		.byte	0x23
 819 04a8 09       		.uleb128 0x9
 820 04a9 06       		.uleb128 0x6
 821 04aa 81000000 		.4byte	.LASF70
 822 04ae 0A       		.byte	0xa
 823 04af 2C       		.byte	0x2c
 824 04b0 49000000 		.4byte	0x49
 825 04b4 02       		.byte	0x2
 826 04b5 23       		.byte	0x23
 827 04b6 0A       		.uleb128 0xa
 828 04b7 06       		.uleb128 0x6
 829 04b8 26030000 		.4byte	.LASF71
 830 04bc 0A       		.byte	0xa
 831 04bd 2D       		.byte	0x2d
 832 04be 49000000 		.4byte	0x49
 833 04c2 02       		.byte	0x2
 834 04c3 23       		.byte	0x23
 835 04c4 0B       		.uleb128 0xb
 836 04c5 06       		.uleb128 0x6
 837 04c6 A5030000 		.4byte	.LASF72
 838 04ca 0A       		.byte	0xa
 839 04cb 2E       		.byte	0x2e
 840 04cc 49000000 		.4byte	0x49
 841 04d0 02       		.byte	0x2
 842 04d1 23       		.byte	0x23
 843 04d2 0C       		.uleb128 0xc
 844 04d3 06       		.uleb128 0x6
 845 04d4 05030000 		.4byte	.LASF73
 846 04d8 0A       		.byte	0xa
 847 04d9 2F       		.byte	0x2f
 848 04da 49000000 		.4byte	0x49
 849 04de 02       		.byte	0x2
 850 04df 23       		.byte	0x23
 851 04e0 0D       		.uleb128 0xd
 852 04e1 06       		.uleb128 0x6
 853 04e2 00000000 		.4byte	.LASF74
 854 04e6 0A       		.byte	0xa
 855 04e7 30       		.byte	0x30
ARM GAS  C:\Users\TAISIK~1\AppData\Local\Temp\ccqKPvtq.s 			page 16


 856 04e8 49000000 		.4byte	0x49
 857 04ec 02       		.byte	0x2
 858 04ed 23       		.byte	0x23
 859 04ee 0E       		.uleb128 0xe
 860 04ef 06       		.uleb128 0x6
 861 04f0 21020000 		.4byte	.LASF75
 862 04f4 0A       		.byte	0xa
 863 04f5 31       		.byte	0x31
 864 04f6 49000000 		.4byte	0x49
 865 04fa 02       		.byte	0x2
 866 04fb 23       		.byte	0x23
 867 04fc 0F       		.uleb128 0xf
 868 04fd 06       		.uleb128 0x6
 869 04fe 0F010000 		.4byte	.LASF76
 870 0502 0A       		.byte	0xa
 871 0503 32       		.byte	0x32
 872 0504 49000000 		.4byte	0x49
 873 0508 02       		.byte	0x2
 874 0509 23       		.byte	0x23
 875 050a 10       		.uleb128 0x10
 876 050b 06       		.uleb128 0x6
 877 050c B0000000 		.4byte	.LASF77
 878 0510 0A       		.byte	0xa
 879 0511 34       		.byte	0x34
 880 0512 49000000 		.4byte	0x49
 881 0516 02       		.byte	0x2
 882 0517 23       		.byte	0x23
 883 0518 11       		.uleb128 0x11
 884 0519 06       		.uleb128 0x6
 885 051a 1F010000 		.4byte	.LASF78
 886 051e 0A       		.byte	0xa
 887 051f 35       		.byte	0x35
 888 0520 49000000 		.4byte	0x49
 889 0524 02       		.byte	0x2
 890 0525 23       		.byte	0x23
 891 0526 12       		.uleb128 0x12
 892 0527 06       		.uleb128 0x6
 893 0528 09020000 		.4byte	.LASF79
 894 052c 0A       		.byte	0xa
 895 052d 36       		.byte	0x36
 896 052e 49000000 		.4byte	0x49
 897 0532 02       		.byte	0x2
 898 0533 23       		.byte	0x23
 899 0534 13       		.uleb128 0x13
 900 0535 06       		.uleb128 0x6
 901 0536 E7020000 		.4byte	.LASF80
 902 053a 0A       		.byte	0xa
 903 053b 37       		.byte	0x37
 904 053c 49000000 		.4byte	0x49
 905 0540 02       		.byte	0x2
 906 0541 23       		.byte	0x23
 907 0542 14       		.uleb128 0x14
 908 0543 06       		.uleb128 0x6
 909 0544 C6020000 		.4byte	.LASF81
 910 0548 0A       		.byte	0xa
 911 0549 39       		.byte	0x39
 912 054a 49000000 		.4byte	0x49
ARM GAS  C:\Users\TAISIK~1\AppData\Local\Temp\ccqKPvtq.s 			page 17


 913 054e 02       		.byte	0x2
 914 054f 23       		.byte	0x23
 915 0550 15       		.uleb128 0x15
 916 0551 00       		.byte	0
 917 0552 11       		.uleb128 0x11
 918 0553 40040000 		.4byte	0x440
 919 0557 62050000 		.4byte	0x562
 920 055b 12       		.uleb128 0x12
 921 055c 3B000000 		.4byte	0x3b
 922 0560 03       		.byte	0x3
 923 0561 00       		.byte	0
 924 0562 03       		.uleb128 0x3
 925 0563 61010000 		.4byte	.LASF82
 926 0567 0A       		.byte	0xa
 927 0568 3A       		.byte	0x3a
 928 0569 4D040000 		.4byte	0x44d
 929 056d 13       		.uleb128 0x13
 930 056e 01       		.byte	0x1
 931 056f 98000000 		.4byte	.LASF83
 932 0573 01       		.byte	0x1
 933 0574 6E       		.byte	0x6e
 934 0575 01       		.byte	0x1
 935 0576 5A020000 		.4byte	0x25a
 936 057a 00000000 		.4byte	.LFB7
 937 057e 1E000000 		.4byte	.LFE7
 938 0582 02       		.byte	0x2
 939 0583 7D       		.byte	0x7d
 940 0584 00       		.sleb128 0
 941 0585 C6050000 		.4byte	0x5c6
 942 0589 14       		.uleb128 0x14
 943 058a 747000   		.ascii	"tp\000"
 944 058d 01       		.byte	0x1
 945 058e 6F       		.byte	0x6f
 946 058f 5A020000 		.4byte	0x25a
 947 0593 15       		.uleb128 0x15
 948 0594 00000000 		.4byte	.LBB2
 949 0598 06000000 		.4byte	.LBE2
 950 059c B0050000 		.4byte	0x5b0
 951 05a0 16       		.uleb128 0x16
 952 05a1 746D7000 		.ascii	"tmp\000"
 953 05a5 01       		.byte	0x1
 954 05a6 71       		.byte	0x71
 955 05a7 86000000 		.4byte	0x86
 956 05ab 00000000 		.4byte	.LLST0
 957 05af 00       		.byte	0
 958 05b0 17       		.uleb128 0x17
 959 05b1 00000000 		.4byte	.Ldebug_ranges0+0
 960 05b5 16       		.uleb128 0x16
 961 05b6 746D7000 		.ascii	"tmp\000"
 962 05ba 01       		.byte	0x1
 963 05bb 76       		.byte	0x76
 964 05bc 86000000 		.4byte	0x86
 965 05c0 13000000 		.4byte	.LLST1
 966 05c4 00       		.byte	0
 967 05c5 00       		.byte	0
 968 05c6 18       		.uleb128 0x18
 969 05c7 01       		.byte	0x1
ARM GAS  C:\Users\TAISIK~1\AppData\Local\Temp\ccqKPvtq.s 			page 18


 970 05c8 3F030000 		.4byte	.LASF84
 971 05cc 01       		.byte	0x1
 972 05cd 85       		.byte	0x85
 973 05ce 01       		.byte	0x1
 974 05cf 5A020000 		.4byte	0x25a
 975 05d3 00000000 		.4byte	.LFB8
 976 05d7 2C000000 		.4byte	.LFE8
 977 05db 26000000 		.4byte	.LLST2
 978 05df 37060000 		.4byte	0x637
 979 05e3 19       		.uleb128 0x19
 980 05e4 747000   		.ascii	"tp\000"
 981 05e7 01       		.byte	0x1
 982 05e8 85       		.byte	0x85
 983 05e9 5A020000 		.4byte	0x25a
 984 05ed 46000000 		.4byte	.LLST3
 985 05f1 16       		.uleb128 0x16
 986 05f2 6E747000 		.ascii	"ntp\000"
 987 05f6 01       		.byte	0x1
 988 05f7 86       		.byte	0x86
 989 05f8 5A020000 		.4byte	0x25a
 990 05fc 6F000000 		.4byte	.LLST4
 991 0600 15       		.uleb128 0x15
 992 0601 02000000 		.4byte	.LBB5
 993 0605 08000000 		.4byte	.LBE5
 994 0609 1D060000 		.4byte	0x61d
 995 060d 16       		.uleb128 0x16
 996 060e 746D7000 		.ascii	"tmp\000"
 997 0612 01       		.byte	0x1
 998 0613 88       		.byte	0x88
 999 0614 86000000 		.4byte	0x86
 1000 0618 9A000000 		.4byte	.LLST5
 1001 061c 00       		.byte	0
 1002 061d 1A       		.uleb128 0x1a
 1003 061e 16000000 		.4byte	.LBB6
 1004 0622 1C000000 		.4byte	.LBE6
 1005 0626 16       		.uleb128 0x16
 1006 0627 746D7000 		.ascii	"tmp\000"
 1007 062b 01       		.byte	0x1
 1008 062c 93       		.byte	0x93
 1009 062d 86000000 		.4byte	0x86
 1010 0631 AD000000 		.4byte	.LLST6
 1011 0635 00       		.byte	0
 1012 0636 00       		.byte	0
 1013 0637 1B       		.uleb128 0x1b
 1014 0638 C1030000 		.4byte	.LASF85
 1015 063c 08       		.byte	0x8
 1016 063d 68       		.byte	0x68
 1017 063e AD030000 		.4byte	0x3ad
 1018 0642 01       		.byte	0x1
 1019 0643 01       		.byte	0x1
 1020 0644 1B       		.uleb128 0x1b
 1021 0645 C1030000 		.4byte	.LASF85
 1022 0649 08       		.byte	0x8
 1023 064a 68       		.byte	0x68
 1024 064b AD030000 		.4byte	0x3ad
 1025 064f 01       		.byte	0x1
 1026 0650 01       		.byte	0x1
ARM GAS  C:\Users\TAISIK~1\AppData\Local\Temp\ccqKPvtq.s 			page 19


 1027 0651 1C       		.uleb128 0x1c
 1028 0652 A3010000 		.4byte	.LASF86
 1029 0656 01       		.byte	0x1
 1030 0657 3B       		.byte	0x3b
 1031 0658 63060000 		.4byte	0x663
 1032 065c 01       		.byte	0x1
 1033 065d 05       		.byte	0x5
 1034 065e 03       		.byte	0x3
 1035 065f 00000000 		.4byte	ch_debug
 1036 0663 10       		.uleb128 0x10
 1037 0664 62050000 		.4byte	0x562
 1038 0668 00       		.byte	0
 1039              		.section	.debug_abbrev,"",%progbits
 1040              	.Ldebug_abbrev0:
 1041 0000 01       		.uleb128 0x1
 1042 0001 11       		.uleb128 0x11
 1043 0002 01       		.byte	0x1
 1044 0003 25       		.uleb128 0x25
 1045 0004 0E       		.uleb128 0xe
 1046 0005 13       		.uleb128 0x13
 1047 0006 0B       		.uleb128 0xb
 1048 0007 03       		.uleb128 0x3
 1049 0008 0E       		.uleb128 0xe
 1050 0009 1B       		.uleb128 0x1b
 1051 000a 0E       		.uleb128 0xe
 1052 000b 11       		.uleb128 0x11
 1053 000c 01       		.uleb128 0x1
 1054 000d 52       		.uleb128 0x52
 1055 000e 01       		.uleb128 0x1
 1056 000f 55       		.uleb128 0x55
 1057 0010 06       		.uleb128 0x6
 1058 0011 10       		.uleb128 0x10
 1059 0012 06       		.uleb128 0x6
 1060 0013 00       		.byte	0
 1061 0014 00       		.byte	0
 1062 0015 02       		.uleb128 0x2
 1063 0016 24       		.uleb128 0x24
 1064 0017 00       		.byte	0
 1065 0018 0B       		.uleb128 0xb
 1066 0019 0B       		.uleb128 0xb
 1067 001a 3E       		.uleb128 0x3e
 1068 001b 0B       		.uleb128 0xb
 1069 001c 03       		.uleb128 0x3
 1070 001d 08       		.uleb128 0x8
 1071 001e 00       		.byte	0
 1072 001f 00       		.byte	0
 1073 0020 03       		.uleb128 0x3
 1074 0021 16       		.uleb128 0x16
 1075 0022 00       		.byte	0
 1076 0023 03       		.uleb128 0x3
 1077 0024 0E       		.uleb128 0xe
 1078 0025 3A       		.uleb128 0x3a
 1079 0026 0B       		.uleb128 0xb
 1080 0027 3B       		.uleb128 0x3b
 1081 0028 0B       		.uleb128 0xb
 1082 0029 49       		.uleb128 0x49
 1083 002a 13       		.uleb128 0x13
ARM GAS  C:\Users\TAISIK~1\AppData\Local\Temp\ccqKPvtq.s 			page 20


 1084 002b 00       		.byte	0
 1085 002c 00       		.byte	0
 1086 002d 04       		.uleb128 0x4
 1087 002e 24       		.uleb128 0x24
 1088 002f 00       		.byte	0
 1089 0030 0B       		.uleb128 0xb
 1090 0031 0B       		.uleb128 0xb
 1091 0032 3E       		.uleb128 0x3e
 1092 0033 0B       		.uleb128 0xb
 1093 0034 03       		.uleb128 0x3
 1094 0035 0E       		.uleb128 0xe
 1095 0036 00       		.byte	0
 1096 0037 00       		.byte	0
 1097 0038 05       		.uleb128 0x5
 1098 0039 13       		.uleb128 0x13
 1099 003a 01       		.byte	0x1
 1100 003b 03       		.uleb128 0x3
 1101 003c 0E       		.uleb128 0xe
 1102 003d 0B       		.uleb128 0xb
 1103 003e 0B       		.uleb128 0xb
 1104 003f 3A       		.uleb128 0x3a
 1105 0040 0B       		.uleb128 0xb
 1106 0041 3B       		.uleb128 0x3b
 1107 0042 0B       		.uleb128 0xb
 1108 0043 01       		.uleb128 0x1
 1109 0044 13       		.uleb128 0x13
 1110 0045 00       		.byte	0
 1111 0046 00       		.byte	0
 1112 0047 06       		.uleb128 0x6
 1113 0048 0D       		.uleb128 0xd
 1114 0049 00       		.byte	0
 1115 004a 03       		.uleb128 0x3
 1116 004b 0E       		.uleb128 0xe
 1117 004c 3A       		.uleb128 0x3a
 1118 004d 0B       		.uleb128 0xb
 1119 004e 3B       		.uleb128 0x3b
 1120 004f 0B       		.uleb128 0xb
 1121 0050 49       		.uleb128 0x49
 1122 0051 13       		.uleb128 0x13
 1123 0052 38       		.uleb128 0x38
 1124 0053 0A       		.uleb128 0xa
 1125 0054 00       		.byte	0
 1126 0055 00       		.byte	0
 1127 0056 07       		.uleb128 0x7
 1128 0057 0D       		.uleb128 0xd
 1129 0058 00       		.byte	0
 1130 0059 03       		.uleb128 0x3
 1131 005a 08       		.uleb128 0x8
 1132 005b 3A       		.uleb128 0x3a
 1133 005c 0B       		.uleb128 0xb
 1134 005d 3B       		.uleb128 0x3b
 1135 005e 0B       		.uleb128 0xb
 1136 005f 49       		.uleb128 0x49
 1137 0060 13       		.uleb128 0x13
 1138 0061 38       		.uleb128 0x38
 1139 0062 0A       		.uleb128 0xa
 1140 0063 00       		.byte	0
ARM GAS  C:\Users\TAISIK~1\AppData\Local\Temp\ccqKPvtq.s 			page 21


 1141 0064 00       		.byte	0
 1142 0065 08       		.uleb128 0x8
 1143 0066 13       		.uleb128 0x13
 1144 0067 01       		.byte	0x1
 1145 0068 0B       		.uleb128 0xb
 1146 0069 0B       		.uleb128 0xb
 1147 006a 3A       		.uleb128 0x3a
 1148 006b 0B       		.uleb128 0xb
 1149 006c 3B       		.uleb128 0x3b
 1150 006d 0B       		.uleb128 0xb
 1151 006e 01       		.uleb128 0x1
 1152 006f 13       		.uleb128 0x13
 1153 0070 00       		.byte	0
 1154 0071 00       		.byte	0
 1155 0072 09       		.uleb128 0x9
 1156 0073 0F       		.uleb128 0xf
 1157 0074 00       		.byte	0
 1158 0075 0B       		.uleb128 0xb
 1159 0076 0B       		.uleb128 0xb
 1160 0077 49       		.uleb128 0x49
 1161 0078 13       		.uleb128 0x13
 1162 0079 00       		.byte	0
 1163 007a 00       		.byte	0
 1164 007b 0A       		.uleb128 0xa
 1165 007c 0F       		.uleb128 0xf
 1166 007d 00       		.byte	0
 1167 007e 0B       		.uleb128 0xb
 1168 007f 0B       		.uleb128 0xb
 1169 0080 00       		.byte	0
 1170 0081 00       		.byte	0
 1171 0082 0B       		.uleb128 0xb
 1172 0083 13       		.uleb128 0x13
 1173 0084 01       		.byte	0x1
 1174 0085 03       		.uleb128 0x3
 1175 0086 0E       		.uleb128 0xe
 1176 0087 0B       		.uleb128 0xb
 1177 0088 0B       		.uleb128 0xb
 1178 0089 3A       		.uleb128 0x3a
 1179 008a 0B       		.uleb128 0xb
 1180 008b 3B       		.uleb128 0x3b
 1181 008c 05       		.uleb128 0x5
 1182 008d 01       		.uleb128 0x1
 1183 008e 13       		.uleb128 0x13
 1184 008f 00       		.byte	0
 1185 0090 00       		.byte	0
 1186 0091 0C       		.uleb128 0xc
 1187 0092 0D       		.uleb128 0xd
 1188 0093 00       		.byte	0
 1189 0094 03       		.uleb128 0x3
 1190 0095 08       		.uleb128 0x8
 1191 0096 3A       		.uleb128 0x3a
 1192 0097 0B       		.uleb128 0xb
 1193 0098 3B       		.uleb128 0x3b
 1194 0099 05       		.uleb128 0x5
 1195 009a 49       		.uleb128 0x49
 1196 009b 13       		.uleb128 0x13
 1197 009c 38       		.uleb128 0x38
ARM GAS  C:\Users\TAISIK~1\AppData\Local\Temp\ccqKPvtq.s 			page 22


 1198 009d 0A       		.uleb128 0xa
 1199 009e 00       		.byte	0
 1200 009f 00       		.byte	0
 1201 00a0 0D       		.uleb128 0xd
 1202 00a1 35       		.uleb128 0x35
 1203 00a2 00       		.byte	0
 1204 00a3 49       		.uleb128 0x49
 1205 00a4 13       		.uleb128 0x13
 1206 00a5 00       		.byte	0
 1207 00a6 00       		.byte	0
 1208 00a7 0E       		.uleb128 0xe
 1209 00a8 17       		.uleb128 0x17
 1210 00a9 01       		.byte	0x1
 1211 00aa 0B       		.uleb128 0xb
 1212 00ab 0B       		.uleb128 0xb
 1213 00ac 3A       		.uleb128 0x3a
 1214 00ad 0B       		.uleb128 0xb
 1215 00ae 3B       		.uleb128 0x3b
 1216 00af 0B       		.uleb128 0xb
 1217 00b0 01       		.uleb128 0x1
 1218 00b1 13       		.uleb128 0x13
 1219 00b2 00       		.byte	0
 1220 00b3 00       		.byte	0
 1221 00b4 0F       		.uleb128 0xf
 1222 00b5 0D       		.uleb128 0xd
 1223 00b6 00       		.byte	0
 1224 00b7 03       		.uleb128 0x3
 1225 00b8 0E       		.uleb128 0xe
 1226 00b9 3A       		.uleb128 0x3a
 1227 00ba 0B       		.uleb128 0xb
 1228 00bb 3B       		.uleb128 0x3b
 1229 00bc 0B       		.uleb128 0xb
 1230 00bd 49       		.uleb128 0x49
 1231 00be 13       		.uleb128 0x13
 1232 00bf 00       		.byte	0
 1233 00c0 00       		.byte	0
 1234 00c1 10       		.uleb128 0x10
 1235 00c2 26       		.uleb128 0x26
 1236 00c3 00       		.byte	0
 1237 00c4 49       		.uleb128 0x49
 1238 00c5 13       		.uleb128 0x13
 1239 00c6 00       		.byte	0
 1240 00c7 00       		.byte	0
 1241 00c8 11       		.uleb128 0x11
 1242 00c9 01       		.uleb128 0x1
 1243 00ca 01       		.byte	0x1
 1244 00cb 49       		.uleb128 0x49
 1245 00cc 13       		.uleb128 0x13
 1246 00cd 01       		.uleb128 0x1
 1247 00ce 13       		.uleb128 0x13
 1248 00cf 00       		.byte	0
 1249 00d0 00       		.byte	0
 1250 00d1 12       		.uleb128 0x12
 1251 00d2 21       		.uleb128 0x21
 1252 00d3 00       		.byte	0
 1253 00d4 49       		.uleb128 0x49
 1254 00d5 13       		.uleb128 0x13
ARM GAS  C:\Users\TAISIK~1\AppData\Local\Temp\ccqKPvtq.s 			page 23


 1255 00d6 2F       		.uleb128 0x2f
 1256 00d7 0B       		.uleb128 0xb
 1257 00d8 00       		.byte	0
 1258 00d9 00       		.byte	0
 1259 00da 13       		.uleb128 0x13
 1260 00db 2E       		.uleb128 0x2e
 1261 00dc 01       		.byte	0x1
 1262 00dd 3F       		.uleb128 0x3f
 1263 00de 0C       		.uleb128 0xc
 1264 00df 03       		.uleb128 0x3
 1265 00e0 0E       		.uleb128 0xe
 1266 00e1 3A       		.uleb128 0x3a
 1267 00e2 0B       		.uleb128 0xb
 1268 00e3 3B       		.uleb128 0x3b
 1269 00e4 0B       		.uleb128 0xb
 1270 00e5 27       		.uleb128 0x27
 1271 00e6 0C       		.uleb128 0xc
 1272 00e7 49       		.uleb128 0x49
 1273 00e8 13       		.uleb128 0x13
 1274 00e9 11       		.uleb128 0x11
 1275 00ea 01       		.uleb128 0x1
 1276 00eb 12       		.uleb128 0x12
 1277 00ec 01       		.uleb128 0x1
 1278 00ed 40       		.uleb128 0x40
 1279 00ee 0A       		.uleb128 0xa
 1280 00ef 01       		.uleb128 0x1
 1281 00f0 13       		.uleb128 0x13
 1282 00f1 00       		.byte	0
 1283 00f2 00       		.byte	0
 1284 00f3 14       		.uleb128 0x14
 1285 00f4 34       		.uleb128 0x34
 1286 00f5 00       		.byte	0
 1287 00f6 03       		.uleb128 0x3
 1288 00f7 08       		.uleb128 0x8
 1289 00f8 3A       		.uleb128 0x3a
 1290 00f9 0B       		.uleb128 0xb
 1291 00fa 3B       		.uleb128 0x3b
 1292 00fb 0B       		.uleb128 0xb
 1293 00fc 49       		.uleb128 0x49
 1294 00fd 13       		.uleb128 0x13
 1295 00fe 00       		.byte	0
 1296 00ff 00       		.byte	0
 1297 0100 15       		.uleb128 0x15
 1298 0101 0B       		.uleb128 0xb
 1299 0102 01       		.byte	0x1
 1300 0103 11       		.uleb128 0x11
 1301 0104 01       		.uleb128 0x1
 1302 0105 12       		.uleb128 0x12
 1303 0106 01       		.uleb128 0x1
 1304 0107 01       		.uleb128 0x1
 1305 0108 13       		.uleb128 0x13
 1306 0109 00       		.byte	0
 1307 010a 00       		.byte	0
 1308 010b 16       		.uleb128 0x16
 1309 010c 34       		.uleb128 0x34
 1310 010d 00       		.byte	0
 1311 010e 03       		.uleb128 0x3
ARM GAS  C:\Users\TAISIK~1\AppData\Local\Temp\ccqKPvtq.s 			page 24


 1312 010f 08       		.uleb128 0x8
 1313 0110 3A       		.uleb128 0x3a
 1314 0111 0B       		.uleb128 0xb
 1315 0112 3B       		.uleb128 0x3b
 1316 0113 0B       		.uleb128 0xb
 1317 0114 49       		.uleb128 0x49
 1318 0115 13       		.uleb128 0x13
 1319 0116 02       		.uleb128 0x2
 1320 0117 06       		.uleb128 0x6
 1321 0118 00       		.byte	0
 1322 0119 00       		.byte	0
 1323 011a 17       		.uleb128 0x17
 1324 011b 0B       		.uleb128 0xb
 1325 011c 01       		.byte	0x1
 1326 011d 55       		.uleb128 0x55
 1327 011e 06       		.uleb128 0x6
 1328 011f 00       		.byte	0
 1329 0120 00       		.byte	0
 1330 0121 18       		.uleb128 0x18
 1331 0122 2E       		.uleb128 0x2e
 1332 0123 01       		.byte	0x1
 1333 0124 3F       		.uleb128 0x3f
 1334 0125 0C       		.uleb128 0xc
 1335 0126 03       		.uleb128 0x3
 1336 0127 0E       		.uleb128 0xe
 1337 0128 3A       		.uleb128 0x3a
 1338 0129 0B       		.uleb128 0xb
 1339 012a 3B       		.uleb128 0x3b
 1340 012b 0B       		.uleb128 0xb
 1341 012c 27       		.uleb128 0x27
 1342 012d 0C       		.uleb128 0xc
 1343 012e 49       		.uleb128 0x49
 1344 012f 13       		.uleb128 0x13
 1345 0130 11       		.uleb128 0x11
 1346 0131 01       		.uleb128 0x1
 1347 0132 12       		.uleb128 0x12
 1348 0133 01       		.uleb128 0x1
 1349 0134 40       		.uleb128 0x40
 1350 0135 06       		.uleb128 0x6
 1351 0136 01       		.uleb128 0x1
 1352 0137 13       		.uleb128 0x13
 1353 0138 00       		.byte	0
 1354 0139 00       		.byte	0
 1355 013a 19       		.uleb128 0x19
 1356 013b 05       		.uleb128 0x5
 1357 013c 00       		.byte	0
 1358 013d 03       		.uleb128 0x3
 1359 013e 08       		.uleb128 0x8
 1360 013f 3A       		.uleb128 0x3a
 1361 0140 0B       		.uleb128 0xb
 1362 0141 3B       		.uleb128 0x3b
 1363 0142 0B       		.uleb128 0xb
 1364 0143 49       		.uleb128 0x49
 1365 0144 13       		.uleb128 0x13
 1366 0145 02       		.uleb128 0x2
 1367 0146 06       		.uleb128 0x6
 1368 0147 00       		.byte	0
ARM GAS  C:\Users\TAISIK~1\AppData\Local\Temp\ccqKPvtq.s 			page 25


 1369 0148 00       		.byte	0
 1370 0149 1A       		.uleb128 0x1a
 1371 014a 0B       		.uleb128 0xb
 1372 014b 01       		.byte	0x1
 1373 014c 11       		.uleb128 0x11
 1374 014d 01       		.uleb128 0x1
 1375 014e 12       		.uleb128 0x12
 1376 014f 01       		.uleb128 0x1
 1377 0150 00       		.byte	0
 1378 0151 00       		.byte	0
 1379 0152 1B       		.uleb128 0x1b
 1380 0153 34       		.uleb128 0x34
 1381 0154 00       		.byte	0
 1382 0155 03       		.uleb128 0x3
 1383 0156 0E       		.uleb128 0xe
 1384 0157 3A       		.uleb128 0x3a
 1385 0158 0B       		.uleb128 0xb
 1386 0159 3B       		.uleb128 0x3b
 1387 015a 0B       		.uleb128 0xb
 1388 015b 49       		.uleb128 0x49
 1389 015c 13       		.uleb128 0x13
 1390 015d 3F       		.uleb128 0x3f
 1391 015e 0C       		.uleb128 0xc
 1392 015f 3C       		.uleb128 0x3c
 1393 0160 0C       		.uleb128 0xc
 1394 0161 00       		.byte	0
 1395 0162 00       		.byte	0
 1396 0163 1C       		.uleb128 0x1c
 1397 0164 34       		.uleb128 0x34
 1398 0165 00       		.byte	0
 1399 0166 03       		.uleb128 0x3
 1400 0167 0E       		.uleb128 0xe
 1401 0168 3A       		.uleb128 0x3a
 1402 0169 0B       		.uleb128 0xb
 1403 016a 3B       		.uleb128 0x3b
 1404 016b 0B       		.uleb128 0xb
 1405 016c 49       		.uleb128 0x49
 1406 016d 13       		.uleb128 0x13
 1407 016e 3F       		.uleb128 0x3f
 1408 016f 0C       		.uleb128 0xc
 1409 0170 02       		.uleb128 0x2
 1410 0171 0A       		.uleb128 0xa
 1411 0172 00       		.byte	0
 1412 0173 00       		.byte	0
 1413 0174 00       		.byte	0
 1414              		.section	.debug_loc,"",%progbits
 1415              	.Ldebug_loc0:
 1416              	.LLST0:
 1417 0000 06000000 		.4byte	.LVL1
 1418 0004 10000000 		.4byte	.LVL2
 1419 0008 0100     		.2byte	0x1
 1420 000a 53       		.byte	0x53
 1421 000b 00000000 		.4byte	0
 1422 000f 00000000 		.4byte	0
 1423              	.LLST1:
 1424 0013 1C000000 		.4byte	.LVL4
 1425 0017 1E000000 		.4byte	.LFE7
ARM GAS  C:\Users\TAISIK~1\AppData\Local\Temp\ccqKPvtq.s 			page 26


 1426 001b 0100     		.2byte	0x1
 1427 001d 53       		.byte	0x53
 1428 001e 00000000 		.4byte	0
 1429 0022 00000000 		.4byte	0
 1430              	.LLST2:
 1431 0026 00000000 		.4byte	.LFB8
 1432 002a 02000000 		.4byte	.LCFI0
 1433 002e 0200     		.2byte	0x2
 1434 0030 7D       		.byte	0x7d
 1435 0031 00       		.sleb128 0
 1436 0032 02000000 		.4byte	.LCFI0
 1437 0036 2C000000 		.4byte	.LFE8
 1438 003a 0200     		.2byte	0x2
 1439 003c 7D       		.byte	0x7d
 1440 003d 08       		.sleb128 8
 1441 003e 00000000 		.4byte	0
 1442 0042 00000000 		.4byte	0
 1443              	.LLST3:
 1444 0046 00000000 		.4byte	.LVL5
 1445 004a 10000000 		.4byte	.LVL10
 1446 004e 0100     		.2byte	0x1
 1447 0050 50       		.byte	0x50
 1448 0051 16000000 		.4byte	.LVL11
 1449 0055 1F000000 		.4byte	.LVL14-1
 1450 0059 0100     		.2byte	0x1
 1451 005b 50       		.byte	0x50
 1452 005c 24000000 		.4byte	.LVL15
 1453 0060 2C000000 		.4byte	.LFE8
 1454 0064 0100     		.2byte	0x1
 1455 0066 50       		.byte	0x50
 1456 0067 00000000 		.4byte	0
 1457 006b 00000000 		.4byte	0
 1458              	.LLST4:
 1459 006f 0C000000 		.4byte	.LVL9
 1460 0073 16000000 		.4byte	.LVL11
 1461 0077 0200     		.2byte	0x2
 1462 0079 70       		.byte	0x70
 1463 007a 10       		.sleb128 16
 1464 007b 16000000 		.4byte	.LVL11
 1465 007f 26000000 		.4byte	.LVL16
 1466 0083 0100     		.2byte	0x1
 1467 0085 54       		.byte	0x54
 1468 0086 26000000 		.4byte	.LVL16
 1469 008a 2C000000 		.4byte	.LFE8
 1470 008e 0200     		.2byte	0x2
 1471 0090 70       		.byte	0x70
 1472 0091 10       		.sleb128 16
 1473 0092 00000000 		.4byte	0
 1474 0096 00000000 		.4byte	0
 1475              	.LLST5:
 1476 009a 08000000 		.4byte	.LVL7
 1477 009e 0A000000 		.4byte	.LVL8
 1478 00a2 0100     		.2byte	0x1
 1479 00a4 53       		.byte	0x53
 1480 00a5 00000000 		.4byte	0
 1481 00a9 00000000 		.4byte	0
 1482              	.LLST6:
ARM GAS  C:\Users\TAISIK~1\AppData\Local\Temp\ccqKPvtq.s 			page 27


 1483 00ad 1C000000 		.4byte	.LVL13
 1484 00b1 1F000000 		.4byte	.LVL14-1
 1485 00b5 0100     		.2byte	0x1
 1486 00b7 53       		.byte	0x53
 1487 00b8 00000000 		.4byte	0
 1488 00bc 00000000 		.4byte	0
 1489              		.section	.debug_aranges,"",%progbits
 1490 0000 24000000 		.4byte	0x24
 1491 0004 0200     		.2byte	0x2
 1492 0006 00000000 		.4byte	.Ldebug_info0
 1493 000a 04       		.byte	0x4
 1494 000b 00       		.byte	0
 1495 000c 0000     		.2byte	0
 1496 000e 0000     		.2byte	0
 1497 0010 00000000 		.4byte	.LFB7
 1498 0014 1E000000 		.4byte	.LFE7-.LFB7
 1499 0018 00000000 		.4byte	.LFB8
 1500 001c 2C000000 		.4byte	.LFE8-.LFB8
 1501 0020 00000000 		.4byte	0
 1502 0024 00000000 		.4byte	0
 1503              		.section	.debug_ranges,"",%progbits
 1504              	.Ldebug_ranges0:
 1505 0000 0E000000 		.4byte	.LBB3
 1506 0004 10000000 		.4byte	.LBE3
 1507 0008 18000000 		.4byte	.LBB4
 1508 000c 1C000000 		.4byte	.LBE4
 1509 0010 00000000 		.4byte	0
 1510 0014 00000000 		.4byte	0
 1511 0018 00000000 		.4byte	.LFB7
 1512 001c 1E000000 		.4byte	.LFE7
 1513 0020 00000000 		.4byte	.LFB8
 1514 0024 2C000000 		.4byte	.LFE8
 1515 0028 00000000 		.4byte	0
 1516 002c 00000000 		.4byte	0
 1517              		.section	.debug_line,"",%progbits
 1518              	.Ldebug_line0:
 1519 0000 F7010000 		.section	.debug_str,"MS",%progbits,1
 1519      0200BF01 
 1519      00000201 
 1519      FB0E0D00 
 1519      01010101 
 1520              	.LASF74:
 1521 0000 63665F6F 		.ascii	"cf_off_older\000"
 1521      66665F6F 
 1521      6C646572 
 1521      00
 1522              	.LASF38:
 1523 000d 705F6D73 		.ascii	"p_msg\000"
 1523      6700
 1524              	.LASF2:
 1525 0013 73697A65 		.ascii	"size_t\000"
 1525      5F7400
 1526              	.LASF59:
 1527 001a 7264796D 		.ascii	"rdymsg\000"
 1527      736700
 1528              	.LASF87:
 1529 0021 474E5520 		.ascii	"GNU C 4.6.2 20121016 (release) [ARM/embedded-4_6-br"
ARM GAS  C:\Users\TAISIK~1\AppData\Local\Temp\ccqKPvtq.s 			page 28


 1529      4320342E 
 1529      362E3220 
 1529      32303132 
 1529      31303136 
 1530 0054 616E6368 		.ascii	"anch revision 192487]\000"
 1530      20726576 
 1530      6973696F 
 1530      6E203139 
 1530      32343837 
 1531              	.LASF13:
 1532 006a 6C6F6E67 		.ascii	"long long unsigned int\000"
 1532      206C6F6E 
 1532      6720756E 
 1532      7369676E 
 1532      65642069 
 1533              	.LASF70:
 1534 0081 63685F74 		.ascii	"ch_threadsize\000"
 1534      68726561 
 1534      6473697A 
 1534      6500
 1535              	.LASF60:
 1536 008f 65786974 		.ascii	"exitcode\000"
 1536      636F6465 
 1536      00
 1537              	.LASF83:
 1538 0098 63685265 		.ascii	"chRegFirstThread\000"
 1538      67466972 
 1538      73745468 
 1538      72656164 
 1538      00
 1539              	.LASF26:
 1540 00a9 705F7072 		.ascii	"p_prio\000"
 1540      696F00
 1541              	.LASF77:
 1542 00b0 63665F6F 		.ascii	"cf_off_state\000"
 1542      66665F73 
 1542      74617465 
 1542      00
 1543              	.LASF89:
 1544 00bd 433A5C43 		.ascii	"C:\\ChibiStudio\\chibios\\demos\\ARMCM4-STM32F303-D"
 1544      68696269 
 1544      53747564 
 1544      696F5C63 
 1544      68696269 
 1545 00ec 4953434F 		.ascii	"ISCOVERY\000"
 1545      56455259 
 1545      00
 1546              	.LASF12:
 1547 00f5 6C6F6E67 		.ascii	"long long int\000"
 1547      206C6F6E 
 1547      6720696E 
 1547      7400
 1548              	.LASF1:
 1549 0103 7369676E 		.ascii	"signed char\000"
 1549      65642063 
 1549      68617200 
 1550              	.LASF76:
ARM GAS  C:\Users\TAISIK~1\AppData\Local\Temp\ccqKPvtq.s 			page 29


 1551 010f 63665F6F 		.ascii	"cf_off_stklimit\000"
 1551      66665F73 
 1551      746B6C69 
 1551      6D697400 
 1552              	.LASF78:
 1553 011f 63665F6F 		.ascii	"cf_off_flags\000"
 1553      66665F66 
 1553      6C616773 
 1553      00
 1554              	.LASF42:
 1555 012c 705F6D70 		.ascii	"p_mpool\000"
 1555      6F6F6C00 
 1556              	.LASF56:
 1557 0134 6D5F7175 		.ascii	"m_queue\000"
 1557      65756500 
 1558              	.LASF18:
 1559 013c 74736C69 		.ascii	"tslices_t\000"
 1559      6365735F 
 1559      7400
 1560              	.LASF9:
 1561 0146 6C6F6E67 		.ascii	"long int\000"
 1561      20696E74 
 1561      00
 1562              	.LASF16:
 1563 014f 74737461 		.ascii	"tstate_t\000"
 1563      74655F74 
 1563      00
 1564              	.LASF6:
 1565 0158 75696E74 		.ascii	"uint16_t\000"
 1565      31365F74 
 1565      00
 1566              	.LASF82:
 1567 0161 63686465 		.ascii	"chdebug_t\000"
 1567      6275675F 
 1567      7400
 1568              	.LASF28:
 1569 016b 705F6E65 		.ascii	"p_newer\000"
 1569      77657200 
 1570              	.LASF51:
 1571 0173 725F6E65 		.ascii	"r_newer\000"
 1571      77657200 
 1572              	.LASF45:
 1573 017b 72656761 		.ascii	"regarm_t\000"
 1573      726D5F74 
 1573      00
 1574              	.LASF0:
 1575 0184 756E7369 		.ascii	"unsigned int\000"
 1575      676E6564 
 1575      20696E74 
 1575      00
 1576              	.LASF11:
 1577 0191 6C6F6E67 		.ascii	"long unsigned int\000"
 1577      20756E73 
 1577      69676E65 
 1577      6420696E 
 1577      7400
 1578              	.LASF86:
ARM GAS  C:\Users\TAISIK~1\AppData\Local\Temp\ccqKPvtq.s 			page 30


 1579 01a3 63685F64 		.ascii	"ch_debug\000"
 1579      65627567 
 1579      00
 1580              	.LASF64:
 1581 01ac 63685F69 		.ascii	"ch_identifier\000"
 1581      64656E74 
 1581      69666965 
 1581      7200
 1582              	.LASF47:
 1583 01ba 636F6E74 		.ascii	"context\000"
 1583      65787400 
 1584              	.LASF7:
 1585 01c2 73686F72 		.ascii	"short unsigned int\000"
 1585      7420756E 
 1585      7369676E 
 1585      65642069 
 1585      6E7400
 1586              	.LASF20:
 1587 01d5 6D73675F 		.ascii	"msg_t\000"
 1587      7400
 1588              	.LASF15:
 1589 01db 746D6F64 		.ascii	"tmode_t\000"
 1589      655F7400 
 1590              	.LASF44:
 1591 01e3 54687265 		.ascii	"ThreadsList\000"
 1591      6164734C 
 1591      69737400 
 1592              	.LASF21:
 1593 01ef 6576656E 		.ascii	"eventmask_t\000"
 1593      746D6173 
 1593      6B5F7400 
 1594              	.LASF55:
 1595 01fb 4D757465 		.ascii	"Mutex\000"
 1595      7800
 1596              	.LASF65:
 1597 0201 63685F7A 		.ascii	"ch_zero\000"
 1597      65726F00 
 1598              	.LASF79:
 1599 0209 63665F6F 		.ascii	"cf_off_refs\000"
 1599      66665F72 
 1599      65667300 
 1600              	.LASF69:
 1601 0215 63685F74 		.ascii	"ch_timesize\000"
 1601      696D6573 
 1601      697A6500 
 1602              	.LASF75:
 1603 0221 63665F6F 		.ascii	"cf_off_name\000"
 1603      66665F6E 
 1603      616D6500 
 1604              	.LASF29:
 1605 022d 705F6F6C 		.ascii	"p_older\000"
 1605      64657200 
 1606              	.LASF50:
 1607 0235 725F6374 		.ascii	"r_ctx\000"
 1607      7800
 1608              	.LASF43:
 1609 023b 54687265 		.ascii	"ThreadsQueue\000"
ARM GAS  C:\Users\TAISIK~1\AppData\Local\Temp\ccqKPvtq.s 			page 31


 1609      61647351 
 1609      75657565 
 1609      00
 1610              	.LASF66:
 1611 0248 63685F73 		.ascii	"ch_size\000"
 1611      697A6500 
 1612              	.LASF53:
 1613 0250 725F6375 		.ascii	"r_current\000"
 1613      7272656E 
 1613      7400
 1614              	.LASF52:
 1615 025a 725F6F6C 		.ascii	"r_older\000"
 1615      64657200 
 1616              	.LASF17:
 1617 0262 74726566 		.ascii	"trefs_t\000"
 1617      735F7400 
 1618              	.LASF68:
 1619 026a 63685F70 		.ascii	"ch_ptrsize\000"
 1619      74727369 
 1619      7A6500
 1620              	.LASF25:
 1621 0275 705F7072 		.ascii	"p_prev\000"
 1621      657600
 1622              	.LASF19:
 1623 027c 74707269 		.ascii	"tprio_t\000"
 1623      6F5F7400 
 1624              	.LASF14:
 1625 0284 5F426F6F 		.ascii	"_Bool\000"
 1625      6C00
 1626              	.LASF8:
 1627 028a 696E7433 		.ascii	"int32_t\000"
 1627      325F7400 
 1628              	.LASF4:
 1629 0292 756E7369 		.ascii	"unsigned char\000"
 1629      676E6564 
 1629      20636861 
 1629      7200
 1630              	.LASF40:
 1631 02a0 705F6D74 		.ascii	"p_mtxlist\000"
 1631      786C6973 
 1631      7400
 1632              	.LASF5:
 1633 02aa 73686F72 		.ascii	"short int\000"
 1633      7420696E 
 1633      7400
 1634              	.LASF31:
 1635 02b4 705F7374 		.ascii	"p_state\000"
 1635      61746500 
 1636              	.LASF34:
 1637 02bc 705F7072 		.ascii	"p_preempt\000"
 1637      65656D70 
 1637      7400
 1638              	.LASF81:
 1639 02c6 63665F6F 		.ascii	"cf_off_time\000"
 1639      66665F74 
 1639      696D6500 
 1640              	.LASF49:
ARM GAS  C:\Users\TAISIK~1\AppData\Local\Temp\ccqKPvtq.s 			page 32


 1641 02d2 725F7072 		.ascii	"r_prio\000"
 1641      696F00
 1642              	.LASF62:
 1643 02d9 65776D61 		.ascii	"ewmask\000"
 1643      736B00
 1644              	.LASF24:
 1645 02e0 705F6E65 		.ascii	"p_next\000"
 1645      787400
 1646              	.LASF80:
 1647 02e7 63665F6F 		.ascii	"cf_off_preempt\000"
 1647      66665F70 
 1647      7265656D 
 1647      707400
 1648              	.LASF32:
 1649 02f6 705F666C 		.ascii	"p_flags\000"
 1649      61677300 
 1650              	.LASF23:
 1651 02fe 54687265 		.ascii	"Thread\000"
 1651      616400
 1652              	.LASF73:
 1653 0305 63665F6F 		.ascii	"cf_off_newer\000"
 1653      66665F6E 
 1653      65776572 
 1653      00
 1654              	.LASF39:
 1655 0312 705F6570 		.ascii	"p_epending\000"
 1655      656E6469 
 1655      6E6700
 1656              	.LASF10:
 1657 031d 75696E74 		.ascii	"uint32_t\000"
 1657      33325F74 
 1657      00
 1658              	.LASF71:
 1659 0326 63665F6F 		.ascii	"cf_off_prio\000"
 1659      66665F70 
 1659      72696F00 
 1660              	.LASF48:
 1661 0332 725F7175 		.ascii	"r_queue\000"
 1661      65756500 
 1662              	.LASF63:
 1663 033a 63686172 		.ascii	"char\000"
 1663      00
 1664              	.LASF84:
 1665 033f 63685265 		.ascii	"chRegNextThread\000"
 1665      674E6578 
 1665      74546872 
 1665      65616400 
 1666              	.LASF58:
 1667 034f 6D5F6E65 		.ascii	"m_next\000"
 1667      787400
 1668              	.LASF22:
 1669 0356 73797374 		.ascii	"systime_t\000"
 1669      696D655F 
 1669      7400
 1670              	.LASF41:
 1671 0360 705F7265 		.ascii	"p_realprio\000"
 1671      616C7072 
ARM GAS  C:\Users\TAISIK~1\AppData\Local\Temp\ccqKPvtq.s 			page 33


 1671      696F00
 1672              	.LASF35:
 1673 036b 705F7469 		.ascii	"p_time\000"
 1673      6D6500
 1674              	.LASF46:
 1675 0372 696E7463 		.ascii	"intctx\000"
 1675      747800
 1676              	.LASF37:
 1677 0379 705F6D73 		.ascii	"p_msgqueue\000"
 1677      67717565 
 1677      756500
 1678              	.LASF88:
 1679 0384 2E2E2F2E 		.ascii	"../../os/kernel/src/chregistry.c\000"
 1679      2E2F6F73 
 1679      2F6B6572 
 1679      6E656C2F 
 1679      7372632F 
 1680              	.LASF72:
 1681 03a5 63665F6F 		.ascii	"cf_off_ctx\000"
 1681      66665F63 
 1681      747800
 1682              	.LASF33:
 1683 03b0 705F7265 		.ascii	"p_refs\000"
 1683      667300
 1684              	.LASF54:
 1685 03b7 52656164 		.ascii	"ReadyList\000"
 1685      794C6973 
 1685      7400
 1686              	.LASF85:
 1687 03c1 726C6973 		.ascii	"rlist\000"
 1687      7400
 1688              	.LASF3:
 1689 03c7 75696E74 		.ascii	"uint8_t\000"
 1689      385F7400 
 1690              	.LASF61:
 1691 03cf 77746F62 		.ascii	"wtobjp\000"
 1691      6A7000
 1692              	.LASF30:
 1693 03d6 705F6E61 		.ascii	"p_name\000"
 1693      6D6500
 1694              	.LASF67:
 1695 03dd 63685F76 		.ascii	"ch_version\000"
 1695      65727369 
 1695      6F6E00
 1696              	.LASF57:
 1697 03e8 6D5F6F77 		.ascii	"m_owner\000"
 1697      6E657200 
 1698              	.LASF27:
 1699 03f0 705F6374 		.ascii	"p_ctx\000"
 1699      7800
 1700              	.LASF36:
 1701 03f6 705F7761 		.ascii	"p_waiting\000"
 1701      6974696E 
 1701      6700
 1702              		.ident	"GCC: (GNU Tools for ARM Embedded Processors) 4.6.2 20121016 (release) [ARM/embedded-4_6-br
ARM GAS  C:\Users\TAISIK~1\AppData\Local\Temp\ccqKPvtq.s 			page 34


DEFINED SYMBOLS
                            *ABS*:00000000 chregistry.c
C:\Users\TAISIK~1\AppData\Local\Temp\ccqKPvtq.s:19     .text.chRegFirstThread:00000000 $t
C:\Users\TAISIK~1\AppData\Local\Temp\ccqKPvtq.s:25     .text.chRegFirstThread:00000000 chRegFirstThread
C:\Users\TAISIK~1\AppData\Local\Temp\ccqKPvtq.s:72     .text.chRegNextThread:00000000 $t
C:\Users\TAISIK~1\AppData\Local\Temp\ccqKPvtq.s:78     .text.chRegNextThread:00000000 chRegNextThread
C:\Users\TAISIK~1\AppData\Local\Temp\ccqKPvtq.s:141    .text.chRegNextThread:00000028 $d
C:\Users\TAISIK~1\AppData\Local\Temp\ccqKPvtq.s:150    .rodata.ch_debug:00000000 ch_debug
C:\Users\TAISIK~1\AppData\Local\Temp\ccqKPvtq.s:147    .rodata.ch_debug:00000000 $d
                     .debug_frame:00000010 $d
C:\Users\TAISIK~1\AppData\Local\Temp\ccqKPvtq.s:146    .text.chRegNextThread:0000002c $t

UNDEFINED SYMBOLS
rlist
chThdRelease
