ARM GAS  C:\Users\TAISIK~1\AppData\Local\Temp\cc0RLnSa.s 			page 1


   1              		.syntax unified
   2              		.cpu cortex-m4
   3              		.fpu softvfp
   4              		.eabi_attribute 20, 1
   5              		.eabi_attribute 21, 1
   6              		.eabi_attribute 23, 3
   7              		.eabi_attribute 24, 1
   8              		.eabi_attribute 25, 1
   9              		.eabi_attribute 26, 1
  10              		.eabi_attribute 30, 2
  11              		.eabi_attribute 34, 1
  12              		.eabi_attribute 18, 4
  13              		.thumb
  14              		.file	"chsys.c"
  15              		.text
  16              	.Ltext0:
  17              		.cfi_sections	.debug_frame
  18              		.section	.text._idle_thread,"ax",%progbits
  19              		.align	2
  20              		.p2align 4,,15
  21              		.global	_idle_thread
  22              		.thumb
  23              		.thumb_func
  24              		.type	_idle_thread, %function
  25              	_idle_thread:
  26              	.LFB7:
  27              		.file 1 "../../os/kernel/src/chsys.c"
  28              		.loc 1 54 0
  29              		.cfi_startproc
  30              		@ args = 0, pretend = 0, frame = 0
  31              		@ frame_needed = 0, uses_anonymous_args = 0
  32              		@ link register save eliminated.
  33              	.LVL0:
  34              		.loc 1 57 0
  35 0000 0248     		ldr	r0, .L4
  36              	.LVL1:
  37 0002 034A     		ldr	r2, .L4+4
  38 0004 8369     		ldr	r3, [r0, #24]
  39 0006 9A61     		str	r2, [r3, #24]
  40              	.L2:
  41 0008 FEE7     		b	.L2
  42              	.L5:
  43 000a 00BF     		.align	2
  44              	.L4:
  45 000c 00000000 		.word	rlist
  46 0010 00000000 		.word	.LC0
  47              		.cfi_endproc
  48              	.LFE7:
  49              		.size	_idle_thread, .-_idle_thread
  50 0014 AFF30080 		.section	.text.chSysInit,"ax",%progbits
  50      AFF30080 
  50      AFF30080 
  51              		.align	2
  52              		.p2align 4,,15
  53              		.global	chSysInit
  54              		.thumb
  55              		.thumb_func
ARM GAS  C:\Users\TAISIK~1\AppData\Local\Temp\cc0RLnSa.s 			page 2


  56              		.type	chSysInit, %function
  57              	chSysInit:
  58              	.LFB8:
  59              		.loc 1 77 0
  60              		.cfi_startproc
  61              		@ args = 0, pretend = 0, frame = 0
  62              		@ frame_needed = 0, uses_anonymous_args = 0
  63 0000 10B5     		push	{r4, lr}
  64              	.LCFI0:
  65              		.cfi_def_cfa_offset 8
  66              		.cfi_offset 14, -4
  67              		.cfi_offset 4, -8
  68 0002 82B0     		sub	sp, sp, #8
  69              	.LCFI1:
  70              		.cfi_def_cfa_offset 16
  71              		.loc 1 83 0
  72 0004 FFF7FEFF 		bl	_port_init
  73              		.loc 1 84 0
  74 0008 FFF7FEFF 		bl	_scheduler_init
  75              		.loc 1 85 0
  76 000c FFF7FEFF 		bl	_vt_init
  77              		.loc 1 87 0
  78 0010 FFF7FEFF 		bl	_core_init
  79              		.loc 1 90 0
  80 0014 FFF7FEFF 		bl	_heap_init
  81              		.loc 1 97 0
  82 0018 40F20000 		movw	r0, #:lower16:.LANCHOR0
  83 001c 4021     		movs	r1, #64
  84 001e C0F20000 		movt	r0, #:upper16:.LANCHOR0
  85 0022 FFF7FEFF 		bl	_thread_init
  86 0026 40F20004 		movw	r4, #:lower16:rlist
  87 002a C0F20004 		movt	r4, #:upper16:rlist
  88              		.loc 1 98 0
  89 002e 0122     		movs	r2, #1
  90              		.loc 1 97 0
  91 0030 A061     		str	r0, [r4, #24]
  92              		.loc 1 98 0
  93 0032 0277     		strb	r2, [r0, #28]
  94              	.LBB2:
  95              		.loc 1 104 0
  96 0034 0023     		movs	r3, #0
  97              	.LVL2:
  98              	@ 104 "../../os/kernel/src/chsys.c" 1
  99 0036 83F31188 		msr     BASEPRI, r3                    
 100 003a 62B6     		cpsie   i
 101              	@ 0 "" 2
 102              	.LVL3:
 103              		.thumb
 104              	.LBE2:
 105              		.loc 1 108 0
 106 003c A169     		ldr	r1, [r4, #24]
 107 003e 40F20004 		movw	r4, #:lower16:ch_debug
 108 0042 C0F20004 		movt	r4, #:upper16:ch_debug
 109 0046 8C61     		str	r4, [r1, #24]
 110              		.loc 1 114 0
 111 0048 40F20000 		movw	r0, #:lower16:.LANCHOR1
 112 004c 0021     		movs	r1, #0
ARM GAS  C:\Users\TAISIK~1\AppData\Local\Temp\cc0RLnSa.s 			page 3


 113 004e 40F20003 		movw	r3, #:lower16:_idle_thread
 114              	.LVL4:
 115 0052 0091     		str	r1, [sp, #0]
 116 0054 C0F20003 		movt	r3, #:upper16:_idle_thread
 117 0058 C021     		movs	r1, #192
 118 005a C0F20000 		movt	r0, #:upper16:.LANCHOR1
 119 005e FFF7FEFF 		bl	chThdCreateStatic
 120              		.loc 1 117 0
 121 0062 02B0     		add	sp, sp, #8
 122 0064 10BD     		pop	{r4, pc}
 123              		.cfi_endproc
 124              	.LFE8:
 125              		.size	chSysInit, .-chSysInit
 126 0066 00BFAFF3 		.section	.text.chSysTimerHandlerI,"ax",%progbits
 126      0080AFF3 
 126      0080
 127              		.align	2
 128              		.p2align 4,,15
 129              		.global	chSysTimerHandlerI
 130              		.thumb
 131              		.thumb_func
 132              		.type	chSysTimerHandlerI, %function
 133              	chSysTimerHandlerI:
 134              	.LFB9:
 135              		.loc 1 130 0
 136              		.cfi_startproc
 137              		@ args = 0, pretend = 0, frame = 0
 138              		@ frame_needed = 0, uses_anonymous_args = 0
 139 0000 38B5     		push	{r3, r4, r5, lr}
 140              	.LCFI2:
 141              		.cfi_def_cfa_offset 16
 142              		.cfi_offset 14, -4
 143              		.cfi_offset 5, -8
 144              		.cfi_offset 4, -12
 145              		.cfi_offset 3, -16
 146              		.loc 1 136 0
 147 0002 134B     		ldr	r3, .L13
 148 0004 9B69     		ldr	r3, [r3, #24]
 149 0006 DA7F     		ldrb	r2, [r3, #31]	@ zero_extendqisi2
 150 0008 0AB1     		cbz	r2, .L8
 151              		.loc 1 138 0
 152 000a 013A     		subs	r2, r2, #1
 153 000c DA77     		strb	r2, [r3, #31]
 154              	.L8:
 155              		.loc 1 141 0
 156 000e 1A6A     		ldr	r2, [r3, #32]
 157              		.loc 1 143 0
 158 0010 104C     		ldr	r4, .L13+4
 159              		.loc 1 141 0
 160 0012 511C     		adds	r1, r2, #1
 161 0014 1962     		str	r1, [r3, #32]
 162              		.loc 1 143 0
 163 0016 E368     		ldr	r3, [r4, #12]
 164 0018 2168     		ldr	r1, [r4, #0]
 165 001a 581C     		adds	r0, r3, #1
 166 001c A142     		cmp	r1, r4
 167 001e E060     		str	r0, [r4, #12]
ARM GAS  C:\Users\TAISIK~1\AppData\Local\Temp\cc0RLnSa.s 			page 4


 168 0020 14D0     		beq	.L7
 169              	.LBB3:
 170              		.loc 1 143 0 is_stmt 0 discriminator 1
 171 0022 8D68     		ldr	r5, [r1, #8]
 172 0024 013D     		subs	r5, r5, #1
 173 0026 8D60     		str	r5, [r1, #8]
 174              	.LVL5:
 175 0028 85B9     		cbnz	r5, .L7
 176              	.LVL6:
 177              	.L11:
 178              	.LBB4:
 179              		.loc 1 143 0 discriminator 3
 180 002a 0B68     		ldr	r3, [r1, #0]
 181              	.LVL7:
 182 002c CA68     		ldr	r2, [r1, #12]
 183              	.LVL8:
 184 002e 5C60     		str	r4, [r3, #4]
 185 0030 2360     		str	r3, [r4, #0]
 186 0032 CD60     		str	r5, [r1, #12]
 187              	.LBB5:
 188 0034 0023     		movs	r3, #0
 189              	.LVL9:
 190              	@ 143 "../../os/kernel/src/chsys.c" 1
 191 0036 83F31188 		msr     BASEPRI, r3
 192              	@ 0 "" 2
 193              	.LVL10:
 194              		.thumb
 195              	.LBE5:
 196 003a 0869     		ldr	r0, [r1, #16]
 197 003c 9047     		blx	r2
 198              	.LVL11:
 199              	.LBB6:
 200 003e 2023     		movs	r3, #32
 201              	@ 143 "../../os/kernel/src/chsys.c" 1
 202 0040 83F31188 		msr     BASEPRI, r3
 203              	@ 0 "" 2
 204              	.LVL12:
 205              		.thumb
 206              	.LBE6:
 207              	.LBE4:
 208 0044 2168     		ldr	r1, [r4, #0]
 209              	.LVL13:
 210 0046 8868     		ldr	r0, [r1, #8]
 211 0048 0028     		cmp	r0, #0
 212 004a EED0     		beq	.L11
 213              	.LVL14:
 214              	.L7:
 215 004c 38BD     		pop	{r3, r4, r5, pc}
 216              	.L14:
 217 004e 00BF     		.align	2
 218              	.L13:
 219 0050 00000000 		.word	rlist
 220 0054 00000000 		.word	vtlist
 221              	.LBE3:
 222              		.cfi_endproc
 223              	.LFE9:
 224              		.size	chSysTimerHandlerI, .-chSysTimerHandlerI
ARM GAS  C:\Users\TAISIK~1\AppData\Local\Temp\cc0RLnSa.s 			page 5


 225              		.global	_idle_thread_wa
 226 0058 AFF30080 		.section	.bss.mainthread.4648,"aw",%nobits
 226      AFF30080 
 227              		.align	2
 228              		.set	.LANCHOR0,. + 0
 229              		.type	mainthread.4648, %object
 230              		.size	mainthread.4648, 72
 231              	mainthread.4648:
 232 0000 00000000 		.space	72
 232      00000000 
 232      00000000 
 232      00000000 
 232      00000000 
 233              		.section	.rodata.str1.4,"aMS",%progbits,1
 234              		.align	2
 235              	.LC0:
 236 0000 69646C65 		.ascii	"idle\000"
 236      00
 237 0005 000000   		.section	.bss._idle_thread_wa,"aw",%nobits
 238              		.align	3
 239              		.set	.LANCHOR1,. + 0
 240              		.type	_idle_thread_wa, %object
 241              		.size	_idle_thread_wa, 192
 242              	_idle_thread_wa:
 243 0000 00000000 		.space	192
 243      00000000 
 243      00000000 
 243      00000000 
 243      00000000 
 244              		.text
 245              	.Letext0:
 246              		.file 2 "c:\\chibistudio\\tools\\gnu tools arm embedded\\4.6 2012q4\\bin\\../lib/gcc/arm-none-eabi
 247              		.file 3 "../../os/ports/GCC/ARMCMx/chtypes.h"
 248              		.file 4 "../../os/kernel/include/chlists.h"
 249              		.file 5 "../../os/kernel/include/chthreads.h"
 250              		.file 6 "../../os/ports/GCC/ARMCMx/chcore_v7m.h"
 251              		.file 7 "../../os/kernel/include/chvt.h"
 252              		.file 8 "../../os/kernel/include/chschd.h"
 253              		.file 9 "../../os/kernel/include/chmtx.h"
 254              		.file 10 "../../os/kernel/include/chregistry.h"
 255              		.file 11 "../../os/kernel/include/ch.h"
 256              		.section	.debug_info,"",%progbits
 257              	.Ldebug_info0:
 258 0000 D0070000 		.4byte	0x7d0
 259 0004 0200     		.2byte	0x2
 260 0006 00000000 		.4byte	.Ldebug_abbrev0
 261 000a 04       		.byte	0x4
 262 000b 01       		.uleb128 0x1
 263 000c 45000000 		.4byte	.LASF102
 264 0010 01       		.byte	0x1
 265 0011 23040000 		.4byte	.LASF103
 266 0015 DB000000 		.4byte	.LASF104
 267 0019 00000000 		.4byte	0
 268 001d 00000000 		.4byte	0
 269 0021 00000000 		.4byte	.Ldebug_ranges0+0
 270 0025 00000000 		.4byte	.Ldebug_line0
 271 0029 02       		.uleb128 0x2
ARM GAS  C:\Users\TAISIK~1\AppData\Local\Temp\cc0RLnSa.s 			page 6


 272 002a 04       		.byte	0x4
 273 002b 05       		.byte	0x5
 274 002c 696E7400 		.ascii	"int\000"
 275 0030 03       		.uleb128 0x3
 276 0031 04       		.byte	0x4
 277 0032 07       		.byte	0x7
 278 0033 C4010000 		.4byte	.LASF0
 279 0037 03       		.uleb128 0x3
 280 0038 01       		.byte	0x1
 281 0039 06       		.byte	0x6
 282 003a 21010000 		.4byte	.LASF1
 283 003e 04       		.uleb128 0x4
 284 003f 3F040000 		.4byte	.LASF4
 285 0043 02       		.byte	0x2
 286 0044 2A       		.byte	0x2a
 287 0045 49000000 		.4byte	0x49
 288 0049 03       		.uleb128 0x3
 289 004a 01       		.byte	0x1
 290 004b 08       		.byte	0x8
 291 004c 02030000 		.4byte	.LASF2
 292 0050 03       		.uleb128 0x3
 293 0051 02       		.byte	0x2
 294 0052 05       		.byte	0x5
 295 0053 1A030000 		.4byte	.LASF3
 296 0057 04       		.uleb128 0x4
 297 0058 76010000 		.4byte	.LASF5
 298 005c 02       		.byte	0x2
 299 005d 36       		.byte	0x36
 300 005e 62000000 		.4byte	0x62
 301 0062 03       		.uleb128 0x3
 302 0063 02       		.byte	0x2
 303 0064 07       		.byte	0x7
 304 0065 0A020000 		.4byte	.LASF6
 305 0069 04       		.uleb128 0x4
 306 006a FA020000 		.4byte	.LASF7
 307 006e 02       		.byte	0x2
 308 006f 4F       		.byte	0x4f
 309 0070 74000000 		.4byte	0x74
 310 0074 03       		.uleb128 0x3
 311 0075 04       		.byte	0x4
 312 0076 05       		.byte	0x5
 313 0077 64010000 		.4byte	.LASF8
 314 007b 04       		.uleb128 0x4
 315 007c 8D030000 		.4byte	.LASF9
 316 0080 02       		.byte	0x2
 317 0081 50       		.byte	0x50
 318 0082 86000000 		.4byte	0x86
 319 0086 03       		.uleb128 0x3
 320 0087 04       		.byte	0x4
 321 0088 07       		.byte	0x7
 322 0089 D9010000 		.4byte	.LASF10
 323 008d 03       		.uleb128 0x3
 324 008e 08       		.byte	0x8
 325 008f 05       		.byte	0x5
 326 0090 13010000 		.4byte	.LASF11
 327 0094 04       		.uleb128 0x4
 328 0095 22000000 		.4byte	.LASF12
ARM GAS  C:\Users\TAISIK~1\AppData\Local\Temp\cc0RLnSa.s 			page 7


 329 0099 02       		.byte	0x2
 330 009a 78       		.byte	0x78
 331 009b 9F000000 		.4byte	0x9f
 332 009f 03       		.uleb128 0x3
 333 00a0 08       		.byte	0x8
 334 00a1 07       		.byte	0x7
 335 00a2 8E000000 		.4byte	.LASF13
 336 00a6 03       		.uleb128 0x3
 337 00a7 01       		.byte	0x1
 338 00a8 02       		.byte	0x2
 339 00a9 F4020000 		.4byte	.LASF14
 340 00ad 04       		.uleb128 0x4
 341 00ae 23020000 		.4byte	.LASF15
 342 00b2 03       		.byte	0x3
 343 00b3 25       		.byte	0x25
 344 00b4 3E000000 		.4byte	0x3e
 345 00b8 04       		.uleb128 0x4
 346 00b9 6D010000 		.4byte	.LASF16
 347 00bd 03       		.byte	0x3
 348 00be 26       		.byte	0x26
 349 00bf 3E000000 		.4byte	0x3e
 350 00c3 04       		.uleb128 0x4
 351 00c4 D2020000 		.4byte	.LASF17
 352 00c8 03       		.byte	0x3
 353 00c9 27       		.byte	0x27
 354 00ca 3E000000 		.4byte	0x3e
 355 00ce 04       		.uleb128 0x4
 356 00cf 5A010000 		.4byte	.LASF18
 357 00d3 03       		.byte	0x3
 358 00d4 28       		.byte	0x28
 359 00d5 3E000000 		.4byte	0x3e
 360 00d9 04       		.uleb128 0x4
 361 00da EC020000 		.4byte	.LASF19
 362 00de 03       		.byte	0x3
 363 00df 29       		.byte	0x29
 364 00e0 7B000000 		.4byte	0x7b
 365 00e4 04       		.uleb128 0x4
 366 00e5 1D020000 		.4byte	.LASF20
 367 00e9 03       		.byte	0x3
 368 00ea 2A       		.byte	0x2a
 369 00eb 69000000 		.4byte	0x69
 370 00ef 04       		.uleb128 0x4
 371 00f0 37020000 		.4byte	.LASF21
 372 00f4 03       		.byte	0x3
 373 00f5 2C       		.byte	0x2c
 374 00f6 7B000000 		.4byte	0x7b
 375 00fa 04       		.uleb128 0x4
 376 00fb C3030000 		.4byte	.LASF22
 377 00ff 03       		.byte	0x3
 378 0100 2E       		.byte	0x2e
 379 0101 7B000000 		.4byte	0x7b
 380 0105 04       		.uleb128 0x4
 381 0106 6E030000 		.4byte	.LASF23
 382 010a 04       		.byte	0x4
 383 010b 23       		.byte	0x23
 384 010c 10010000 		.4byte	0x110
 385 0110 05       		.uleb128 0x5
ARM GAS  C:\Users\TAISIK~1\AppData\Local\Temp\cc0RLnSa.s 			page 8


 386 0111 6E030000 		.4byte	.LASF23
 387 0115 48       		.byte	0x48
 388 0116 05       		.byte	0x5
 389 0117 57       		.byte	0x57
 390 0118 35020000 		.4byte	0x235
 391 011c 06       		.uleb128 0x6
 392 011d 50030000 		.4byte	.LASF24
 393 0121 05       		.byte	0x5
 394 0122 58       		.byte	0x58
 395 0123 5A020000 		.4byte	0x25a
 396 0127 02       		.byte	0x2
 397 0128 23       		.byte	0x23
 398 0129 00       		.uleb128 0
 399 012a 06       		.uleb128 0x6
 400 012b E5020000 		.4byte	.LASF25
 401 012f 05       		.byte	0x5
 402 0130 5A       		.byte	0x5a
 403 0131 5A020000 		.4byte	0x25a
 404 0135 02       		.byte	0x2
 405 0136 23       		.byte	0x23
 406 0137 04       		.uleb128 0x4
 407 0138 06       		.uleb128 0x6
 408 0139 C7000000 		.4byte	.LASF26
 409 013d 05       		.byte	0x5
 410 013e 5C       		.byte	0x5c
 411 013f D9000000 		.4byte	0xd9
 412 0143 02       		.byte	0x2
 413 0144 23       		.byte	0x23
 414 0145 08       		.uleb128 0x8
 415 0146 06       		.uleb128 0x6
 416 0147 7A040000 		.4byte	.LASF27
 417 014b 05       		.byte	0x5
 418 014c 5D       		.byte	0x5d
 419 014d 33030000 		.4byte	0x333
 420 0151 02       		.byte	0x2
 421 0152 23       		.byte	0x23
 422 0153 0C       		.uleb128 0xc
 423 0154 06       		.uleb128 0x6
 424 0155 89010000 		.4byte	.LASF28
 425 0159 05       		.byte	0x5
 426 015a 5F       		.byte	0x5f
 427 015b 5A020000 		.4byte	0x25a
 428 015f 02       		.byte	0x2
 429 0160 23       		.byte	0x23
 430 0161 10       		.uleb128 0x10
 431 0162 06       		.uleb128 0x6
 432 0163 90020000 		.4byte	.LASF29
 433 0167 05       		.byte	0x5
 434 0168 60       		.byte	0x60
 435 0169 5A020000 		.4byte	0x25a
 436 016d 02       		.byte	0x2
 437 016e 23       		.byte	0x23
 438 016f 14       		.uleb128 0x14
 439 0170 06       		.uleb128 0x6
 440 0171 4E040000 		.4byte	.LASF30
 441 0175 05       		.byte	0x5
 442 0176 67       		.byte	0x67
ARM GAS  C:\Users\TAISIK~1\AppData\Local\Temp\cc0RLnSa.s 			page 9


 443 0177 0D050000 		.4byte	0x50d
 444 017b 02       		.byte	0x2
 445 017c 23       		.byte	0x23
 446 017d 18       		.uleb128 0x18
 447 017e 06       		.uleb128 0x6
 448 017f 24030000 		.4byte	.LASF31
 449 0183 05       		.byte	0x5
 450 0184 72       		.byte	0x72
 451 0185 B8000000 		.4byte	0xb8
 452 0189 02       		.byte	0x2
 453 018a 23       		.byte	0x23
 454 018b 1C       		.uleb128 0x1c
 455 018c 06       		.uleb128 0x6
 456 018d 66030000 		.4byte	.LASF32
 457 0191 05       		.byte	0x5
 458 0192 76       		.byte	0x76
 459 0193 AD000000 		.4byte	0xad
 460 0197 02       		.byte	0x2
 461 0198 23       		.byte	0x23
 462 0199 1D       		.uleb128 0x1d
 463 019a 06       		.uleb128 0x6
 464 019b 0C040000 		.4byte	.LASF33
 465 019f 05       		.byte	0x5
 466 01a0 7B       		.byte	0x7b
 467 01a1 C3000000 		.4byte	0xc3
 468 01a5 02       		.byte	0x2
 469 01a6 23       		.byte	0x23
 470 01a7 1E       		.uleb128 0x1e
 471 01a8 06       		.uleb128 0x6
 472 01a9 2C030000 		.4byte	.LASF34
 473 01ad 05       		.byte	0x5
 474 01ae 81       		.byte	0x81
 475 01af CE000000 		.4byte	0xce
 476 01b3 02       		.byte	0x2
 477 01b4 23       		.byte	0x23
 478 01b5 1F       		.uleb128 0x1f
 479 01b6 06       		.uleb128 0x6
 480 01b7 E1030000 		.4byte	.LASF35
 481 01bb 05       		.byte	0x5
 482 01bc 88       		.byte	0x88
 483 01bd 18040000 		.4byte	0x418
 484 01c1 02       		.byte	0x2
 485 01c2 23       		.byte	0x23
 486 01c3 20       		.uleb128 0x20
 487 01c4 07       		.uleb128 0x7
 488 01c5 705F7500 		.ascii	"p_u\000"
 489 01c9 05       		.byte	0x5
 490 01ca AD       		.byte	0xad
 491 01cb D8040000 		.4byte	0x4d8
 492 01cf 02       		.byte	0x2
 493 01d0 23       		.byte	0x23
 494 01d1 24       		.uleb128 0x24
 495 01d2 06       		.uleb128 0x6
 496 01d3 80040000 		.4byte	.LASF36
 497 01d7 05       		.byte	0x5
 498 01d8 B2       		.byte	0xb2
 499 01d9 82020000 		.4byte	0x282
ARM GAS  C:\Users\TAISIK~1\AppData\Local\Temp\cc0RLnSa.s 			page 10


 500 01dd 02       		.byte	0x2
 501 01de 23       		.byte	0x23
 502 01df 28       		.uleb128 0x28
 503 01e0 06       		.uleb128 0x6
 504 01e1 EF030000 		.4byte	.LASF37
 505 01e5 05       		.byte	0x5
 506 01e6 B8       		.byte	0xb8
 507 01e7 60020000 		.4byte	0x260
 508 01eb 02       		.byte	0x2
 509 01ec 23       		.byte	0x23
 510 01ed 2C       		.uleb128 0x2c
 511 01ee 06       		.uleb128 0x6
 512 01ef 15000000 		.4byte	.LASF38
 513 01f3 05       		.byte	0x5
 514 01f4 BC       		.byte	0xbc
 515 01f5 E4000000 		.4byte	0xe4
 516 01f9 02       		.byte	0x2
 517 01fa 23       		.byte	0x23
 518 01fb 34       		.uleb128 0x34
 519 01fc 06       		.uleb128 0x6
 520 01fd 82030000 		.4byte	.LASF39
 521 0201 05       		.byte	0x5
 522 0202 C2       		.byte	0xc2
 523 0203 EF000000 		.4byte	0xef
 524 0207 02       		.byte	0x2
 525 0208 23       		.byte	0x23
 526 0209 38       		.uleb128 0x38
 527 020a 06       		.uleb128 0x6
 528 020b 10030000 		.4byte	.LASF40
 529 020f 05       		.byte	0x5
 530 0210 C9       		.byte	0xc9
 531 0211 1F050000 		.4byte	0x51f
 532 0215 02       		.byte	0x2
 533 0216 23       		.byte	0x23
 534 0217 3C       		.uleb128 0x3c
 535 0218 06       		.uleb128 0x6
 536 0219 CD030000 		.4byte	.LASF41
 537 021d 05       		.byte	0x5
 538 021e CD       		.byte	0xcd
 539 021f D9000000 		.4byte	0xd9
 540 0223 02       		.byte	0x2
 541 0224 23       		.byte	0x23
 542 0225 40       		.uleb128 0x40
 543 0226 06       		.uleb128 0x6
 544 0227 4A010000 		.4byte	.LASF42
 545 022b 05       		.byte	0x5
 546 022c D3       		.byte	0xd3
 547 022d 98020000 		.4byte	0x298
 548 0231 02       		.byte	0x2
 549 0232 23       		.byte	0x23
 550 0233 44       		.uleb128 0x44
 551 0234 00       		.byte	0
 552 0235 08       		.uleb128 0x8
 553 0236 08       		.byte	0x8
 554 0237 04       		.byte	0x4
 555 0238 5A       		.byte	0x5a
 556 0239 5A020000 		.4byte	0x25a
ARM GAS  C:\Users\TAISIK~1\AppData\Local\Temp\cc0RLnSa.s 			page 11


 557 023d 06       		.uleb128 0x6
 558 023e 50030000 		.4byte	.LASF24
 559 0242 04       		.byte	0x4
 560 0243 5B       		.byte	0x5b
 561 0244 5A020000 		.4byte	0x25a
 562 0248 02       		.byte	0x2
 563 0249 23       		.byte	0x23
 564 024a 00       		.uleb128 0
 565 024b 06       		.uleb128 0x6
 566 024c E5020000 		.4byte	.LASF25
 567 0250 04       		.byte	0x4
 568 0251 5D       		.byte	0x5d
 569 0252 5A020000 		.4byte	0x25a
 570 0256 02       		.byte	0x2
 571 0257 23       		.byte	0x23
 572 0258 04       		.uleb128 0x4
 573 0259 00       		.byte	0
 574 025a 09       		.uleb128 0x9
 575 025b 04       		.byte	0x4
 576 025c 05010000 		.4byte	0x105
 577 0260 04       		.uleb128 0x4
 578 0261 9E020000 		.4byte	.LASF43
 579 0265 04       		.byte	0x4
 580 0266 5F       		.byte	0x5f
 581 0267 35020000 		.4byte	0x235
 582 026b 08       		.uleb128 0x8
 583 026c 04       		.byte	0x4
 584 026d 04       		.byte	0x4
 585 026e 64       		.byte	0x64
 586 026f 82020000 		.4byte	0x282
 587 0273 06       		.uleb128 0x6
 588 0274 50030000 		.4byte	.LASF24
 589 0278 04       		.byte	0x4
 590 0279 66       		.byte	0x66
 591 027a 5A020000 		.4byte	0x25a
 592 027e 02       		.byte	0x2
 593 027f 23       		.byte	0x23
 594 0280 00       		.uleb128 0
 595 0281 00       		.byte	0
 596 0282 04       		.uleb128 0x4
 597 0283 2B020000 		.4byte	.LASF44
 598 0287 04       		.byte	0x4
 599 0288 69       		.byte	0x69
 600 0289 6B020000 		.4byte	0x26b
 601 028d 04       		.uleb128 0x4
 602 028e A9010000 		.4byte	.LASF45
 603 0292 06       		.byte	0x6
 604 0293 DE       		.byte	0xde
 605 0294 98020000 		.4byte	0x298
 606 0298 0A       		.uleb128 0xa
 607 0299 04       		.byte	0x4
 608 029a 04       		.uleb128 0x4
 609 029b 49020000 		.4byte	.LASF46
 610 029f 06       		.byte	0x6
 611 02a0 E4       		.byte	0xe4
 612 02a1 94000000 		.4byte	0x94
 613 02a5 0B       		.uleb128 0xb
ARM GAS  C:\Users\TAISIK~1\AppData\Local\Temp\cc0RLnSa.s 			page 12


 614 02a6 E8030000 		.4byte	.LASF47
 615 02aa 24       		.byte	0x24
 616 02ab 06       		.byte	0x6
 617 02ac 0501     		.2byte	0x105
 618 02ae 33030000 		.4byte	0x333
 619 02b2 0C       		.uleb128 0xc
 620 02b3 723400   		.ascii	"r4\000"
 621 02b6 06       		.byte	0x6
 622 02b7 1801     		.2byte	0x118
 623 02b9 8D020000 		.4byte	0x28d
 624 02bd 02       		.byte	0x2
 625 02be 23       		.byte	0x23
 626 02bf 00       		.uleb128 0
 627 02c0 0C       		.uleb128 0xc
 628 02c1 723500   		.ascii	"r5\000"
 629 02c4 06       		.byte	0x6
 630 02c5 1901     		.2byte	0x119
 631 02c7 8D020000 		.4byte	0x28d
 632 02cb 02       		.byte	0x2
 633 02cc 23       		.byte	0x23
 634 02cd 04       		.uleb128 0x4
 635 02ce 0C       		.uleb128 0xc
 636 02cf 723600   		.ascii	"r6\000"
 637 02d2 06       		.byte	0x6
 638 02d3 1A01     		.2byte	0x11a
 639 02d5 8D020000 		.4byte	0x28d
 640 02d9 02       		.byte	0x2
 641 02da 23       		.byte	0x23
 642 02db 08       		.uleb128 0x8
 643 02dc 0C       		.uleb128 0xc
 644 02dd 723700   		.ascii	"r7\000"
 645 02e0 06       		.byte	0x6
 646 02e1 1B01     		.2byte	0x11b
 647 02e3 8D020000 		.4byte	0x28d
 648 02e7 02       		.byte	0x2
 649 02e8 23       		.byte	0x23
 650 02e9 0C       		.uleb128 0xc
 651 02ea 0C       		.uleb128 0xc
 652 02eb 723800   		.ascii	"r8\000"
 653 02ee 06       		.byte	0x6
 654 02ef 1C01     		.2byte	0x11c
 655 02f1 8D020000 		.4byte	0x28d
 656 02f5 02       		.byte	0x2
 657 02f6 23       		.byte	0x23
 658 02f7 10       		.uleb128 0x10
 659 02f8 0C       		.uleb128 0xc
 660 02f9 723900   		.ascii	"r9\000"
 661 02fc 06       		.byte	0x6
 662 02fd 1D01     		.2byte	0x11d
 663 02ff 8D020000 		.4byte	0x28d
 664 0303 02       		.byte	0x2
 665 0304 23       		.byte	0x23
 666 0305 14       		.uleb128 0x14
 667 0306 0C       		.uleb128 0xc
 668 0307 72313000 		.ascii	"r10\000"
 669 030b 06       		.byte	0x6
 670 030c 1E01     		.2byte	0x11e
ARM GAS  C:\Users\TAISIK~1\AppData\Local\Temp\cc0RLnSa.s 			page 13


 671 030e 8D020000 		.4byte	0x28d
 672 0312 02       		.byte	0x2
 673 0313 23       		.byte	0x23
 674 0314 18       		.uleb128 0x18
 675 0315 0C       		.uleb128 0xc
 676 0316 72313100 		.ascii	"r11\000"
 677 031a 06       		.byte	0x6
 678 031b 1F01     		.2byte	0x11f
 679 031d 8D020000 		.4byte	0x28d
 680 0321 02       		.byte	0x2
 681 0322 23       		.byte	0x23
 682 0323 1C       		.uleb128 0x1c
 683 0324 0C       		.uleb128 0xc
 684 0325 6C7200   		.ascii	"lr\000"
 685 0328 06       		.byte	0x6
 686 0329 2001     		.2byte	0x120
 687 032b 8D020000 		.4byte	0x28d
 688 032f 02       		.byte	0x2
 689 0330 23       		.byte	0x23
 690 0331 20       		.uleb128 0x20
 691 0332 00       		.byte	0
 692 0333 0B       		.uleb128 0xb
 693 0334 02020000 		.4byte	.LASF48
 694 0338 04       		.byte	0x4
 695 0339 06       		.byte	0x6
 696 033a 2A01     		.2byte	0x12a
 697 033c 50030000 		.4byte	0x350
 698 0340 0C       		.uleb128 0xc
 699 0341 72313300 		.ascii	"r13\000"
 700 0345 06       		.byte	0x6
 701 0346 2B01     		.2byte	0x12b
 702 0348 50030000 		.4byte	0x350
 703 034c 02       		.byte	0x2
 704 034d 23       		.byte	0x23
 705 034e 00       		.uleb128 0
 706 034f 00       		.byte	0
 707 0350 09       		.uleb128 0x9
 708 0351 04       		.byte	0x4
 709 0352 A5020000 		.4byte	0x2a5
 710 0356 04       		.uleb128 0x4
 711 0357 D8030000 		.4byte	.LASF49
 712 035b 07       		.byte	0x7
 713 035c 4E       		.byte	0x4e
 714 035d 61030000 		.4byte	0x361
 715 0361 09       		.uleb128 0x9
 716 0362 04       		.byte	0x4
 717 0363 67030000 		.4byte	0x367
 718 0367 0D       		.uleb128 0xd
 719 0368 01       		.byte	0x1
 720 0369 73030000 		.4byte	0x373
 721 036d 0E       		.uleb128 0xe
 722 036e 98020000 		.4byte	0x298
 723 0372 00       		.byte	0
 724 0373 04       		.uleb128 0x4
 725 0374 AA030000 		.4byte	.LASF50
 726 0378 07       		.byte	0x7
 727 0379 53       		.byte	0x53
ARM GAS  C:\Users\TAISIK~1\AppData\Local\Temp\cc0RLnSa.s 			page 14


 728 037a 7E030000 		.4byte	0x37e
 729 037e 05       		.uleb128 0x5
 730 037f AA030000 		.4byte	.LASF50
 731 0383 14       		.byte	0x14
 732 0384 07       		.byte	0x7
 733 0385 5A       		.byte	0x5a
 734 0386 D1030000 		.4byte	0x3d1
 735 038a 06       		.uleb128 0x6
 736 038b D1010000 		.4byte	.LASF51
 737 038f 07       		.byte	0x7
 738 0390 5B       		.byte	0x5b
 739 0391 D1030000 		.4byte	0x3d1
 740 0395 02       		.byte	0x2
 741 0396 23       		.byte	0x23
 742 0397 00       		.uleb128 0
 743 0398 06       		.uleb128 0x6
 744 0399 B2010000 		.4byte	.LASF52
 745 039d 07       		.byte	0x7
 746 039e 5D       		.byte	0x5d
 747 039f D1030000 		.4byte	0x3d1
 748 03a3 02       		.byte	0x2
 749 03a4 23       		.byte	0x23
 750 03a5 04       		.uleb128 0x4
 751 03a6 06       		.uleb128 0x6
 752 03a7 68020000 		.4byte	.LASF53
 753 03ab 07       		.byte	0x7
 754 03ac 5F       		.byte	0x5f
 755 03ad FA000000 		.4byte	0xfa
 756 03b1 02       		.byte	0x2
 757 03b2 23       		.byte	0x23
 758 03b3 08       		.uleb128 0x8
 759 03b4 06       		.uleb128 0x6
 760 03b5 70020000 		.4byte	.LASF54
 761 03b9 07       		.byte	0x7
 762 03ba 60       		.byte	0x60
 763 03bb 56030000 		.4byte	0x356
 764 03bf 02       		.byte	0x2
 765 03c0 23       		.byte	0x23
 766 03c1 0C       		.uleb128 0xc
 767 03c2 06       		.uleb128 0x6
 768 03c3 FA030000 		.4byte	.LASF55
 769 03c7 07       		.byte	0x7
 770 03c8 62       		.byte	0x62
 771 03c9 98020000 		.4byte	0x298
 772 03cd 02       		.byte	0x2
 773 03ce 23       		.byte	0x23
 774 03cf 10       		.uleb128 0x10
 775 03d0 00       		.byte	0
 776 03d1 09       		.uleb128 0x9
 777 03d2 04       		.byte	0x4
 778 03d3 73030000 		.4byte	0x373
 779 03d7 08       		.uleb128 0x8
 780 03d8 10       		.byte	0x10
 781 03d9 07       		.byte	0x7
 782 03da 6C       		.byte	0x6c
 783 03db 18040000 		.4byte	0x418
 784 03df 06       		.uleb128 0x6
ARM GAS  C:\Users\TAISIK~1\AppData\Local\Temp\cc0RLnSa.s 			page 15


 785 03e0 D1010000 		.4byte	.LASF51
 786 03e4 07       		.byte	0x7
 787 03e5 6D       		.byte	0x6d
 788 03e6 D1030000 		.4byte	0x3d1
 789 03ea 02       		.byte	0x2
 790 03eb 23       		.byte	0x23
 791 03ec 00       		.uleb128 0
 792 03ed 06       		.uleb128 0x6
 793 03ee B2010000 		.4byte	.LASF52
 794 03f2 07       		.byte	0x7
 795 03f3 6F       		.byte	0x6f
 796 03f4 D1030000 		.4byte	0x3d1
 797 03f8 02       		.byte	0x2
 798 03f9 23       		.byte	0x23
 799 03fa 04       		.uleb128 0x4
 800 03fb 06       		.uleb128 0x6
 801 03fc 68020000 		.4byte	.LASF53
 802 0400 07       		.byte	0x7
 803 0401 71       		.byte	0x71
 804 0402 FA000000 		.4byte	0xfa
 805 0406 02       		.byte	0x2
 806 0407 23       		.byte	0x23
 807 0408 08       		.uleb128 0x8
 808 0409 06       		.uleb128 0x6
 809 040a 55040000 		.4byte	.LASF56
 810 040e 07       		.byte	0x7
 811 040f 72       		.byte	0x72
 812 0410 18040000 		.4byte	0x418
 813 0414 02       		.byte	0x2
 814 0415 23       		.byte	0x23
 815 0416 0C       		.uleb128 0xc
 816 0417 00       		.byte	0
 817 0418 0F       		.uleb128 0xf
 818 0419 FA000000 		.4byte	0xfa
 819 041d 04       		.uleb128 0x4
 820 041e 6B040000 		.4byte	.LASF57
 821 0422 07       		.byte	0x7
 822 0423 73       		.byte	0x73
 823 0424 D7030000 		.4byte	0x3d7
 824 0428 08       		.uleb128 0x8
 825 0429 1C       		.byte	0x1c
 826 042a 08       		.byte	0x8
 827 042b 57       		.byte	0x57
 828 042c 85040000 		.4byte	0x485
 829 0430 06       		.uleb128 0x6
 830 0431 A2030000 		.4byte	.LASF58
 831 0435 08       		.byte	0x8
 832 0436 58       		.byte	0x58
 833 0437 60020000 		.4byte	0x260
 834 043b 02       		.byte	0x2
 835 043c 23       		.byte	0x23
 836 043d 00       		.uleb128 0
 837 043e 06       		.uleb128 0x6
 838 043f 42030000 		.4byte	.LASF59
 839 0443 08       		.byte	0x8
 840 0444 59       		.byte	0x59
 841 0445 D9000000 		.4byte	0xd9
ARM GAS  C:\Users\TAISIK~1\AppData\Local\Temp\cc0RLnSa.s 			page 16


 842 0449 02       		.byte	0x2
 843 044a 23       		.byte	0x23
 844 044b 08       		.uleb128 0x8
 845 044c 06       		.uleb128 0x6
 846 044d 98020000 		.4byte	.LASF60
 847 0451 08       		.byte	0x8
 848 0452 5B       		.byte	0x5b
 849 0453 33030000 		.4byte	0x333
 850 0457 02       		.byte	0x2
 851 0458 23       		.byte	0x23
 852 0459 0C       		.uleb128 0xc
 853 045a 06       		.uleb128 0x6
 854 045b A1010000 		.4byte	.LASF61
 855 045f 08       		.byte	0x8
 856 0460 5E       		.byte	0x5e
 857 0461 5A020000 		.4byte	0x25a
 858 0465 02       		.byte	0x2
 859 0466 23       		.byte	0x23
 860 0467 10       		.uleb128 0x10
 861 0468 06       		.uleb128 0x6
 862 0469 BD020000 		.4byte	.LASF62
 863 046d 08       		.byte	0x8
 864 046e 5F       		.byte	0x5f
 865 046f 5A020000 		.4byte	0x25a
 866 0473 02       		.byte	0x2
 867 0474 23       		.byte	0x23
 868 0475 14       		.uleb128 0x14
 869 0476 06       		.uleb128 0x6
 870 0477 B3020000 		.4byte	.LASF63
 871 047b 08       		.byte	0x8
 872 047c 62       		.byte	0x62
 873 047d 5A020000 		.4byte	0x25a
 874 0481 02       		.byte	0x2
 875 0482 23       		.byte	0x23
 876 0483 18       		.uleb128 0x18
 877 0484 00       		.byte	0
 878 0485 04       		.uleb128 0x4
 879 0486 13040000 		.4byte	.LASF64
 880 048a 08       		.byte	0x8
 881 048b 64       		.byte	0x64
 882 048c 28040000 		.4byte	0x428
 883 0490 05       		.uleb128 0x5
 884 0491 43020000 		.4byte	.LASF65
 885 0495 10       		.byte	0x10
 886 0496 09       		.byte	0x9
 887 0497 25       		.byte	0x25
 888 0498 C7040000 		.4byte	0x4c7
 889 049c 06       		.uleb128 0x6
 890 049d 52010000 		.4byte	.LASF66
 891 04a1 09       		.byte	0x9
 892 04a2 26       		.byte	0x26
 893 04a3 60020000 		.4byte	0x260
 894 04a7 02       		.byte	0x2
 895 04a8 23       		.byte	0x23
 896 04a9 00       		.uleb128 0
 897 04aa 06       		.uleb128 0x6
 898 04ab 72040000 		.4byte	.LASF67
ARM GAS  C:\Users\TAISIK~1\AppData\Local\Temp\cc0RLnSa.s 			page 17


 899 04af 09       		.byte	0x9
 900 04b0 28       		.byte	0x28
 901 04b1 5A020000 		.4byte	0x25a
 902 04b5 02       		.byte	0x2
 903 04b6 23       		.byte	0x23
 904 04b7 08       		.uleb128 0x8
 905 04b8 06       		.uleb128 0x6
 906 04b9 BC030000 		.4byte	.LASF68
 907 04bd 09       		.byte	0x9
 908 04be 2A       		.byte	0x2a
 909 04bf C7040000 		.4byte	0x4c7
 910 04c3 02       		.byte	0x2
 911 04c4 23       		.byte	0x23
 912 04c5 0C       		.uleb128 0xc
 913 04c6 00       		.byte	0
 914 04c7 09       		.uleb128 0x9
 915 04c8 04       		.byte	0x4
 916 04c9 90040000 		.4byte	0x490
 917 04cd 04       		.uleb128 0x4
 918 04ce 43020000 		.4byte	.LASF65
 919 04d2 09       		.byte	0x9
 920 04d3 2C       		.byte	0x2c
 921 04d4 90040000 		.4byte	0x490
 922 04d8 10       		.uleb128 0x10
 923 04d9 04       		.byte	0x4
 924 04da 05       		.byte	0x5
 925 04db 8F       		.byte	0x8f
 926 04dc 0D050000 		.4byte	0x50d
 927 04e0 11       		.uleb128 0x11
 928 04e1 1B000000 		.4byte	.LASF69
 929 04e5 05       		.byte	0x5
 930 04e6 96       		.byte	0x96
 931 04e7 E4000000 		.4byte	0xe4
 932 04eb 11       		.uleb128 0x11
 933 04ec B3000000 		.4byte	.LASF70
 934 04f0 05       		.byte	0x5
 935 04f1 9D       		.byte	0x9d
 936 04f2 E4000000 		.4byte	0xe4
 937 04f6 11       		.uleb128 0x11
 938 04f7 47040000 		.4byte	.LASF71
 939 04fb 05       		.byte	0x5
 940 04fc A4       		.byte	0xa4
 941 04fd 98020000 		.4byte	0x298
 942 0501 11       		.uleb128 0x11
 943 0502 49030000 		.4byte	.LASF72
 944 0506 05       		.byte	0x5
 945 0507 AB       		.byte	0xab
 946 0508 EF000000 		.4byte	0xef
 947 050c 00       		.byte	0
 948 050d 09       		.uleb128 0x9
 949 050e 04       		.byte	0x4
 950 050f 13050000 		.4byte	0x513
 951 0513 12       		.uleb128 0x12
 952 0514 18050000 		.4byte	0x518
 953 0518 03       		.uleb128 0x3
 954 0519 01       		.byte	0x1
 955 051a 08       		.byte	0x8
ARM GAS  C:\Users\TAISIK~1\AppData\Local\Temp\cc0RLnSa.s 			page 18


 956 051b B7030000 		.4byte	.LASF73
 957 051f 09       		.uleb128 0x9
 958 0520 04       		.byte	0x4
 959 0521 CD040000 		.4byte	0x4cd
 960 0525 04       		.uleb128 0x4
 961 0526 00000000 		.4byte	.LASF74
 962 052a 05       		.byte	0x5
 963 052b DE       		.byte	0xde
 964 052c 30050000 		.4byte	0x530
 965 0530 09       		.uleb128 0x9
 966 0531 04       		.byte	0x4
 967 0532 36050000 		.4byte	0x536
 968 0536 13       		.uleb128 0x13
 969 0537 01       		.byte	0x1
 970 0538 E4000000 		.4byte	0xe4
 971 053c 46050000 		.4byte	0x546
 972 0540 0E       		.uleb128 0xe
 973 0541 98020000 		.4byte	0x298
 974 0545 00       		.byte	0
 975 0546 08       		.uleb128 0x8
 976 0547 16       		.byte	0x16
 977 0548 0A       		.byte	0xa
 978 0549 25       		.byte	0x25
 979 054a 4B060000 		.4byte	0x64b
 980 054e 06       		.uleb128 0x6
 981 054f F4010000 		.4byte	.LASF75
 982 0553 0A       		.byte	0xa
 983 0554 26       		.byte	0x26
 984 0555 4B060000 		.4byte	0x64b
 985 0559 02       		.byte	0x2
 986 055a 23       		.byte	0x23
 987 055b 00       		.uleb128 0
 988 055c 06       		.uleb128 0x6
 989 055d 54020000 		.4byte	.LASF76
 990 0561 0A       		.byte	0xa
 991 0562 27       		.byte	0x27
 992 0563 3E000000 		.4byte	0x3e
 993 0567 02       		.byte	0x2
 994 0568 23       		.byte	0x23
 995 0569 04       		.uleb128 0x4
 996 056a 06       		.uleb128 0x6
 997 056b AB020000 		.4byte	.LASF77
 998 056f 0A       		.byte	0xa
 999 0570 28       		.byte	0x28
 1000 0571 3E000000 		.4byte	0x3e
 1001 0575 02       		.byte	0x2
 1002 0576 23       		.byte	0x23
 1003 0577 05       		.uleb128 0x5
 1004 0578 06       		.uleb128 0x6
 1005 0579 60040000 		.4byte	.LASF78
 1006 057d 0A       		.byte	0xa
 1007 057e 29       		.byte	0x29
 1008 057f 57000000 		.4byte	0x57
 1009 0583 02       		.byte	0x2
 1010 0584 23       		.byte	0x23
 1011 0585 06       		.uleb128 0x6
 1012 0586 06       		.uleb128 0x6
ARM GAS  C:\Users\TAISIK~1\AppData\Local\Temp\cc0RLnSa.s 			page 19


 1013 0587 DA020000 		.4byte	.LASF79
 1014 058b 0A       		.byte	0xa
 1015 058c 2A       		.byte	0x2a
 1016 058d 3E000000 		.4byte	0x3e
 1017 0591 02       		.byte	0x2
 1018 0592 23       		.byte	0x23
 1019 0593 08       		.uleb128 0x8
 1020 0594 06       		.uleb128 0x6
 1021 0595 78020000 		.4byte	.LASF80
 1022 0599 0A       		.byte	0xa
 1023 059a 2B       		.byte	0x2b
 1024 059b 3E000000 		.4byte	0x3e
 1025 059f 02       		.byte	0x2
 1026 05a0 23       		.byte	0x23
 1027 05a1 09       		.uleb128 0x9
 1028 05a2 06       		.uleb128 0x6
 1029 05a3 A5000000 		.4byte	.LASF81
 1030 05a7 0A       		.byte	0xa
 1031 05a8 2C       		.byte	0x2c
 1032 05a9 3E000000 		.4byte	0x3e
 1033 05ad 02       		.byte	0x2
 1034 05ae 23       		.byte	0x23
 1035 05af 0A       		.uleb128 0xa
 1036 05b0 06       		.uleb128 0x6
 1037 05b1 96030000 		.4byte	.LASF82
 1038 05b5 0A       		.byte	0xa
 1039 05b6 2D       		.byte	0x2d
 1040 05b7 3E000000 		.4byte	0x3e
 1041 05bb 02       		.byte	0x2
 1042 05bc 23       		.byte	0x23
 1043 05bd 0B       		.uleb128 0xb
 1044 05be 06       		.uleb128 0x6
 1045 05bf 01040000 		.4byte	.LASF83
 1046 05c3 0A       		.byte	0xa
 1047 05c4 2E       		.byte	0x2e
 1048 05c5 3E000000 		.4byte	0x3e
 1049 05c9 02       		.byte	0x2
 1050 05ca 23       		.byte	0x23
 1051 05cb 0C       		.uleb128 0xc
 1052 05cc 06       		.uleb128 0x6
 1053 05cd 75030000 		.4byte	.LASF84
 1054 05d1 0A       		.byte	0xa
 1055 05d2 2F       		.byte	0x2f
 1056 05d3 3E000000 		.4byte	0x3e
 1057 05d7 02       		.byte	0x2
 1058 05d8 23       		.byte	0x23
 1059 05d9 0D       		.uleb128 0xd
 1060 05da 06       		.uleb128 0x6
 1061 05db 08000000 		.4byte	.LASF85
 1062 05df 0A       		.byte	0xa
 1063 05e0 30       		.byte	0x30
 1064 05e1 3E000000 		.4byte	0x3e
 1065 05e5 02       		.byte	0x2
 1066 05e6 23       		.byte	0x23
 1067 05e7 0E       		.uleb128 0xe
 1068 05e8 06       		.uleb128 0x6
 1069 05e9 84020000 		.4byte	.LASF86
ARM GAS  C:\Users\TAISIK~1\AppData\Local\Temp\cc0RLnSa.s 			page 20


 1070 05ed 0A       		.byte	0xa
 1071 05ee 31       		.byte	0x31
 1072 05ef 3E000000 		.4byte	0x3e
 1073 05f3 02       		.byte	0x2
 1074 05f4 23       		.byte	0x23
 1075 05f5 0F       		.uleb128 0xf
 1076 05f6 06       		.uleb128 0x6
 1077 05f7 2D010000 		.4byte	.LASF87
 1078 05fb 0A       		.byte	0xa
 1079 05fc 32       		.byte	0x32
 1080 05fd 3E000000 		.4byte	0x3e
 1081 0601 02       		.byte	0x2
 1082 0602 23       		.byte	0x23
 1083 0603 10       		.uleb128 0x10
 1084 0604 06       		.uleb128 0x6
 1085 0605 CE000000 		.4byte	.LASF88
 1086 0609 0A       		.byte	0xa
 1087 060a 34       		.byte	0x34
 1088 060b 3E000000 		.4byte	0x3e
 1089 060f 02       		.byte	0x2
 1090 0610 23       		.byte	0x23
 1091 0611 11       		.uleb128 0x11
 1092 0612 06       		.uleb128 0x6
 1093 0613 3D010000 		.4byte	.LASF89
 1094 0617 0A       		.byte	0xa
 1095 0618 35       		.byte	0x35
 1096 0619 3E000000 		.4byte	0x3e
 1097 061d 02       		.byte	0x2
 1098 061e 23       		.byte	0x23
 1099 061f 12       		.uleb128 0x12
 1100 0620 06       		.uleb128 0x6
 1101 0621 5C020000 		.4byte	.LASF90
 1102 0625 0A       		.byte	0xa
 1103 0626 36       		.byte	0x36
 1104 0627 3E000000 		.4byte	0x3e
 1105 062b 02       		.byte	0x2
 1106 062c 23       		.byte	0x23
 1107 062d 13       		.uleb128 0x13
 1108 062e 06       		.uleb128 0x6
 1109 062f 57030000 		.4byte	.LASF91
 1110 0633 0A       		.byte	0xa
 1111 0634 37       		.byte	0x37
 1112 0635 3E000000 		.4byte	0x3e
 1113 0639 02       		.byte	0x2
 1114 063a 23       		.byte	0x23
 1115 063b 14       		.uleb128 0x14
 1116 063c 06       		.uleb128 0x6
 1117 063d 36030000 		.4byte	.LASF92
 1118 0641 0A       		.byte	0xa
 1119 0642 39       		.byte	0x39
 1120 0643 3E000000 		.4byte	0x3e
 1121 0647 02       		.byte	0x2
 1122 0648 23       		.byte	0x23
 1123 0649 15       		.uleb128 0x15
 1124 064a 00       		.byte	0
 1125 064b 14       		.uleb128 0x14
 1126 064c 18050000 		.4byte	0x518
ARM GAS  C:\Users\TAISIK~1\AppData\Local\Temp\cc0RLnSa.s 			page 21


 1127 0650 5B060000 		.4byte	0x65b
 1128 0654 15       		.uleb128 0x15
 1129 0655 30000000 		.4byte	0x30
 1130 0659 03       		.byte	0x3
 1131 065a 00       		.byte	0
 1132 065b 04       		.uleb128 0x4
 1133 065c 7F010000 		.4byte	.LASF93
 1134 0660 0A       		.byte	0xa
 1135 0661 3A       		.byte	0x3a
 1136 0662 46050000 		.4byte	0x546
 1137 0666 16       		.uleb128 0x16
 1138 0667 01       		.byte	0x1
 1139 0668 C5020000 		.4byte	.LASF94
 1140 066c 01       		.byte	0x1
 1141 066d 36       		.byte	0x36
 1142 066e 01       		.byte	0x1
 1143 066f 00000000 		.4byte	.LFB7
 1144 0673 14000000 		.4byte	.LFE7
 1145 0677 02       		.byte	0x2
 1146 0678 7D       		.byte	0x7d
 1147 0679 00       		.sleb128 0
 1148 067a 8C060000 		.4byte	0x68c
 1149 067e 17       		.uleb128 0x17
 1150 067f 7000     		.ascii	"p\000"
 1151 0681 01       		.byte	0x1
 1152 0682 36       		.byte	0x36
 1153 0683 98020000 		.4byte	0x298
 1154 0687 00000000 		.4byte	.LLST0
 1155 068b 00       		.byte	0
 1156 068c 18       		.uleb128 0x18
 1157 068d 01       		.byte	0x1
 1158 068e BA010000 		.4byte	.LASF95
 1159 0692 01       		.byte	0x1
 1160 0693 4D       		.byte	0x4d
 1161 0694 01       		.byte	0x1
 1162 0695 00000000 		.4byte	.LFB8
 1163 0699 66000000 		.4byte	.LFE8
 1164 069d 13000000 		.4byte	.LLST1
 1165 06a1 D0060000 		.4byte	0x6d0
 1166 06a5 19       		.uleb128 0x19
 1167 06a6 BC000000 		.4byte	.LASF96
 1168 06aa 01       		.byte	0x1
 1169 06ab 4E       		.byte	0x4e
 1170 06ac 05010000 		.4byte	0x105
 1171 06b0 05       		.byte	0x5
 1172 06b1 03       		.byte	0x3
 1173 06b2 00000000 		.4byte	mainthread.4648
 1174 06b6 1A       		.uleb128 0x1a
 1175 06b7 34000000 		.4byte	.LBB2
 1176 06bb 3C000000 		.4byte	.LBE2
 1177 06bf 1B       		.uleb128 0x1b
 1178 06c0 746D7000 		.ascii	"tmp\000"
 1179 06c4 01       		.byte	0x1
 1180 06c5 68       		.byte	0x68
 1181 06c6 7B000000 		.4byte	0x7b
 1182 06ca 3F000000 		.4byte	.LLST2
 1183 06ce 00       		.byte	0
ARM GAS  C:\Users\TAISIK~1\AppData\Local\Temp\cc0RLnSa.s 			page 22


 1184 06cf 00       		.byte	0
 1185 06d0 18       		.uleb128 0x18
 1186 06d1 01       		.byte	0x1
 1187 06d2 32000000 		.4byte	.LASF97
 1188 06d6 01       		.byte	0x1
 1189 06d7 82       		.byte	0x82
 1190 06d8 01       		.byte	0x1
 1191 06d9 00000000 		.4byte	.LFB9
 1192 06dd 58000000 		.4byte	.LFE9
 1193 06e1 52000000 		.4byte	.LLST3
 1194 06e5 51070000 		.4byte	0x751
 1195 06e9 1A       		.uleb128 0x1a
 1196 06ea 22000000 		.4byte	.LBB3
 1197 06ee 58000000 		.4byte	.LBE3
 1198 06f2 1B       		.uleb128 0x1b
 1199 06f3 76747000 		.ascii	"vtp\000"
 1200 06f7 01       		.byte	0x1
 1201 06f8 8F       		.byte	0x8f
 1202 06f9 D1030000 		.4byte	0x3d1
 1203 06fd 72000000 		.4byte	.LLST4
 1204 0701 1A       		.uleb128 0x1a
 1205 0702 2A000000 		.4byte	.LBB4
 1206 0706 44000000 		.4byte	.LBE4
 1207 070a 1B       		.uleb128 0x1b
 1208 070b 666E00   		.ascii	"fn\000"
 1209 070e 01       		.byte	0x1
 1210 070f 8F       		.byte	0x8f
 1211 0710 56030000 		.4byte	0x356
 1212 0714 9D000000 		.4byte	.LLST5
 1213 0718 1C       		.uleb128 0x1c
 1214 0719 34000000 		.4byte	.LBB5
 1215 071d 3A000000 		.4byte	.LBE5
 1216 0721 35070000 		.4byte	0x735
 1217 0725 1B       		.uleb128 0x1b
 1218 0726 746D7000 		.ascii	"tmp\000"
 1219 072a 01       		.byte	0x1
 1220 072b 8F       		.byte	0x8f
 1221 072c 7B000000 		.4byte	0x7b
 1222 0730 B1000000 		.4byte	.LLST6
 1223 0734 00       		.byte	0
 1224 0735 1A       		.uleb128 0x1a
 1225 0736 3E000000 		.4byte	.LBB6
 1226 073a 44000000 		.4byte	.LBE6
 1227 073e 1B       		.uleb128 0x1b
 1228 073f 746D7000 		.ascii	"tmp\000"
 1229 0743 01       		.byte	0x1
 1230 0744 8F       		.byte	0x8f
 1231 0745 7B000000 		.4byte	0x7b
 1232 0749 C4000000 		.4byte	.LLST7
 1233 074d 00       		.byte	0
 1234 074e 00       		.byte	0
 1235 074f 00       		.byte	0
 1236 0750 00       		.byte	0
 1237 0751 1D       		.uleb128 0x1d
 1238 0752 2B000000 		.4byte	.LASF98
 1239 0756 07       		.byte	0x7
 1240 0757 D1       		.byte	0xd1
ARM GAS  C:\Users\TAISIK~1\AppData\Local\Temp\cc0RLnSa.s 			page 23


 1241 0758 1D040000 		.4byte	0x41d
 1242 075c 01       		.byte	0x1
 1243 075d 01       		.byte	0x1
 1244 075e 1D       		.uleb128 0x1d
 1245 075f 1D040000 		.4byte	.LASF99
 1246 0763 08       		.byte	0x8
 1247 0764 68       		.byte	0x68
 1248 0765 85040000 		.4byte	0x485
 1249 0769 01       		.byte	0x1
 1250 076a 01       		.byte	0x1
 1251 076b 1D       		.uleb128 0x1d
 1252 076c EB010000 		.4byte	.LASF100
 1253 0770 0A       		.byte	0xa
 1254 0771 77       		.byte	0x77
 1255 0772 78070000 		.4byte	0x778
 1256 0776 01       		.byte	0x1
 1257 0777 01       		.byte	0x1
 1258 0778 12       		.uleb128 0x12
 1259 0779 5B060000 		.4byte	0x65b
 1260 077d 14       		.uleb128 0x14
 1261 077e 9A020000 		.4byte	0x29a
 1262 0782 8D070000 		.4byte	0x78d
 1263 0786 15       		.uleb128 0x15
 1264 0787 30000000 		.4byte	0x30
 1265 078b 17       		.byte	0x17
 1266 078c 00       		.byte	0
 1267 078d 1D       		.uleb128 0x1d
 1268 078e 91010000 		.4byte	.LASF101
 1269 0792 0B       		.byte	0xb
 1270 0793 82       		.byte	0x82
 1271 0794 7D070000 		.4byte	0x77d
 1272 0798 01       		.byte	0x1
 1273 0799 01       		.byte	0x1
 1274 079a 1D       		.uleb128 0x1d
 1275 079b 2B000000 		.4byte	.LASF98
 1276 079f 07       		.byte	0x7
 1277 07a0 D1       		.byte	0xd1
 1278 07a1 1D040000 		.4byte	0x41d
 1279 07a5 01       		.byte	0x1
 1280 07a6 01       		.byte	0x1
 1281 07a7 1D       		.uleb128 0x1d
 1282 07a8 1D040000 		.4byte	.LASF99
 1283 07ac 08       		.byte	0x8
 1284 07ad 68       		.byte	0x68
 1285 07ae 85040000 		.4byte	0x485
 1286 07b2 01       		.byte	0x1
 1287 07b3 01       		.byte	0x1
 1288 07b4 1D       		.uleb128 0x1d
 1289 07b5 EB010000 		.4byte	.LASF100
 1290 07b9 0A       		.byte	0xa
 1291 07ba 77       		.byte	0x77
 1292 07bb 78070000 		.4byte	0x778
 1293 07bf 01       		.byte	0x1
 1294 07c0 01       		.byte	0x1
 1295 07c1 1E       		.uleb128 0x1e
 1296 07c2 91010000 		.4byte	.LASF101
 1297 07c6 01       		.byte	0x1
ARM GAS  C:\Users\TAISIK~1\AppData\Local\Temp\cc0RLnSa.s 			page 24


 1298 07c7 2A       		.byte	0x2a
 1299 07c8 7D070000 		.4byte	0x77d
 1300 07cc 01       		.byte	0x1
 1301 07cd 05       		.byte	0x5
 1302 07ce 03       		.byte	0x3
 1303 07cf 00000000 		.4byte	_idle_thread_wa
 1304 07d3 00       		.byte	0
 1305              		.section	.debug_abbrev,"",%progbits
 1306              	.Ldebug_abbrev0:
 1307 0000 01       		.uleb128 0x1
 1308 0001 11       		.uleb128 0x11
 1309 0002 01       		.byte	0x1
 1310 0003 25       		.uleb128 0x25
 1311 0004 0E       		.uleb128 0xe
 1312 0005 13       		.uleb128 0x13
 1313 0006 0B       		.uleb128 0xb
 1314 0007 03       		.uleb128 0x3
 1315 0008 0E       		.uleb128 0xe
 1316 0009 1B       		.uleb128 0x1b
 1317 000a 0E       		.uleb128 0xe
 1318 000b 11       		.uleb128 0x11
 1319 000c 01       		.uleb128 0x1
 1320 000d 52       		.uleb128 0x52
 1321 000e 01       		.uleb128 0x1
 1322 000f 55       		.uleb128 0x55
 1323 0010 06       		.uleb128 0x6
 1324 0011 10       		.uleb128 0x10
 1325 0012 06       		.uleb128 0x6
 1326 0013 00       		.byte	0
 1327 0014 00       		.byte	0
 1328 0015 02       		.uleb128 0x2
 1329 0016 24       		.uleb128 0x24
 1330 0017 00       		.byte	0
 1331 0018 0B       		.uleb128 0xb
 1332 0019 0B       		.uleb128 0xb
 1333 001a 3E       		.uleb128 0x3e
 1334 001b 0B       		.uleb128 0xb
 1335 001c 03       		.uleb128 0x3
 1336 001d 08       		.uleb128 0x8
 1337 001e 00       		.byte	0
 1338 001f 00       		.byte	0
 1339 0020 03       		.uleb128 0x3
 1340 0021 24       		.uleb128 0x24
 1341 0022 00       		.byte	0
 1342 0023 0B       		.uleb128 0xb
 1343 0024 0B       		.uleb128 0xb
 1344 0025 3E       		.uleb128 0x3e
 1345 0026 0B       		.uleb128 0xb
 1346 0027 03       		.uleb128 0x3
 1347 0028 0E       		.uleb128 0xe
 1348 0029 00       		.byte	0
 1349 002a 00       		.byte	0
 1350 002b 04       		.uleb128 0x4
 1351 002c 16       		.uleb128 0x16
 1352 002d 00       		.byte	0
 1353 002e 03       		.uleb128 0x3
 1354 002f 0E       		.uleb128 0xe
ARM GAS  C:\Users\TAISIK~1\AppData\Local\Temp\cc0RLnSa.s 			page 25


 1355 0030 3A       		.uleb128 0x3a
 1356 0031 0B       		.uleb128 0xb
 1357 0032 3B       		.uleb128 0x3b
 1358 0033 0B       		.uleb128 0xb
 1359 0034 49       		.uleb128 0x49
 1360 0035 13       		.uleb128 0x13
 1361 0036 00       		.byte	0
 1362 0037 00       		.byte	0
 1363 0038 05       		.uleb128 0x5
 1364 0039 13       		.uleb128 0x13
 1365 003a 01       		.byte	0x1
 1366 003b 03       		.uleb128 0x3
 1367 003c 0E       		.uleb128 0xe
 1368 003d 0B       		.uleb128 0xb
 1369 003e 0B       		.uleb128 0xb
 1370 003f 3A       		.uleb128 0x3a
 1371 0040 0B       		.uleb128 0xb
 1372 0041 3B       		.uleb128 0x3b
 1373 0042 0B       		.uleb128 0xb
 1374 0043 01       		.uleb128 0x1
 1375 0044 13       		.uleb128 0x13
 1376 0045 00       		.byte	0
 1377 0046 00       		.byte	0
 1378 0047 06       		.uleb128 0x6
 1379 0048 0D       		.uleb128 0xd
 1380 0049 00       		.byte	0
 1381 004a 03       		.uleb128 0x3
 1382 004b 0E       		.uleb128 0xe
 1383 004c 3A       		.uleb128 0x3a
 1384 004d 0B       		.uleb128 0xb
 1385 004e 3B       		.uleb128 0x3b
 1386 004f 0B       		.uleb128 0xb
 1387 0050 49       		.uleb128 0x49
 1388 0051 13       		.uleb128 0x13
 1389 0052 38       		.uleb128 0x38
 1390 0053 0A       		.uleb128 0xa
 1391 0054 00       		.byte	0
 1392 0055 00       		.byte	0
 1393 0056 07       		.uleb128 0x7
 1394 0057 0D       		.uleb128 0xd
 1395 0058 00       		.byte	0
 1396 0059 03       		.uleb128 0x3
 1397 005a 08       		.uleb128 0x8
 1398 005b 3A       		.uleb128 0x3a
 1399 005c 0B       		.uleb128 0xb
 1400 005d 3B       		.uleb128 0x3b
 1401 005e 0B       		.uleb128 0xb
 1402 005f 49       		.uleb128 0x49
 1403 0060 13       		.uleb128 0x13
 1404 0061 38       		.uleb128 0x38
 1405 0062 0A       		.uleb128 0xa
 1406 0063 00       		.byte	0
 1407 0064 00       		.byte	0
 1408 0065 08       		.uleb128 0x8
 1409 0066 13       		.uleb128 0x13
 1410 0067 01       		.byte	0x1
 1411 0068 0B       		.uleb128 0xb
ARM GAS  C:\Users\TAISIK~1\AppData\Local\Temp\cc0RLnSa.s 			page 26


 1412 0069 0B       		.uleb128 0xb
 1413 006a 3A       		.uleb128 0x3a
 1414 006b 0B       		.uleb128 0xb
 1415 006c 3B       		.uleb128 0x3b
 1416 006d 0B       		.uleb128 0xb
 1417 006e 01       		.uleb128 0x1
 1418 006f 13       		.uleb128 0x13
 1419 0070 00       		.byte	0
 1420 0071 00       		.byte	0
 1421 0072 09       		.uleb128 0x9
 1422 0073 0F       		.uleb128 0xf
 1423 0074 00       		.byte	0
 1424 0075 0B       		.uleb128 0xb
 1425 0076 0B       		.uleb128 0xb
 1426 0077 49       		.uleb128 0x49
 1427 0078 13       		.uleb128 0x13
 1428 0079 00       		.byte	0
 1429 007a 00       		.byte	0
 1430 007b 0A       		.uleb128 0xa
 1431 007c 0F       		.uleb128 0xf
 1432 007d 00       		.byte	0
 1433 007e 0B       		.uleb128 0xb
 1434 007f 0B       		.uleb128 0xb
 1435 0080 00       		.byte	0
 1436 0081 00       		.byte	0
 1437 0082 0B       		.uleb128 0xb
 1438 0083 13       		.uleb128 0x13
 1439 0084 01       		.byte	0x1
 1440 0085 03       		.uleb128 0x3
 1441 0086 0E       		.uleb128 0xe
 1442 0087 0B       		.uleb128 0xb
 1443 0088 0B       		.uleb128 0xb
 1444 0089 3A       		.uleb128 0x3a
 1445 008a 0B       		.uleb128 0xb
 1446 008b 3B       		.uleb128 0x3b
 1447 008c 05       		.uleb128 0x5
 1448 008d 01       		.uleb128 0x1
 1449 008e 13       		.uleb128 0x13
 1450 008f 00       		.byte	0
 1451 0090 00       		.byte	0
 1452 0091 0C       		.uleb128 0xc
 1453 0092 0D       		.uleb128 0xd
 1454 0093 00       		.byte	0
 1455 0094 03       		.uleb128 0x3
 1456 0095 08       		.uleb128 0x8
 1457 0096 3A       		.uleb128 0x3a
 1458 0097 0B       		.uleb128 0xb
 1459 0098 3B       		.uleb128 0x3b
 1460 0099 05       		.uleb128 0x5
 1461 009a 49       		.uleb128 0x49
 1462 009b 13       		.uleb128 0x13
 1463 009c 38       		.uleb128 0x38
 1464 009d 0A       		.uleb128 0xa
 1465 009e 00       		.byte	0
 1466 009f 00       		.byte	0
 1467 00a0 0D       		.uleb128 0xd
 1468 00a1 15       		.uleb128 0x15
ARM GAS  C:\Users\TAISIK~1\AppData\Local\Temp\cc0RLnSa.s 			page 27


 1469 00a2 01       		.byte	0x1
 1470 00a3 27       		.uleb128 0x27
 1471 00a4 0C       		.uleb128 0xc
 1472 00a5 01       		.uleb128 0x1
 1473 00a6 13       		.uleb128 0x13
 1474 00a7 00       		.byte	0
 1475 00a8 00       		.byte	0
 1476 00a9 0E       		.uleb128 0xe
 1477 00aa 05       		.uleb128 0x5
 1478 00ab 00       		.byte	0
 1479 00ac 49       		.uleb128 0x49
 1480 00ad 13       		.uleb128 0x13
 1481 00ae 00       		.byte	0
 1482 00af 00       		.byte	0
 1483 00b0 0F       		.uleb128 0xf
 1484 00b1 35       		.uleb128 0x35
 1485 00b2 00       		.byte	0
 1486 00b3 49       		.uleb128 0x49
 1487 00b4 13       		.uleb128 0x13
 1488 00b5 00       		.byte	0
 1489 00b6 00       		.byte	0
 1490 00b7 10       		.uleb128 0x10
 1491 00b8 17       		.uleb128 0x17
 1492 00b9 01       		.byte	0x1
 1493 00ba 0B       		.uleb128 0xb
 1494 00bb 0B       		.uleb128 0xb
 1495 00bc 3A       		.uleb128 0x3a
 1496 00bd 0B       		.uleb128 0xb
 1497 00be 3B       		.uleb128 0x3b
 1498 00bf 0B       		.uleb128 0xb
 1499 00c0 01       		.uleb128 0x1
 1500 00c1 13       		.uleb128 0x13
 1501 00c2 00       		.byte	0
 1502 00c3 00       		.byte	0
 1503 00c4 11       		.uleb128 0x11
 1504 00c5 0D       		.uleb128 0xd
 1505 00c6 00       		.byte	0
 1506 00c7 03       		.uleb128 0x3
 1507 00c8 0E       		.uleb128 0xe
 1508 00c9 3A       		.uleb128 0x3a
 1509 00ca 0B       		.uleb128 0xb
 1510 00cb 3B       		.uleb128 0x3b
 1511 00cc 0B       		.uleb128 0xb
 1512 00cd 49       		.uleb128 0x49
 1513 00ce 13       		.uleb128 0x13
 1514 00cf 00       		.byte	0
 1515 00d0 00       		.byte	0
 1516 00d1 12       		.uleb128 0x12
 1517 00d2 26       		.uleb128 0x26
 1518 00d3 00       		.byte	0
 1519 00d4 49       		.uleb128 0x49
 1520 00d5 13       		.uleb128 0x13
 1521 00d6 00       		.byte	0
 1522 00d7 00       		.byte	0
 1523 00d8 13       		.uleb128 0x13
 1524 00d9 15       		.uleb128 0x15
 1525 00da 01       		.byte	0x1
ARM GAS  C:\Users\TAISIK~1\AppData\Local\Temp\cc0RLnSa.s 			page 28


 1526 00db 27       		.uleb128 0x27
 1527 00dc 0C       		.uleb128 0xc
 1528 00dd 49       		.uleb128 0x49
 1529 00de 13       		.uleb128 0x13
 1530 00df 01       		.uleb128 0x1
 1531 00e0 13       		.uleb128 0x13
 1532 00e1 00       		.byte	0
 1533 00e2 00       		.byte	0
 1534 00e3 14       		.uleb128 0x14
 1535 00e4 01       		.uleb128 0x1
 1536 00e5 01       		.byte	0x1
 1537 00e6 49       		.uleb128 0x49
 1538 00e7 13       		.uleb128 0x13
 1539 00e8 01       		.uleb128 0x1
 1540 00e9 13       		.uleb128 0x13
 1541 00ea 00       		.byte	0
 1542 00eb 00       		.byte	0
 1543 00ec 15       		.uleb128 0x15
 1544 00ed 21       		.uleb128 0x21
 1545 00ee 00       		.byte	0
 1546 00ef 49       		.uleb128 0x49
 1547 00f0 13       		.uleb128 0x13
 1548 00f1 2F       		.uleb128 0x2f
 1549 00f2 0B       		.uleb128 0xb
 1550 00f3 00       		.byte	0
 1551 00f4 00       		.byte	0
 1552 00f5 16       		.uleb128 0x16
 1553 00f6 2E       		.uleb128 0x2e
 1554 00f7 01       		.byte	0x1
 1555 00f8 3F       		.uleb128 0x3f
 1556 00f9 0C       		.uleb128 0xc
 1557 00fa 03       		.uleb128 0x3
 1558 00fb 0E       		.uleb128 0xe
 1559 00fc 3A       		.uleb128 0x3a
 1560 00fd 0B       		.uleb128 0xb
 1561 00fe 3B       		.uleb128 0x3b
 1562 00ff 0B       		.uleb128 0xb
 1563 0100 27       		.uleb128 0x27
 1564 0101 0C       		.uleb128 0xc
 1565 0102 11       		.uleb128 0x11
 1566 0103 01       		.uleb128 0x1
 1567 0104 12       		.uleb128 0x12
 1568 0105 01       		.uleb128 0x1
 1569 0106 40       		.uleb128 0x40
 1570 0107 0A       		.uleb128 0xa
 1571 0108 01       		.uleb128 0x1
 1572 0109 13       		.uleb128 0x13
 1573 010a 00       		.byte	0
 1574 010b 00       		.byte	0
 1575 010c 17       		.uleb128 0x17
 1576 010d 05       		.uleb128 0x5
 1577 010e 00       		.byte	0
 1578 010f 03       		.uleb128 0x3
 1579 0110 08       		.uleb128 0x8
 1580 0111 3A       		.uleb128 0x3a
 1581 0112 0B       		.uleb128 0xb
 1582 0113 3B       		.uleb128 0x3b
ARM GAS  C:\Users\TAISIK~1\AppData\Local\Temp\cc0RLnSa.s 			page 29


 1583 0114 0B       		.uleb128 0xb
 1584 0115 49       		.uleb128 0x49
 1585 0116 13       		.uleb128 0x13
 1586 0117 02       		.uleb128 0x2
 1587 0118 06       		.uleb128 0x6
 1588 0119 00       		.byte	0
 1589 011a 00       		.byte	0
 1590 011b 18       		.uleb128 0x18
 1591 011c 2E       		.uleb128 0x2e
 1592 011d 01       		.byte	0x1
 1593 011e 3F       		.uleb128 0x3f
 1594 011f 0C       		.uleb128 0xc
 1595 0120 03       		.uleb128 0x3
 1596 0121 0E       		.uleb128 0xe
 1597 0122 3A       		.uleb128 0x3a
 1598 0123 0B       		.uleb128 0xb
 1599 0124 3B       		.uleb128 0x3b
 1600 0125 0B       		.uleb128 0xb
 1601 0126 27       		.uleb128 0x27
 1602 0127 0C       		.uleb128 0xc
 1603 0128 11       		.uleb128 0x11
 1604 0129 01       		.uleb128 0x1
 1605 012a 12       		.uleb128 0x12
 1606 012b 01       		.uleb128 0x1
 1607 012c 40       		.uleb128 0x40
 1608 012d 06       		.uleb128 0x6
 1609 012e 01       		.uleb128 0x1
 1610 012f 13       		.uleb128 0x13
 1611 0130 00       		.byte	0
 1612 0131 00       		.byte	0
 1613 0132 19       		.uleb128 0x19
 1614 0133 34       		.uleb128 0x34
 1615 0134 00       		.byte	0
 1616 0135 03       		.uleb128 0x3
 1617 0136 0E       		.uleb128 0xe
 1618 0137 3A       		.uleb128 0x3a
 1619 0138 0B       		.uleb128 0xb
 1620 0139 3B       		.uleb128 0x3b
 1621 013a 0B       		.uleb128 0xb
 1622 013b 49       		.uleb128 0x49
 1623 013c 13       		.uleb128 0x13
 1624 013d 02       		.uleb128 0x2
 1625 013e 0A       		.uleb128 0xa
 1626 013f 00       		.byte	0
 1627 0140 00       		.byte	0
 1628 0141 1A       		.uleb128 0x1a
 1629 0142 0B       		.uleb128 0xb
 1630 0143 01       		.byte	0x1
 1631 0144 11       		.uleb128 0x11
 1632 0145 01       		.uleb128 0x1
 1633 0146 12       		.uleb128 0x12
 1634 0147 01       		.uleb128 0x1
 1635 0148 00       		.byte	0
 1636 0149 00       		.byte	0
 1637 014a 1B       		.uleb128 0x1b
 1638 014b 34       		.uleb128 0x34
 1639 014c 00       		.byte	0
ARM GAS  C:\Users\TAISIK~1\AppData\Local\Temp\cc0RLnSa.s 			page 30


 1640 014d 03       		.uleb128 0x3
 1641 014e 08       		.uleb128 0x8
 1642 014f 3A       		.uleb128 0x3a
 1643 0150 0B       		.uleb128 0xb
 1644 0151 3B       		.uleb128 0x3b
 1645 0152 0B       		.uleb128 0xb
 1646 0153 49       		.uleb128 0x49
 1647 0154 13       		.uleb128 0x13
 1648 0155 02       		.uleb128 0x2
 1649 0156 06       		.uleb128 0x6
 1650 0157 00       		.byte	0
 1651 0158 00       		.byte	0
 1652 0159 1C       		.uleb128 0x1c
 1653 015a 0B       		.uleb128 0xb
 1654 015b 01       		.byte	0x1
 1655 015c 11       		.uleb128 0x11
 1656 015d 01       		.uleb128 0x1
 1657 015e 12       		.uleb128 0x12
 1658 015f 01       		.uleb128 0x1
 1659 0160 01       		.uleb128 0x1
 1660 0161 13       		.uleb128 0x13
 1661 0162 00       		.byte	0
 1662 0163 00       		.byte	0
 1663 0164 1D       		.uleb128 0x1d
 1664 0165 34       		.uleb128 0x34
 1665 0166 00       		.byte	0
 1666 0167 03       		.uleb128 0x3
 1667 0168 0E       		.uleb128 0xe
 1668 0169 3A       		.uleb128 0x3a
 1669 016a 0B       		.uleb128 0xb
 1670 016b 3B       		.uleb128 0x3b
 1671 016c 0B       		.uleb128 0xb
 1672 016d 49       		.uleb128 0x49
 1673 016e 13       		.uleb128 0x13
 1674 016f 3F       		.uleb128 0x3f
 1675 0170 0C       		.uleb128 0xc
 1676 0171 3C       		.uleb128 0x3c
 1677 0172 0C       		.uleb128 0xc
 1678 0173 00       		.byte	0
 1679 0174 00       		.byte	0
 1680 0175 1E       		.uleb128 0x1e
 1681 0176 34       		.uleb128 0x34
 1682 0177 00       		.byte	0
 1683 0178 03       		.uleb128 0x3
 1684 0179 0E       		.uleb128 0xe
 1685 017a 3A       		.uleb128 0x3a
 1686 017b 0B       		.uleb128 0xb
 1687 017c 3B       		.uleb128 0x3b
 1688 017d 0B       		.uleb128 0xb
 1689 017e 49       		.uleb128 0x49
 1690 017f 13       		.uleb128 0x13
 1691 0180 3F       		.uleb128 0x3f
 1692 0181 0C       		.uleb128 0xc
 1693 0182 02       		.uleb128 0x2
 1694 0183 0A       		.uleb128 0xa
 1695 0184 00       		.byte	0
 1696 0185 00       		.byte	0
ARM GAS  C:\Users\TAISIK~1\AppData\Local\Temp\cc0RLnSa.s 			page 31


 1697 0186 00       		.byte	0
 1698              		.section	.debug_loc,"",%progbits
 1699              	.Ldebug_loc0:
 1700              	.LLST0:
 1701 0000 00000000 		.4byte	.LVL0
 1702 0004 02000000 		.4byte	.LVL1
 1703 0008 0100     		.2byte	0x1
 1704 000a 50       		.byte	0x50
 1705 000b 00000000 		.4byte	0
 1706 000f 00000000 		.4byte	0
 1707              	.LLST1:
 1708 0013 00000000 		.4byte	.LFB8
 1709 0017 02000000 		.4byte	.LCFI0
 1710 001b 0200     		.2byte	0x2
 1711 001d 7D       		.byte	0x7d
 1712 001e 00       		.sleb128 0
 1713 001f 02000000 		.4byte	.LCFI0
 1714 0023 04000000 		.4byte	.LCFI1
 1715 0027 0200     		.2byte	0x2
 1716 0029 7D       		.byte	0x7d
 1717 002a 08       		.sleb128 8
 1718 002b 04000000 		.4byte	.LCFI1
 1719 002f 66000000 		.4byte	.LFE8
 1720 0033 0200     		.2byte	0x2
 1721 0035 7D       		.byte	0x7d
 1722 0036 10       		.sleb128 16
 1723 0037 00000000 		.4byte	0
 1724 003b 00000000 		.4byte	0
 1725              	.LLST2:
 1726 003f 3C000000 		.4byte	.LVL3
 1727 0043 52000000 		.4byte	.LVL4
 1728 0047 0100     		.2byte	0x1
 1729 0049 53       		.byte	0x53
 1730 004a 00000000 		.4byte	0
 1731 004e 00000000 		.4byte	0
 1732              	.LLST3:
 1733 0052 00000000 		.4byte	.LFB9
 1734 0056 02000000 		.4byte	.LCFI2
 1735 005a 0200     		.2byte	0x2
 1736 005c 7D       		.byte	0x7d
 1737 005d 00       		.sleb128 0
 1738 005e 02000000 		.4byte	.LCFI2
 1739 0062 58000000 		.4byte	.LFE9
 1740 0066 0200     		.2byte	0x2
 1741 0068 7D       		.byte	0x7d
 1742 0069 10       		.sleb128 16
 1743 006a 00000000 		.4byte	0
 1744 006e 00000000 		.4byte	0
 1745              	.LLST4:
 1746 0072 28000000 		.4byte	.LVL5
 1747 0076 2A000000 		.4byte	.LVL6
 1748 007a 0200     		.2byte	0x2
 1749 007c 74       		.byte	0x74
 1750 007d 00       		.sleb128 0
 1751 007e 2A000000 		.4byte	.LVL6
 1752 0082 3D000000 		.4byte	.LVL11-1
 1753 0086 0100     		.2byte	0x1
ARM GAS  C:\Users\TAISIK~1\AppData\Local\Temp\cc0RLnSa.s 			page 32


 1754 0088 51       		.byte	0x51
 1755 0089 46000000 		.4byte	.LVL13
 1756 008d 4C000000 		.4byte	.LVL14
 1757 0091 0200     		.2byte	0x2
 1758 0093 74       		.byte	0x74
 1759 0094 00       		.sleb128 0
 1760 0095 00000000 		.4byte	0
 1761 0099 00000000 		.4byte	0
 1762              	.LLST5:
 1763 009d 2E000000 		.4byte	.LVL8
 1764 00a1 3D000000 		.4byte	.LVL11-1
 1765 00a5 0200     		.2byte	0x2
 1766 00a7 71       		.byte	0x71
 1767 00a8 0C       		.sleb128 12
 1768 00a9 00000000 		.4byte	0
 1769 00ad 00000000 		.4byte	0
 1770              	.LLST6:
 1771 00b1 3A000000 		.4byte	.LVL10
 1772 00b5 3D000000 		.4byte	.LVL11-1
 1773 00b9 0100     		.2byte	0x1
 1774 00bb 53       		.byte	0x53
 1775 00bc 00000000 		.4byte	0
 1776 00c0 00000000 		.4byte	0
 1777              	.LLST7:
 1778 00c4 2A000000 		.4byte	.LVL6
 1779 00c8 2C000000 		.4byte	.LVL7
 1780 00cc 0100     		.2byte	0x1
 1781 00ce 53       		.byte	0x53
 1782 00cf 44000000 		.4byte	.LVL12
 1783 00d3 58000000 		.4byte	.LFE9
 1784 00d7 0100     		.2byte	0x1
 1785 00d9 53       		.byte	0x53
 1786 00da 00000000 		.4byte	0
 1787 00de 00000000 		.4byte	0
 1788              		.section	.debug_aranges,"",%progbits
 1789 0000 2C000000 		.4byte	0x2c
 1790 0004 0200     		.2byte	0x2
 1791 0006 00000000 		.4byte	.Ldebug_info0
 1792 000a 04       		.byte	0x4
 1793 000b 00       		.byte	0
 1794 000c 0000     		.2byte	0
 1795 000e 0000     		.2byte	0
 1796 0010 00000000 		.4byte	.LFB7
 1797 0014 14000000 		.4byte	.LFE7-.LFB7
 1798 0018 00000000 		.4byte	.LFB8
 1799 001c 66000000 		.4byte	.LFE8-.LFB8
 1800 0020 00000000 		.4byte	.LFB9
 1801 0024 58000000 		.4byte	.LFE9-.LFB9
 1802 0028 00000000 		.4byte	0
 1803 002c 00000000 		.4byte	0
 1804              		.section	.debug_ranges,"",%progbits
 1805              	.Ldebug_ranges0:
 1806 0000 00000000 		.4byte	.LFB7
 1807 0004 14000000 		.4byte	.LFE7
 1808 0008 00000000 		.4byte	.LFB8
 1809 000c 66000000 		.4byte	.LFE8
 1810 0010 00000000 		.4byte	.LFB9
ARM GAS  C:\Users\TAISIK~1\AppData\Local\Temp\cc0RLnSa.s 			page 33


 1811 0014 58000000 		.4byte	.LFE9
 1812 0018 00000000 		.4byte	0
 1813 001c 00000000 		.4byte	0
 1814              		.section	.debug_line,"",%progbits
 1815              	.Ldebug_line0:
 1816 0000 B2010000 		.section	.debug_str,"MS",%progbits,1
 1816      02005E01 
 1816      00000201 
 1816      FB0E0D00 
 1816      01010101 
 1817              	.LASF74:
 1818 0000 7466756E 		.ascii	"tfunc_t\000"
 1818      635F7400 
 1819              	.LASF85:
 1820 0008 63665F6F 		.ascii	"cf_off_older\000"
 1820      66665F6F 
 1820      6C646572 
 1820      00
 1821              	.LASF38:
 1822 0015 705F6D73 		.ascii	"p_msg\000"
 1822      6700
 1823              	.LASF69:
 1824 001b 7264796D 		.ascii	"rdymsg\000"
 1824      736700
 1825              	.LASF12:
 1826 0022 75696E74 		.ascii	"uint64_t\000"
 1826      36345F74 
 1826      00
 1827              	.LASF98:
 1828 002b 76746C69 		.ascii	"vtlist\000"
 1828      737400
 1829              	.LASF97:
 1830 0032 63685379 		.ascii	"chSysTimerHandlerI\000"
 1830      7354696D 
 1830      65724861 
 1830      6E646C65 
 1830      724900
 1831              	.LASF102:
 1832 0045 474E5520 		.ascii	"GNU C 4.6.2 20121016 (release) [ARM/embedded-4_6-br"
 1832      4320342E 
 1832      362E3220 
 1832      32303132 
 1832      31303136 
 1833 0078 616E6368 		.ascii	"anch revision 192487]\000"
 1833      20726576 
 1833      6973696F 
 1833      6E203139 
 1833      32343837 
 1834              	.LASF13:
 1835 008e 6C6F6E67 		.ascii	"long long unsigned int\000"
 1835      206C6F6E 
 1835      6720756E 
 1835      7369676E 
 1835      65642069 
 1836              	.LASF81:
 1837 00a5 63685F74 		.ascii	"ch_threadsize\000"
 1837      68726561 
ARM GAS  C:\Users\TAISIK~1\AppData\Local\Temp\cc0RLnSa.s 			page 34


 1837      6473697A 
 1837      6500
 1838              	.LASF70:
 1839 00b3 65786974 		.ascii	"exitcode\000"
 1839      636F6465 
 1839      00
 1840              	.LASF96:
 1841 00bc 6D61696E 		.ascii	"mainthread\000"
 1841      74687265 
 1841      616400
 1842              	.LASF26:
 1843 00c7 705F7072 		.ascii	"p_prio\000"
 1843      696F00
 1844              	.LASF88:
 1845 00ce 63665F6F 		.ascii	"cf_off_state\000"
 1845      66665F73 
 1845      74617465 
 1845      00
 1846              	.LASF104:
 1847 00db 433A5C43 		.ascii	"C:\\ChibiStudio\\chibios\\demos\\ARMCM4-STM32F303-D"
 1847      68696269 
 1847      53747564 
 1847      696F5C63 
 1847      68696269 
 1848 010a 4953434F 		.ascii	"ISCOVERY\000"
 1848      56455259 
 1848      00
 1849              	.LASF11:
 1850 0113 6C6F6E67 		.ascii	"long long int\000"
 1850      206C6F6E 
 1850      6720696E 
 1850      7400
 1851              	.LASF1:
 1852 0121 7369676E 		.ascii	"signed char\000"
 1852      65642063 
 1852      68617200 
 1853              	.LASF87:
 1854 012d 63665F6F 		.ascii	"cf_off_stklimit\000"
 1854      66665F73 
 1854      746B6C69 
 1854      6D697400 
 1855              	.LASF89:
 1856 013d 63665F6F 		.ascii	"cf_off_flags\000"
 1856      66665F66 
 1856      6C616773 
 1856      00
 1857              	.LASF42:
 1858 014a 705F6D70 		.ascii	"p_mpool\000"
 1858      6F6F6C00 
 1859              	.LASF66:
 1860 0152 6D5F7175 		.ascii	"m_queue\000"
 1860      65756500 
 1861              	.LASF18:
 1862 015a 74736C69 		.ascii	"tslices_t\000"
 1862      6365735F 
 1862      7400
 1863              	.LASF8:
ARM GAS  C:\Users\TAISIK~1\AppData\Local\Temp\cc0RLnSa.s 			page 35


 1864 0164 6C6F6E67 		.ascii	"long int\000"
 1864      20696E74 
 1864      00
 1865              	.LASF16:
 1866 016d 74737461 		.ascii	"tstate_t\000"
 1866      74655F74 
 1866      00
 1867              	.LASF5:
 1868 0176 75696E74 		.ascii	"uint16_t\000"
 1868      31365F74 
 1868      00
 1869              	.LASF93:
 1870 017f 63686465 		.ascii	"chdebug_t\000"
 1870      6275675F 
 1870      7400
 1871              	.LASF28:
 1872 0189 705F6E65 		.ascii	"p_newer\000"
 1872      77657200 
 1873              	.LASF101:
 1874 0191 5F69646C 		.ascii	"_idle_thread_wa\000"
 1874      655F7468 
 1874      72656164 
 1874      5F776100 
 1875              	.LASF61:
 1876 01a1 725F6E65 		.ascii	"r_newer\000"
 1876      77657200 
 1877              	.LASF45:
 1878 01a9 72656761 		.ascii	"regarm_t\000"
 1878      726D5F74 
 1878      00
 1879              	.LASF52:
 1880 01b2 76745F70 		.ascii	"vt_prev\000"
 1880      72657600 
 1881              	.LASF95:
 1882 01ba 63685379 		.ascii	"chSysInit\000"
 1882      73496E69 
 1882      7400
 1883              	.LASF0:
 1884 01c4 756E7369 		.ascii	"unsigned int\000"
 1884      676E6564 
 1884      20696E74 
 1884      00
 1885              	.LASF51:
 1886 01d1 76745F6E 		.ascii	"vt_next\000"
 1886      65787400 
 1887              	.LASF10:
 1888 01d9 6C6F6E67 		.ascii	"long unsigned int\000"
 1888      20756E73 
 1888      69676E65 
 1888      6420696E 
 1888      7400
 1889              	.LASF100:
 1890 01eb 63685F64 		.ascii	"ch_debug\000"
 1890      65627567 
 1890      00
 1891              	.LASF75:
 1892 01f4 63685F69 		.ascii	"ch_identifier\000"
ARM GAS  C:\Users\TAISIK~1\AppData\Local\Temp\cc0RLnSa.s 			page 36


 1892      64656E74 
 1892      69666965 
 1892      7200
 1893              	.LASF48:
 1894 0202 636F6E74 		.ascii	"context\000"
 1894      65787400 
 1895              	.LASF6:
 1896 020a 73686F72 		.ascii	"short unsigned int\000"
 1896      7420756E 
 1896      7369676E 
 1896      65642069 
 1896      6E7400
 1897              	.LASF20:
 1898 021d 6D73675F 		.ascii	"msg_t\000"
 1898      7400
 1899              	.LASF15:
 1900 0223 746D6F64 		.ascii	"tmode_t\000"
 1900      655F7400 
 1901              	.LASF44:
 1902 022b 54687265 		.ascii	"ThreadsList\000"
 1902      6164734C 
 1902      69737400 
 1903              	.LASF21:
 1904 0237 6576656E 		.ascii	"eventmask_t\000"
 1904      746D6173 
 1904      6B5F7400 
 1905              	.LASF65:
 1906 0243 4D757465 		.ascii	"Mutex\000"
 1906      7800
 1907              	.LASF46:
 1908 0249 73746B61 		.ascii	"stkalign_t\000"
 1908      6C69676E 
 1908      5F7400
 1909              	.LASF76:
 1910 0254 63685F7A 		.ascii	"ch_zero\000"
 1910      65726F00 
 1911              	.LASF90:
 1912 025c 63665F6F 		.ascii	"cf_off_refs\000"
 1912      66665F72 
 1912      65667300 
 1913              	.LASF53:
 1914 0268 76745F74 		.ascii	"vt_time\000"
 1914      696D6500 
 1915              	.LASF54:
 1916 0270 76745F66 		.ascii	"vt_func\000"
 1916      756E6300 
 1917              	.LASF80:
 1918 0278 63685F74 		.ascii	"ch_timesize\000"
 1918      696D6573 
 1918      697A6500 
 1919              	.LASF86:
 1920 0284 63665F6F 		.ascii	"cf_off_name\000"
 1920      66665F6E 
 1920      616D6500 
 1921              	.LASF29:
 1922 0290 705F6F6C 		.ascii	"p_older\000"
 1922      64657200 
ARM GAS  C:\Users\TAISIK~1\AppData\Local\Temp\cc0RLnSa.s 			page 37


 1923              	.LASF60:
 1924 0298 725F6374 		.ascii	"r_ctx\000"
 1924      7800
 1925              	.LASF43:
 1926 029e 54687265 		.ascii	"ThreadsQueue\000"
 1926      61647351 
 1926      75657565 
 1926      00
 1927              	.LASF77:
 1928 02ab 63685F73 		.ascii	"ch_size\000"
 1928      697A6500 
 1929              	.LASF63:
 1930 02b3 725F6375 		.ascii	"r_current\000"
 1930      7272656E 
 1930      7400
 1931              	.LASF62:
 1932 02bd 725F6F6C 		.ascii	"r_older\000"
 1932      64657200 
 1933              	.LASF94:
 1934 02c5 5F69646C 		.ascii	"_idle_thread\000"
 1934      655F7468 
 1934      72656164 
 1934      00
 1935              	.LASF17:
 1936 02d2 74726566 		.ascii	"trefs_t\000"
 1936      735F7400 
 1937              	.LASF79:
 1938 02da 63685F70 		.ascii	"ch_ptrsize\000"
 1938      74727369 
 1938      7A6500
 1939              	.LASF25:
 1940 02e5 705F7072 		.ascii	"p_prev\000"
 1940      657600
 1941              	.LASF19:
 1942 02ec 74707269 		.ascii	"tprio_t\000"
 1942      6F5F7400 
 1943              	.LASF14:
 1944 02f4 5F426F6F 		.ascii	"_Bool\000"
 1944      6C00
 1945              	.LASF7:
 1946 02fa 696E7433 		.ascii	"int32_t\000"
 1946      325F7400 
 1947              	.LASF2:
 1948 0302 756E7369 		.ascii	"unsigned char\000"
 1948      676E6564 
 1948      20636861 
 1948      7200
 1949              	.LASF40:
 1950 0310 705F6D74 		.ascii	"p_mtxlist\000"
 1950      786C6973 
 1950      7400
 1951              	.LASF3:
 1952 031a 73686F72 		.ascii	"short int\000"
 1952      7420696E 
 1952      7400
 1953              	.LASF31:
 1954 0324 705F7374 		.ascii	"p_state\000"
ARM GAS  C:\Users\TAISIK~1\AppData\Local\Temp\cc0RLnSa.s 			page 38


 1954      61746500 
 1955              	.LASF34:
 1956 032c 705F7072 		.ascii	"p_preempt\000"
 1956      65656D70 
 1956      7400
 1957              	.LASF92:
 1958 0336 63665F6F 		.ascii	"cf_off_time\000"
 1958      66665F74 
 1958      696D6500 
 1959              	.LASF59:
 1960 0342 725F7072 		.ascii	"r_prio\000"
 1960      696F00
 1961              	.LASF72:
 1962 0349 65776D61 		.ascii	"ewmask\000"
 1962      736B00
 1963              	.LASF24:
 1964 0350 705F6E65 		.ascii	"p_next\000"
 1964      787400
 1965              	.LASF91:
 1966 0357 63665F6F 		.ascii	"cf_off_preempt\000"
 1966      66665F70 
 1966      7265656D 
 1966      707400
 1967              	.LASF32:
 1968 0366 705F666C 		.ascii	"p_flags\000"
 1968      61677300 
 1969              	.LASF23:
 1970 036e 54687265 		.ascii	"Thread\000"
 1970      616400
 1971              	.LASF84:
 1972 0375 63665F6F 		.ascii	"cf_off_newer\000"
 1972      66665F6E 
 1972      65776572 
 1972      00
 1973              	.LASF39:
 1974 0382 705F6570 		.ascii	"p_epending\000"
 1974      656E6469 
 1974      6E6700
 1975              	.LASF9:
 1976 038d 75696E74 		.ascii	"uint32_t\000"
 1976      33325F74 
 1976      00
 1977              	.LASF82:
 1978 0396 63665F6F 		.ascii	"cf_off_prio\000"
 1978      66665F70 
 1978      72696F00 
 1979              	.LASF58:
 1980 03a2 725F7175 		.ascii	"r_queue\000"
 1980      65756500 
 1981              	.LASF50:
 1982 03aa 56697274 		.ascii	"VirtualTimer\000"
 1982      75616C54 
 1982      696D6572 
 1982      00
 1983              	.LASF73:
 1984 03b7 63686172 		.ascii	"char\000"
 1984      00
ARM GAS  C:\Users\TAISIK~1\AppData\Local\Temp\cc0RLnSa.s 			page 39


 1985              	.LASF68:
 1986 03bc 6D5F6E65 		.ascii	"m_next\000"
 1986      787400
 1987              	.LASF22:
 1988 03c3 73797374 		.ascii	"systime_t\000"
 1988      696D655F 
 1988      7400
 1989              	.LASF41:
 1990 03cd 705F7265 		.ascii	"p_realprio\000"
 1990      616C7072 
 1990      696F00
 1991              	.LASF49:
 1992 03d8 76746675 		.ascii	"vtfunc_t\000"
 1992      6E635F74 
 1992      00
 1993              	.LASF35:
 1994 03e1 705F7469 		.ascii	"p_time\000"
 1994      6D6500
 1995              	.LASF47:
 1996 03e8 696E7463 		.ascii	"intctx\000"
 1996      747800
 1997              	.LASF37:
 1998 03ef 705F6D73 		.ascii	"p_msgqueue\000"
 1998      67717565 
 1998      756500
 1999              	.LASF55:
 2000 03fa 76745F70 		.ascii	"vt_par\000"
 2000      617200
 2001              	.LASF83:
 2002 0401 63665F6F 		.ascii	"cf_off_ctx\000"
 2002      66665F63 
 2002      747800
 2003              	.LASF33:
 2004 040c 705F7265 		.ascii	"p_refs\000"
 2004      667300
 2005              	.LASF64:
 2006 0413 52656164 		.ascii	"ReadyList\000"
 2006      794C6973 
 2006      7400
 2007              	.LASF99:
 2008 041d 726C6973 		.ascii	"rlist\000"
 2008      7400
 2009              	.LASF103:
 2010 0423 2E2E2F2E 		.ascii	"../../os/kernel/src/chsys.c\000"
 2010      2E2F6F73 
 2010      2F6B6572 
 2010      6E656C2F 
 2010      7372632F 
 2011              	.LASF4:
 2012 043f 75696E74 		.ascii	"uint8_t\000"
 2012      385F7400 
 2013              	.LASF71:
 2014 0447 77746F62 		.ascii	"wtobjp\000"
 2014      6A7000
 2015              	.LASF30:
 2016 044e 705F6E61 		.ascii	"p_name\000"
 2016      6D6500
ARM GAS  C:\Users\TAISIK~1\AppData\Local\Temp\cc0RLnSa.s 			page 40


 2017              	.LASF56:
 2018 0455 76745F73 		.ascii	"vt_systime\000"
 2018      79737469 
 2018      6D6500
 2019              	.LASF78:
 2020 0460 63685F76 		.ascii	"ch_version\000"
 2020      65727369 
 2020      6F6E00
 2021              	.LASF57:
 2022 046b 56544C69 		.ascii	"VTList\000"
 2022      737400
 2023              	.LASF67:
 2024 0472 6D5F6F77 		.ascii	"m_owner\000"
 2024      6E657200 
 2025              	.LASF27:
 2026 047a 705F6374 		.ascii	"p_ctx\000"
 2026      7800
 2027              	.LASF36:
 2028 0480 705F7761 		.ascii	"p_waiting\000"
 2028      6974696E 
 2028      6700
 2029              		.ident	"GCC: (GNU Tools for ARM Embedded Processors) 4.6.2 20121016 (release) [ARM/embedded-4_6-br
ARM GAS  C:\Users\TAISIK~1\AppData\Local\Temp\cc0RLnSa.s 			page 41


DEFINED SYMBOLS
                            *ABS*:00000000 chsys.c
C:\Users\TAISIK~1\AppData\Local\Temp\cc0RLnSa.s:19     .text._idle_thread:00000000 $t
C:\Users\TAISIK~1\AppData\Local\Temp\cc0RLnSa.s:25     .text._idle_thread:00000000 _idle_thread
C:\Users\TAISIK~1\AppData\Local\Temp\cc0RLnSa.s:45     .text._idle_thread:0000000c $d
C:\Users\TAISIK~1\AppData\Local\Temp\cc0RLnSa.s:51     .text.chSysInit:00000000 $t
C:\Users\TAISIK~1\AppData\Local\Temp\cc0RLnSa.s:57     .text.chSysInit:00000000 chSysInit
C:\Users\TAISIK~1\AppData\Local\Temp\cc0RLnSa.s:228    .bss.mainthread.4648:00000000 .LANCHOR0
C:\Users\TAISIK~1\AppData\Local\Temp\cc0RLnSa.s:239    .bss._idle_thread_wa:00000000 .LANCHOR1
C:\Users\TAISIK~1\AppData\Local\Temp\cc0RLnSa.s:127    .text.chSysTimerHandlerI:00000000 $t
C:\Users\TAISIK~1\AppData\Local\Temp\cc0RLnSa.s:133    .text.chSysTimerHandlerI:00000000 chSysTimerHandlerI
C:\Users\TAISIK~1\AppData\Local\Temp\cc0RLnSa.s:219    .text.chSysTimerHandlerI:00000050 $d
C:\Users\TAISIK~1\AppData\Local\Temp\cc0RLnSa.s:242    .bss._idle_thread_wa:00000000 _idle_thread_wa
C:\Users\TAISIK~1\AppData\Local\Temp\cc0RLnSa.s:227    .bss.mainthread.4648:00000000 $d
C:\Users\TAISIK~1\AppData\Local\Temp\cc0RLnSa.s:231    .bss.mainthread.4648:00000000 mainthread.4648
C:\Users\TAISIK~1\AppData\Local\Temp\cc0RLnSa.s:234    .rodata.str1.4:00000000 $d
C:\Users\TAISIK~1\AppData\Local\Temp\cc0RLnSa.s:238    .bss._idle_thread_wa:00000000 $d
                     .debug_frame:00000010 $d
C:\Users\TAISIK~1\AppData\Local\Temp\cc0RLnSa.s:50     .text._idle_thread:00000014 $t
C:\Users\TAISIK~1\AppData\Local\Temp\cc0RLnSa.s:226    .text.chSysTimerHandlerI:00000058 $t

UNDEFINED SYMBOLS
rlist
_port_init
_scheduler_init
_vt_init
_core_init
_heap_init
_thread_init
ch_debug
chThdCreateStatic
vtlist
