ARM GAS  C:\Users\TAISIK~1\AppData\Local\Temp\ccM1UUHF.s 			page 1


   1              		.syntax unified
   2              		.cpu cortex-m4
   3              		.fpu softvfp
   4              		.eabi_attribute 20, 1
   5              		.eabi_attribute 21, 1
   6              		.eabi_attribute 23, 3
   7              		.eabi_attribute 24, 1
   8              		.eabi_attribute 25, 1
   9              		.eabi_attribute 26, 1
  10              		.eabi_attribute 30, 2
  11              		.eabi_attribute 34, 1
  12              		.eabi_attribute 18, 4
  13              		.thumb
  14              		.file	"crt0.c"
  15              		.text
  16              	.Ltext0:
  17              		.cfi_sections	.debug_frame
  18              		.section	.text.__early_init,"ax",%progbits
  19              		.align	2
  20              		.p2align 4,,15
  21              		.weak	__early_init
  22              		.thumb
  23              		.thumb_func
  24              		.type	__early_init, %function
  25              	__early_init:
  26              	.LFB0:
  27              		.file 1 "../../os/ports/GCC/ARMCMx/crt0.c"
  28              		.loc 1 227 0
  29              		.cfi_startproc
  30              		@ args = 0, pretend = 0, frame = 0
  31              		@ frame_needed = 0, uses_anonymous_args = 0
  32              		@ link register save eliminated.
  33              		.loc 1 227 0
  34 0000 7047     		bx	lr
  35              		.cfi_endproc
  36              	.LFE0:
  37              		.size	__early_init, .-__early_init
  38 0002 00BFAFF3 		.section	.text.__late_init,"ax",%progbits
  38      0080AFF3 
  38      0080AFF3 
  38      0080
  39              		.align	2
  40              		.p2align 4,,15
  41              		.weak	__late_init
  42              		.thumb
  43              		.thumb_func
  44              		.type	__late_init, %function
  45              	__late_init:
  46              	.LFB1:
  47              		.loc 1 239 0
  48              		.cfi_startproc
  49              		@ args = 0, pretend = 0, frame = 0
  50              		@ frame_needed = 0, uses_anonymous_args = 0
  51              		@ link register save eliminated.
  52              		.loc 1 239 0
  53 0000 7047     		bx	lr
  54              		.cfi_endproc
ARM GAS  C:\Users\TAISIK~1\AppData\Local\Temp\ccM1UUHF.s 			page 2


  55              	.LFE1:
  56              		.size	__late_init, .-__late_init
  57 0002 00BFAFF3 		.section	.text._default_exit,"ax",%progbits
  57      0080AFF3 
  57      0080AFF3 
  57      0080
  58              		.align	2
  59              		.p2align 4,,15
  60              		.weak	_default_exit
  61              		.thumb
  62              		.thumb_func
  63              		.type	_default_exit, %function
  64              	_default_exit:
  65              	.LFB2:
  66              		.loc 1 250 0
  67              		.cfi_startproc
  68              		@ Naked Function: prologue and epilogue provided by programmer.
  69              		@ args = 0, pretend = 0, frame = 0
  70              		@ frame_needed = 0, uses_anonymous_args = 0
  71              	.L4:
  72 0000 FEE7     		b	.L4
  73              		.cfi_endproc
  74              	.LFE2:
  75              		.size	_default_exit, .-_default_exit
  76 0002 00BFAFF3 		.section	.text.ResetHandler,"ax",%progbits
  76      0080AFF3 
  76      0080AFF3 
  76      0080
  77              		.align	2
  78              		.p2align 4,,15
  79              		.global	ResetHandler
  80              		.thumb
  81              		.thumb_func
  82              		.type	ResetHandler, %function
  83              	ResetHandler:
  84              	.LFB3:
  85              		.loc 1 261 0
  86              		.cfi_startproc
  87              		@ Naked Function: prologue and epilogue provided by programmer.
  88              		@ args = 0, pretend = 0, frame = 0
  89              		@ frame_needed = 0, uses_anonymous_args = 0
  90              		.loc 1 267 0
  91              	@ 267 "../../os/ports/GCC/ARMCMx/crt0.c" 1
  92 0000 72B6     		cpsid   i
  93              	@ 0 "" 2
  94              	.LVL0:
  95              		.loc 1 269 0
  96              		.thumb
  97 0002 6348     		ldr	r0, .L55
  98              	@ 269 "../../os/ports/GCC/ARMCMx/crt0.c" 1
  99 0004 80F30988 		msr     PSP, r0
 100              	@ 0 "" 2
 101              	.LVL1:
 102              		.loc 1 289 0
 103              		.thumb
 104 0008 0223     		movs	r3, #2
 105              	@ 289 "../../os/ports/GCC/ARMCMx/crt0.c" 1
ARM GAS  C:\Users\TAISIK~1\AppData\Local\Temp\ccM1UUHF.s 			page 3


 106 000a 83F31488 		msr     CONTROL, r3
 107              	@ 0 "" 2
 108              		.loc 1 290 0
 109              	@ 290 "../../os/ports/GCC/ARMCMx/crt0.c" 1
 110 000e BFF36F8F 		isb
 111              	@ 0 "" 2
 112              	.LVL2:
 113              		.thumb
 114              	.LBB2:
 115              		.loc 1 294 0
 116 0012 604A     		ldr	r2, .L55+4
 117 0014 604C     		ldr	r4, .L55+8
 118 0016 A242     		cmp	r2, r4
 119 0018 17D2     		bcs	.L6
 120 001a 1346     		mov	r3, r2
 121 001c 4FF05531 		mov	r1, #1431655765
 122 0020 43F8041B 		str	r1, [r3], #4
 123              	.LVL3:
 124 0024 D643     		mvns	r6, r2
 125 0026 A519     		adds	r5, r4, r6
 126 0028 A342     		cmp	r3, r4
 127 002a C5F38005 		ubfx	r5, r5, #2, #1
 128 002e 0CD2     		bcs	.L6
 129 0030 25B1     		cbz	r5, .L7
 130 0032 1960     		str	r1, [r3, #0]
 131 0034 02F10803 		add	r3, r2, #8
 132 0038 A342     		cmp	r3, r4
 133 003a 06D2     		bcs	.L6
 134              	.LVL4:
 135              	.L7:
 136              		.loc 1 294 0 is_stmt 0 discriminator 2
 137 003c 1A46     		mov	r2, r3
 138 003e 42F8041B 		str	r1, [r2], #4
 139              	.LVL5:
 140 0042 5960     		str	r1, [r3, #4]
 141 0044 131D     		adds	r3, r2, #4
 142 0046 A342     		cmp	r3, r4
 143 0048 F8D3     		bcc	.L7
 144              	.LVL6:
 145              	.L6:
 146              	.LBE2:
 147              	.LBB3:
 148              		.loc 1 297 0 is_stmt 1 discriminator 1
 149 004a 544A     		ldr	r2, .L55+12
 150 004c 8242     		cmp	r2, r0
 151 004e 17D2     		bcs	.L8
 152              		.loc 1 297 0 is_stmt 0
 153 0050 1346     		mov	r3, r2
 154 0052 4FF05531 		mov	r1, #1431655765
 155 0056 43F8041B 		str	r1, [r3], #4
 156              	.LVL7:
 157 005a D543     		mvns	r5, r2
 158 005c 4419     		adds	r4, r0, r5
 159 005e 8342     		cmp	r3, r0
 160 0060 C4F38004 		ubfx	r4, r4, #2, #1
 161 0064 0CD2     		bcs	.L8
 162 0066 24B1     		cbz	r4, .L9
ARM GAS  C:\Users\TAISIK~1\AppData\Local\Temp\ccM1UUHF.s 			page 4


 163 0068 1960     		str	r1, [r3, #0]
 164 006a 02F10803 		add	r3, r2, #8
 165 006e 8342     		cmp	r3, r0
 166 0070 06D2     		bcs	.L8
 167              	.LVL8:
 168              	.L9:
 169              		.loc 1 297 0 discriminator 2
 170 0072 1E46     		mov	r6, r3
 171 0074 46F8041B 		str	r1, [r6], #4
 172              	.LVL9:
 173 0078 5960     		str	r1, [r3, #4]
 174 007a 331D     		adds	r3, r6, #4
 175 007c 8342     		cmp	r3, r0
 176 007e F8D3     		bcc	.L9
 177              	.LVL10:
 178              	.L8:
 179              	.LBE3:
 180              		.loc 1 303 0 is_stmt 1
 181 0080 FFF7FEFF 		bl	__early_init
 182              	.LVL11:
 183              	.LBB4:
 184              		.loc 1 312 0
 185 0084 464C     		ldr	r4, .L55+16
 186 0086 4749     		ldr	r1, .L55+20
 187 0088 A142     		cmp	r1, r4
 188 008a 22D2     		bcs	.L10
 189 008c 4648     		ldr	r0, .L55+24
 190              		.loc 1 313 0
 191 008e 0246     		mov	r2, r0
 192 0090 0B46     		mov	r3, r1
 193 0092 52F8046B 		ldr	r6, [r2], #4
 194 0096 43F8046B 		str	r6, [r3], #4
 195              	.LVL12:
 196 009a CD43     		mvns	r5, r1
 197 009c 04EB050C 		add	ip, r4, r5
 198              		.loc 1 312 0
 199 00a0 A342     		cmp	r3, r4
 200 00a2 CCF38005 		ubfx	r5, ip, #2, #1
 201 00a6 14D2     		bcs	.L10
 202 00a8 3DB1     		cbz	r5, .L11
 203              		.loc 1 313 0
 204 00aa 1668     		ldr	r6, [r2, #0]
 205 00ac 1E60     		str	r6, [r3, #0]
 206 00ae 01F10803 		add	r3, r1, #8
 207              		.loc 1 312 0
 208 00b2 A342     		cmp	r3, r4
 209              		.loc 1 313 0
 210 00b4 00F10802 		add	r2, r0, #8
 211              		.loc 1 312 0
 212 00b8 0BD2     		bcs	.L10
 213              	.LVL13:
 214              	.L11:
 215              		.loc 1 313 0
 216 00ba 1146     		mov	r1, r2
 217 00bc 1846     		mov	r0, r3
 218 00be 51F8045B 		ldr	r5, [r1], #4
 219 00c2 5268     		ldr	r2, [r2, #4]
ARM GAS  C:\Users\TAISIK~1\AppData\Local\Temp\ccM1UUHF.s 			page 5


 220 00c4 40F8045B 		str	r5, [r0], #4
 221              	.LVL14:
 222 00c8 5A60     		str	r2, [r3, #4]
 223 00ca 031D     		adds	r3, r0, #4
 224 00cc 0A1D     		adds	r2, r1, #4
 225              		.loc 1 312 0
 226 00ce A342     		cmp	r3, r4
 227 00d0 F3D3     		bcc	.L11
 228              	.LVL15:
 229              	.L10:
 230              	.LBE4:
 231              	.LBB5:
 232              		.loc 1 319 0 discriminator 1
 233 00d2 364A     		ldr	r2, .L55+28
 234 00d4 3648     		ldr	r0, .L55+32
 235 00d6 8242     		cmp	r2, r0
 236 00d8 17D2     		bcs	.L12
 237              		.loc 1 319 0 is_stmt 0
 238 00da 1346     		mov	r3, r2
 239 00dc 0021     		movs	r1, #0
 240 00de 43F8041B 		str	r1, [r3], #4
 241              	.LVL16:
 242 00e2 D443     		mvns	r4, r2
 243 00e4 00EB040E 		add	lr, r0, r4
 244 00e8 8342     		cmp	r3, r0
 245 00ea CEF38004 		ubfx	r4, lr, #2, #1
 246 00ee 0CD2     		bcs	.L12
 247 00f0 24B1     		cbz	r4, .L13
 248 00f2 1960     		str	r1, [r3, #0]
 249 00f4 02F10803 		add	r3, r2, #8
 250 00f8 8342     		cmp	r3, r0
 251 00fa 06D2     		bcs	.L12
 252              	.LVL17:
 253              	.L13:
 254              		.loc 1 319 0 discriminator 2
 255 00fc 1E46     		mov	r6, r3
 256 00fe 46F8041B 		str	r1, [r6], #4
 257              	.LVL18:
 258 0102 5960     		str	r1, [r3, #4]
 259 0104 331D     		adds	r3, r6, #4
 260 0106 8342     		cmp	r3, r0
 261 0108 F8D3     		bcc	.L13
 262              	.LVL19:
 263              	.L12:
 264              	.LBE5:
 265              	.LBB6:
 266              		.loc 1 329 0 is_stmt 1
 267 010a 2A4D     		ldr	r5, .L55+36
 268 010c 2A4E     		ldr	r6, .L55+40
 269              	.LBE6:
 270              		.loc 1 323 0
 271 010e FFF7FEFF 		bl	__late_init
 272              	.LVL20:
 273              	.LBB7:
 274              		.loc 1 329 0
 275 0112 B542     		cmp	r5, r6
 276 0114 19D2     		bcs	.L14
ARM GAS  C:\Users\TAISIK~1\AppData\Local\Temp\ccM1UUHF.s 			page 6


 277              		.loc 1 330 0
 278 0116 2C46     		mov	r4, r5
 279 0118 E943     		mvns	r1, r5
 280 011a 54F8043B 		ldr	r3, [r4], #4
 281 011e 7718     		adds	r7, r6, r1
 282 0120 9847     		blx	r3
 283              	.LVL21:
 284              		.loc 1 329 0
 285 0122 B442     		cmp	r4, r6
 286 0124 C7F38007 		ubfx	r7, r7, #2, #1
 287 0128 0FD2     		bcs	.L14
 288 012a 2FB1     		cbz	r7, .L15
 289              		.loc 1 330 0
 290 012c 2368     		ldr	r3, [r4, #0]
 291              		.loc 1 331 0
 292 012e 05F10804 		add	r4, r5, #8
 293              		.loc 1 330 0
 294 0132 9847     		blx	r3
 295              		.loc 1 329 0
 296 0134 B442     		cmp	r4, r6
 297 0136 08D2     		bcs	.L14
 298              	.LVL22:
 299              	.L15:
 300              		.loc 1 330 0
 301 0138 2546     		mov	r5, r4
 302 013a 55F8042B 		ldr	r2, [r5], #4
 303 013e 9047     		blx	r2
 304              	.LVL23:
 305 0140 6068     		ldr	r0, [r4, #4]
 306              		.loc 1 331 0
 307 0142 2C1D     		adds	r4, r5, #4
 308              		.loc 1 330 0
 309 0144 8047     		blx	r0
 310              		.loc 1 329 0
 311 0146 B442     		cmp	r4, r6
 312 0148 F6D3     		bcc	.L15
 313              	.LVL24:
 314              	.L14:
 315              	.LBE7:
 316              	.LBB8:
 317              		.loc 1 343 0
 318 014a 1C4D     		ldr	r5, .L55+44
 319 014c 1C4E     		ldr	r6, .L55+48
 320              	.LBE8:
 321              		.loc 1 337 0
 322 014e FFF7FEFF 		bl	main
 323              	.LVL25:
 324              	.LBB9:
 325              		.loc 1 343 0
 326 0152 B542     		cmp	r5, r6
 327 0154 1AD2     		bcs	.L16
 328              		.loc 1 344 0
 329 0156 2C46     		mov	r4, r5
 330 0158 EF43     		mvns	r7, r5
 331 015a 54F8043B 		ldr	r3, [r4], #4
 332 015e 06EB070C 		add	ip, r6, r7
 333 0162 CCF38007 		ubfx	r7, ip, #2, #1
ARM GAS  C:\Users\TAISIK~1\AppData\Local\Temp\ccM1UUHF.s 			page 7


 334 0166 9847     		blx	r3
 335              	.LVL26:
 336              		.loc 1 343 0
 337 0168 B442     		cmp	r4, r6
 338 016a 0FD2     		bcs	.L16
 339 016c 2FB1     		cbz	r7, .L17
 340              		.loc 1 344 0
 341 016e 2268     		ldr	r2, [r4, #0]
 342              		.loc 1 345 0
 343 0170 05F10804 		add	r4, r5, #8
 344              		.loc 1 344 0
 345 0174 9047     		blx	r2
 346              		.loc 1 343 0
 347 0176 B442     		cmp	r4, r6
 348 0178 08D2     		bcs	.L16
 349              	.LVL27:
 350              	.L17:
 351              		.loc 1 344 0
 352 017a 2546     		mov	r5, r4
 353 017c 55F8040B 		ldr	r0, [r5], #4
 354 0180 8047     		blx	r0
 355              	.LVL28:
 356 0182 6168     		ldr	r1, [r4, #4]
 357              		.loc 1 345 0
 358 0184 2C1D     		adds	r4, r5, #4
 359              		.loc 1 344 0
 360 0186 8847     		blx	r1
 361              		.loc 1 343 0
 362 0188 B442     		cmp	r4, r6
 363 018a F6D3     		bcc	.L17
 364              	.LVL29:
 365              	.L16:
 366              	.LBE9:
 367              		.loc 1 351 0
 368 018c FFF7FEFF 		bl	_default_exit
 369              		.loc 1 352 0
 370              	.L56:
 371              		.align	2
 372              	.L55:
 373 0190 00000000 		.word	__process_stack_end__
 374 0194 00000000 		.word	__main_stack_base__
 375 0198 00000000 		.word	__main_stack_end__
 376 019c 00000000 		.word	__process_stack_base__
 377 01a0 00000000 		.word	_edata
 378 01a4 00000000 		.word	_data
 379 01a8 00000000 		.word	_textdata
 380 01ac 00000000 		.word	_bss_start
 381 01b0 00000000 		.word	_bss_end
 382 01b4 00000000 		.word	__init_array_start
 383 01b8 00000000 		.word	__init_array_end
 384 01bc 00000000 		.word	__fini_array_start
 385 01c0 00000000 		.word	__fini_array_end
 386              		.cfi_endproc
 387              	.LFE3:
 388              		.size	ResetHandler, .-ResetHandler
 389 01c4 AFF30080 		.text
 389      AFF30080 
ARM GAS  C:\Users\TAISIK~1\AppData\Local\Temp\ccM1UUHF.s 			page 8


 389      AFF30080 
 390              	.Letext0:
 391              		.file 2 "c:\\chibistudio\\tools\\gnu tools arm embedded\\4.6 2012q4\\bin\\../lib/gcc/arm-none-eabi
 392              		.section	.debug_info,"",%progbits
 393              	.Ldebug_info0:
 394 0000 3D030000 		.4byte	0x33d
 395 0004 0200     		.2byte	0x2
 396 0006 00000000 		.4byte	.Ldebug_abbrev0
 397 000a 04       		.byte	0x4
 398 000b 01       		.uleb128 0x1
 399 000c 51000000 		.4byte	.LASF29
 400 0010 01       		.byte	0x1
 401 0011 B4000000 		.4byte	.LASF30
 402 0015 22010000 		.4byte	.LASF31
 403 0019 00000000 		.4byte	0
 404 001d 00000000 		.4byte	0
 405 0021 30000000 		.4byte	.Ldebug_ranges0+0x30
 406 0025 00000000 		.4byte	.Ldebug_line0
 407 0029 02       		.uleb128 0x2
 408 002a 01       		.byte	0x1
 409 002b 06       		.byte	0x6
 410 002c FB010000 		.4byte	.LASF0
 411 0030 03       		.uleb128 0x3
 412 0031 90010000 		.4byte	.LASF5
 413 0035 02       		.byte	0x2
 414 0036 2A       		.byte	0x2a
 415 0037 3B000000 		.4byte	0x3b
 416 003b 02       		.uleb128 0x2
 417 003c 01       		.byte	0x1
 418 003d 08       		.byte	0x8
 419 003e 9A000000 		.4byte	.LASF1
 420 0042 02       		.uleb128 0x2
 421 0043 02       		.byte	0x2
 422 0044 05       		.byte	0x5
 423 0045 D1010000 		.4byte	.LASF2
 424 0049 02       		.uleb128 0x2
 425 004a 02       		.byte	0x2
 426 004b 07       		.byte	0x7
 427 004c E2000000 		.4byte	.LASF3
 428 0050 02       		.uleb128 0x2
 429 0051 04       		.byte	0x4
 430 0052 05       		.byte	0x5
 431 0053 EC010000 		.4byte	.LASF4
 432 0057 03       		.uleb128 0x3
 433 0058 E3010000 		.4byte	.LASF6
 434 005c 02       		.byte	0x2
 435 005d 50       		.byte	0x50
 436 005e 62000000 		.4byte	0x62
 437 0062 02       		.uleb128 0x2
 438 0063 04       		.byte	0x4
 439 0064 07       		.byte	0x7
 440 0065 5A010000 		.4byte	.LASF7
 441 0069 02       		.uleb128 0x2
 442 006a 08       		.byte	0x8
 443 006b 05       		.byte	0x5
 444 006c AF010000 		.4byte	.LASF8
 445 0070 02       		.uleb128 0x2
ARM GAS  C:\Users\TAISIK~1\AppData\Local\Temp\ccM1UUHF.s 			page 9


 446 0071 08       		.byte	0x8
 447 0072 07       		.byte	0x7
 448 0073 79010000 		.4byte	.LASF9
 449 0077 04       		.uleb128 0x4
 450 0078 04       		.byte	0x4
 451 0079 05       		.byte	0x5
 452 007a 696E7400 		.ascii	"int\000"
 453 007e 02       		.uleb128 0x2
 454 007f 04       		.byte	0x4
 455 0080 07       		.byte	0x7
 456 0081 6C010000 		.4byte	.LASF10
 457 0085 03       		.uleb128 0x3
 458 0086 DB010000 		.4byte	.LASF11
 459 008a 01       		.byte	0x1
 460 008b 2D       		.byte	0x2d
 461 008c 90000000 		.4byte	0x90
 462 0090 05       		.uleb128 0x5
 463 0091 04       		.byte	0x4
 464 0092 96000000 		.4byte	0x96
 465 0096 06       		.uleb128 0x6
 466 0097 01       		.byte	0x1
 467 0098 03       		.uleb128 0x3
 468 0099 3A000000 		.4byte	.LASF12
 469 009d 01       		.byte	0x1
 470 009e 2E       		.byte	0x2e
 471 009f A3000000 		.4byte	0xa3
 472 00a3 05       		.uleb128 0x5
 473 00a4 04       		.byte	0x4
 474 00a5 85000000 		.4byte	0x85
 475 00a9 07       		.uleb128 0x7
 476 00aa 01       		.byte	0x1
 477 00ab A2010000 		.4byte	.LASF13
 478 00af 01       		.byte	0x1
 479 00b0 E3       		.byte	0xe3
 480 00b1 01       		.byte	0x1
 481 00b2 00000000 		.4byte	.LFB0
 482 00b6 02000000 		.4byte	.LFE0
 483 00ba 02       		.byte	0x2
 484 00bb 7D       		.byte	0x7d
 485 00bc 00       		.sleb128 0
 486 00bd 07       		.uleb128 0x7
 487 00be 01       		.byte	0x1
 488 00bf A8000000 		.4byte	.LASF14
 489 00c3 01       		.byte	0x1
 490 00c4 EF       		.byte	0xef
 491 00c5 01       		.byte	0x1
 492 00c6 00000000 		.4byte	.LFB1
 493 00ca 02000000 		.4byte	.LFE1
 494 00ce 02       		.byte	0x2
 495 00cf 7D       		.byte	0x7d
 496 00d0 00       		.sleb128 0
 497 00d1 07       		.uleb128 0x7
 498 00d2 01       		.byte	0x1
 499 00d3 43000000 		.4byte	.LASF15
 500 00d7 01       		.byte	0x1
 501 00d8 FA       		.byte	0xfa
 502 00d9 01       		.byte	0x1
ARM GAS  C:\Users\TAISIK~1\AppData\Local\Temp\ccM1UUHF.s 			page 10


 503 00da 00000000 		.4byte	.LFB2
 504 00de 02000000 		.4byte	.LFE2
 505 00e2 02       		.byte	0x2
 506 00e3 7D       		.byte	0x7d
 507 00e4 00       		.sleb128 0
 508 00e5 08       		.uleb128 0x8
 509 00e6 01       		.byte	0x1
 510 00e7 D5000000 		.4byte	.LASF32
 511 00eb 01       		.byte	0x1
 512 00ec 0501     		.2byte	0x105
 513 00ee 01       		.byte	0x1
 514 00ef 00000000 		.4byte	.LFB3
 515 00f3 C4010000 		.4byte	.LFE3
 516 00f7 02       		.byte	0x2
 517 00f8 7D       		.byte	0x7d
 518 00f9 00       		.sleb128 0
 519 00fa E8010000 		.4byte	0x1e8
 520 00fe 09       		.uleb128 0x9
 521 00ff 70737000 		.ascii	"psp\000"
 522 0103 01       		.byte	0x1
 523 0104 0601     		.2byte	0x106
 524 0106 57000000 		.4byte	0x57
 525 010a 0A       		.uleb128 0xa
 526 010b 72656700 		.ascii	"reg\000"
 527 010f 01       		.byte	0x1
 528 0110 0601     		.2byte	0x106
 529 0112 57000000 		.4byte	0x57
 530 0116 02       		.byte	0x2
 531 0117 0B       		.uleb128 0xb
 532 0118 12000000 		.4byte	.LBB2
 533 011c 4A000000 		.4byte	.LBE2
 534 0120 3F010000 		.4byte	0x13f
 535 0124 0C       		.uleb128 0xc
 536 0125 703100   		.ascii	"p1\000"
 537 0128 01       		.byte	0x1
 538 0129 2601     		.2byte	0x126
 539 012b E8010000 		.4byte	0x1e8
 540 012f 00000000 		.4byte	.LLST0
 541 0133 09       		.uleb128 0x9
 542 0134 703200   		.ascii	"p2\000"
 543 0137 01       		.byte	0x1
 544 0138 2601     		.2byte	0x126
 545 013a E8010000 		.4byte	0x1e8
 546 013e 00       		.byte	0
 547 013f 0B       		.uleb128 0xb
 548 0140 4A000000 		.4byte	.LBB3
 549 0144 80000000 		.4byte	.LBE3
 550 0148 67010000 		.4byte	0x167
 551 014c 0C       		.uleb128 0xc
 552 014d 703100   		.ascii	"p1\000"
 553 0150 01       		.byte	0x1
 554 0151 2901     		.2byte	0x129
 555 0153 E8010000 		.4byte	0x1e8
 556 0157 13000000 		.4byte	.LLST1
 557 015b 09       		.uleb128 0x9
 558 015c 703200   		.ascii	"p2\000"
 559 015f 01       		.byte	0x1
ARM GAS  C:\Users\TAISIK~1\AppData\Local\Temp\ccM1UUHF.s 			page 11


 560 0160 2901     		.2byte	0x129
 561 0162 E8010000 		.4byte	0x1e8
 562 0166 00       		.byte	0
 563 0167 0B       		.uleb128 0xb
 564 0168 84000000 		.4byte	.LBB4
 565 016c D2000000 		.4byte	.LBE4
 566 0170 8F010000 		.4byte	0x18f
 567 0174 09       		.uleb128 0x9
 568 0175 747000   		.ascii	"tp\000"
 569 0178 01       		.byte	0x1
 570 0179 3401     		.2byte	0x134
 571 017b E8010000 		.4byte	0x1e8
 572 017f 0C       		.uleb128 0xc
 573 0180 647000   		.ascii	"dp\000"
 574 0183 01       		.byte	0x1
 575 0184 3401     		.2byte	0x134
 576 0186 E8010000 		.4byte	0x1e8
 577 018a 31000000 		.4byte	.LLST2
 578 018e 00       		.byte	0
 579 018f 0B       		.uleb128 0xb
 580 0190 D2000000 		.4byte	.LBB5
 581 0194 0A010000 		.4byte	.LBE5
 582 0198 B7010000 		.4byte	0x1b7
 583 019c 0C       		.uleb128 0xc
 584 019d 703100   		.ascii	"p1\000"
 585 01a0 01       		.byte	0x1
 586 01a1 3F01     		.2byte	0x13f
 587 01a3 E8010000 		.4byte	0x1e8
 588 01a7 44000000 		.4byte	.LLST3
 589 01ab 09       		.uleb128 0x9
 590 01ac 703200   		.ascii	"p2\000"
 591 01af 01       		.byte	0x1
 592 01b0 3F01     		.2byte	0x13f
 593 01b2 E8010000 		.4byte	0x1e8
 594 01b6 00       		.byte	0
 595 01b7 0D       		.uleb128 0xd
 596 01b8 00000000 		.4byte	.Ldebug_ranges0+0
 597 01bc D1010000 		.4byte	0x1d1
 598 01c0 0C       		.uleb128 0xc
 599 01c1 66707000 		.ascii	"fpp\000"
 600 01c5 01       		.byte	0x1
 601 01c6 4801     		.2byte	0x148
 602 01c8 98000000 		.4byte	0x98
 603 01cc 62000000 		.4byte	.LLST4
 604 01d0 00       		.byte	0
 605 01d1 0E       		.uleb128 0xe
 606 01d2 18000000 		.4byte	.Ldebug_ranges0+0x18
 607 01d6 0C       		.uleb128 0xc
 608 01d7 66707000 		.ascii	"fpp\000"
 609 01db 01       		.byte	0x1
 610 01dc 5601     		.2byte	0x156
 611 01de 98000000 		.4byte	0x98
 612 01e2 75000000 		.4byte	.LLST5
 613 01e6 00       		.byte	0
 614 01e7 00       		.byte	0
 615 01e8 05       		.uleb128 0x5
 616 01e9 04       		.byte	0x4
ARM GAS  C:\Users\TAISIK~1\AppData\Local\Temp\ccM1UUHF.s 			page 12


 617 01ea 57000000 		.4byte	0x57
 618 01ee 0F       		.uleb128 0xf
 619 01ef BD010000 		.4byte	.LASF16
 620 01f3 01       		.byte	0x1
 621 01f4 84       		.byte	0x84
 622 01f5 57000000 		.4byte	0x57
 623 01f9 01       		.byte	0x1
 624 01fa 01       		.byte	0x1
 625 01fb 0F       		.uleb128 0xf
 626 01fc 30020000 		.4byte	.LASF17
 627 0200 01       		.byte	0x1
 628 0201 8C       		.byte	0x8c
 629 0202 57000000 		.4byte	0x57
 630 0206 01       		.byte	0x1
 631 0207 01       		.byte	0x1
 632 0208 0F       		.uleb128 0xf
 633 0209 23000000 		.4byte	.LASF18
 634 020d 01       		.byte	0x1
 635 020e 93       		.byte	0x93
 636 020f 57000000 		.4byte	0x57
 637 0213 01       		.byte	0x1
 638 0214 01       		.byte	0x1
 639 0215 0F       		.uleb128 0xf
 640 0216 07020000 		.4byte	.LASF19
 641 021a 01       		.byte	0x1
 642 021b 9A       		.byte	0x9a
 643 021c 57000000 		.4byte	0x57
 644 0220 01       		.byte	0x1
 645 0221 01       		.byte	0x1
 646 0222 0F       		.uleb128 0xf
 647 0223 98010000 		.4byte	.LASF20
 648 0227 01       		.byte	0x1
 649 0228 A0       		.byte	0xa0
 650 0229 57000000 		.4byte	0x57
 651 022d 01       		.byte	0x1
 652 022e 01       		.byte	0x1
 653 022f 0F       		.uleb128 0xf
 654 0230 F5010000 		.4byte	.LASF21
 655 0234 01       		.byte	0x1
 656 0235 A6       		.byte	0xa6
 657 0236 57000000 		.4byte	0x57
 658 023a 01       		.byte	0x1
 659 023b 01       		.byte	0x1
 660 023c 0F       		.uleb128 0xf
 661 023d 0B000000 		.4byte	.LASF22
 662 0241 01       		.byte	0x1
 663 0242 AC       		.byte	0xac
 664 0243 57000000 		.4byte	0x57
 665 0247 01       		.byte	0x1
 666 0248 01       		.byte	0x1
 667 0249 0F       		.uleb128 0xf
 668 024a 00000000 		.4byte	.LASF23
 669 024e 01       		.byte	0x1
 670 024f B2       		.byte	0xb2
 671 0250 57000000 		.4byte	0x57
 672 0254 01       		.byte	0x1
 673 0255 01       		.byte	0x1
ARM GAS  C:\Users\TAISIK~1\AppData\Local\Temp\ccM1UUHF.s 			page 13


 674 0256 0F       		.uleb128 0xf
 675 0257 08010000 		.4byte	.LASF24
 676 025b 01       		.byte	0x1
 677 025c B8       		.byte	0xb8
 678 025d 57000000 		.4byte	0x57
 679 0261 01       		.byte	0x1
 680 0262 01       		.byte	0x1
 681 0263 0F       		.uleb128 0xf
 682 0264 1D020000 		.4byte	.LASF25
 683 0268 01       		.byte	0x1
 684 0269 BE       		.byte	0xbe
 685 026a 85000000 		.4byte	0x85
 686 026e 01       		.byte	0x1
 687 026f 01       		.byte	0x1
 688 0270 0F       		.uleb128 0xf
 689 0271 11010000 		.4byte	.LASF26
 690 0275 01       		.byte	0x1
 691 0276 C4       		.byte	0xc4
 692 0277 85000000 		.4byte	0x85
 693 027b 01       		.byte	0x1
 694 027c 01       		.byte	0x1
 695 027d 0F       		.uleb128 0xf
 696 027e F5000000 		.4byte	.LASF27
 697 0282 01       		.byte	0x1
 698 0283 CA       		.byte	0xca
 699 0284 85000000 		.4byte	0x85
 700 0288 01       		.byte	0x1
 701 0289 01       		.byte	0x1
 702 028a 0F       		.uleb128 0xf
 703 028b 12000000 		.4byte	.LASF28
 704 028f 01       		.byte	0x1
 705 0290 D0       		.byte	0xd0
 706 0291 85000000 		.4byte	0x85
 707 0295 01       		.byte	0x1
 708 0296 01       		.byte	0x1
 709 0297 0F       		.uleb128 0xf
 710 0298 BD010000 		.4byte	.LASF16
 711 029c 01       		.byte	0x1
 712 029d 84       		.byte	0x84
 713 029e 57000000 		.4byte	0x57
 714 02a2 01       		.byte	0x1
 715 02a3 01       		.byte	0x1
 716 02a4 0F       		.uleb128 0xf
 717 02a5 30020000 		.4byte	.LASF17
 718 02a9 01       		.byte	0x1
 719 02aa 8C       		.byte	0x8c
 720 02ab 57000000 		.4byte	0x57
 721 02af 01       		.byte	0x1
 722 02b0 01       		.byte	0x1
 723 02b1 0F       		.uleb128 0xf
 724 02b2 23000000 		.4byte	.LASF18
 725 02b6 01       		.byte	0x1
 726 02b7 93       		.byte	0x93
 727 02b8 57000000 		.4byte	0x57
 728 02bc 01       		.byte	0x1
 729 02bd 01       		.byte	0x1
 730 02be 0F       		.uleb128 0xf
ARM GAS  C:\Users\TAISIK~1\AppData\Local\Temp\ccM1UUHF.s 			page 14


 731 02bf 07020000 		.4byte	.LASF19
 732 02c3 01       		.byte	0x1
 733 02c4 9A       		.byte	0x9a
 734 02c5 57000000 		.4byte	0x57
 735 02c9 01       		.byte	0x1
 736 02ca 01       		.byte	0x1
 737 02cb 0F       		.uleb128 0xf
 738 02cc 98010000 		.4byte	.LASF20
 739 02d0 01       		.byte	0x1
 740 02d1 A0       		.byte	0xa0
 741 02d2 57000000 		.4byte	0x57
 742 02d6 01       		.byte	0x1
 743 02d7 01       		.byte	0x1
 744 02d8 0F       		.uleb128 0xf
 745 02d9 F5010000 		.4byte	.LASF21
 746 02dd 01       		.byte	0x1
 747 02de A6       		.byte	0xa6
 748 02df 57000000 		.4byte	0x57
 749 02e3 01       		.byte	0x1
 750 02e4 01       		.byte	0x1
 751 02e5 0F       		.uleb128 0xf
 752 02e6 0B000000 		.4byte	.LASF22
 753 02ea 01       		.byte	0x1
 754 02eb AC       		.byte	0xac
 755 02ec 57000000 		.4byte	0x57
 756 02f0 01       		.byte	0x1
 757 02f1 01       		.byte	0x1
 758 02f2 0F       		.uleb128 0xf
 759 02f3 00000000 		.4byte	.LASF23
 760 02f7 01       		.byte	0x1
 761 02f8 B2       		.byte	0xb2
 762 02f9 57000000 		.4byte	0x57
 763 02fd 01       		.byte	0x1
 764 02fe 01       		.byte	0x1
 765 02ff 0F       		.uleb128 0xf
 766 0300 08010000 		.4byte	.LASF24
 767 0304 01       		.byte	0x1
 768 0305 B8       		.byte	0xb8
 769 0306 57000000 		.4byte	0x57
 770 030a 01       		.byte	0x1
 771 030b 01       		.byte	0x1
 772 030c 0F       		.uleb128 0xf
 773 030d 1D020000 		.4byte	.LASF25
 774 0311 01       		.byte	0x1
 775 0312 BE       		.byte	0xbe
 776 0313 85000000 		.4byte	0x85
 777 0317 01       		.byte	0x1
 778 0318 01       		.byte	0x1
 779 0319 0F       		.uleb128 0xf
 780 031a 11010000 		.4byte	.LASF26
 781 031e 01       		.byte	0x1
 782 031f C4       		.byte	0xc4
 783 0320 85000000 		.4byte	0x85
 784 0324 01       		.byte	0x1
 785 0325 01       		.byte	0x1
 786 0326 0F       		.uleb128 0xf
 787 0327 F5000000 		.4byte	.LASF27
ARM GAS  C:\Users\TAISIK~1\AppData\Local\Temp\ccM1UUHF.s 			page 15


 788 032b 01       		.byte	0x1
 789 032c CA       		.byte	0xca
 790 032d 85000000 		.4byte	0x85
 791 0331 01       		.byte	0x1
 792 0332 01       		.byte	0x1
 793 0333 0F       		.uleb128 0xf
 794 0334 12000000 		.4byte	.LASF28
 795 0338 01       		.byte	0x1
 796 0339 D0       		.byte	0xd0
 797 033a 85000000 		.4byte	0x85
 798 033e 01       		.byte	0x1
 799 033f 01       		.byte	0x1
 800 0340 00       		.byte	0
 801              		.section	.debug_abbrev,"",%progbits
 802              	.Ldebug_abbrev0:
 803 0000 01       		.uleb128 0x1
 804 0001 11       		.uleb128 0x11
 805 0002 01       		.byte	0x1
 806 0003 25       		.uleb128 0x25
 807 0004 0E       		.uleb128 0xe
 808 0005 13       		.uleb128 0x13
 809 0006 0B       		.uleb128 0xb
 810 0007 03       		.uleb128 0x3
 811 0008 0E       		.uleb128 0xe
 812 0009 1B       		.uleb128 0x1b
 813 000a 0E       		.uleb128 0xe
 814 000b 11       		.uleb128 0x11
 815 000c 01       		.uleb128 0x1
 816 000d 52       		.uleb128 0x52
 817 000e 01       		.uleb128 0x1
 818 000f 55       		.uleb128 0x55
 819 0010 06       		.uleb128 0x6
 820 0011 10       		.uleb128 0x10
 821 0012 06       		.uleb128 0x6
 822 0013 00       		.byte	0
 823 0014 00       		.byte	0
 824 0015 02       		.uleb128 0x2
 825 0016 24       		.uleb128 0x24
 826 0017 00       		.byte	0
 827 0018 0B       		.uleb128 0xb
 828 0019 0B       		.uleb128 0xb
 829 001a 3E       		.uleb128 0x3e
 830 001b 0B       		.uleb128 0xb
 831 001c 03       		.uleb128 0x3
 832 001d 0E       		.uleb128 0xe
 833 001e 00       		.byte	0
 834 001f 00       		.byte	0
 835 0020 03       		.uleb128 0x3
 836 0021 16       		.uleb128 0x16
 837 0022 00       		.byte	0
 838 0023 03       		.uleb128 0x3
 839 0024 0E       		.uleb128 0xe
 840 0025 3A       		.uleb128 0x3a
 841 0026 0B       		.uleb128 0xb
 842 0027 3B       		.uleb128 0x3b
 843 0028 0B       		.uleb128 0xb
 844 0029 49       		.uleb128 0x49
ARM GAS  C:\Users\TAISIK~1\AppData\Local\Temp\ccM1UUHF.s 			page 16


 845 002a 13       		.uleb128 0x13
 846 002b 00       		.byte	0
 847 002c 00       		.byte	0
 848 002d 04       		.uleb128 0x4
 849 002e 24       		.uleb128 0x24
 850 002f 00       		.byte	0
 851 0030 0B       		.uleb128 0xb
 852 0031 0B       		.uleb128 0xb
 853 0032 3E       		.uleb128 0x3e
 854 0033 0B       		.uleb128 0xb
 855 0034 03       		.uleb128 0x3
 856 0035 08       		.uleb128 0x8
 857 0036 00       		.byte	0
 858 0037 00       		.byte	0
 859 0038 05       		.uleb128 0x5
 860 0039 0F       		.uleb128 0xf
 861 003a 00       		.byte	0
 862 003b 0B       		.uleb128 0xb
 863 003c 0B       		.uleb128 0xb
 864 003d 49       		.uleb128 0x49
 865 003e 13       		.uleb128 0x13
 866 003f 00       		.byte	0
 867 0040 00       		.byte	0
 868 0041 06       		.uleb128 0x6
 869 0042 15       		.uleb128 0x15
 870 0043 00       		.byte	0
 871 0044 27       		.uleb128 0x27
 872 0045 0C       		.uleb128 0xc
 873 0046 00       		.byte	0
 874 0047 00       		.byte	0
 875 0048 07       		.uleb128 0x7
 876 0049 2E       		.uleb128 0x2e
 877 004a 00       		.byte	0
 878 004b 3F       		.uleb128 0x3f
 879 004c 0C       		.uleb128 0xc
 880 004d 03       		.uleb128 0x3
 881 004e 0E       		.uleb128 0xe
 882 004f 3A       		.uleb128 0x3a
 883 0050 0B       		.uleb128 0xb
 884 0051 3B       		.uleb128 0x3b
 885 0052 0B       		.uleb128 0xb
 886 0053 27       		.uleb128 0x27
 887 0054 0C       		.uleb128 0xc
 888 0055 11       		.uleb128 0x11
 889 0056 01       		.uleb128 0x1
 890 0057 12       		.uleb128 0x12
 891 0058 01       		.uleb128 0x1
 892 0059 40       		.uleb128 0x40
 893 005a 0A       		.uleb128 0xa
 894 005b 00       		.byte	0
 895 005c 00       		.byte	0
 896 005d 08       		.uleb128 0x8
 897 005e 2E       		.uleb128 0x2e
 898 005f 01       		.byte	0x1
 899 0060 3F       		.uleb128 0x3f
 900 0061 0C       		.uleb128 0xc
 901 0062 03       		.uleb128 0x3
ARM GAS  C:\Users\TAISIK~1\AppData\Local\Temp\ccM1UUHF.s 			page 17


 902 0063 0E       		.uleb128 0xe
 903 0064 3A       		.uleb128 0x3a
 904 0065 0B       		.uleb128 0xb
 905 0066 3B       		.uleb128 0x3b
 906 0067 05       		.uleb128 0x5
 907 0068 27       		.uleb128 0x27
 908 0069 0C       		.uleb128 0xc
 909 006a 11       		.uleb128 0x11
 910 006b 01       		.uleb128 0x1
 911 006c 12       		.uleb128 0x12
 912 006d 01       		.uleb128 0x1
 913 006e 40       		.uleb128 0x40
 914 006f 0A       		.uleb128 0xa
 915 0070 01       		.uleb128 0x1
 916 0071 13       		.uleb128 0x13
 917 0072 00       		.byte	0
 918 0073 00       		.byte	0
 919 0074 09       		.uleb128 0x9
 920 0075 34       		.uleb128 0x34
 921 0076 00       		.byte	0
 922 0077 03       		.uleb128 0x3
 923 0078 08       		.uleb128 0x8
 924 0079 3A       		.uleb128 0x3a
 925 007a 0B       		.uleb128 0xb
 926 007b 3B       		.uleb128 0x3b
 927 007c 05       		.uleb128 0x5
 928 007d 49       		.uleb128 0x49
 929 007e 13       		.uleb128 0x13
 930 007f 00       		.byte	0
 931 0080 00       		.byte	0
 932 0081 0A       		.uleb128 0xa
 933 0082 34       		.uleb128 0x34
 934 0083 00       		.byte	0
 935 0084 03       		.uleb128 0x3
 936 0085 08       		.uleb128 0x8
 937 0086 3A       		.uleb128 0x3a
 938 0087 0B       		.uleb128 0xb
 939 0088 3B       		.uleb128 0x3b
 940 0089 05       		.uleb128 0x5
 941 008a 49       		.uleb128 0x49
 942 008b 13       		.uleb128 0x13
 943 008c 1C       		.uleb128 0x1c
 944 008d 0B       		.uleb128 0xb
 945 008e 00       		.byte	0
 946 008f 00       		.byte	0
 947 0090 0B       		.uleb128 0xb
 948 0091 0B       		.uleb128 0xb
 949 0092 01       		.byte	0x1
 950 0093 11       		.uleb128 0x11
 951 0094 01       		.uleb128 0x1
 952 0095 12       		.uleb128 0x12
 953 0096 01       		.uleb128 0x1
 954 0097 01       		.uleb128 0x1
 955 0098 13       		.uleb128 0x13
 956 0099 00       		.byte	0
 957 009a 00       		.byte	0
 958 009b 0C       		.uleb128 0xc
ARM GAS  C:\Users\TAISIK~1\AppData\Local\Temp\ccM1UUHF.s 			page 18


 959 009c 34       		.uleb128 0x34
 960 009d 00       		.byte	0
 961 009e 03       		.uleb128 0x3
 962 009f 08       		.uleb128 0x8
 963 00a0 3A       		.uleb128 0x3a
 964 00a1 0B       		.uleb128 0xb
 965 00a2 3B       		.uleb128 0x3b
 966 00a3 05       		.uleb128 0x5
 967 00a4 49       		.uleb128 0x49
 968 00a5 13       		.uleb128 0x13
 969 00a6 02       		.uleb128 0x2
 970 00a7 06       		.uleb128 0x6
 971 00a8 00       		.byte	0
 972 00a9 00       		.byte	0
 973 00aa 0D       		.uleb128 0xd
 974 00ab 0B       		.uleb128 0xb
 975 00ac 01       		.byte	0x1
 976 00ad 55       		.uleb128 0x55
 977 00ae 06       		.uleb128 0x6
 978 00af 01       		.uleb128 0x1
 979 00b0 13       		.uleb128 0x13
 980 00b1 00       		.byte	0
 981 00b2 00       		.byte	0
 982 00b3 0E       		.uleb128 0xe
 983 00b4 0B       		.uleb128 0xb
 984 00b5 01       		.byte	0x1
 985 00b6 55       		.uleb128 0x55
 986 00b7 06       		.uleb128 0x6
 987 00b8 00       		.byte	0
 988 00b9 00       		.byte	0
 989 00ba 0F       		.uleb128 0xf
 990 00bb 34       		.uleb128 0x34
 991 00bc 00       		.byte	0
 992 00bd 03       		.uleb128 0x3
 993 00be 0E       		.uleb128 0xe
 994 00bf 3A       		.uleb128 0x3a
 995 00c0 0B       		.uleb128 0xb
 996 00c1 3B       		.uleb128 0x3b
 997 00c2 0B       		.uleb128 0xb
 998 00c3 49       		.uleb128 0x49
 999 00c4 13       		.uleb128 0x13
 1000 00c5 3F       		.uleb128 0x3f
 1001 00c6 0C       		.uleb128 0xc
 1002 00c7 3C       		.uleb128 0x3c
 1003 00c8 0C       		.uleb128 0xc
 1004 00c9 00       		.byte	0
 1005 00ca 00       		.byte	0
 1006 00cb 00       		.byte	0
 1007              		.section	.debug_loc,"",%progbits
 1008              	.Ldebug_loc0:
 1009              	.LLST0:
 1010 0000 24000000 		.4byte	.LVL3
 1011 0004 3C000000 		.4byte	.LVL4
 1012 0008 0100     		.2byte	0x1
 1013 000a 52       		.byte	0x52
 1014 000b 00000000 		.4byte	0
 1015 000f 00000000 		.4byte	0
ARM GAS  C:\Users\TAISIK~1\AppData\Local\Temp\ccM1UUHF.s 			page 19


 1016              	.LLST1:
 1017 0013 5A000000 		.4byte	.LVL7
 1018 0017 72000000 		.4byte	.LVL8
 1019 001b 0100     		.2byte	0x1
 1020 001d 52       		.byte	0x52
 1021 001e 78000000 		.4byte	.LVL9
 1022 0022 80000000 		.4byte	.LVL10
 1023 0026 0100     		.2byte	0x1
 1024 0028 52       		.byte	0x52
 1025 0029 00000000 		.4byte	0
 1026 002d 00000000 		.4byte	0
 1027              	.LLST2:
 1028 0031 9A000000 		.4byte	.LVL12
 1029 0035 BA000000 		.4byte	.LVL13
 1030 0039 0100     		.2byte	0x1
 1031 003b 51       		.byte	0x51
 1032 003c 00000000 		.4byte	0
 1033 0040 00000000 		.4byte	0
 1034              	.LLST3:
 1035 0044 E2000000 		.4byte	.LVL16
 1036 0048 FC000000 		.4byte	.LVL17
 1037 004c 0100     		.2byte	0x1
 1038 004e 52       		.byte	0x52
 1039 004f 02010000 		.4byte	.LVL18
 1040 0053 0A010000 		.4byte	.LVL19
 1041 0057 0100     		.2byte	0x1
 1042 0059 52       		.byte	0x52
 1043 005a 00000000 		.4byte	0
 1044 005e 00000000 		.4byte	0
 1045              	.LLST4:
 1046 0062 22010000 		.4byte	.LVL21
 1047 0066 38010000 		.4byte	.LVL22
 1048 006a 0100     		.2byte	0x1
 1049 006c 55       		.byte	0x55
 1050 006d 00000000 		.4byte	0
 1051 0071 00000000 		.4byte	0
 1052              	.LLST5:
 1053 0075 68010000 		.4byte	.LVL26
 1054 0079 7A010000 		.4byte	.LVL27
 1055 007d 0100     		.2byte	0x1
 1056 007f 55       		.byte	0x55
 1057 0080 00000000 		.4byte	0
 1058 0084 00000000 		.4byte	0
 1059              		.section	.debug_aranges,"",%progbits
 1060 0000 34000000 		.4byte	0x34
 1061 0004 0200     		.2byte	0x2
 1062 0006 00000000 		.4byte	.Ldebug_info0
 1063 000a 04       		.byte	0x4
 1064 000b 00       		.byte	0
 1065 000c 0000     		.2byte	0
 1066 000e 0000     		.2byte	0
 1067 0010 00000000 		.4byte	.LFB0
 1068 0014 02000000 		.4byte	.LFE0-.LFB0
 1069 0018 00000000 		.4byte	.LFB1
 1070 001c 02000000 		.4byte	.LFE1-.LFB1
 1071 0020 00000000 		.4byte	.LFB2
 1072 0024 02000000 		.4byte	.LFE2-.LFB2
ARM GAS  C:\Users\TAISIK~1\AppData\Local\Temp\ccM1UUHF.s 			page 20


 1073 0028 00000000 		.4byte	.LFB3
 1074 002c C4010000 		.4byte	.LFE3-.LFB3
 1075 0030 00000000 		.4byte	0
 1076 0034 00000000 		.4byte	0
 1077              		.section	.debug_ranges,"",%progbits
 1078              	.Ldebug_ranges0:
 1079 0000 0A010000 		.4byte	.LBB6
 1080 0004 0E010000 		.4byte	.LBE6
 1081 0008 12010000 		.4byte	.LBB7
 1082 000c 4A010000 		.4byte	.LBE7
 1083 0010 00000000 		.4byte	0
 1084 0014 00000000 		.4byte	0
 1085 0018 4A010000 		.4byte	.LBB8
 1086 001c 4E010000 		.4byte	.LBE8
 1087 0020 52010000 		.4byte	.LBB9
 1088 0024 8C010000 		.4byte	.LBE9
 1089 0028 00000000 		.4byte	0
 1090 002c 00000000 		.4byte	0
 1091 0030 00000000 		.4byte	.LFB0
 1092 0034 02000000 		.4byte	.LFE0
 1093 0038 00000000 		.4byte	.LFB1
 1094 003c 02000000 		.4byte	.LFE1
 1095 0040 00000000 		.4byte	.LFB2
 1096 0044 02000000 		.4byte	.LFE2
 1097 0048 00000000 		.4byte	.LFB3
 1098 004c C4010000 		.4byte	.LFE3
 1099 0050 00000000 		.4byte	0
 1100 0054 00000000 		.4byte	0
 1101              		.section	.debug_line,"",%progbits
 1102              	.Ldebug_line0:
 1103 0000 61010000 		.section	.debug_str,"MS",%progbits,1
 1103      0200BF00 
 1103      00000201 
 1103      FB0E0D00 
 1103      01010101 
 1104              	.LASF23:
 1105 0000 5F627373 		.ascii	"_bss_start\000"
 1105      5F737461 
 1105      727400
 1106              	.LASF22:
 1107 000b 5F656461 		.ascii	"_edata\000"
 1107      746100
 1108              	.LASF28:
 1109 0012 5F5F6669 		.ascii	"__fini_array_end\000"
 1109      6E695F61 
 1109      72726179 
 1109      5F656E64 
 1109      00
 1110              	.LASF18:
 1111 0023 5F5F7072 		.ascii	"__process_stack_base__\000"
 1111      6F636573 
 1111      735F7374 
 1111      61636B5F 
 1111      62617365 
 1112              	.LASF12:
 1113 003a 66756E63 		.ascii	"funcpp_t\000"
 1113      70705F74 
ARM GAS  C:\Users\TAISIK~1\AppData\Local\Temp\ccM1UUHF.s 			page 21


 1113      00
 1114              	.LASF15:
 1115 0043 5F646566 		.ascii	"_default_exit\000"
 1115      61756C74 
 1115      5F657869 
 1115      7400
 1116              	.LASF29:
 1117 0051 474E5520 		.ascii	"GNU C 4.6.2 20121016 (release) [ARM/embedded-4_6-br"
 1117      4320342E 
 1117      362E3220 
 1117      32303132 
 1117      31303136 
 1118 0084 616E6368 		.ascii	"anch revision 192487]\000"
 1118      20726576 
 1118      6973696F 
 1118      6E203139 
 1118      32343837 
 1119              	.LASF1:
 1120 009a 756E7369 		.ascii	"unsigned char\000"
 1120      676E6564 
 1120      20636861 
 1120      7200
 1121              	.LASF14:
 1122 00a8 5F5F6C61 		.ascii	"__late_init\000"
 1122      74655F69 
 1122      6E697400 
 1123              	.LASF30:
 1124 00b4 2E2E2F2E 		.ascii	"../../os/ports/GCC/ARMCMx/crt0.c\000"
 1124      2E2F6F73 
 1124      2F706F72 
 1124      74732F47 
 1124      43432F41 
 1125              	.LASF32:
 1126 00d5 52657365 		.ascii	"ResetHandler\000"
 1126      7448616E 
 1126      646C6572 
 1126      00
 1127              	.LASF3:
 1128 00e2 73686F72 		.ascii	"short unsigned int\000"
 1128      7420756E 
 1128      7369676E 
 1128      65642069 
 1128      6E7400
 1129              	.LASF27:
 1130 00f5 5F5F6669 		.ascii	"__fini_array_start\000"
 1130      6E695F61 
 1130      72726179 
 1130      5F737461 
 1130      727400
 1131              	.LASF24:
 1132 0108 5F627373 		.ascii	"_bss_end\000"
 1132      5F656E64 
 1132      00
 1133              	.LASF26:
 1134 0111 5F5F696E 		.ascii	"__init_array_end\000"
 1134      69745F61 
 1134      72726179 
ARM GAS  C:\Users\TAISIK~1\AppData\Local\Temp\ccM1UUHF.s 			page 22


 1134      5F656E64 
 1134      00
 1135              	.LASF31:
 1136 0122 433A5C43 		.ascii	"C:\\ChibiStudio\\chibios\\demos\\ARMCM4-STM32F303-D"
 1136      68696269 
 1136      53747564 
 1136      696F5C63 
 1136      68696269 
 1137 0151 4953434F 		.ascii	"ISCOVERY\000"
 1137      56455259 
 1137      00
 1138              	.LASF7:
 1139 015a 6C6F6E67 		.ascii	"long unsigned int\000"
 1139      20756E73 
 1139      69676E65 
 1139      6420696E 
 1139      7400
 1140              	.LASF10:
 1141 016c 756E7369 		.ascii	"unsigned int\000"
 1141      676E6564 
 1141      20696E74 
 1141      00
 1142              	.LASF9:
 1143 0179 6C6F6E67 		.ascii	"long long unsigned int\000"
 1143      206C6F6E 
 1143      6720756E 
 1143      7369676E 
 1143      65642069 
 1144              	.LASF5:
 1145 0190 75696E74 		.ascii	"uint8_t\000"
 1145      385F7400 
 1146              	.LASF20:
 1147 0198 5F746578 		.ascii	"_textdata\000"
 1147      74646174 
 1147      6100
 1148              	.LASF13:
 1149 01a2 5F5F6561 		.ascii	"__early_init\000"
 1149      726C795F 
 1149      696E6974 
 1149      00
 1150              	.LASF8:
 1151 01af 6C6F6E67 		.ascii	"long long int\000"
 1151      206C6F6E 
 1151      6720696E 
 1151      7400
 1152              	.LASF16:
 1153 01bd 5F5F6D61 		.ascii	"__main_stack_base__\000"
 1153      696E5F73 
 1153      7461636B 
 1153      5F626173 
 1153      655F5F00 
 1154              	.LASF2:
 1155 01d1 73686F72 		.ascii	"short int\000"
 1155      7420696E 
 1155      7400
 1156              	.LASF11:
 1157 01db 66756E63 		.ascii	"funcp_t\000"
ARM GAS  C:\Users\TAISIK~1\AppData\Local\Temp\ccM1UUHF.s 			page 23


 1157      705F7400 
 1158              	.LASF6:
 1159 01e3 75696E74 		.ascii	"uint32_t\000"
 1159      33325F74 
 1159      00
 1160              	.LASF4:
 1161 01ec 6C6F6E67 		.ascii	"long int\000"
 1161      20696E74 
 1161      00
 1162              	.LASF21:
 1163 01f5 5F646174 		.ascii	"_data\000"
 1163      6100
 1164              	.LASF0:
 1165 01fb 7369676E 		.ascii	"signed char\000"
 1165      65642063 
 1165      68617200 
 1166              	.LASF19:
 1167 0207 5F5F7072 		.ascii	"__process_stack_end__\000"
 1167      6F636573 
 1167      735F7374 
 1167      61636B5F 
 1167      656E645F 
 1168              	.LASF25:
 1169 021d 5F5F696E 		.ascii	"__init_array_start\000"
 1169      69745F61 
 1169      72726179 
 1169      5F737461 
 1169      727400
 1170              	.LASF17:
 1171 0230 5F5F6D61 		.ascii	"__main_stack_end__\000"
 1171      696E5F73 
 1171      7461636B 
 1171      5F656E64 
 1171      5F5F00
 1172              		.ident	"GCC: (GNU Tools for ARM Embedded Processors) 4.6.2 20121016 (release) [ARM/embedded-4_6-br
ARM GAS  C:\Users\TAISIK~1\AppData\Local\Temp\ccM1UUHF.s 			page 24


DEFINED SYMBOLS
                            *ABS*:00000000 crt0.c
C:\Users\TAISIK~1\AppData\Local\Temp\ccM1UUHF.s:19     .text.__early_init:00000000 $t
C:\Users\TAISIK~1\AppData\Local\Temp\ccM1UUHF.s:25     .text.__early_init:00000000 __early_init
C:\Users\TAISIK~1\AppData\Local\Temp\ccM1UUHF.s:39     .text.__late_init:00000000 $t
C:\Users\TAISIK~1\AppData\Local\Temp\ccM1UUHF.s:45     .text.__late_init:00000000 __late_init
C:\Users\TAISIK~1\AppData\Local\Temp\ccM1UUHF.s:58     .text._default_exit:00000000 $t
C:\Users\TAISIK~1\AppData\Local\Temp\ccM1UUHF.s:64     .text._default_exit:00000000 _default_exit
C:\Users\TAISIK~1\AppData\Local\Temp\ccM1UUHF.s:77     .text.ResetHandler:00000000 $t
C:\Users\TAISIK~1\AppData\Local\Temp\ccM1UUHF.s:83     .text.ResetHandler:00000000 ResetHandler
C:\Users\TAISIK~1\AppData\Local\Temp\ccM1UUHF.s:373    .text.ResetHandler:00000190 $d
                     .debug_frame:00000010 $d
C:\Users\TAISIK~1\AppData\Local\Temp\ccM1UUHF.s:389    .text.ResetHandler:000001c4 $t

UNDEFINED SYMBOLS
main
__process_stack_end__
__main_stack_base__
__main_stack_end__
__process_stack_base__
_edata
_data
_textdata
_bss_start
_bss_end
__init_array_start
__init_array_end
__fini_array_start
__fini_array_end
