ARM GAS  C:\Users\TAISIK~1\AppData\Local\Temp\ccb247ZO.s 			page 1


   1              		.syntax unified
   2              		.cpu cortex-m4
   3              		.fpu softvfp
   4              		.eabi_attribute 20, 1
   5              		.eabi_attribute 21, 1
   6              		.eabi_attribute 23, 3
   7              		.eabi_attribute 24, 1
   8              		.eabi_attribute 25, 1
   9              		.eabi_attribute 26, 1
  10              		.eabi_attribute 30, 2
  11              		.eabi_attribute 34, 1
  12              		.eabi_attribute 18, 4
  13              		.thumb
  14              		.file	"hal.c"
  15              		.text
  16              	.Ltext0:
  17              		.cfi_sections	.debug_frame
  18              		.section	.text.halInit,"ax",%progbits
  19              		.align	2
  20              		.p2align 4,,15
  21              		.global	halInit
  22              		.thumb
  23              		.thumb_func
  24              		.type	halInit, %function
  25              	halInit:
  26              	.LFB118:
  27              		.file 1 "../../os/hal/src/hal.c"
  28              		.loc 1 61 0
  29              		.cfi_startproc
  30              		@ args = 0, pretend = 0, frame = 0
  31              		@ frame_needed = 0, uses_anonymous_args = 0
  32 0000 08B5     		push	{r3, lr}
  33              	.LCFI0:
  34              		.cfi_def_cfa_offset 8
  35              		.cfi_offset 14, -4
  36              		.cfi_offset 3, -8
  37              		.loc 1 63 0
  38 0002 FFF7FEFF 		bl	hal_lld_init
  39              		.loc 1 69 0
  40 0006 40F20000 		movw	r0, #:lower16:pal_default_config
  41 000a C0F20000 		movt	r0, #:upper16:pal_default_config
  42 000e FFF7FEFF 		bl	_pal_lld_init
  43              		.loc 1 96 0
  44 0012 FFF7FEFF 		bl	sdInit
  45              		.loc 1 121 0
  46 0016 BDE80840 		pop	{r3, lr}
  47              		.loc 1 120 0
  48 001a FFF7FEBF 		b	boardInit
  49              		.cfi_endproc
  50              	.LFE118:
  51              		.size	halInit, .-halInit
  52 001e 00BF     		.section	.text.halIsCounterWithin,"ax",%progbits
  53              		.align	2
  54              		.p2align 4,,15
  55              		.global	halIsCounterWithin
  56              		.thumb
  57              		.thumb_func
ARM GAS  C:\Users\TAISIK~1\AppData\Local\Temp\ccb247ZO.s 			page 2


  58              		.type	halIsCounterWithin, %function
  59              	halIsCounterWithin:
  60              	.LFB119:
  61              		.loc 1 167 0
  62              		.cfi_startproc
  63              		@ args = 0, pretend = 0, frame = 0
  64              		@ frame_needed = 0, uses_anonymous_args = 0
  65              		@ link register save eliminated.
  66              	.LVL0:
  67              		.loc 1 168 0
  68 0000 4FF48053 		mov	r3, #4096
  69 0004 CEF20003 		movt	r3, 57344
  70              		.loc 1 170 0
  71 0008 8142     		cmp	r1, r0
  72              		.loc 1 168 0
  73 000a 5B68     		ldr	r3, [r3, #4]
  74              	.LVL1:
  75              		.loc 1 170 0
  76 000c 06D9     		bls	.L3
  77              		.loc 1 170 0 is_stmt 0 discriminator 1
  78 000e 8342     		cmp	r3, r0
  79 0010 08D3     		bcc	.L7
  80              	.L9:
  81              		.loc 1 170 0
  82 0012 8B42     		cmp	r3, r1
  83 0014 2CBF     		ite	cs
  84 0016 0020     		movcs	r0, #0
  85              	.LVL2:
  86 0018 0120     		movcc	r0, #1
  87 001a 7047     		bx	lr
  88              	.LVL3:
  89              	.L3:
  90              		.loc 1 170 0 discriminator 2
  91 001c 8342     		cmp	r3, r0
  92 001e F8D3     		bcc	.L9
  93              		.loc 1 170 0
  94 0020 0120     		movs	r0, #1
  95              	.LVL4:
  96              		.loc 1 172 0 is_stmt 1
  97 0022 7047     		bx	lr
  98              	.LVL5:
  99              	.L7:
 100              		.loc 1 170 0
 101 0024 0020     		movs	r0, #0
 102              	.LVL6:
 103 0026 7047     		bx	lr
 104              		.cfi_endproc
 105              	.LFE119:
 106              		.size	halIsCounterWithin, .-halIsCounterWithin
 107 0028 AFF30080 		.section	.text.halPolledDelay,"ax",%progbits
 107      AFF30080 
 108              		.align	2
 109              		.p2align 4,,15
 110              		.global	halPolledDelay
 111              		.thumb
 112              		.thumb_func
 113              		.type	halPolledDelay, %function
ARM GAS  C:\Users\TAISIK~1\AppData\Local\Temp\ccb247ZO.s 			page 3


 114              	halPolledDelay:
 115              	.LFB120:
 116              		.loc 1 186 0
 117              		.cfi_startproc
 118              		@ args = 0, pretend = 0, frame = 0
 119              		@ frame_needed = 0, uses_anonymous_args = 0
 120              		@ link register save eliminated.
 121              	.LVL7:
 122              		.loc 1 187 0
 123 0000 4FF48053 		mov	r3, #4096
 124 0004 CEF20003 		movt	r3, 57344
 125 0008 5968     		ldr	r1, [r3, #4]
 126              	.LVL8:
 127              		.loc 1 188 0
 128 000a 4018     		adds	r0, r0, r1
 129              	.LVL9:
 130              	.L21:
 131              	.LBB4:
 132              	.LBB5:
 133              		.loc 1 170 0 discriminator 1
 134 000c 8142     		cmp	r1, r0
 135              		.loc 1 168 0 discriminator 1
 136 000e 5A68     		ldr	r2, [r3, #4]
 137              	.LVL10:
 138              		.loc 1 170 0 discriminator 1
 139 0010 02D2     		bcs	.L12
 140              		.loc 1 170 0 is_stmt 0
 141 0012 9142     		cmp	r1, r2
 142 0014 02D9     		bls	.L22
 143 0016 7047     		bx	lr
 144              	.L12:
 145 0018 9142     		cmp	r1, r2
 146 001a F7D9     		bls	.L21
 147              	.L22:
 148 001c 9042     		cmp	r0, r2
 149 001e 94BF     		ite	ls
 150 0020 0022     		movls	r2, #0
 151              	.LVL11:
 152 0022 0122     		movhi	r2, #1
 153              	.LBE5:
 154              	.LBE4:
 155              		.loc 1 189 0 is_stmt 1
 156 0024 002A     		cmp	r2, #0
 157 0026 F1D1     		bne	.L21
 158 0028 7047     		bx	lr
 159              		.cfi_endproc
 160              	.LFE120:
 161              		.size	halPolledDelay, .-halPolledDelay
 162 002a 00BFAFF3 		.text
 162      0080
 163              	.Letext0:
 164              		.file 2 "c:\\chibistudio\\tools\\gnu tools arm embedded\\4.6 2012q4\\bin\\../lib/gcc/arm-none-eabi
 165              		.file 3 "../../os/ports/GCC/ARMCMx/chtypes.h"
 166              		.file 4 "../../os/ports/common/ARMCMx/nvic.h"
 167              		.file 5 "../../os/hal/platforms/STM32F30x/hal_lld.h"
 168              		.file 6 "../../os/hal/platforms/STM32/GPIOv2/pal_lld.h"
 169              		.file 7 "../../os/ports/common/ARMCMx/CMSIS/include/core_cm4.h"
ARM GAS  C:\Users\TAISIK~1\AppData\Local\Temp\ccb247ZO.s 			page 4


 170              		.section	.debug_info,"",%progbits
 171              	.Ldebug_info0:
 172 0000 42030000 		.4byte	0x342
 173 0004 0200     		.2byte	0x2
 174 0006 00000000 		.4byte	.Ldebug_abbrev0
 175 000a 04       		.byte	0x4
 176 000b 01       		.uleb128 0x1
 177 000c 4D000000 		.4byte	.LASF42
 178 0010 01       		.byte	0x1
 179 0011 A3010000 		.4byte	.LASF43
 180 0015 21010000 		.4byte	.LASF44
 181 0019 00000000 		.4byte	0
 182 001d 00000000 		.4byte	0
 183 0021 00000000 		.4byte	.Ldebug_ranges0+0
 184 0025 00000000 		.4byte	.Ldebug_line0
 185 0029 02       		.uleb128 0x2
 186 002a 04       		.byte	0x4
 187 002b 05       		.byte	0x5
 188 002c 696E7400 		.ascii	"int\000"
 189 0030 03       		.uleb128 0x3
 190 0031 04       		.byte	0x4
 191 0032 07       		.byte	0x7
 192 0033 39000000 		.4byte	.LASF0
 193 0037 03       		.uleb128 0x3
 194 0038 01       		.byte	0x1
 195 0039 06       		.byte	0x6
 196 003a 2A020000 		.4byte	.LASF1
 197 003e 03       		.uleb128 0x3
 198 003f 01       		.byte	0x1
 199 0040 08       		.byte	0x8
 200 0041 BC000000 		.4byte	.LASF2
 201 0045 03       		.uleb128 0x3
 202 0046 02       		.byte	0x2
 203 0047 05       		.byte	0x5
 204 0048 F9010000 		.4byte	.LASF3
 205 004c 03       		.uleb128 0x3
 206 004d 02       		.byte	0x2
 207 004e 07       		.byte	0x7
 208 004f 26000000 		.4byte	.LASF4
 209 0053 04       		.uleb128 0x4
 210 0054 D2010000 		.4byte	.LASF6
 211 0058 02       		.byte	0x2
 212 0059 4F       		.byte	0x4f
 213 005a 5E000000 		.4byte	0x5e
 214 005e 03       		.uleb128 0x3
 215 005f 04       		.byte	0x4
 216 0060 05       		.byte	0x5
 217 0061 1B020000 		.4byte	.LASF5
 218 0065 04       		.uleb128 0x4
 219 0066 12020000 		.4byte	.LASF7
 220 006a 02       		.byte	0x2
 221 006b 50       		.byte	0x50
 222 006c 70000000 		.4byte	0x70
 223 0070 03       		.uleb128 0x3
 224 0071 04       		.byte	0x4
 225 0072 07       		.byte	0x7
 226 0073 E4000000 		.4byte	.LASF8
ARM GAS  C:\Users\TAISIK~1\AppData\Local\Temp\ccb247ZO.s 			page 5


 227 0077 03       		.uleb128 0x3
 228 0078 08       		.byte	0x8
 229 0079 05       		.byte	0x5
 230 007a 00000000 		.4byte	.LASF9
 231 007e 03       		.uleb128 0x3
 232 007f 08       		.byte	0x8
 233 0080 07       		.byte	0x7
 234 0081 3C020000 		.4byte	.LASF10
 235 0085 04       		.uleb128 0x4
 236 0086 96000000 		.4byte	.LASF11
 237 008a 03       		.byte	0x3
 238 008b 24       		.byte	0x24
 239 008c 90000000 		.4byte	0x90
 240 0090 03       		.uleb128 0x3
 241 0091 01       		.byte	0x1
 242 0092 02       		.byte	0x2
 243 0093 36020000 		.4byte	.LASF12
 244 0097 05       		.uleb128 0x5
 245 0098 70000000 		.4byte	0x70
 246 009c 06       		.uleb128 0x6
 247 009d 20       		.byte	0x20
 248 009e 04       		.byte	0x4
 249 009f FF       		.byte	0xff
 250 00a0 1D010000 		.4byte	0x11d
 251 00a4 07       		.uleb128 0x7
 252 00a5 BA010000 		.4byte	.LASF13
 253 00a9 04       		.byte	0x4
 254 00aa 0001     		.2byte	0x100
 255 00ac 97000000 		.4byte	0x97
 256 00b0 02       		.byte	0x2
 257 00b1 23       		.byte	0x23
 258 00b2 00       		.uleb128 0
 259 00b3 07       		.uleb128 0x7
 260 00b4 73010000 		.4byte	.LASF14
 261 00b8 04       		.byte	0x4
 262 00b9 0101     		.2byte	0x101
 263 00bb 97000000 		.4byte	0x97
 264 00bf 02       		.byte	0x2
 265 00c0 23       		.byte	0x23
 266 00c1 04       		.uleb128 0x4
 267 00c2 07       		.uleb128 0x7
 268 00c3 FB000000 		.4byte	.LASF15
 269 00c7 04       		.byte	0x4
 270 00c8 0201     		.2byte	0x102
 271 00ca 97000000 		.4byte	0x97
 272 00ce 02       		.byte	0x2
 273 00cf 23       		.byte	0x23
 274 00d0 08       		.uleb128 0x8
 275 00d1 07       		.uleb128 0x7
 276 00d2 9D000000 		.4byte	.LASF16
 277 00d6 04       		.byte	0x4
 278 00d7 0301     		.2byte	0x103
 279 00d9 97000000 		.4byte	0x97
 280 00dd 02       		.byte	0x2
 281 00de 23       		.byte	0x23
 282 00df 0C       		.uleb128 0xc
 283 00e0 07       		.uleb128 0x7
ARM GAS  C:\Users\TAISIK~1\AppData\Local\Temp\ccb247ZO.s 			page 6


 284 00e1 A4000000 		.4byte	.LASF17
 285 00e5 04       		.byte	0x4
 286 00e6 0401     		.2byte	0x104
 287 00e8 97000000 		.4byte	0x97
 288 00ec 02       		.byte	0x2
 289 00ed 23       		.byte	0x23
 290 00ee 10       		.uleb128 0x10
 291 00ef 07       		.uleb128 0x7
 292 00f0 6C010000 		.4byte	.LASF18
 293 00f4 04       		.byte	0x4
 294 00f5 0501     		.2byte	0x105
 295 00f7 97000000 		.4byte	0x97
 296 00fb 02       		.byte	0x2
 297 00fc 23       		.byte	0x23
 298 00fd 14       		.uleb128 0x14
 299 00fe 07       		.uleb128 0x7
 300 00ff 0F010000 		.4byte	.LASF19
 301 0103 04       		.byte	0x4
 302 0104 0601     		.2byte	0x106
 303 0106 97000000 		.4byte	0x97
 304 010a 02       		.byte	0x2
 305 010b 23       		.byte	0x23
 306 010c 18       		.uleb128 0x18
 307 010d 07       		.uleb128 0x7
 308 010e 1B000000 		.4byte	.LASF20
 309 0112 04       		.byte	0x4
 310 0113 0701     		.2byte	0x107
 311 0115 97000000 		.4byte	0x97
 312 0119 02       		.byte	0x2
 313 011a 23       		.byte	0x23
 314 011b 1C       		.uleb128 0x1c
 315 011c 00       		.byte	0
 316 011d 08       		.uleb128 0x8
 317 011e 0A020000 		.4byte	.LASF21
 318 0122 04       		.byte	0x4
 319 0123 0801     		.2byte	0x108
 320 0125 9C000000 		.4byte	0x9c
 321 0129 03       		.uleb128 0x3
 322 012a 01       		.byte	0x1
 323 012b 08       		.byte	0x8
 324 012c 9E010000 		.4byte	.LASF22
 325 0130 05       		.uleb128 0x5
 326 0131 53000000 		.4byte	0x53
 327 0135 08       		.uleb128 0x8
 328 0136 93010000 		.4byte	.LASF23
 329 013a 05       		.byte	0x5
 330 013b EA04     		.2byte	0x4ea
 331 013d 65000000 		.4byte	0x65
 332 0141 06       		.uleb128 0x6
 333 0142 1C       		.byte	0x1c
 334 0143 06       		.byte	0x6
 335 0144 A9       		.byte	0xa9
 336 0145 AC010000 		.4byte	0x1ac
 337 0149 09       		.uleb128 0x9
 338 014a 24020000 		.4byte	.LASF24
 339 014e 06       		.byte	0x6
 340 014f AB       		.byte	0xab
ARM GAS  C:\Users\TAISIK~1\AppData\Local\Temp\ccb247ZO.s 			page 7


 341 0150 65000000 		.4byte	0x65
 342 0154 02       		.byte	0x2
 343 0155 23       		.byte	0x23
 344 0156 00       		.uleb128 0
 345 0157 09       		.uleb128 0x9
 346 0158 46000000 		.4byte	.LASF25
 347 015c 06       		.byte	0x6
 348 015d AD       		.byte	0xad
 349 015e 65000000 		.4byte	0x65
 350 0162 02       		.byte	0x2
 351 0163 23       		.byte	0x23
 352 0164 04       		.uleb128 0x4
 353 0165 09       		.uleb128 0x9
 354 0166 DA010000 		.4byte	.LASF26
 355 016a 06       		.byte	0x6
 356 016b AF       		.byte	0xaf
 357 016c 65000000 		.4byte	0x65
 358 0170 02       		.byte	0x2
 359 0171 23       		.byte	0x23
 360 0172 08       		.uleb128 0x8
 361 0173 09       		.uleb128 0x9
 362 0174 7A010000 		.4byte	.LASF27
 363 0178 06       		.byte	0x6
 364 0179 B1       		.byte	0xb1
 365 017a 65000000 		.4byte	0x65
 366 017e 02       		.byte	0x2
 367 017f 23       		.byte	0x23
 368 0180 0C       		.uleb128 0xc
 369 0181 0A       		.uleb128 0xa
 370 0182 6F647200 		.ascii	"odr\000"
 371 0186 06       		.byte	0x6
 372 0187 B3       		.byte	0xb3
 373 0188 65000000 		.4byte	0x65
 374 018c 02       		.byte	0x2
 375 018d 23       		.byte	0x23
 376 018e 10       		.uleb128 0x10
 377 018f 09       		.uleb128 0x9
 378 0190 8E010000 		.4byte	.LASF28
 379 0194 06       		.byte	0x6
 380 0195 B5       		.byte	0xb5
 381 0196 65000000 		.4byte	0x65
 382 019a 02       		.byte	0x2
 383 019b 23       		.byte	0x23
 384 019c 14       		.uleb128 0x14
 385 019d 09       		.uleb128 0x9
 386 019e F6000000 		.4byte	.LASF29
 387 01a2 06       		.byte	0x6
 388 01a3 B7       		.byte	0xb7
 389 01a4 65000000 		.4byte	0x65
 390 01a8 02       		.byte	0x2
 391 01a9 23       		.byte	0x23
 392 01aa 18       		.uleb128 0x18
 393 01ab 00       		.byte	0
 394 01ac 04       		.uleb128 0x4
 395 01ad CA000000 		.4byte	.LASF30
 396 01b1 06       		.byte	0x6
 397 01b2 B8       		.byte	0xb8
ARM GAS  C:\Users\TAISIK~1\AppData\Local\Temp\ccb247ZO.s 			page 8


 398 01b3 41010000 		.4byte	0x141
 399 01b7 06       		.uleb128 0x6
 400 01b8 A8       		.byte	0xa8
 401 01b9 06       		.byte	0x6
 402 01ba C1       		.byte	0xc1
 403 01bb 15020000 		.4byte	0x215
 404 01bf 09       		.uleb128 0x9
 405 01c0 DD000000 		.4byte	.LASF31
 406 01c4 06       		.byte	0x6
 407 01c5 C3       		.byte	0xc3
 408 01c6 AC010000 		.4byte	0x1ac
 409 01ca 02       		.byte	0x2
 410 01cb 23       		.byte	0x23
 411 01cc 00       		.uleb128 0
 412 01cd 09       		.uleb128 0x9
 413 01ce 87010000 		.4byte	.LASF32
 414 01d2 06       		.byte	0x6
 415 01d3 C5       		.byte	0xc5
 416 01d4 AC010000 		.4byte	0x1ac
 417 01d8 02       		.byte	0x2
 418 01d9 23       		.byte	0x23
 419 01da 1C       		.uleb128 0x1c
 420 01db 09       		.uleb128 0x9
 421 01dc 03020000 		.4byte	.LASF33
 422 01e0 06       		.byte	0x6
 423 01e1 C7       		.byte	0xc7
 424 01e2 AC010000 		.4byte	0x1ac
 425 01e6 02       		.byte	0x2
 426 01e7 23       		.byte	0x23
 427 01e8 38       		.uleb128 0x38
 428 01e9 09       		.uleb128 0x9
 429 01ea 14000000 		.4byte	.LASF34
 430 01ee 06       		.byte	0x6
 431 01ef C9       		.byte	0xc9
 432 01f0 AC010000 		.4byte	0x1ac
 433 01f4 02       		.byte	0x2
 434 01f5 23       		.byte	0x23
 435 01f6 54       		.uleb128 0x54
 436 01f7 09       		.uleb128 0x9
 437 01f8 B5000000 		.4byte	.LASF35
 438 01fc 06       		.byte	0x6
 439 01fd CC       		.byte	0xcc
 440 01fe AC010000 		.4byte	0x1ac
 441 0202 02       		.byte	0x2
 442 0203 23       		.byte	0x23
 443 0204 70       		.uleb128 0x70
 444 0205 09       		.uleb128 0x9
 445 0206 80010000 		.4byte	.LASF36
 446 020a 06       		.byte	0x6
 447 020b D0       		.byte	0xd0
 448 020c AC010000 		.4byte	0x1ac
 449 0210 03       		.byte	0x3
 450 0211 23       		.byte	0x23
 451 0212 8C01     		.uleb128 0x8c
 452 0214 00       		.byte	0
 453 0215 04       		.uleb128 0x4
 454 0216 17010000 		.4byte	.LASF37
ARM GAS  C:\Users\TAISIK~1\AppData\Local\Temp\ccb247ZO.s 			page 9


 455 021a 06       		.byte	0x6
 456 021b DE       		.byte	0xde
 457 021c B7010000 		.4byte	0x1b7
 458 0220 0B       		.uleb128 0xb
 459 0221 01       		.byte	0x1
 460 0222 BF010000 		.4byte	.LASF45
 461 0226 01       		.byte	0x1
 462 0227 A7       		.byte	0xa7
 463 0228 01       		.byte	0x1
 464 0229 85000000 		.4byte	0x85
 465 022d 01       		.byte	0x1
 466 022e 54020000 		.4byte	0x254
 467 0232 0C       		.uleb128 0xc
 468 0233 20000000 		.4byte	.LASF38
 469 0237 01       		.byte	0x1
 470 0238 A7       		.byte	0xa7
 471 0239 35010000 		.4byte	0x135
 472 023d 0D       		.uleb128 0xd
 473 023e 656E6400 		.ascii	"end\000"
 474 0242 01       		.byte	0x1
 475 0243 A7       		.byte	0xa7
 476 0244 35010000 		.4byte	0x135
 477 0248 0E       		.uleb128 0xe
 478 0249 6E6F7700 		.ascii	"now\000"
 479 024d 01       		.byte	0x1
 480 024e A8       		.byte	0xa8
 481 024f 35010000 		.4byte	0x135
 482 0253 00       		.byte	0
 483 0254 0F       		.uleb128 0xf
 484 0255 01       		.byte	0x1
 485 0256 AD000000 		.4byte	.LASF46
 486 025a 01       		.byte	0x1
 487 025b 3D       		.byte	0x3d
 488 025c 01       		.byte	0x1
 489 025d 00000000 		.4byte	.LFB118
 490 0261 1E000000 		.4byte	.LFE118
 491 0265 00000000 		.4byte	.LLST0
 492 0269 10       		.uleb128 0x10
 493 026a 20020000 		.4byte	0x220
 494 026e 00000000 		.4byte	.LFB119
 495 0272 28000000 		.4byte	.LFE119
 496 0276 02       		.byte	0x2
 497 0277 7D       		.byte	0x7d
 498 0278 00       		.sleb128 0
 499 0279 95020000 		.4byte	0x295
 500 027d 11       		.uleb128 0x11
 501 027e 32020000 		.4byte	0x232
 502 0282 20000000 		.4byte	.LLST1
 503 0286 12       		.uleb128 0x12
 504 0287 3D020000 		.4byte	0x23d
 505 028b 01       		.byte	0x1
 506 028c 51       		.byte	0x51
 507 028d 13       		.uleb128 0x13
 508 028e 48020000 		.4byte	0x248
 509 0292 01       		.byte	0x1
 510 0293 53       		.byte	0x53
 511 0294 00       		.byte	0
ARM GAS  C:\Users\TAISIK~1\AppData\Local\Temp\ccb247ZO.s 			page 10


 512 0295 14       		.uleb128 0x14
 513 0296 01       		.byte	0x1
 514 0297 EA010000 		.4byte	.LASF47
 515 029b 01       		.byte	0x1
 516 029c BA       		.byte	0xba
 517 029d 01       		.byte	0x1
 518 029e 00000000 		.4byte	.LFB120
 519 02a2 2A000000 		.4byte	.LFE120
 520 02a6 02       		.byte	0x2
 521 02a7 7D       		.byte	0x7d
 522 02a8 00       		.sleb128 0
 523 02a9 08030000 		.4byte	0x308
 524 02ad 15       		.uleb128 0x15
 525 02ae 0E000000 		.4byte	.LASF48
 526 02b2 01       		.byte	0x1
 527 02b3 BA       		.byte	0xba
 528 02b4 35010000 		.4byte	0x135
 529 02b8 49000000 		.4byte	.LLST2
 530 02bc 16       		.uleb128 0x16
 531 02bd 20000000 		.4byte	.LASF38
 532 02c1 01       		.byte	0x1
 533 02c2 BB       		.byte	0xbb
 534 02c3 35010000 		.4byte	0x135
 535 02c7 01       		.byte	0x1
 536 02c8 51       		.byte	0x51
 537 02c9 16       		.uleb128 0x16
 538 02ca E2010000 		.4byte	.LASF39
 539 02ce 01       		.byte	0x1
 540 02cf BC       		.byte	0xbc
 541 02d0 35010000 		.4byte	0x135
 542 02d4 01       		.byte	0x1
 543 02d5 50       		.byte	0x50
 544 02d6 17       		.uleb128 0x17
 545 02d7 20020000 		.4byte	0x220
 546 02db 0C000000 		.4byte	.LBB4
 547 02df 24000000 		.4byte	.LBE4
 548 02e3 01       		.byte	0x1
 549 02e4 BD       		.byte	0xbd
 550 02e5 12       		.uleb128 0x12
 551 02e6 3D020000 		.4byte	0x23d
 552 02ea 01       		.byte	0x1
 553 02eb 50       		.byte	0x50
 554 02ec 12       		.uleb128 0x12
 555 02ed 32020000 		.4byte	0x232
 556 02f1 01       		.byte	0x1
 557 02f2 51       		.byte	0x51
 558 02f3 18       		.uleb128 0x18
 559 02f4 0C000000 		.4byte	.LBB5
 560 02f8 24000000 		.4byte	.LBE5
 561 02fc 19       		.uleb128 0x19
 562 02fd 48020000 		.4byte	0x248
 563 0301 5C000000 		.4byte	.LLST3
 564 0305 00       		.byte	0
 565 0306 00       		.byte	0
 566 0307 00       		.byte	0
 567 0308 1A       		.uleb128 0x1a
 568 0309 02010000 		.4byte	.LASF40
ARM GAS  C:\Users\TAISIK~1\AppData\Local\Temp\ccb247ZO.s 			page 11


 569 030d 07       		.byte	0x7
 570 030e 9806     		.2byte	0x698
 571 0310 30010000 		.4byte	0x130
 572 0314 01       		.byte	0x1
 573 0315 01       		.byte	0x1
 574 0316 1A       		.uleb128 0x1a
 575 0317 59010000 		.4byte	.LASF41
 576 031b 06       		.byte	0x6
 577 031c BA01     		.2byte	0x1ba
 578 031e 24030000 		.4byte	0x324
 579 0322 01       		.byte	0x1
 580 0323 01       		.byte	0x1
 581 0324 1B       		.uleb128 0x1b
 582 0325 15020000 		.4byte	0x215
 583 0329 1A       		.uleb128 0x1a
 584 032a 02010000 		.4byte	.LASF40
 585 032e 07       		.byte	0x7
 586 032f 9806     		.2byte	0x698
 587 0331 30010000 		.4byte	0x130
 588 0335 01       		.byte	0x1
 589 0336 01       		.byte	0x1
 590 0337 1A       		.uleb128 0x1a
 591 0338 59010000 		.4byte	.LASF41
 592 033c 06       		.byte	0x6
 593 033d BA01     		.2byte	0x1ba
 594 033f 24030000 		.4byte	0x324
 595 0343 01       		.byte	0x1
 596 0344 01       		.byte	0x1
 597 0345 00       		.byte	0
 598              		.section	.debug_abbrev,"",%progbits
 599              	.Ldebug_abbrev0:
 600 0000 01       		.uleb128 0x1
 601 0001 11       		.uleb128 0x11
 602 0002 01       		.byte	0x1
 603 0003 25       		.uleb128 0x25
 604 0004 0E       		.uleb128 0xe
 605 0005 13       		.uleb128 0x13
 606 0006 0B       		.uleb128 0xb
 607 0007 03       		.uleb128 0x3
 608 0008 0E       		.uleb128 0xe
 609 0009 1B       		.uleb128 0x1b
 610 000a 0E       		.uleb128 0xe
 611 000b 11       		.uleb128 0x11
 612 000c 01       		.uleb128 0x1
 613 000d 52       		.uleb128 0x52
 614 000e 01       		.uleb128 0x1
 615 000f 55       		.uleb128 0x55
 616 0010 06       		.uleb128 0x6
 617 0011 10       		.uleb128 0x10
 618 0012 06       		.uleb128 0x6
 619 0013 00       		.byte	0
 620 0014 00       		.byte	0
 621 0015 02       		.uleb128 0x2
 622 0016 24       		.uleb128 0x24
 623 0017 00       		.byte	0
 624 0018 0B       		.uleb128 0xb
 625 0019 0B       		.uleb128 0xb
ARM GAS  C:\Users\TAISIK~1\AppData\Local\Temp\ccb247ZO.s 			page 12


 626 001a 3E       		.uleb128 0x3e
 627 001b 0B       		.uleb128 0xb
 628 001c 03       		.uleb128 0x3
 629 001d 08       		.uleb128 0x8
 630 001e 00       		.byte	0
 631 001f 00       		.byte	0
 632 0020 03       		.uleb128 0x3
 633 0021 24       		.uleb128 0x24
 634 0022 00       		.byte	0
 635 0023 0B       		.uleb128 0xb
 636 0024 0B       		.uleb128 0xb
 637 0025 3E       		.uleb128 0x3e
 638 0026 0B       		.uleb128 0xb
 639 0027 03       		.uleb128 0x3
 640 0028 0E       		.uleb128 0xe
 641 0029 00       		.byte	0
 642 002a 00       		.byte	0
 643 002b 04       		.uleb128 0x4
 644 002c 16       		.uleb128 0x16
 645 002d 00       		.byte	0
 646 002e 03       		.uleb128 0x3
 647 002f 0E       		.uleb128 0xe
 648 0030 3A       		.uleb128 0x3a
 649 0031 0B       		.uleb128 0xb
 650 0032 3B       		.uleb128 0x3b
 651 0033 0B       		.uleb128 0xb
 652 0034 49       		.uleb128 0x49
 653 0035 13       		.uleb128 0x13
 654 0036 00       		.byte	0
 655 0037 00       		.byte	0
 656 0038 05       		.uleb128 0x5
 657 0039 35       		.uleb128 0x35
 658 003a 00       		.byte	0
 659 003b 49       		.uleb128 0x49
 660 003c 13       		.uleb128 0x13
 661 003d 00       		.byte	0
 662 003e 00       		.byte	0
 663 003f 06       		.uleb128 0x6
 664 0040 13       		.uleb128 0x13
 665 0041 01       		.byte	0x1
 666 0042 0B       		.uleb128 0xb
 667 0043 0B       		.uleb128 0xb
 668 0044 3A       		.uleb128 0x3a
 669 0045 0B       		.uleb128 0xb
 670 0046 3B       		.uleb128 0x3b
 671 0047 0B       		.uleb128 0xb
 672 0048 01       		.uleb128 0x1
 673 0049 13       		.uleb128 0x13
 674 004a 00       		.byte	0
 675 004b 00       		.byte	0
 676 004c 07       		.uleb128 0x7
 677 004d 0D       		.uleb128 0xd
 678 004e 00       		.byte	0
 679 004f 03       		.uleb128 0x3
 680 0050 0E       		.uleb128 0xe
 681 0051 3A       		.uleb128 0x3a
 682 0052 0B       		.uleb128 0xb
ARM GAS  C:\Users\TAISIK~1\AppData\Local\Temp\ccb247ZO.s 			page 13


 683 0053 3B       		.uleb128 0x3b
 684 0054 05       		.uleb128 0x5
 685 0055 49       		.uleb128 0x49
 686 0056 13       		.uleb128 0x13
 687 0057 38       		.uleb128 0x38
 688 0058 0A       		.uleb128 0xa
 689 0059 00       		.byte	0
 690 005a 00       		.byte	0
 691 005b 08       		.uleb128 0x8
 692 005c 16       		.uleb128 0x16
 693 005d 00       		.byte	0
 694 005e 03       		.uleb128 0x3
 695 005f 0E       		.uleb128 0xe
 696 0060 3A       		.uleb128 0x3a
 697 0061 0B       		.uleb128 0xb
 698 0062 3B       		.uleb128 0x3b
 699 0063 05       		.uleb128 0x5
 700 0064 49       		.uleb128 0x49
 701 0065 13       		.uleb128 0x13
 702 0066 00       		.byte	0
 703 0067 00       		.byte	0
 704 0068 09       		.uleb128 0x9
 705 0069 0D       		.uleb128 0xd
 706 006a 00       		.byte	0
 707 006b 03       		.uleb128 0x3
 708 006c 0E       		.uleb128 0xe
 709 006d 3A       		.uleb128 0x3a
 710 006e 0B       		.uleb128 0xb
 711 006f 3B       		.uleb128 0x3b
 712 0070 0B       		.uleb128 0xb
 713 0071 49       		.uleb128 0x49
 714 0072 13       		.uleb128 0x13
 715 0073 38       		.uleb128 0x38
 716 0074 0A       		.uleb128 0xa
 717 0075 00       		.byte	0
 718 0076 00       		.byte	0
 719 0077 0A       		.uleb128 0xa
 720 0078 0D       		.uleb128 0xd
 721 0079 00       		.byte	0
 722 007a 03       		.uleb128 0x3
 723 007b 08       		.uleb128 0x8
 724 007c 3A       		.uleb128 0x3a
 725 007d 0B       		.uleb128 0xb
 726 007e 3B       		.uleb128 0x3b
 727 007f 0B       		.uleb128 0xb
 728 0080 49       		.uleb128 0x49
 729 0081 13       		.uleb128 0x13
 730 0082 38       		.uleb128 0x38
 731 0083 0A       		.uleb128 0xa
 732 0084 00       		.byte	0
 733 0085 00       		.byte	0
 734 0086 0B       		.uleb128 0xb
 735 0087 2E       		.uleb128 0x2e
 736 0088 01       		.byte	0x1
 737 0089 3F       		.uleb128 0x3f
 738 008a 0C       		.uleb128 0xc
 739 008b 03       		.uleb128 0x3
ARM GAS  C:\Users\TAISIK~1\AppData\Local\Temp\ccb247ZO.s 			page 14


 740 008c 0E       		.uleb128 0xe
 741 008d 3A       		.uleb128 0x3a
 742 008e 0B       		.uleb128 0xb
 743 008f 3B       		.uleb128 0x3b
 744 0090 0B       		.uleb128 0xb
 745 0091 27       		.uleb128 0x27
 746 0092 0C       		.uleb128 0xc
 747 0093 49       		.uleb128 0x49
 748 0094 13       		.uleb128 0x13
 749 0095 20       		.uleb128 0x20
 750 0096 0B       		.uleb128 0xb
 751 0097 01       		.uleb128 0x1
 752 0098 13       		.uleb128 0x13
 753 0099 00       		.byte	0
 754 009a 00       		.byte	0
 755 009b 0C       		.uleb128 0xc
 756 009c 05       		.uleb128 0x5
 757 009d 00       		.byte	0
 758 009e 03       		.uleb128 0x3
 759 009f 0E       		.uleb128 0xe
 760 00a0 3A       		.uleb128 0x3a
 761 00a1 0B       		.uleb128 0xb
 762 00a2 3B       		.uleb128 0x3b
 763 00a3 0B       		.uleb128 0xb
 764 00a4 49       		.uleb128 0x49
 765 00a5 13       		.uleb128 0x13
 766 00a6 00       		.byte	0
 767 00a7 00       		.byte	0
 768 00a8 0D       		.uleb128 0xd
 769 00a9 05       		.uleb128 0x5
 770 00aa 00       		.byte	0
 771 00ab 03       		.uleb128 0x3
 772 00ac 08       		.uleb128 0x8
 773 00ad 3A       		.uleb128 0x3a
 774 00ae 0B       		.uleb128 0xb
 775 00af 3B       		.uleb128 0x3b
 776 00b0 0B       		.uleb128 0xb
 777 00b1 49       		.uleb128 0x49
 778 00b2 13       		.uleb128 0x13
 779 00b3 00       		.byte	0
 780 00b4 00       		.byte	0
 781 00b5 0E       		.uleb128 0xe
 782 00b6 34       		.uleb128 0x34
 783 00b7 00       		.byte	0
 784 00b8 03       		.uleb128 0x3
 785 00b9 08       		.uleb128 0x8
 786 00ba 3A       		.uleb128 0x3a
 787 00bb 0B       		.uleb128 0xb
 788 00bc 3B       		.uleb128 0x3b
 789 00bd 0B       		.uleb128 0xb
 790 00be 49       		.uleb128 0x49
 791 00bf 13       		.uleb128 0x13
 792 00c0 00       		.byte	0
 793 00c1 00       		.byte	0
 794 00c2 0F       		.uleb128 0xf
 795 00c3 2E       		.uleb128 0x2e
 796 00c4 00       		.byte	0
ARM GAS  C:\Users\TAISIK~1\AppData\Local\Temp\ccb247ZO.s 			page 15


 797 00c5 3F       		.uleb128 0x3f
 798 00c6 0C       		.uleb128 0xc
 799 00c7 03       		.uleb128 0x3
 800 00c8 0E       		.uleb128 0xe
 801 00c9 3A       		.uleb128 0x3a
 802 00ca 0B       		.uleb128 0xb
 803 00cb 3B       		.uleb128 0x3b
 804 00cc 0B       		.uleb128 0xb
 805 00cd 27       		.uleb128 0x27
 806 00ce 0C       		.uleb128 0xc
 807 00cf 11       		.uleb128 0x11
 808 00d0 01       		.uleb128 0x1
 809 00d1 12       		.uleb128 0x12
 810 00d2 01       		.uleb128 0x1
 811 00d3 40       		.uleb128 0x40
 812 00d4 06       		.uleb128 0x6
 813 00d5 00       		.byte	0
 814 00d6 00       		.byte	0
 815 00d7 10       		.uleb128 0x10
 816 00d8 2E       		.uleb128 0x2e
 817 00d9 01       		.byte	0x1
 818 00da 31       		.uleb128 0x31
 819 00db 13       		.uleb128 0x13
 820 00dc 11       		.uleb128 0x11
 821 00dd 01       		.uleb128 0x1
 822 00de 12       		.uleb128 0x12
 823 00df 01       		.uleb128 0x1
 824 00e0 40       		.uleb128 0x40
 825 00e1 0A       		.uleb128 0xa
 826 00e2 01       		.uleb128 0x1
 827 00e3 13       		.uleb128 0x13
 828 00e4 00       		.byte	0
 829 00e5 00       		.byte	0
 830 00e6 11       		.uleb128 0x11
 831 00e7 05       		.uleb128 0x5
 832 00e8 00       		.byte	0
 833 00e9 31       		.uleb128 0x31
 834 00ea 13       		.uleb128 0x13
 835 00eb 02       		.uleb128 0x2
 836 00ec 06       		.uleb128 0x6
 837 00ed 00       		.byte	0
 838 00ee 00       		.byte	0
 839 00ef 12       		.uleb128 0x12
 840 00f0 05       		.uleb128 0x5
 841 00f1 00       		.byte	0
 842 00f2 31       		.uleb128 0x31
 843 00f3 13       		.uleb128 0x13
 844 00f4 02       		.uleb128 0x2
 845 00f5 0A       		.uleb128 0xa
 846 00f6 00       		.byte	0
 847 00f7 00       		.byte	0
 848 00f8 13       		.uleb128 0x13
 849 00f9 34       		.uleb128 0x34
 850 00fa 00       		.byte	0
 851 00fb 31       		.uleb128 0x31
 852 00fc 13       		.uleb128 0x13
 853 00fd 02       		.uleb128 0x2
ARM GAS  C:\Users\TAISIK~1\AppData\Local\Temp\ccb247ZO.s 			page 16


 854 00fe 0A       		.uleb128 0xa
 855 00ff 00       		.byte	0
 856 0100 00       		.byte	0
 857 0101 14       		.uleb128 0x14
 858 0102 2E       		.uleb128 0x2e
 859 0103 01       		.byte	0x1
 860 0104 3F       		.uleb128 0x3f
 861 0105 0C       		.uleb128 0xc
 862 0106 03       		.uleb128 0x3
 863 0107 0E       		.uleb128 0xe
 864 0108 3A       		.uleb128 0x3a
 865 0109 0B       		.uleb128 0xb
 866 010a 3B       		.uleb128 0x3b
 867 010b 0B       		.uleb128 0xb
 868 010c 27       		.uleb128 0x27
 869 010d 0C       		.uleb128 0xc
 870 010e 11       		.uleb128 0x11
 871 010f 01       		.uleb128 0x1
 872 0110 12       		.uleb128 0x12
 873 0111 01       		.uleb128 0x1
 874 0112 40       		.uleb128 0x40
 875 0113 0A       		.uleb128 0xa
 876 0114 01       		.uleb128 0x1
 877 0115 13       		.uleb128 0x13
 878 0116 00       		.byte	0
 879 0117 00       		.byte	0
 880 0118 15       		.uleb128 0x15
 881 0119 05       		.uleb128 0x5
 882 011a 00       		.byte	0
 883 011b 03       		.uleb128 0x3
 884 011c 0E       		.uleb128 0xe
 885 011d 3A       		.uleb128 0x3a
 886 011e 0B       		.uleb128 0xb
 887 011f 3B       		.uleb128 0x3b
 888 0120 0B       		.uleb128 0xb
 889 0121 49       		.uleb128 0x49
 890 0122 13       		.uleb128 0x13
 891 0123 02       		.uleb128 0x2
 892 0124 06       		.uleb128 0x6
 893 0125 00       		.byte	0
 894 0126 00       		.byte	0
 895 0127 16       		.uleb128 0x16
 896 0128 34       		.uleb128 0x34
 897 0129 00       		.byte	0
 898 012a 03       		.uleb128 0x3
 899 012b 0E       		.uleb128 0xe
 900 012c 3A       		.uleb128 0x3a
 901 012d 0B       		.uleb128 0xb
 902 012e 3B       		.uleb128 0x3b
 903 012f 0B       		.uleb128 0xb
 904 0130 49       		.uleb128 0x49
 905 0131 13       		.uleb128 0x13
 906 0132 02       		.uleb128 0x2
 907 0133 0A       		.uleb128 0xa
 908 0134 00       		.byte	0
 909 0135 00       		.byte	0
 910 0136 17       		.uleb128 0x17
ARM GAS  C:\Users\TAISIK~1\AppData\Local\Temp\ccb247ZO.s 			page 17


 911 0137 1D       		.uleb128 0x1d
 912 0138 01       		.byte	0x1
 913 0139 31       		.uleb128 0x31
 914 013a 13       		.uleb128 0x13
 915 013b 11       		.uleb128 0x11
 916 013c 01       		.uleb128 0x1
 917 013d 12       		.uleb128 0x12
 918 013e 01       		.uleb128 0x1
 919 013f 58       		.uleb128 0x58
 920 0140 0B       		.uleb128 0xb
 921 0141 59       		.uleb128 0x59
 922 0142 0B       		.uleb128 0xb
 923 0143 00       		.byte	0
 924 0144 00       		.byte	0
 925 0145 18       		.uleb128 0x18
 926 0146 0B       		.uleb128 0xb
 927 0147 01       		.byte	0x1
 928 0148 11       		.uleb128 0x11
 929 0149 01       		.uleb128 0x1
 930 014a 12       		.uleb128 0x12
 931 014b 01       		.uleb128 0x1
 932 014c 00       		.byte	0
 933 014d 00       		.byte	0
 934 014e 19       		.uleb128 0x19
 935 014f 34       		.uleb128 0x34
 936 0150 00       		.byte	0
 937 0151 31       		.uleb128 0x31
 938 0152 13       		.uleb128 0x13
 939 0153 02       		.uleb128 0x2
 940 0154 06       		.uleb128 0x6
 941 0155 00       		.byte	0
 942 0156 00       		.byte	0
 943 0157 1A       		.uleb128 0x1a
 944 0158 34       		.uleb128 0x34
 945 0159 00       		.byte	0
 946 015a 03       		.uleb128 0x3
 947 015b 0E       		.uleb128 0xe
 948 015c 3A       		.uleb128 0x3a
 949 015d 0B       		.uleb128 0xb
 950 015e 3B       		.uleb128 0x3b
 951 015f 05       		.uleb128 0x5
 952 0160 49       		.uleb128 0x49
 953 0161 13       		.uleb128 0x13
 954 0162 3F       		.uleb128 0x3f
 955 0163 0C       		.uleb128 0xc
 956 0164 3C       		.uleb128 0x3c
 957 0165 0C       		.uleb128 0xc
 958 0166 00       		.byte	0
 959 0167 00       		.byte	0
 960 0168 1B       		.uleb128 0x1b
 961 0169 26       		.uleb128 0x26
 962 016a 00       		.byte	0
 963 016b 49       		.uleb128 0x49
 964 016c 13       		.uleb128 0x13
 965 016d 00       		.byte	0
 966 016e 00       		.byte	0
 967 016f 00       		.byte	0
ARM GAS  C:\Users\TAISIK~1\AppData\Local\Temp\ccb247ZO.s 			page 18


 968              		.section	.debug_loc,"",%progbits
 969              	.Ldebug_loc0:
 970              	.LLST0:
 971 0000 00000000 		.4byte	.LFB118
 972 0004 02000000 		.4byte	.LCFI0
 973 0008 0200     		.2byte	0x2
 974 000a 7D       		.byte	0x7d
 975 000b 00       		.sleb128 0
 976 000c 02000000 		.4byte	.LCFI0
 977 0010 1E000000 		.4byte	.LFE118
 978 0014 0200     		.2byte	0x2
 979 0016 7D       		.byte	0x7d
 980 0017 08       		.sleb128 8
 981 0018 00000000 		.4byte	0
 982 001c 00000000 		.4byte	0
 983              	.LLST1:
 984 0020 00000000 		.4byte	.LVL0
 985 0024 18000000 		.4byte	.LVL2
 986 0028 0100     		.2byte	0x1
 987 002a 50       		.byte	0x50
 988 002b 1C000000 		.4byte	.LVL3
 989 002f 22000000 		.4byte	.LVL4
 990 0033 0100     		.2byte	0x1
 991 0035 50       		.byte	0x50
 992 0036 24000000 		.4byte	.LVL5
 993 003a 26000000 		.4byte	.LVL6
 994 003e 0100     		.2byte	0x1
 995 0040 50       		.byte	0x50
 996 0041 00000000 		.4byte	0
 997 0045 00000000 		.4byte	0
 998              	.LLST2:
 999 0049 00000000 		.4byte	.LVL7
 1000 004d 0C000000 		.4byte	.LVL9
 1001 0051 0100     		.2byte	0x1
 1002 0053 50       		.byte	0x50
 1003 0054 00000000 		.4byte	0
 1004 0058 00000000 		.4byte	0
 1005              	.LLST3:
 1006 005c 10000000 		.4byte	.LVL10
 1007 0060 22000000 		.4byte	.LVL11
 1008 0064 0100     		.2byte	0x1
 1009 0066 52       		.byte	0x52
 1010 0067 00000000 		.4byte	0
 1011 006b 00000000 		.4byte	0
 1012              		.section	.debug_aranges,"",%progbits
 1013 0000 2C000000 		.4byte	0x2c
 1014 0004 0200     		.2byte	0x2
 1015 0006 00000000 		.4byte	.Ldebug_info0
 1016 000a 04       		.byte	0x4
 1017 000b 00       		.byte	0
 1018 000c 0000     		.2byte	0
 1019 000e 0000     		.2byte	0
 1020 0010 00000000 		.4byte	.LFB118
 1021 0014 1E000000 		.4byte	.LFE118-.LFB118
 1022 0018 00000000 		.4byte	.LFB119
 1023 001c 28000000 		.4byte	.LFE119-.LFB119
 1024 0020 00000000 		.4byte	.LFB120
ARM GAS  C:\Users\TAISIK~1\AppData\Local\Temp\ccb247ZO.s 			page 19


 1025 0024 2A000000 		.4byte	.LFE120-.LFB120
 1026 0028 00000000 		.4byte	0
 1027 002c 00000000 		.4byte	0
 1028              		.section	.debug_ranges,"",%progbits
 1029              	.Ldebug_ranges0:
 1030 0000 00000000 		.4byte	.LFB118
 1031 0004 1E000000 		.4byte	.LFE118
 1032 0008 00000000 		.4byte	.LFB119
 1033 000c 28000000 		.4byte	.LFE119
 1034 0010 00000000 		.4byte	.LFB120
 1035 0014 2A000000 		.4byte	.LFE120
 1036 0018 00000000 		.4byte	0
 1037 001c 00000000 		.4byte	0
 1038              		.section	.debug_line,"",%progbits
 1039              	.Ldebug_line0:
 1040 0000 06020000 		.section	.debug_str,"MS",%progbits,1
 1040      02009B01 
 1040      00000201 
 1040      FB0E0D00 
 1040      01010101 
 1041              	.LASF9:
 1042 0000 6C6F6E67 		.ascii	"long long int\000"
 1042      206C6F6E 
 1042      6720696E 
 1042      7400
 1043              	.LASF48:
 1044 000e 7469636B 		.ascii	"ticks\000"
 1044      7300
 1045              	.LASF34:
 1046 0014 50444461 		.ascii	"PDData\000"
 1046      746100
 1047              	.LASF20:
 1048 001b 50435352 		.ascii	"PCSR\000"
 1048      00
 1049              	.LASF38:
 1050 0020 73746172 		.ascii	"start\000"
 1050      7400
 1051              	.LASF4:
 1052 0026 73686F72 		.ascii	"short unsigned int\000"
 1052      7420756E 
 1052      7369676E 
 1052      65642069 
 1052      6E7400
 1053              	.LASF0:
 1054 0039 756E7369 		.ascii	"unsigned int\000"
 1054      676E6564 
 1054      20696E74 
 1054      00
 1055              	.LASF25:
 1056 0046 6F747970 		.ascii	"otyper\000"
 1056      657200
 1057              	.LASF42:
 1058 004d 474E5520 		.ascii	"GNU C 4.6.2 20121016 (release) [ARM/embedded-4_6-br"
 1058      4320342E 
 1058      362E3220 
 1058      32303132 
 1058      31303136 
ARM GAS  C:\Users\TAISIK~1\AppData\Local\Temp\ccb247ZO.s 			page 20


 1059 0080 616E6368 		.ascii	"anch revision 192487]\000"
 1059      20726576 
 1059      6973696F 
 1059      6E203139 
 1059      32343837 
 1060              	.LASF11:
 1061 0096 626F6F6C 		.ascii	"bool_t\000"
 1061      5F7400
 1062              	.LASF16:
 1063 009d 45584343 		.ascii	"EXCCNT\000"
 1063      4E5400
 1064              	.LASF17:
 1065 00a4 534C4545 		.ascii	"SLEEPCNT\000"
 1065      50434E54 
 1065      00
 1066              	.LASF46:
 1067 00ad 68616C49 		.ascii	"halInit\000"
 1067      6E697400 
 1068              	.LASF35:
 1069 00b5 50454461 		.ascii	"PEData\000"
 1069      746100
 1070              	.LASF2:
 1071 00bc 756E7369 		.ascii	"unsigned char\000"
 1071      676E6564 
 1071      20636861 
 1071      7200
 1072              	.LASF30:
 1073 00ca 73746D33 		.ascii	"stm32_gpio_setup_t\000"
 1073      325F6770 
 1073      696F5F73 
 1073      65747570 
 1073      5F7400
 1074              	.LASF31:
 1075 00dd 50414461 		.ascii	"PAData\000"
 1075      746100
 1076              	.LASF8:
 1077 00e4 6C6F6E67 		.ascii	"long unsigned int\000"
 1077      20756E73 
 1077      69676E65 
 1077      6420696E 
 1077      7400
 1078              	.LASF29:
 1079 00f6 61667268 		.ascii	"afrh\000"
 1079      00
 1080              	.LASF15:
 1081 00fb 43504943 		.ascii	"CPICNT\000"
 1081      4E5400
 1082              	.LASF40:
 1083 0102 49544D5F 		.ascii	"ITM_RxBuffer\000"
 1083      52784275 
 1083      66666572 
 1083      00
 1084              	.LASF19:
 1085 010f 464F4C44 		.ascii	"FOLDCNT\000"
 1085      434E5400 
 1086              	.LASF37:
 1087 0117 50414C43 		.ascii	"PALConfig\000"
ARM GAS  C:\Users\TAISIK~1\AppData\Local\Temp\ccb247ZO.s 			page 21


 1087      6F6E6669 
 1087      6700
 1088              	.LASF44:
 1089 0121 433A5C43 		.ascii	"C:\\ChibiStudio\\chibios\\demos\\ARMCM4-STM32F303-D"
 1089      68696269 
 1089      53747564 
 1089      696F5C63 
 1089      68696269 
 1090 0150 4953434F 		.ascii	"ISCOVERY\000"
 1090      56455259 
 1090      00
 1091              	.LASF41:
 1092 0159 70616C5F 		.ascii	"pal_default_config\000"
 1092      64656661 
 1092      756C745F 
 1092      636F6E66 
 1092      696700
 1093              	.LASF18:
 1094 016c 4C535543 		.ascii	"LSUCNT\000"
 1094      4E5400
 1095              	.LASF14:
 1096 0173 43594343 		.ascii	"CYCCNT\000"
 1096      4E5400
 1097              	.LASF27:
 1098 017a 70757064 		.ascii	"pupdr\000"
 1098      7200
 1099              	.LASF36:
 1100 0180 50464461 		.ascii	"PFData\000"
 1100      746100
 1101              	.LASF32:
 1102 0187 50424461 		.ascii	"PBData\000"
 1102      746100
 1103              	.LASF28:
 1104 018e 6166726C 		.ascii	"afrl\000"
 1104      00
 1105              	.LASF23:
 1106 0193 68616C72 		.ascii	"halrtcnt_t\000"
 1106      74636E74 
 1106      5F7400
 1107              	.LASF22:
 1108 019e 63686172 		.ascii	"char\000"
 1108      00
 1109              	.LASF43:
 1110 01a3 2E2E2F2E 		.ascii	"../../os/hal/src/hal.c\000"
 1110      2E2F6F73 
 1110      2F68616C 
 1110      2F737263 
 1110      2F68616C 
 1111              	.LASF13:
 1112 01ba 4354524C 		.ascii	"CTRL\000"
 1112      00
 1113              	.LASF45:
 1114 01bf 68616C49 		.ascii	"halIsCounterWithin\000"
 1114      73436F75 
 1114      6E746572 
 1114      57697468 
 1114      696E00
ARM GAS  C:\Users\TAISIK~1\AppData\Local\Temp\ccb247ZO.s 			page 22


 1115              	.LASF6:
 1116 01d2 696E7433 		.ascii	"int32_t\000"
 1116      325F7400 
 1117              	.LASF26:
 1118 01da 6F737065 		.ascii	"ospeedr\000"
 1118      65647200 
 1119              	.LASF39:
 1120 01e2 74696D65 		.ascii	"timeout\000"
 1120      6F757400 
 1121              	.LASF47:
 1122 01ea 68616C50 		.ascii	"halPolledDelay\000"
 1122      6F6C6C65 
 1122      6444656C 
 1122      617900
 1123              	.LASF3:
 1124 01f9 73686F72 		.ascii	"short int\000"
 1124      7420696E 
 1124      7400
 1125              	.LASF33:
 1126 0203 50434461 		.ascii	"PCData\000"
 1126      746100
 1127              	.LASF21:
 1128 020a 434D785F 		.ascii	"CMx_DWT\000"
 1128      44575400 
 1129              	.LASF7:
 1130 0212 75696E74 		.ascii	"uint32_t\000"
 1130      33325F74 
 1130      00
 1131              	.LASF5:
 1132 021b 6C6F6E67 		.ascii	"long int\000"
 1132      20696E74 
 1132      00
 1133              	.LASF24:
 1134 0224 6D6F6465 		.ascii	"moder\000"
 1134      7200
 1135              	.LASF1:
 1136 022a 7369676E 		.ascii	"signed char\000"
 1136      65642063 
 1136      68617200 
 1137              	.LASF12:
 1138 0236 5F426F6F 		.ascii	"_Bool\000"
 1138      6C00
 1139              	.LASF10:
 1140 023c 6C6F6E67 		.ascii	"long long unsigned int\000"
 1140      206C6F6E 
 1140      6720756E 
 1140      7369676E 
 1140      65642069 
 1141              		.ident	"GCC: (GNU Tools for ARM Embedded Processors) 4.6.2 20121016 (release) [ARM/embedded-4_6-br
ARM GAS  C:\Users\TAISIK~1\AppData\Local\Temp\ccb247ZO.s 			page 23


DEFINED SYMBOLS
                            *ABS*:00000000 hal.c
C:\Users\TAISIK~1\AppData\Local\Temp\ccb247ZO.s:19     .text.halInit:00000000 $t
C:\Users\TAISIK~1\AppData\Local\Temp\ccb247ZO.s:25     .text.halInit:00000000 halInit
C:\Users\TAISIK~1\AppData\Local\Temp\ccb247ZO.s:53     .text.halIsCounterWithin:00000000 $t
C:\Users\TAISIK~1\AppData\Local\Temp\ccb247ZO.s:59     .text.halIsCounterWithin:00000000 halIsCounterWithin
C:\Users\TAISIK~1\AppData\Local\Temp\ccb247ZO.s:108    .text.halPolledDelay:00000000 $t
C:\Users\TAISIK~1\AppData\Local\Temp\ccb247ZO.s:114    .text.halPolledDelay:00000000 halPolledDelay
                     .debug_frame:00000010 $d

UNDEFINED SYMBOLS
hal_lld_init
pal_default_config
_pal_lld_init
sdInit
boardInit
