ARM GAS  C:\Users\TAISIK~1\AppData\Local\Temp\ccuj2gNl.s 			page 1


   1              		.syntax unified
   2              		.cpu cortex-m4
   3              		.fpu softvfp
   4              		.eabi_attribute 20, 1
   5              		.eabi_attribute 21, 1
   6              		.eabi_attribute 23, 3
   7              		.eabi_attribute 24, 1
   8              		.eabi_attribute 25, 1
   9              		.eabi_attribute 26, 1
  10              		.eabi_attribute 30, 2
  11              		.eabi_attribute 34, 1
  12              		.eabi_attribute 18, 4
  13              		.thumb
  14              		.file	"main.c"
  15              		.text
  16              	.Ltext0:
  17              		.cfi_sections	.debug_frame
  18              		.section	.text.Thread1,"ax",%progbits
  19              		.align	2
  20              		.p2align 4,,15
  21              		.thumb
  22              		.thumb_func
  23              		.type	Thread1, %function
  24              	Thread1:
  25              	.LFB118:
  26              		.file 1 "main.c"
  27              		.loc 1 30 0
  28              		.cfi_startproc
  29              		@ args = 0, pretend = 0, frame = 0
  30              		@ frame_needed = 0, uses_anonymous_args = 0
  31              	.LVL0:
  32              		.loc 1 33 0
  33 0000 2248     		ldr	r0, .L4
  34              	.LVL1:
  35 0002 234A     		ldr	r2, .L4+4
  36              		.loc 1 30 0
  37 0004 2DE9F843 		push	{r3, r4, r5, r6, r7, r8, r9, lr}
  38              	.LCFI0:
  39              		.cfi_def_cfa_offset 32
  40              		.cfi_offset 14, -4
  41              		.cfi_offset 9, -8
  42              		.cfi_offset 8, -12
  43              		.cfi_offset 7, -16
  44              		.cfi_offset 6, -20
  45              		.cfi_offset 5, -24
  46              		.cfi_offset 4, -28
  47              		.cfi_offset 3, -32
  48              		.loc 1 33 0
  49 0008 8369     		ldr	r3, [r0, #24]
  50              		.loc 1 35 0
  51 000a 4FF48054 		mov	r4, #4096
  52 000e 4FF40078 		mov	r8, #512
  53              		.loc 1 33 0
  54 0012 9A61     		str	r2, [r3, #24]
  55              		.loc 1 35 0
  56 0014 C4F60004 		movt	r4, 18432
  57 0018 C146     		mov	r9, r8	@ movhi
ARM GAS  C:\Users\TAISIK~1\AppData\Local\Temp\ccuj2gNl.s 			page 2


  58              	.L2:
  59              		.loc 1 38 0 discriminator 1
  60 001a 4FF48065 		mov	r5, #1024
  61              		.loc 1 36 0 discriminator 1
  62 001e 0A20     		movs	r0, #10
  63              		.loc 1 35 0 discriminator 1
  64 0020 A4F81890 		strh	r9, [r4, #24]	@ movhi
  65              		.loc 1 36 0 discriminator 1
  66 0024 FFF7FEFF 		bl	chThdSleep
  67              		.loc 1 41 0 discriminator 1
  68 0028 4FF40067 		mov	r7, #2048
  69              		.loc 1 37 0 discriminator 1
  70 002c A4F81A80 		strh	r8, [r4, #26]	@ movhi
  71              		.loc 1 39 0 discriminator 1
  72 0030 0A20     		movs	r0, #10
  73              		.loc 1 38 0 discriminator 1
  74 0032 2583     		strh	r5, [r4, #24]	@ movhi
  75              		.loc 1 39 0 discriminator 1
  76 0034 FFF7FEFF 		bl	chThdSleep
  77              		.loc 1 44 0 discriminator 1
  78 0038 4FF48056 		mov	r6, #4096
  79              		.loc 1 40 0 discriminator 1
  80 003c 6583     		strh	r5, [r4, #26]	@ movhi
  81              		.loc 1 42 0 discriminator 1
  82 003e 0A20     		movs	r0, #10
  83              		.loc 1 41 0 discriminator 1
  84 0040 2783     		strh	r7, [r4, #24]	@ movhi
  85              		.loc 1 42 0 discriminator 1
  86 0042 FFF7FEFF 		bl	chThdSleep
  87              		.loc 1 47 0 discriminator 1
  88 0046 4FF40055 		mov	r5, #8192
  89              		.loc 1 43 0 discriminator 1
  90 004a 6783     		strh	r7, [r4, #26]	@ movhi
  91              		.loc 1 45 0 discriminator 1
  92 004c 0A20     		movs	r0, #10
  93              		.loc 1 44 0 discriminator 1
  94 004e 2683     		strh	r6, [r4, #24]	@ movhi
  95              		.loc 1 45 0 discriminator 1
  96 0050 FFF7FEFF 		bl	chThdSleep
  97              		.loc 1 50 0 discriminator 1
  98 0054 4FF48047 		mov	r7, #16384
  99              		.loc 1 46 0 discriminator 1
 100 0058 6683     		strh	r6, [r4, #26]	@ movhi
 101              		.loc 1 48 0 discriminator 1
 102 005a 0A20     		movs	r0, #10
 103              		.loc 1 47 0 discriminator 1
 104 005c 2583     		strh	r5, [r4, #24]	@ movhi
 105              		.loc 1 48 0 discriminator 1
 106 005e FFF7FEFF 		bl	chThdSleep
 107              		.loc 1 53 0 discriminator 1
 108 0062 4FF40046 		mov	r6, #32768
 109              		.loc 1 49 0 discriminator 1
 110 0066 6583     		strh	r5, [r4, #26]	@ movhi
 111              		.loc 1 51 0 discriminator 1
 112 0068 0A20     		movs	r0, #10
 113              		.loc 1 50 0 discriminator 1
 114 006a 2783     		strh	r7, [r4, #24]	@ movhi
ARM GAS  C:\Users\TAISIK~1\AppData\Local\Temp\ccuj2gNl.s 			page 3


 115              		.loc 1 51 0 discriminator 1
 116 006c FFF7FEFF 		bl	chThdSleep
 117              		.loc 1 56 0 discriminator 1
 118 0070 4FF48075 		mov	r5, #256
 119              		.loc 1 52 0 discriminator 1
 120 0074 6783     		strh	r7, [r4, #26]	@ movhi
 121              		.loc 1 54 0 discriminator 1
 122 0076 0A20     		movs	r0, #10
 123              		.loc 1 53 0 discriminator 1
 124 0078 2683     		strh	r6, [r4, #24]	@ movhi
 125              		.loc 1 54 0 discriminator 1
 126 007a FFF7FEFF 		bl	chThdSleep
 127              		.loc 1 55 0 discriminator 1
 128 007e 6683     		strh	r6, [r4, #26]	@ movhi
 129              		.loc 1 57 0 discriminator 1
 130 0080 0A20     		movs	r0, #10
 131              		.loc 1 56 0 discriminator 1
 132 0082 2583     		strh	r5, [r4, #24]	@ movhi
 133              		.loc 1 57 0 discriminator 1
 134 0084 FFF7FEFF 		bl	chThdSleep
 135              		.loc 1 58 0 discriminator 1
 136 0088 6583     		strh	r5, [r4, #26]	@ movhi
 137 008a C6E7     		b	.L2
 138              	.L5:
 139              		.align	2
 140              	.L4:
 141 008c 00000000 		.word	rlist
 142 0090 00000000 		.word	.LC0
 143              		.cfi_endproc
 144              	.LFE118:
 145              		.size	Thread1, .-Thread1
 146 0094 AFF30080 		.section	.text.startup.main,"ax",%progbits
 146      AFF30080 
 146      AFF30080 
 147              		.align	2
 148              		.p2align 4,,15
 149              		.global	main
 150              		.thumb
 151              		.thumb_func
 152              		.type	main, %function
 153              	main:
 154              	.LFB119:
 155              		.loc 1 65 0
 156              		.cfi_startproc
 157              		@ args = 0, pretend = 0, frame = 0
 158              		@ frame_needed = 0, uses_anonymous_args = 0
 159 0000 10B5     		push	{r4, lr}
 160              	.LCFI1:
 161              		.cfi_def_cfa_offset 8
 162              		.cfi_offset 14, -4
 163              		.cfi_offset 4, -8
 164 0002 82B0     		sub	sp, sp, #8
 165              	.LCFI2:
 166              		.cfi_def_cfa_offset 16
 167              		.loc 1 74 0
 168 0004 FFF7FEFF 		bl	halInit
 169              		.loc 1 75 0
ARM GAS  C:\Users\TAISIK~1\AppData\Local\Temp\ccuj2gNl.s 			page 4


 170 0008 FFF7FEFF 		bl	chSysInit
 171              		.loc 1 81 0
 172 000c 1548     		ldr	r0, .L9
 173 000e 0021     		movs	r1, #0
 174 0010 FFF7FEFF 		bl	sdStart
 175              		.loc 1 82 0
 176 0014 4FF09040 		mov	r0, #1207959552
 177 0018 4FF40071 		mov	r1, #512
 178 001c 40F28232 		movw	r2, #898
 179 0020 FFF7FEFF 		bl	_pal_lld_setgroupmode
 180              		.loc 1 83 0
 181 0024 4FF09040 		mov	r0, #1207959552
 182 0028 4FF48061 		mov	r1, #1024
 183 002c 40F28232 		movw	r2, #898
 184 0030 FFF7FEFF 		bl	_pal_lld_setgroupmode
 185              		.loc 1 88 0
 186 0034 0022     		movs	r2, #0
 187 0036 0092     		str	r2, [sp, #0]
 188 0038 0B48     		ldr	r0, .L9+4
 189 003a 0C4B     		ldr	r3, .L9+8
 190 003c 4FF49871 		mov	r1, #304
 191 0040 4022     		movs	r2, #64
 192 0042 FFF7FEFF 		bl	chThdCreateStatic
 193              		.loc 1 96 0
 194 0046 4FF09044 		mov	r4, #1207959552
 195 004a 03E0     		b	.L8
 196              	.L7:
 197              		.loc 1 98 0
 198 004c 4FF4FA70 		mov	r0, #500
 199 0050 FFF7FEFF 		bl	chThdSleep
 200              	.L8:
 201              		.loc 1 96 0
 202 0054 2369     		ldr	r3, [r4, #16]
 203 0056 DB07     		lsls	r3, r3, #31
 204 0058 F8D5     		bpl	.L7
 205              		.loc 1 97 0
 206 005a 0248     		ldr	r0, .L9
 207 005c FFF7FEFF 		bl	TestThread
 208 0060 F4E7     		b	.L7
 209              	.L10:
 210 0062 00BF     		.align	2
 211              	.L9:
 212 0064 00000000 		.word	SD1
 213 0068 00000000 		.word	.LANCHOR0
 214 006c 00000000 		.word	Thread1
 215              		.cfi_endproc
 216              	.LFE119:
 217              		.size	main, .-main
 218              		.section	.bss.waThread1,"aw",%nobits
 219              		.align	3
 220              		.set	.LANCHOR0,. + 0
 221              		.type	waThread1, %object
 222              		.size	waThread1, 304
 223              	waThread1:
 224 0000 00000000 		.space	304
 224      00000000 
 224      00000000 
ARM GAS  C:\Users\TAISIK~1\AppData\Local\Temp\ccuj2gNl.s 			page 5


 224      00000000 
 224      00000000 
 225              		.section	.rodata.str1.4,"aMS",%progbits,1
 226              		.align	2
 227              	.LC0:
 228 0000 626C696E 		.ascii	"blinker\000"
 228      6B657200 
 229              		.text
 230              	.Letext0:
 231              		.file 2 "c:\\chibistudio\\tools\\gnu tools arm embedded\\4.6 2012q4\\bin\\../lib/gcc/arm-none-eabi
 232              		.file 3 "c:\\chibistudio\\tools\\gnu tools arm embedded\\4.6 2012q4\\bin\\../lib/gcc/arm-none-eabi
 233              		.file 4 "../../os/ports/GCC/ARMCMx/chtypes.h"
 234              		.file 5 "../../os/kernel/include/chlists.h"
 235              		.file 6 "../../os/kernel/include/chthreads.h"
 236              		.file 7 "../../os/ports/GCC/ARMCMx/chcore_v7m.h"
 237              		.file 8 "../../os/kernel/include/chschd.h"
 238              		.file 9 "../../os/kernel/include/chmtx.h"
 239              		.file 10 "../../os/kernel/include/chevents.h"
 240              		.file 11 "../../os/kernel/include/chqueues.h"
 241              		.file 12 "../../os/hal/platforms/STM32F30x/stm32f30x.h"
 242              		.file 13 "../../os/hal/platforms/STM32/GPIOv2/pal_lld.h"
 243              		.file 14 "../../os/hal/include/serial.h"
 244              		.file 15 "../../os/ports/common/ARMCMx/CMSIS/include/core_cm4.h"
 245              		.file 16 "../../os/hal/platforms/STM32/USARTv2/serial_lld.h"
 246              		.section	.debug_info,"",%progbits
 247              	.Ldebug_info0:
 248 0000 D60A0000 		.4byte	0xad6
 249 0004 0200     		.2byte	0x2
 250 0006 00000000 		.4byte	.Ldebug_abbrev0
 251 000a 04       		.byte	0x4
 252 000b 01       		.uleb128 0x1
 253 000c 37000000 		.4byte	.LASF125
 254 0010 01       		.byte	0x1
 255 0011 8B020000 		.4byte	.LASF126
 256 0015 07040000 		.4byte	.LASF127
 257 0019 00000000 		.4byte	0
 258 001d 00000000 		.4byte	0
 259 0021 00000000 		.4byte	.Ldebug_ranges0+0
 260 0025 00000000 		.4byte	.Ldebug_line0
 261 0029 02       		.uleb128 0x2
 262 002a 04       		.byte	0x4
 263 002b 05       		.byte	0x5
 264 002c 696E7400 		.ascii	"int\000"
 265 0030 03       		.uleb128 0x3
 266 0031 00000000 		.4byte	.LASF2
 267 0035 02       		.byte	0x2
 268 0036 D4       		.byte	0xd4
 269 0037 3B000000 		.4byte	0x3b
 270 003b 04       		.uleb128 0x4
 271 003c 04       		.byte	0x4
 272 003d 07       		.byte	0x7
 273 003e 78010000 		.4byte	.LASF0
 274 0042 04       		.uleb128 0x4
 275 0043 01       		.byte	0x1
 276 0044 06       		.byte	0x6
 277 0045 DE000000 		.4byte	.LASF1
 278 0049 03       		.uleb128 0x3
ARM GAS  C:\Users\TAISIK~1\AppData\Local\Temp\ccuj2gNl.s 			page 6


 279 004a B5040000 		.4byte	.LASF3
 280 004e 03       		.byte	0x3
 281 004f 2A       		.byte	0x2a
 282 0050 54000000 		.4byte	0x54
 283 0054 04       		.uleb128 0x4
 284 0055 01       		.byte	0x1
 285 0056 08       		.byte	0x8
 286 0057 0B030000 		.4byte	.LASF4
 287 005b 04       		.uleb128 0x4
 288 005c 02       		.byte	0x2
 289 005d 05       		.byte	0x5
 290 005e 38030000 		.4byte	.LASF5
 291 0062 03       		.uleb128 0x3
 292 0063 85010000 		.4byte	.LASF6
 293 0067 03       		.byte	0x3
 294 0068 36       		.byte	0x36
 295 0069 6D000000 		.4byte	0x6d
 296 006d 04       		.uleb128 0x4
 297 006e 02       		.byte	0x2
 298 006f 07       		.byte	0x7
 299 0070 CF010000 		.4byte	.LASF7
 300 0074 03       		.uleb128 0x3
 301 0075 03030000 		.4byte	.LASF8
 302 0079 03       		.byte	0x3
 303 007a 4F       		.byte	0x4f
 304 007b 7F000000 		.4byte	0x7f
 305 007f 04       		.uleb128 0x4
 306 0080 04       		.byte	0x4
 307 0081 05       		.byte	0x5
 308 0082 14010000 		.4byte	.LASF9
 309 0086 03       		.uleb128 0x3
 310 0087 7E040000 		.4byte	.LASF10
 311 008b 03       		.byte	0x3
 312 008c 50       		.byte	0x50
 313 008d 91000000 		.4byte	0x91
 314 0091 04       		.uleb128 0x4
 315 0092 04       		.byte	0x4
 316 0093 07       		.byte	0x7
 317 0094 E1030000 		.4byte	.LASF11
 318 0098 04       		.uleb128 0x4
 319 0099 08       		.byte	0x8
 320 009a 05       		.byte	0x5
 321 009b D0000000 		.4byte	.LASF12
 322 009f 03       		.uleb128 0x3
 323 00a0 0E000000 		.4byte	.LASF13
 324 00a4 03       		.byte	0x3
 325 00a5 78       		.byte	0x78
 326 00a6 AA000000 		.4byte	0xaa
 327 00aa 04       		.uleb128 0x4
 328 00ab 08       		.byte	0x8
 329 00ac 07       		.byte	0x7
 330 00ad 86000000 		.4byte	.LASF14
 331 00b1 04       		.uleb128 0x4
 332 00b2 01       		.byte	0x1
 333 00b3 02       		.byte	0x2
 334 00b4 FD020000 		.4byte	.LASF15
 335 00b8 03       		.uleb128 0x3
ARM GAS  C:\Users\TAISIK~1\AppData\Local\Temp\ccuj2gNl.s 			page 7


 336 00b9 04020000 		.4byte	.LASF16
 337 00bd 04       		.byte	0x4
 338 00be 25       		.byte	0x25
 339 00bf 49000000 		.4byte	0x49
 340 00c3 03       		.uleb128 0x3
 341 00c4 1D010000 		.4byte	.LASF17
 342 00c8 04       		.byte	0x4
 343 00c9 26       		.byte	0x26
 344 00ca 49000000 		.4byte	0x49
 345 00ce 03       		.uleb128 0x3
 346 00cf B6020000 		.4byte	.LASF18
 347 00d3 04       		.byte	0x4
 348 00d4 27       		.byte	0x27
 349 00d5 49000000 		.4byte	0x49
 350 00d9 03       		.uleb128 0x3
 351 00da 04010000 		.4byte	.LASF19
 352 00de 04       		.byte	0x4
 353 00df 28       		.byte	0x28
 354 00e0 49000000 		.4byte	0x49
 355 00e4 03       		.uleb128 0x3
 356 00e5 ED020000 		.4byte	.LASF20
 357 00e9 04       		.byte	0x4
 358 00ea 29       		.byte	0x29
 359 00eb 86000000 		.4byte	0x86
 360 00ef 03       		.uleb128 0x3
 361 00f0 E2010000 		.4byte	.LASF21
 362 00f4 04       		.byte	0x4
 363 00f5 2A       		.byte	0x2a
 364 00f6 74000000 		.4byte	0x74
 365 00fa 03       		.uleb128 0x3
 366 00fb 18020000 		.4byte	.LASF22
 367 00ff 04       		.byte	0x4
 368 0100 2C       		.byte	0x2c
 369 0101 86000000 		.4byte	0x86
 370 0105 03       		.uleb128 0x3
 371 0106 8D030000 		.4byte	.LASF23
 372 010a 04       		.byte	0x4
 373 010b 2D       		.byte	0x2d
 374 010c 86000000 		.4byte	0x86
 375 0110 03       		.uleb128 0x3
 376 0111 46040000 		.4byte	.LASF24
 377 0115 04       		.byte	0x4
 378 0116 2E       		.byte	0x2e
 379 0117 86000000 		.4byte	0x86
 380 011b 03       		.uleb128 0x3
 381 011c 81030000 		.4byte	.LASF25
 382 0120 05       		.byte	0x5
 383 0121 23       		.byte	0x23
 384 0122 26010000 		.4byte	0x126
 385 0126 05       		.uleb128 0x5
 386 0127 81030000 		.4byte	.LASF25
 387 012b 48       		.byte	0x48
 388 012c 06       		.byte	0x6
 389 012d 57       		.byte	0x57
 390 012e 4B020000 		.4byte	0x24b
 391 0132 06       		.uleb128 0x6
 392 0133 62030000 		.4byte	.LASF26
ARM GAS  C:\Users\TAISIK~1\AppData\Local\Temp\ccuj2gNl.s 			page 8


 393 0137 06       		.byte	0x6
 394 0138 58       		.byte	0x58
 395 0139 70020000 		.4byte	0x270
 396 013d 02       		.byte	0x2
 397 013e 23       		.byte	0x23
 398 013f 00       		.uleb128 0
 399 0140 06       		.uleb128 0x6
 400 0141 E6020000 		.4byte	.LASF27
 401 0145 06       		.byte	0x6
 402 0146 5A       		.byte	0x5a
 403 0147 70020000 		.4byte	0x270
 404 014b 02       		.byte	0x2
 405 014c 23       		.byte	0x23
 406 014d 04       		.uleb128 0x4
 407 014e 06       		.uleb128 0x6
 408 014f B9000000 		.4byte	.LASF28
 409 0153 06       		.byte	0x6
 410 0154 5C       		.byte	0x5c
 411 0155 E4000000 		.4byte	0xe4
 412 0159 02       		.byte	0x2
 413 015a 23       		.byte	0x23
 414 015b 08       		.uleb128 0x8
 415 015c 06       		.uleb128 0x6
 416 015d E5040000 		.4byte	.LASF29
 417 0161 06       		.byte	0x6
 418 0162 5D       		.byte	0x5d
 419 0163 49030000 		.4byte	0x349
 420 0167 02       		.byte	0x2
 421 0168 23       		.byte	0x23
 422 0169 0C       		.uleb128 0xc
 423 016a 06       		.uleb128 0x6
 424 016b 45010000 		.4byte	.LASF30
 425 016f 06       		.byte	0x6
 426 0170 5F       		.byte	0x5f
 427 0171 70020000 		.4byte	0x270
 428 0175 02       		.byte	0x2
 429 0176 23       		.byte	0x23
 430 0177 10       		.uleb128 0x10
 431 0178 06       		.uleb128 0x6
 432 0179 70020000 		.4byte	.LASF31
 433 017d 06       		.byte	0x6
 434 017e 60       		.byte	0x60
 435 017f 70020000 		.4byte	0x270
 436 0183 02       		.byte	0x2
 437 0184 23       		.byte	0x23
 438 0185 14       		.uleb128 0x14
 439 0186 06       		.uleb128 0x6
 440 0187 8D040000 		.4byte	.LASF32
 441 018b 06       		.byte	0x6
 442 018c 67       		.byte	0x67
 443 018d D7040000 		.4byte	0x4d7
 444 0191 02       		.byte	0x2
 445 0192 23       		.byte	0x23
 446 0193 18       		.uleb128 0x18
 447 0194 06       		.uleb128 0x6
 448 0195 42030000 		.4byte	.LASF33
 449 0199 06       		.byte	0x6
ARM GAS  C:\Users\TAISIK~1\AppData\Local\Temp\ccuj2gNl.s 			page 9


 450 019a 72       		.byte	0x72
 451 019b C3000000 		.4byte	0xc3
 452 019f 02       		.byte	0x2
 453 01a0 23       		.byte	0x23
 454 01a1 1C       		.uleb128 0x1c
 455 01a2 06       		.uleb128 0x6
 456 01a3 69030000 		.4byte	.LASF34
 457 01a7 06       		.byte	0x6
 458 01a8 76       		.byte	0x76
 459 01a9 B8000000 		.4byte	0xb8
 460 01ad 02       		.byte	0x2
 461 01ae 23       		.byte	0x23
 462 01af 1D       		.uleb128 0x1d
 463 01b0 06       		.uleb128 0x6
 464 01b1 26010000 		.4byte	.LASF35
 465 01b5 06       		.byte	0x6
 466 01b6 7B       		.byte	0x7b
 467 01b7 CE000000 		.4byte	0xce
 468 01bb 02       		.byte	0x2
 469 01bc 23       		.byte	0x23
 470 01bd 1E       		.uleb128 0x1e
 471 01be 06       		.uleb128 0x6
 472 01bf 4A030000 		.4byte	.LASF36
 473 01c3 06       		.byte	0x6
 474 01c4 81       		.byte	0x81
 475 01c5 D9000000 		.4byte	0xd9
 476 01c9 02       		.byte	0x2
 477 01ca 23       		.byte	0x23
 478 01cb 1F       		.uleb128 0x1f
 479 01cc 06       		.uleb128 0x6
 480 01cd 9E010000 		.4byte	.LASF37
 481 01d1 06       		.byte	0x6
 482 01d2 88       		.byte	0x88
 483 01d3 71030000 		.4byte	0x371
 484 01d7 02       		.byte	0x2
 485 01d8 23       		.byte	0x23
 486 01d9 20       		.uleb128 0x20
 487 01da 07       		.uleb128 0x7
 488 01db 705F7500 		.ascii	"p_u\000"
 489 01df 06       		.byte	0x6
 490 01e0 AD       		.byte	0xad
 491 01e1 A2040000 		.4byte	0x4a2
 492 01e5 02       		.byte	0x2
 493 01e6 23       		.byte	0x23
 494 01e7 24       		.uleb128 0x24
 495 01e8 06       		.uleb128 0x6
 496 01e9 EB040000 		.4byte	.LASF38
 497 01ed 06       		.byte	0x6
 498 01ee B2       		.byte	0xb2
 499 01ef 98020000 		.4byte	0x298
 500 01f3 02       		.byte	0x2
 501 01f4 23       		.byte	0x23
 502 01f5 28       		.uleb128 0x28
 503 01f6 06       		.uleb128 0x6
 504 01f7 AC010000 		.4byte	.LASF39
 505 01fb 06       		.byte	0x6
 506 01fc B8       		.byte	0xb8
ARM GAS  C:\Users\TAISIK~1\AppData\Local\Temp\ccuj2gNl.s 			page 10


 507 01fd 76020000 		.4byte	0x276
 508 0201 02       		.byte	0x2
 509 0202 23       		.byte	0x23
 510 0203 2C       		.uleb128 0x2c
 511 0204 06       		.uleb128 0x6
 512 0205 68040000 		.4byte	.LASF40
 513 0209 06       		.byte	0x6
 514 020a BC       		.byte	0xbc
 515 020b EF000000 		.4byte	0xef
 516 020f 02       		.byte	0x2
 517 0210 23       		.byte	0x23
 518 0211 34       		.uleb128 0x34
 519 0212 06       		.uleb128 0x6
 520 0213 99030000 		.4byte	.LASF41
 521 0217 06       		.byte	0x6
 522 0218 C2       		.byte	0xc2
 523 0219 FA000000 		.4byte	0xfa
 524 021d 02       		.byte	0x2
 525 021e 23       		.byte	0x23
 526 021f 38       		.uleb128 0x38
 527 0220 06       		.uleb128 0x6
 528 0221 2E030000 		.4byte	.LASF42
 529 0225 06       		.byte	0x6
 530 0226 C9       		.byte	0xc9
 531 0227 E9040000 		.4byte	0x4e9
 532 022b 02       		.byte	0x2
 533 022c 23       		.byte	0x23
 534 022d 3C       		.uleb128 0x3c
 535 022e 06       		.uleb128 0x6
 536 022f 50040000 		.4byte	.LASF43
 537 0233 06       		.byte	0x6
 538 0234 CD       		.byte	0xcd
 539 0235 E4000000 		.4byte	0xe4
 540 0239 02       		.byte	0x2
 541 023a 23       		.byte	0x23
 542 023b 40       		.uleb128 0x40
 543 023c 06       		.uleb128 0x6
 544 023d F4000000 		.4byte	.LASF44
 545 0241 06       		.byte	0x6
 546 0242 D3       		.byte	0xd3
 547 0243 AE020000 		.4byte	0x2ae
 548 0247 02       		.byte	0x2
 549 0248 23       		.byte	0x23
 550 0249 44       		.uleb128 0x44
 551 024a 00       		.byte	0
 552 024b 08       		.uleb128 0x8
 553 024c 08       		.byte	0x8
 554 024d 05       		.byte	0x5
 555 024e 5A       		.byte	0x5a
 556 024f 70020000 		.4byte	0x270
 557 0253 06       		.uleb128 0x6
 558 0254 62030000 		.4byte	.LASF26
 559 0258 05       		.byte	0x5
 560 0259 5B       		.byte	0x5b
 561 025a 70020000 		.4byte	0x270
 562 025e 02       		.byte	0x2
 563 025f 23       		.byte	0x23
ARM GAS  C:\Users\TAISIK~1\AppData\Local\Temp\ccuj2gNl.s 			page 11


 564 0260 00       		.uleb128 0
 565 0261 06       		.uleb128 0x6
 566 0262 E6020000 		.4byte	.LASF27
 567 0266 05       		.byte	0x5
 568 0267 5D       		.byte	0x5d
 569 0268 70020000 		.4byte	0x270
 570 026c 02       		.byte	0x2
 571 026d 23       		.byte	0x23
 572 026e 04       		.uleb128 0x4
 573 026f 00       		.byte	0
 574 0270 09       		.uleb128 0x9
 575 0271 04       		.byte	0x4
 576 0272 1B010000 		.4byte	0x11b
 577 0276 03       		.uleb128 0x3
 578 0277 7E020000 		.4byte	.LASF45
 579 027b 05       		.byte	0x5
 580 027c 5F       		.byte	0x5f
 581 027d 4B020000 		.4byte	0x24b
 582 0281 08       		.uleb128 0x8
 583 0282 04       		.byte	0x4
 584 0283 05       		.byte	0x5
 585 0284 64       		.byte	0x64
 586 0285 98020000 		.4byte	0x298
 587 0289 06       		.uleb128 0x6
 588 028a 62030000 		.4byte	.LASF26
 589 028e 05       		.byte	0x5
 590 028f 66       		.byte	0x66
 591 0290 70020000 		.4byte	0x270
 592 0294 02       		.byte	0x2
 593 0295 23       		.byte	0x23
 594 0296 00       		.uleb128 0
 595 0297 00       		.byte	0
 596 0298 03       		.uleb128 0x3
 597 0299 0C020000 		.4byte	.LASF46
 598 029d 05       		.byte	0x5
 599 029e 69       		.byte	0x69
 600 029f 81020000 		.4byte	0x281
 601 02a3 03       		.uleb128 0x3
 602 02a4 5D010000 		.4byte	.LASF47
 603 02a8 07       		.byte	0x7
 604 02a9 DE       		.byte	0xde
 605 02aa AE020000 		.4byte	0x2ae
 606 02ae 0A       		.uleb128 0xa
 607 02af 04       		.byte	0x4
 608 02b0 03       		.uleb128 0x3
 609 02b1 46020000 		.4byte	.LASF48
 610 02b5 07       		.byte	0x7
 611 02b6 E4       		.byte	0xe4
 612 02b7 9F000000 		.4byte	0x9f
 613 02bb 0B       		.uleb128 0xb
 614 02bc 6E040000 		.4byte	.LASF49
 615 02c0 24       		.byte	0x24
 616 02c1 07       		.byte	0x7
 617 02c2 0501     		.2byte	0x105
 618 02c4 49030000 		.4byte	0x349
 619 02c8 0C       		.uleb128 0xc
 620 02c9 723400   		.ascii	"r4\000"
ARM GAS  C:\Users\TAISIK~1\AppData\Local\Temp\ccuj2gNl.s 			page 12


 621 02cc 07       		.byte	0x7
 622 02cd 1801     		.2byte	0x118
 623 02cf A3020000 		.4byte	0x2a3
 624 02d3 02       		.byte	0x2
 625 02d4 23       		.byte	0x23
 626 02d5 00       		.uleb128 0
 627 02d6 0C       		.uleb128 0xc
 628 02d7 723500   		.ascii	"r5\000"
 629 02da 07       		.byte	0x7
 630 02db 1901     		.2byte	0x119
 631 02dd A3020000 		.4byte	0x2a3
 632 02e1 02       		.byte	0x2
 633 02e2 23       		.byte	0x23
 634 02e3 04       		.uleb128 0x4
 635 02e4 0C       		.uleb128 0xc
 636 02e5 723600   		.ascii	"r6\000"
 637 02e8 07       		.byte	0x7
 638 02e9 1A01     		.2byte	0x11a
 639 02eb A3020000 		.4byte	0x2a3
 640 02ef 02       		.byte	0x2
 641 02f0 23       		.byte	0x23
 642 02f1 08       		.uleb128 0x8
 643 02f2 0C       		.uleb128 0xc
 644 02f3 723700   		.ascii	"r7\000"
 645 02f6 07       		.byte	0x7
 646 02f7 1B01     		.2byte	0x11b
 647 02f9 A3020000 		.4byte	0x2a3
 648 02fd 02       		.byte	0x2
 649 02fe 23       		.byte	0x23
 650 02ff 0C       		.uleb128 0xc
 651 0300 0C       		.uleb128 0xc
 652 0301 723800   		.ascii	"r8\000"
 653 0304 07       		.byte	0x7
 654 0305 1C01     		.2byte	0x11c
 655 0307 A3020000 		.4byte	0x2a3
 656 030b 02       		.byte	0x2
 657 030c 23       		.byte	0x23
 658 030d 10       		.uleb128 0x10
 659 030e 0C       		.uleb128 0xc
 660 030f 723900   		.ascii	"r9\000"
 661 0312 07       		.byte	0x7
 662 0313 1D01     		.2byte	0x11d
 663 0315 A3020000 		.4byte	0x2a3
 664 0319 02       		.byte	0x2
 665 031a 23       		.byte	0x23
 666 031b 14       		.uleb128 0x14
 667 031c 0C       		.uleb128 0xc
 668 031d 72313000 		.ascii	"r10\000"
 669 0321 07       		.byte	0x7
 670 0322 1E01     		.2byte	0x11e
 671 0324 A3020000 		.4byte	0x2a3
 672 0328 02       		.byte	0x2
 673 0329 23       		.byte	0x23
 674 032a 18       		.uleb128 0x18
 675 032b 0C       		.uleb128 0xc
 676 032c 72313100 		.ascii	"r11\000"
 677 0330 07       		.byte	0x7
ARM GAS  C:\Users\TAISIK~1\AppData\Local\Temp\ccuj2gNl.s 			page 13


 678 0331 1F01     		.2byte	0x11f
 679 0333 A3020000 		.4byte	0x2a3
 680 0337 02       		.byte	0x2
 681 0338 23       		.byte	0x23
 682 0339 1C       		.uleb128 0x1c
 683 033a 0C       		.uleb128 0xc
 684 033b 6C7200   		.ascii	"lr\000"
 685 033e 07       		.byte	0x7
 686 033f 2001     		.2byte	0x120
 687 0341 A3020000 		.4byte	0x2a3
 688 0345 02       		.byte	0x2
 689 0346 23       		.byte	0x23
 690 0347 20       		.uleb128 0x20
 691 0348 00       		.byte	0
 692 0349 0B       		.uleb128 0xb
 693 034a 60040000 		.4byte	.LASF50
 694 034e 04       		.byte	0x4
 695 034f 07       		.byte	0x7
 696 0350 2A01     		.2byte	0x12a
 697 0352 66030000 		.4byte	0x366
 698 0356 0C       		.uleb128 0xc
 699 0357 72313300 		.ascii	"r13\000"
 700 035b 07       		.byte	0x7
 701 035c 2B01     		.2byte	0x12b
 702 035e 66030000 		.4byte	0x366
 703 0362 02       		.byte	0x2
 704 0363 23       		.byte	0x23
 705 0364 00       		.uleb128 0
 706 0365 00       		.byte	0
 707 0366 09       		.uleb128 0x9
 708 0367 04       		.byte	0x4
 709 0368 BB020000 		.4byte	0x2bb
 710 036c 0D       		.uleb128 0xd
 711 036d 86000000 		.4byte	0x86
 712 0371 0D       		.uleb128 0xd
 713 0372 10010000 		.4byte	0x110
 714 0376 08       		.uleb128 0x8
 715 0377 1C       		.byte	0x1c
 716 0378 08       		.byte	0x8
 717 0379 57       		.byte	0x57
 718 037a D3030000 		.4byte	0x3d3
 719 037e 06       		.uleb128 0x6
 720 037f C2030000 		.4byte	.LASF51
 721 0383 08       		.byte	0x8
 722 0384 58       		.byte	0x58
 723 0385 76020000 		.4byte	0x276
 724 0389 02       		.byte	0x2
 725 038a 23       		.byte	0x23
 726 038b 00       		.uleb128 0
 727 038c 06       		.uleb128 0x6
 728 038d 54030000 		.4byte	.LASF52
 729 0391 08       		.byte	0x8
 730 0392 59       		.byte	0x59
 731 0393 E4000000 		.4byte	0xe4
 732 0397 02       		.byte	0x2
 733 0398 23       		.byte	0x23
 734 0399 08       		.uleb128 0x8
ARM GAS  C:\Users\TAISIK~1\AppData\Local\Temp\ccuj2gNl.s 			page 14


 735 039a 06       		.uleb128 0x6
 736 039b 78020000 		.4byte	.LASF53
 737 039f 08       		.byte	0x8
 738 03a0 5B       		.byte	0x5b
 739 03a1 49030000 		.4byte	0x349
 740 03a5 02       		.byte	0x2
 741 03a6 23       		.byte	0x23
 742 03a7 0C       		.uleb128 0xc
 743 03a8 06       		.uleb128 0x6
 744 03a9 55010000 		.4byte	.LASF54
 745 03ad 08       		.byte	0x8
 746 03ae 5E       		.byte	0x5e
 747 03af 70020000 		.4byte	0x270
 748 03b3 02       		.byte	0x2
 749 03b4 23       		.byte	0x23
 750 03b5 10       		.uleb128 0x10
 751 03b6 06       		.uleb128 0x6
 752 03b7 92020000 		.4byte	.LASF55
 753 03bb 08       		.byte	0x8
 754 03bc 5F       		.byte	0x5f
 755 03bd 70020000 		.4byte	0x270
 756 03c1 02       		.byte	0x2
 757 03c2 23       		.byte	0x23
 758 03c3 14       		.uleb128 0x14
 759 03c4 06       		.uleb128 0x6
 760 03c5 F3030000 		.4byte	.LASF56
 761 03c9 08       		.byte	0x8
 762 03ca 62       		.byte	0x62
 763 03cb 70020000 		.4byte	0x270
 764 03cf 02       		.byte	0x2
 765 03d0 23       		.byte	0x23
 766 03d1 18       		.uleb128 0x18
 767 03d2 00       		.byte	0
 768 03d3 03       		.uleb128 0x3
 769 03d4 9C040000 		.4byte	.LASF57
 770 03d8 08       		.byte	0x8
 771 03d9 64       		.byte	0x64
 772 03da 76030000 		.4byte	0x376
 773 03de 05       		.uleb128 0x5
 774 03df 6A020000 		.4byte	.LASF58
 775 03e3 10       		.byte	0x10
 776 03e4 09       		.byte	0x9
 777 03e5 25       		.byte	0x25
 778 03e6 15040000 		.4byte	0x415
 779 03ea 06       		.uleb128 0x6
 780 03eb FC000000 		.4byte	.LASF59
 781 03ef 09       		.byte	0x9
 782 03f0 26       		.byte	0x26
 783 03f1 76020000 		.4byte	0x276
 784 03f5 02       		.byte	0x2
 785 03f6 23       		.byte	0x23
 786 03f7 00       		.uleb128 0
 787 03f8 06       		.uleb128 0x6
 788 03f9 DD040000 		.4byte	.LASF60
 789 03fd 09       		.byte	0x9
 790 03fe 28       		.byte	0x28
 791 03ff 70020000 		.4byte	0x270
ARM GAS  C:\Users\TAISIK~1\AppData\Local\Temp\ccuj2gNl.s 			page 15


 792 0403 02       		.byte	0x2
 793 0404 23       		.byte	0x23
 794 0405 08       		.uleb128 0x8
 795 0406 06       		.uleb128 0x6
 796 0407 3F040000 		.4byte	.LASF61
 797 040b 09       		.byte	0x9
 798 040c 2A       		.byte	0x2a
 799 040d 15040000 		.4byte	0x415
 800 0411 02       		.byte	0x2
 801 0412 23       		.byte	0x23
 802 0413 0C       		.uleb128 0xc
 803 0414 00       		.byte	0
 804 0415 09       		.uleb128 0x9
 805 0416 04       		.byte	0x4
 806 0417 DE030000 		.4byte	0x3de
 807 041b 03       		.uleb128 0x3
 808 041c 6A020000 		.4byte	.LASF58
 809 0420 09       		.byte	0x9
 810 0421 2C       		.byte	0x2c
 811 0422 DE030000 		.4byte	0x3de
 812 0426 03       		.uleb128 0x3
 813 0427 BD040000 		.4byte	.LASF62
 814 042b 0A       		.byte	0xa
 815 042c 25       		.byte	0x25
 816 042d 31040000 		.4byte	0x431
 817 0431 05       		.uleb128 0x5
 818 0432 BD040000 		.4byte	.LASF62
 819 0436 10       		.byte	0x10
 820 0437 0A       		.byte	0xa
 821 0438 2A       		.byte	0x2a
 822 0439 76040000 		.4byte	0x476
 823 043d 06       		.uleb128 0x6
 824 043e 71030000 		.4byte	.LASF63
 825 0442 0A       		.byte	0xa
 826 0443 2B       		.byte	0x2b
 827 0444 76040000 		.4byte	0x476
 828 0448 02       		.byte	0x2
 829 0449 23       		.byte	0x23
 830 044a 00       		.uleb128 0
 831 044b 06       		.uleb128 0x6
 832 044c 19030000 		.4byte	.LASF64
 833 0450 0A       		.byte	0xa
 834 0451 2E       		.byte	0x2e
 835 0452 70020000 		.4byte	0x270
 836 0456 02       		.byte	0x2
 837 0457 23       		.byte	0x23
 838 0458 04       		.uleb128 0x4
 839 0459 06       		.uleb128 0x6
 840 045a 9A020000 		.4byte	.LASF65
 841 045e 0A       		.byte	0xa
 842 045f 30       		.byte	0x30
 843 0460 FA000000 		.4byte	0xfa
 844 0464 02       		.byte	0x2
 845 0465 23       		.byte	0x23
 846 0466 08       		.uleb128 0x8
 847 0467 06       		.uleb128 0x6
 848 0468 25030000 		.4byte	.LASF66
ARM GAS  C:\Users\TAISIK~1\AppData\Local\Temp\ccuj2gNl.s 			page 16


 849 046c 0A       		.byte	0xa
 850 046d 33       		.byte	0x33
 851 046e 05010000 		.4byte	0x105
 852 0472 02       		.byte	0x2
 853 0473 23       		.byte	0x23
 854 0474 0C       		.uleb128 0xc
 855 0475 00       		.byte	0
 856 0476 09       		.uleb128 0x9
 857 0477 04       		.byte	0x4
 858 0478 26040000 		.4byte	0x426
 859 047c 05       		.uleb128 0x5
 860 047d 66010000 		.4byte	.LASF67
 861 0481 04       		.byte	0x4
 862 0482 0A       		.byte	0xa
 863 0483 3A       		.byte	0x3a
 864 0484 97040000 		.4byte	0x497
 865 0488 06       		.uleb128 0x6
 866 0489 94040000 		.4byte	.LASF68
 867 048d 0A       		.byte	0xa
 868 048e 3B       		.byte	0x3b
 869 048f 76040000 		.4byte	0x476
 870 0493 02       		.byte	0x2
 871 0494 23       		.byte	0x23
 872 0495 00       		.uleb128 0
 873 0496 00       		.byte	0
 874 0497 03       		.uleb128 0x3
 875 0498 66010000 		.4byte	.LASF67
 876 049c 0A       		.byte	0xa
 877 049d 3E       		.byte	0x3e
 878 049e 7C040000 		.4byte	0x47c
 879 04a2 0E       		.uleb128 0xe
 880 04a3 04       		.byte	0x4
 881 04a4 06       		.byte	0x6
 882 04a5 8F       		.byte	0x8f
 883 04a6 D7040000 		.4byte	0x4d7
 884 04aa 0F       		.uleb128 0xf
 885 04ab 07000000 		.4byte	.LASF69
 886 04af 06       		.byte	0x6
 887 04b0 96       		.byte	0x96
 888 04b1 EF000000 		.4byte	0xef
 889 04b5 0F       		.uleb128 0xf
 890 04b6 A3000000 		.4byte	.LASF70
 891 04ba 06       		.byte	0x6
 892 04bb 9D       		.byte	0x9d
 893 04bc EF000000 		.4byte	0xef
 894 04c0 0F       		.uleb128 0xf
 895 04c1 CB040000 		.4byte	.LASF71
 896 04c5 06       		.byte	0x6
 897 04c6 A4       		.byte	0xa4
 898 04c7 AE020000 		.4byte	0x2ae
 899 04cb 0F       		.uleb128 0xf
 900 04cc 5B030000 		.4byte	.LASF72
 901 04d0 06       		.byte	0x6
 902 04d1 AB       		.byte	0xab
 903 04d2 FA000000 		.4byte	0xfa
 904 04d6 00       		.byte	0
 905 04d7 09       		.uleb128 0x9
ARM GAS  C:\Users\TAISIK~1\AppData\Local\Temp\ccuj2gNl.s 			page 17


 906 04d8 04       		.byte	0x4
 907 04d9 DD040000 		.4byte	0x4dd
 908 04dd 10       		.uleb128 0x10
 909 04de E2040000 		.4byte	0x4e2
 910 04e2 04       		.uleb128 0x4
 911 04e3 01       		.byte	0x1
 912 04e4 08       		.byte	0x8
 913 04e5 02040000 		.4byte	.LASF73
 914 04e9 09       		.uleb128 0x9
 915 04ea 04       		.byte	0x4
 916 04eb 1B040000 		.4byte	0x41b
 917 04ef 09       		.uleb128 0x9
 918 04f0 04       		.byte	0x4
 919 04f1 F5040000 		.4byte	0x4f5
 920 04f5 11       		.uleb128 0x11
 921 04f6 01       		.byte	0x1
 922 04f7 EF000000 		.4byte	0xef
 923 04fb 05050000 		.4byte	0x505
 924 04ff 12       		.uleb128 0x12
 925 0500 AE020000 		.4byte	0x2ae
 926 0504 00       		.byte	0
 927 0505 03       		.uleb128 0x3
 928 0506 39020000 		.4byte	.LASF74
 929 050a 0B       		.byte	0xb
 930 050b 30       		.byte	0x30
 931 050c 10050000 		.4byte	0x510
 932 0510 05       		.uleb128 0x5
 933 0511 39020000 		.4byte	.LASF74
 934 0515 24       		.byte	0x24
 935 0516 0B       		.byte	0xb
 936 0517 3E       		.byte	0x3e
 937 0518 8D050000 		.4byte	0x58d
 938 051c 06       		.uleb128 0x6
 939 051d C6000000 		.4byte	.LASF75
 940 0521 0B       		.byte	0xb
 941 0522 3F       		.byte	0x3f
 942 0523 76020000 		.4byte	0x276
 943 0527 02       		.byte	0x2
 944 0528 23       		.byte	0x23
 945 0529 00       		.uleb128 0
 946 052a 06       		.uleb128 0x6
 947 052b B8030000 		.4byte	.LASF76
 948 052f 0B       		.byte	0xb
 949 0530 40       		.byte	0x40
 950 0531 30000000 		.4byte	0x30
 951 0535 02       		.byte	0x2
 952 0536 23       		.byte	0x23
 953 0537 08       		.uleb128 0x8
 954 0538 06       		.uleb128 0x6
 955 0539 2D010000 		.4byte	.LASF77
 956 053d 0B       		.byte	0xb
 957 053e 41       		.byte	0x41
 958 053f B0050000 		.4byte	0x5b0
 959 0543 02       		.byte	0x2
 960 0544 23       		.byte	0x23
 961 0545 0C       		.uleb128 0xc
 962 0546 06       		.uleb128 0x6
ARM GAS  C:\Users\TAISIK~1\AppData\Local\Temp\ccuj2gNl.s 			page 18


 963 0547 87040000 		.4byte	.LASF78
 964 054b 0B       		.byte	0xb
 965 054c 42       		.byte	0x42
 966 054d B0050000 		.4byte	0x5b0
 967 0551 02       		.byte	0x2
 968 0552 23       		.byte	0x23
 969 0553 10       		.uleb128 0x10
 970 0554 06       		.uleb128 0x6
 971 0555 36010000 		.4byte	.LASF79
 972 0559 0B       		.byte	0xb
 973 055a 44       		.byte	0x44
 974 055b B0050000 		.4byte	0x5b0
 975 055f 02       		.byte	0x2
 976 0560 23       		.byte	0x23
 977 0561 14       		.uleb128 0x14
 978 0562 06       		.uleb128 0x6
 979 0563 F5020000 		.4byte	.LASF80
 980 0567 0B       		.byte	0xb
 981 0568 45       		.byte	0x45
 982 0569 B0050000 		.4byte	0x5b0
 983 056d 02       		.byte	0x2
 984 056e 23       		.byte	0x23
 985 056f 18       		.uleb128 0x18
 986 0570 06       		.uleb128 0x6
 987 0571 A6040000 		.4byte	.LASF81
 988 0575 0B       		.byte	0xb
 989 0576 46       		.byte	0x46
 990 0577 8D050000 		.4byte	0x58d
 991 057b 02       		.byte	0x2
 992 057c 23       		.byte	0x23
 993 057d 1C       		.uleb128 0x1c
 994 057e 06       		.uleb128 0x6
 995 057f 3E010000 		.4byte	.LASF82
 996 0583 0B       		.byte	0xb
 997 0584 47       		.byte	0x47
 998 0585 AE020000 		.4byte	0x2ae
 999 0589 02       		.byte	0x2
 1000 058a 23       		.byte	0x23
 1001 058b 20       		.uleb128 0x20
 1002 058c 00       		.byte	0
 1003 058d 03       		.uleb128 0x3
 1004 058e 2F020000 		.4byte	.LASF83
 1005 0592 0B       		.byte	0xb
 1006 0593 33       		.byte	0x33
 1007 0594 98050000 		.4byte	0x598
 1008 0598 09       		.uleb128 0x9
 1009 0599 04       		.byte	0x4
 1010 059a 9E050000 		.4byte	0x59e
 1011 059e 13       		.uleb128 0x13
 1012 059f 01       		.byte	0x1
 1013 05a0 AA050000 		.4byte	0x5aa
 1014 05a4 12       		.uleb128 0x12
 1015 05a5 AA050000 		.4byte	0x5aa
 1016 05a9 00       		.byte	0
 1017 05aa 09       		.uleb128 0x9
 1018 05ab 04       		.byte	0x4
 1019 05ac 05050000 		.4byte	0x505
ARM GAS  C:\Users\TAISIK~1\AppData\Local\Temp\ccuj2gNl.s 			page 19


 1020 05b0 09       		.uleb128 0x9
 1021 05b1 04       		.byte	0x4
 1022 05b2 49000000 		.4byte	0x49
 1023 05b6 03       		.uleb128 0x3
 1024 05b7 24020000 		.4byte	.LASF84
 1025 05bb 0B       		.byte	0xb
 1026 05bc 7B       		.byte	0x7b
 1027 05bd 05050000 		.4byte	0x505
 1028 05c1 03       		.uleb128 0x3
 1029 05c2 17000000 		.4byte	.LASF85
 1030 05c6 0B       		.byte	0xb
 1031 05c7 EE       		.byte	0xee
 1032 05c8 05050000 		.4byte	0x505
 1033 05cc 11       		.uleb128 0x11
 1034 05cd 01       		.byte	0x1
 1035 05ce 30000000 		.4byte	0x30
 1036 05d2 E6050000 		.4byte	0x5e6
 1037 05d6 12       		.uleb128 0x12
 1038 05d7 AE020000 		.4byte	0x2ae
 1039 05db 12       		.uleb128 0x12
 1040 05dc E6050000 		.4byte	0x5e6
 1041 05e0 12       		.uleb128 0x12
 1042 05e1 30000000 		.4byte	0x30
 1043 05e5 00       		.byte	0
 1044 05e6 09       		.uleb128 0x9
 1045 05e7 04       		.byte	0x4
 1046 05e8 EC050000 		.4byte	0x5ec
 1047 05ec 10       		.uleb128 0x10
 1048 05ed 49000000 		.4byte	0x49
 1049 05f1 09       		.uleb128 0x9
 1050 05f2 04       		.byte	0x4
 1051 05f3 CC050000 		.4byte	0x5cc
 1052 05f7 11       		.uleb128 0x11
 1053 05f8 01       		.byte	0x1
 1054 05f9 30000000 		.4byte	0x30
 1055 05fd 11060000 		.4byte	0x611
 1056 0601 12       		.uleb128 0x12
 1057 0602 AE020000 		.4byte	0x2ae
 1058 0606 12       		.uleb128 0x12
 1059 0607 B0050000 		.4byte	0x5b0
 1060 060b 12       		.uleb128 0x12
 1061 060c 30000000 		.4byte	0x30
 1062 0610 00       		.byte	0
 1063 0611 09       		.uleb128 0x9
 1064 0612 04       		.byte	0x4
 1065 0613 F7050000 		.4byte	0x5f7
 1066 0617 11       		.uleb128 0x11
 1067 0618 01       		.byte	0x1
 1068 0619 EF000000 		.4byte	0xef
 1069 061d 2C060000 		.4byte	0x62c
 1070 0621 12       		.uleb128 0x12
 1071 0622 AE020000 		.4byte	0x2ae
 1072 0626 12       		.uleb128 0x12
 1073 0627 49000000 		.4byte	0x49
 1074 062b 00       		.byte	0
 1075 062c 09       		.uleb128 0x9
 1076 062d 04       		.byte	0x4
ARM GAS  C:\Users\TAISIK~1\AppData\Local\Temp\ccuj2gNl.s 			page 20


 1077 062e 17060000 		.4byte	0x617
 1078 0632 0D       		.uleb128 0xd
 1079 0633 62000000 		.4byte	0x62
 1080 0637 0D       		.uleb128 0xd
 1081 0638 74000000 		.4byte	0x74
 1082 063c 14       		.uleb128 0x14
 1083 063d 04       		.byte	0x4
 1084 063e 0C       		.byte	0xc
 1085 063f 4D02     		.2byte	0x24d
 1086 0641 64060000 		.4byte	0x664
 1087 0645 0C       		.uleb128 0xc
 1088 0646 73657400 		.ascii	"set\000"
 1089 064a 0C       		.byte	0xc
 1090 064b 4E02     		.2byte	0x24e
 1091 064d 62000000 		.4byte	0x62
 1092 0651 02       		.byte	0x2
 1093 0652 23       		.byte	0x23
 1094 0653 00       		.uleb128 0
 1095 0654 15       		.uleb128 0x15
 1096 0655 64020000 		.4byte	.LASF86
 1097 0659 0C       		.byte	0xc
 1098 065a 4F02     		.2byte	0x24f
 1099 065c 62000000 		.4byte	0x62
 1100 0660 02       		.byte	0x2
 1101 0661 23       		.byte	0x23
 1102 0662 02       		.uleb128 0x2
 1103 0663 00       		.byte	0
 1104 0664 16       		.uleb128 0x16
 1105 0665 04       		.byte	0x4
 1106 0666 0C       		.byte	0xc
 1107 0667 4B02     		.2byte	0x24b
 1108 0669 82060000 		.4byte	0x682
 1109 066d 17       		.uleb128 0x17
 1110 066e 5700     		.ascii	"W\000"
 1111 0670 0C       		.byte	0xc
 1112 0671 4C02     		.2byte	0x24c
 1113 0673 86000000 		.4byte	0x86
 1114 0677 17       		.uleb128 0x17
 1115 0678 4800     		.ascii	"H\000"
 1116 067a 0C       		.byte	0xc
 1117 067b 5002     		.2byte	0x250
 1118 067d 3C060000 		.4byte	0x63c
 1119 0681 00       		.byte	0
 1120 0682 14       		.uleb128 0x14
 1121 0683 28       		.byte	0x28
 1122 0684 0C       		.byte	0xc
 1123 0685 4302     		.2byte	0x243
 1124 0687 22070000 		.4byte	0x722
 1125 068b 15       		.uleb128 0x15
 1126 068c 80000000 		.4byte	.LASF87
 1127 0690 0C       		.byte	0xc
 1128 0691 4502     		.2byte	0x245
 1129 0693 6C030000 		.4byte	0x36c
 1130 0697 02       		.byte	0x2
 1131 0698 23       		.byte	0x23
 1132 0699 00       		.uleb128 0
 1133 069a 15       		.uleb128 0x15
ARM GAS  C:\Users\TAISIK~1\AppData\Local\Temp\ccuj2gNl.s 			page 21


 1134 069b 23000000 		.4byte	.LASF88
 1135 069f 0C       		.byte	0xc
 1136 06a0 4602     		.2byte	0x246
 1137 06a2 6C030000 		.4byte	0x36c
 1138 06a6 02       		.byte	0x2
 1139 06a7 23       		.byte	0x23
 1140 06a8 04       		.uleb128 0x4
 1141 06a9 15       		.uleb128 0x15
 1142 06aa 4D010000 		.4byte	.LASF89
 1143 06ae 0C       		.byte	0xc
 1144 06af 4702     		.2byte	0x247
 1145 06b1 6C030000 		.4byte	0x36c
 1146 06b5 02       		.byte	0x2
 1147 06b6 23       		.byte	0x23
 1148 06b7 08       		.uleb128 0x8
 1149 06b8 15       		.uleb128 0x15
 1150 06b9 9D000000 		.4byte	.LASF90
 1151 06bd 0C       		.byte	0xc
 1152 06be 4802     		.2byte	0x248
 1153 06c0 6C030000 		.4byte	0x36c
 1154 06c4 02       		.byte	0x2
 1155 06c5 23       		.byte	0x23
 1156 06c6 0C       		.uleb128 0xc
 1157 06c7 0C       		.uleb128 0xc
 1158 06c8 49445200 		.ascii	"IDR\000"
 1159 06cc 0C       		.byte	0xc
 1160 06cd 4902     		.2byte	0x249
 1161 06cf 6C030000 		.4byte	0x36c
 1162 06d3 02       		.byte	0x2
 1163 06d4 23       		.byte	0x23
 1164 06d5 10       		.uleb128 0x10
 1165 06d6 0C       		.uleb128 0xc
 1166 06d7 4F445200 		.ascii	"ODR\000"
 1167 06db 0C       		.byte	0xc
 1168 06dc 4A02     		.2byte	0x24a
 1169 06de 6C030000 		.4byte	0x36c
 1170 06e2 02       		.byte	0x2
 1171 06e3 23       		.byte	0x23
 1172 06e4 14       		.uleb128 0x14
 1173 06e5 15       		.uleb128 0x15
 1174 06e6 EA000000 		.4byte	.LASF91
 1175 06ea 0C       		.byte	0xc
 1176 06eb 5102     		.2byte	0x251
 1177 06ed 22070000 		.4byte	0x722
 1178 06f1 02       		.byte	0x2
 1179 06f2 23       		.byte	0x23
 1180 06f3 18       		.uleb128 0x18
 1181 06f4 15       		.uleb128 0x15
 1182 06f5 88030000 		.4byte	.LASF92
 1183 06f9 0C       		.byte	0xc
 1184 06fa 5202     		.2byte	0x252
 1185 06fc 6C030000 		.4byte	0x36c
 1186 0700 02       		.byte	0x2
 1187 0701 23       		.byte	0x23
 1188 0702 1C       		.uleb128 0x1c
 1189 0703 15       		.uleb128 0x15
 1190 0704 A7020000 		.4byte	.LASF93
ARM GAS  C:\Users\TAISIK~1\AppData\Local\Temp\ccuj2gNl.s 			page 22


 1191 0708 0C       		.byte	0xc
 1192 0709 5302     		.2byte	0x253
 1193 070b 6C030000 		.4byte	0x36c
 1194 070f 02       		.byte	0x2
 1195 0710 23       		.byte	0x23
 1196 0711 20       		.uleb128 0x20
 1197 0712 15       		.uleb128 0x15
 1198 0713 A2020000 		.4byte	.LASF94
 1199 0717 0C       		.byte	0xc
 1200 0718 5402     		.2byte	0x254
 1201 071a 6C030000 		.4byte	0x36c
 1202 071e 02       		.byte	0x2
 1203 071f 23       		.byte	0x23
 1204 0720 24       		.uleb128 0x24
 1205 0721 00       		.byte	0
 1206 0722 0D       		.uleb128 0xd
 1207 0723 64060000 		.4byte	0x664
 1208 0727 18       		.uleb128 0x18
 1209 0728 B7010000 		.4byte	.LASF95
 1210 072c 0C       		.byte	0xc
 1211 072d 5502     		.2byte	0x255
 1212 072f 82060000 		.4byte	0x682
 1213 0733 14       		.uleb128 0x14
 1214 0734 2C       		.byte	0x2c
 1215 0735 0C       		.byte	0xc
 1216 0736 3103     		.2byte	0x331
 1217 0738 2D080000 		.4byte	0x82d
 1218 073c 0C       		.uleb128 0xc
 1219 073d 43523100 		.ascii	"CR1\000"
 1220 0741 0C       		.byte	0xc
 1221 0742 3303     		.2byte	0x333
 1222 0744 6C030000 		.4byte	0x36c
 1223 0748 02       		.byte	0x2
 1224 0749 23       		.byte	0x23
 1225 074a 00       		.uleb128 0
 1226 074b 0C       		.uleb128 0xc
 1227 074c 43523200 		.ascii	"CR2\000"
 1228 0750 0C       		.byte	0xc
 1229 0751 3403     		.2byte	0x334
 1230 0753 6C030000 		.4byte	0x36c
 1231 0757 02       		.byte	0x2
 1232 0758 23       		.byte	0x23
 1233 0759 04       		.uleb128 0x4
 1234 075a 0C       		.uleb128 0xc
 1235 075b 43523300 		.ascii	"CR3\000"
 1236 075f 0C       		.byte	0xc
 1237 0760 3503     		.2byte	0x335
 1238 0762 6C030000 		.4byte	0x36c
 1239 0766 02       		.byte	0x2
 1240 0767 23       		.byte	0x23
 1241 0768 08       		.uleb128 0x8
 1242 0769 0C       		.uleb128 0xc
 1243 076a 42525200 		.ascii	"BRR\000"
 1244 076e 0C       		.byte	0xc
 1245 076f 3603     		.2byte	0x336
 1246 0771 32060000 		.4byte	0x632
 1247 0775 02       		.byte	0x2
ARM GAS  C:\Users\TAISIK~1\AppData\Local\Temp\ccuj2gNl.s 			page 23


 1248 0776 23       		.byte	0x23
 1249 0777 0C       		.uleb128 0xc
 1250 0778 15       		.uleb128 0x15
 1251 0779 BE020000 		.4byte	.LASF96
 1252 077d 0C       		.byte	0xc
 1253 077e 3703     		.2byte	0x337
 1254 0780 62000000 		.4byte	0x62
 1255 0784 02       		.byte	0x2
 1256 0785 23       		.byte	0x23
 1257 0786 0E       		.uleb128 0xe
 1258 0787 15       		.uleb128 0x15
 1259 0788 EF000000 		.4byte	.LASF97
 1260 078c 0C       		.byte	0xc
 1261 078d 3803     		.2byte	0x338
 1262 078f 32060000 		.4byte	0x632
 1263 0793 02       		.byte	0x2
 1264 0794 23       		.byte	0x23
 1265 0795 10       		.uleb128 0x10
 1266 0796 15       		.uleb128 0x15
 1267 0797 C8020000 		.4byte	.LASF98
 1268 079b 0C       		.byte	0xc
 1269 079c 3903     		.2byte	0x339
 1270 079e 62000000 		.4byte	0x62
 1271 07a2 02       		.byte	0x2
 1272 07a3 23       		.byte	0x23
 1273 07a4 12       		.uleb128 0x12
 1274 07a5 15       		.uleb128 0x15
 1275 07a6 5B040000 		.4byte	.LASF99
 1276 07aa 0C       		.byte	0xc
 1277 07ab 3A03     		.2byte	0x33a
 1278 07ad 6C030000 		.4byte	0x36c
 1279 07b1 02       		.byte	0x2
 1280 07b2 23       		.byte	0x23
 1281 07b3 14       		.uleb128 0x14
 1282 07b4 0C       		.uleb128 0xc
 1283 07b5 52515200 		.ascii	"RQR\000"
 1284 07b9 0C       		.byte	0xc
 1285 07ba 3B03     		.2byte	0x33b
 1286 07bc 32060000 		.4byte	0x632
 1287 07c0 02       		.byte	0x2
 1288 07c1 23       		.byte	0x23
 1289 07c2 18       		.uleb128 0x18
 1290 07c3 15       		.uleb128 0x15
 1291 07c4 D2020000 		.4byte	.LASF100
 1292 07c8 0C       		.byte	0xc
 1293 07c9 3C03     		.2byte	0x33c
 1294 07cb 62000000 		.4byte	0x62
 1295 07cf 02       		.byte	0x2
 1296 07d0 23       		.byte	0x23
 1297 07d1 1A       		.uleb128 0x1a
 1298 07d2 0C       		.uleb128 0xc
 1299 07d3 49535200 		.ascii	"ISR\000"
 1300 07d7 0C       		.byte	0xc
 1301 07d8 3D03     		.2byte	0x33d
 1302 07da 6C030000 		.4byte	0x36c
 1303 07de 02       		.byte	0x2
 1304 07df 23       		.byte	0x23
ARM GAS  C:\Users\TAISIK~1\AppData\Local\Temp\ccuj2gNl.s 			page 24


 1305 07e0 1C       		.uleb128 0x1c
 1306 07e1 0C       		.uleb128 0xc
 1307 07e2 49435200 		.ascii	"ICR\000"
 1308 07e6 0C       		.byte	0xc
 1309 07e7 3E03     		.2byte	0x33e
 1310 07e9 6C030000 		.4byte	0x36c
 1311 07ed 02       		.byte	0x2
 1312 07ee 23       		.byte	0x23
 1313 07ef 20       		.uleb128 0x20
 1314 07f0 0C       		.uleb128 0xc
 1315 07f1 52445200 		.ascii	"RDR\000"
 1316 07f5 0C       		.byte	0xc
 1317 07f6 3F03     		.2byte	0x33f
 1318 07f8 32060000 		.4byte	0x632
 1319 07fc 02       		.byte	0x2
 1320 07fd 23       		.byte	0x23
 1321 07fe 24       		.uleb128 0x24
 1322 07ff 15       		.uleb128 0x15
 1323 0800 DC020000 		.4byte	.LASF101
 1324 0804 0C       		.byte	0xc
 1325 0805 4003     		.2byte	0x340
 1326 0807 62000000 		.4byte	0x62
 1327 080b 02       		.byte	0x2
 1328 080c 23       		.byte	0x23
 1329 080d 26       		.uleb128 0x26
 1330 080e 0C       		.uleb128 0xc
 1331 080f 54445200 		.ascii	"TDR\000"
 1332 0813 0C       		.byte	0xc
 1333 0814 4103     		.2byte	0x341
 1334 0816 32060000 		.4byte	0x632
 1335 081a 02       		.byte	0x2
 1336 081b 23       		.byte	0x23
 1337 081c 28       		.uleb128 0x28
 1338 081d 15       		.uleb128 0x15
 1339 081e AE030000 		.4byte	.LASF102
 1340 0822 0C       		.byte	0xc
 1341 0823 4203     		.2byte	0x342
 1342 0825 62000000 		.4byte	0x62
 1343 0829 02       		.byte	0x2
 1344 082a 23       		.byte	0x23
 1345 082b 2A       		.uleb128 0x2a
 1346 082c 00       		.byte	0
 1347 082d 18       		.uleb128 0x18
 1348 082e EF010000 		.4byte	.LASF103
 1349 0832 0C       		.byte	0xc
 1350 0833 4303     		.2byte	0x343
 1351 0835 33070000 		.4byte	0x733
 1352 0839 11       		.uleb128 0x11
 1353 083a 01       		.byte	0x1
 1354 083b EF000000 		.4byte	0xef
 1355 083f 53080000 		.4byte	0x853
 1356 0843 12       		.uleb128 0x12
 1357 0844 AE020000 		.4byte	0x2ae
 1358 0848 12       		.uleb128 0x12
 1359 0849 49000000 		.4byte	0x49
 1360 084d 12       		.uleb128 0x12
 1361 084e 10010000 		.4byte	0x110
ARM GAS  C:\Users\TAISIK~1\AppData\Local\Temp\ccuj2gNl.s 			page 25


 1362 0852 00       		.byte	0
 1363 0853 09       		.uleb128 0x9
 1364 0854 04       		.byte	0x4
 1365 0855 39080000 		.4byte	0x839
 1366 0859 11       		.uleb128 0x11
 1367 085a 01       		.byte	0x1
 1368 085b EF000000 		.4byte	0xef
 1369 085f 6E080000 		.4byte	0x86e
 1370 0863 12       		.uleb128 0x12
 1371 0864 AE020000 		.4byte	0x2ae
 1372 0868 12       		.uleb128 0x12
 1373 0869 10010000 		.4byte	0x110
 1374 086d 00       		.byte	0
 1375 086e 09       		.uleb128 0x9
 1376 086f 04       		.byte	0x4
 1377 0870 59080000 		.4byte	0x859
 1378 0874 11       		.uleb128 0x11
 1379 0875 01       		.byte	0x1
 1380 0876 30000000 		.4byte	0x30
 1381 087a 93080000 		.4byte	0x893
 1382 087e 12       		.uleb128 0x12
 1383 087f AE020000 		.4byte	0x2ae
 1384 0883 12       		.uleb128 0x12
 1385 0884 E6050000 		.4byte	0x5e6
 1386 0888 12       		.uleb128 0x12
 1387 0889 30000000 		.4byte	0x30
 1388 088d 12       		.uleb128 0x12
 1389 088e 10010000 		.4byte	0x110
 1390 0892 00       		.byte	0
 1391 0893 09       		.uleb128 0x9
 1392 0894 04       		.byte	0x4
 1393 0895 74080000 		.4byte	0x874
 1394 0899 11       		.uleb128 0x11
 1395 089a 01       		.byte	0x1
 1396 089b 30000000 		.4byte	0x30
 1397 089f B8080000 		.4byte	0x8b8
 1398 08a3 12       		.uleb128 0x12
 1399 08a4 AE020000 		.4byte	0x2ae
 1400 08a8 12       		.uleb128 0x12
 1401 08a9 B0050000 		.4byte	0x5b0
 1402 08ad 12       		.uleb128 0x12
 1403 08ae 30000000 		.4byte	0x30
 1404 08b2 12       		.uleb128 0x12
 1405 08b3 10010000 		.4byte	0x110
 1406 08b7 00       		.byte	0
 1407 08b8 09       		.uleb128 0x9
 1408 08b9 04       		.byte	0x4
 1409 08ba 99080000 		.4byte	0x899
 1410 08be 03       		.uleb128 0x3
 1411 08bf 2A000000 		.4byte	.LASF104
 1412 08c3 0D       		.byte	0xd
 1413 08c4 EE       		.byte	0xee
 1414 08c5 86000000 		.4byte	0x86
 1415 08c9 19       		.uleb128 0x19
 1416 08ca 01       		.byte	0x1
 1417 08cb 0E       		.byte	0xe
 1418 08cc 5D       		.byte	0x5d
ARM GAS  C:\Users\TAISIK~1\AppData\Local\Temp\ccuj2gNl.s 			page 26


 1419 08cd E4080000 		.4byte	0x8e4
 1420 08d1 1A       		.uleb128 0x1a
 1421 08d2 A4030000 		.4byte	.LASF105
 1422 08d6 00       		.sleb128 0
 1423 08d7 1A       		.uleb128 0x1a
 1424 08d8 79030000 		.4byte	.LASF106
 1425 08dc 01       		.sleb128 1
 1426 08dd 1A       		.uleb128 0x1a
 1427 08de 75040000 		.4byte	.LASF107
 1428 08e2 02       		.sleb128 2
 1429 08e3 00       		.byte	0
 1430 08e4 03       		.uleb128 0x3
 1431 08e5 CA030000 		.4byte	.LASF108
 1432 08e9 0E       		.byte	0xe
 1433 08ea 61       		.byte	0x61
 1434 08eb C9080000 		.4byte	0x8c9
 1435 08ef 03       		.uleb128 0x3
 1436 08f0 D4030000 		.4byte	.LASF109
 1437 08f4 0E       		.byte	0xe
 1438 08f5 66       		.byte	0x66
 1439 08f6 FA080000 		.4byte	0x8fa
 1440 08fa 05       		.uleb128 0x5
 1441 08fb D4030000 		.4byte	.LASF109
 1442 08ff 7C       		.byte	0x7c
 1443 0900 0E       		.byte	0xe
 1444 0901 80       		.byte	0x80
 1445 0902 83090000 		.4byte	0x983
 1446 0906 07       		.uleb128 0x7
 1447 0907 766D7400 		.ascii	"vmt\000"
 1448 090b 0E       		.byte	0xe
 1449 090c 82       		.byte	0x82
 1450 090d 000A0000 		.4byte	0xa00
 1451 0911 02       		.byte	0x2
 1452 0912 23       		.byte	0x23
 1453 0913 00       		.uleb128 0
 1454 0914 06       		.uleb128 0x6
 1455 0915 C9010000 		.4byte	.LASF110
 1456 0919 0E       		.byte	0xe
 1457 091a 83       		.byte	0x83
 1458 091b 97040000 		.4byte	0x497
 1459 091f 02       		.byte	0x2
 1460 0920 23       		.byte	0x23
 1461 0921 04       		.uleb128 0x4
 1462 0922 06       		.uleb128 0x6
 1463 0923 0E010000 		.4byte	.LASF111
 1464 0927 0E       		.byte	0xe
 1465 0928 83       		.byte	0x83
 1466 0929 E4080000 		.4byte	0x8e4
 1467 092d 02       		.byte	0x2
 1468 092e 23       		.byte	0x23
 1469 092f 08       		.uleb128 0x8
 1470 0930 06       		.uleb128 0x6
 1471 0931 A5010000 		.4byte	.LASF112
 1472 0935 0E       		.byte	0xe
 1473 0936 83       		.byte	0x83
 1474 0937 B6050000 		.4byte	0x5b6
 1475 093b 02       		.byte	0x2
ARM GAS  C:\Users\TAISIK~1\AppData\Local\Temp\ccuj2gNl.s 			page 27


 1476 093c 23       		.byte	0x23
 1477 093d 0C       		.uleb128 0xc
 1478 093e 06       		.uleb128 0x6
 1479 093f E8010000 		.4byte	.LASF113
 1480 0943 0E       		.byte	0xe
 1481 0944 83       		.byte	0x83
 1482 0945 C1050000 		.4byte	0x5c1
 1483 0949 02       		.byte	0x2
 1484 094a 23       		.byte	0x23
 1485 094b 30       		.uleb128 0x30
 1486 094c 07       		.uleb128 0x7
 1487 094d 696200   		.ascii	"ib\000"
 1488 0950 0E       		.byte	0xe
 1489 0951 83       		.byte	0x83
 1490 0952 0B0A0000 		.4byte	0xa0b
 1491 0956 02       		.byte	0x2
 1492 0957 23       		.byte	0x23
 1493 0958 54       		.uleb128 0x54
 1494 0959 07       		.uleb128 0x7
 1495 095a 6F6200   		.ascii	"ob\000"
 1496 095d 0E       		.byte	0xe
 1497 095e 83       		.byte	0x83
 1498 095f 0B0A0000 		.4byte	0xa0b
 1499 0963 02       		.byte	0x2
 1500 0964 23       		.byte	0x23
 1501 0965 64       		.uleb128 0x64
 1502 0966 06       		.uleb128 0x6
 1503 0967 72010000 		.4byte	.LASF114
 1504 096b 0E       		.byte	0xe
 1505 096c 83       		.byte	0x83
 1506 096d 1B0A0000 		.4byte	0xa1b
 1507 0971 02       		.byte	0x2
 1508 0972 23       		.byte	0x23
 1509 0973 74       		.uleb128 0x74
 1510 0974 06       		.uleb128 0x6
 1511 0975 D2040000 		.4byte	.LASF115
 1512 0979 0E       		.byte	0xe
 1513 097a 83       		.byte	0x83
 1514 097b 86000000 		.4byte	0x86
 1515 097f 02       		.byte	0x2
 1516 0980 23       		.byte	0x23
 1517 0981 78       		.uleb128 0x78
 1518 0982 00       		.byte	0
 1519 0983 05       		.uleb128 0x5
 1520 0984 8E010000 		.4byte	.LASF116
 1521 0988 20       		.byte	0x20
 1522 0989 0E       		.byte	0xe
 1523 098a 75       		.byte	0x75
 1524 098b 000A0000 		.4byte	0xa00
 1525 098f 06       		.uleb128 0x6
 1526 0990 59020000 		.4byte	.LASF117
 1527 0994 0E       		.byte	0xe
 1528 0995 76       		.byte	0x76
 1529 0996 F1050000 		.4byte	0x5f1
 1530 099a 02       		.byte	0x2
 1531 099b 23       		.byte	0x23
 1532 099c 00       		.uleb128 0
ARM GAS  C:\Users\TAISIK~1\AppData\Local\Temp\ccuj2gNl.s 			page 28


 1533 099d 06       		.uleb128 0x6
 1534 099e FD030000 		.4byte	.LASF118
 1535 09a2 0E       		.byte	0xe
 1536 09a3 76       		.byte	0x76
 1537 09a4 11060000 		.4byte	0x611
 1538 09a8 02       		.byte	0x2
 1539 09a9 23       		.byte	0x23
 1540 09aa 04       		.uleb128 0x4
 1541 09ab 07       		.uleb128 0x7
 1542 09ac 70757400 		.ascii	"put\000"
 1543 09b0 0E       		.byte	0xe
 1544 09b1 76       		.byte	0x76
 1545 09b2 2C060000 		.4byte	0x62c
 1546 09b6 02       		.byte	0x2
 1547 09b7 23       		.byte	0x23
 1548 09b8 08       		.uleb128 0x8
 1549 09b9 07       		.uleb128 0x7
 1550 09ba 67657400 		.ascii	"get\000"
 1551 09be 0E       		.byte	0xe
 1552 09bf 76       		.byte	0x76
 1553 09c0 EF040000 		.4byte	0x4ef
 1554 09c4 02       		.byte	0x2
 1555 09c5 23       		.byte	0x23
 1556 09c6 0C       		.uleb128 0xc
 1557 09c7 06       		.uleb128 0x6
 1558 09c8 5F020000 		.4byte	.LASF119
 1559 09cc 0E       		.byte	0xe
 1560 09cd 76       		.byte	0x76
 1561 09ce 53080000 		.4byte	0x853
 1562 09d2 02       		.byte	0x2
 1563 09d3 23       		.byte	0x23
 1564 09d4 10       		.uleb128 0x10
 1565 09d5 06       		.uleb128 0x6
 1566 09d6 C4010000 		.4byte	.LASF120
 1567 09da 0E       		.byte	0xe
 1568 09db 76       		.byte	0x76
 1569 09dc 6E080000 		.4byte	0x86e
 1570 09e0 02       		.byte	0x2
 1571 09e1 23       		.byte	0x23
 1572 09e2 14       		.uleb128 0x14
 1573 09e3 06       		.uleb128 0x6
 1574 09e4 FD010000 		.4byte	.LASF121
 1575 09e8 0E       		.byte	0xe
 1576 09e9 76       		.byte	0x76
 1577 09ea 93080000 		.4byte	0x893
 1578 09ee 02       		.byte	0x2
 1579 09ef 23       		.byte	0x23
 1580 09f0 18       		.uleb128 0x18
 1581 09f1 06       		.uleb128 0x6
 1582 09f2 C0000000 		.4byte	.LASF122
 1583 09f6 0E       		.byte	0xe
 1584 09f7 76       		.byte	0x76
 1585 09f8 B8080000 		.4byte	0x8b8
 1586 09fc 02       		.byte	0x2
 1587 09fd 23       		.byte	0x23
 1588 09fe 1C       		.uleb128 0x1c
 1589 09ff 00       		.byte	0
ARM GAS  C:\Users\TAISIK~1\AppData\Local\Temp\ccuj2gNl.s 			page 29


 1590 0a00 09       		.uleb128 0x9
 1591 0a01 04       		.byte	0x4
 1592 0a02 060A0000 		.4byte	0xa06
 1593 0a06 10       		.uleb128 0x10
 1594 0a07 83090000 		.4byte	0x983
 1595 0a0b 1B       		.uleb128 0x1b
 1596 0a0c 49000000 		.4byte	0x49
 1597 0a10 1B0A0000 		.4byte	0xa1b
 1598 0a14 1C       		.uleb128 0x1c
 1599 0a15 3B000000 		.4byte	0x3b
 1600 0a19 0F       		.byte	0xf
 1601 0a1a 00       		.byte	0
 1602 0a1b 09       		.uleb128 0x9
 1603 0a1c 04       		.byte	0x4
 1604 0a1d 2D080000 		.4byte	0x82d
 1605 0a21 1B       		.uleb128 0x1b
 1606 0a22 B0020000 		.4byte	0x2b0
 1607 0a26 310A0000 		.4byte	0xa31
 1608 0a2a 1C       		.uleb128 0x1c
 1609 0a2b 3B000000 		.4byte	0x3b
 1610 0a2f 25       		.byte	0x25
 1611 0a30 00       		.byte	0
 1612 0a31 1D       		.uleb128 0x1d
 1613 0a32 51020000 		.4byte	.LASF128
 1614 0a36 01       		.byte	0x1
 1615 0a37 1E       		.byte	0x1e
 1616 0a38 01       		.byte	0x1
 1617 0a39 EF000000 		.4byte	0xef
 1618 0a3d 00000000 		.4byte	.LFB118
 1619 0a41 94000000 		.4byte	.LFE118
 1620 0a45 00000000 		.4byte	.LLST0
 1621 0a49 5D0A0000 		.4byte	0xa5d
 1622 0a4d 1E       		.uleb128 0x1e
 1623 0a4e 61726700 		.ascii	"arg\000"
 1624 0a52 01       		.byte	0x1
 1625 0a53 1E       		.byte	0x1e
 1626 0a54 AE020000 		.4byte	0x2ae
 1627 0a58 20000000 		.4byte	.LLST1
 1628 0a5c 00       		.byte	0
 1629 0a5d 1F       		.uleb128 0x1f
 1630 0a5e 01       		.byte	0x1
 1631 0a5f D8040000 		.4byte	.LASF129
 1632 0a63 01       		.byte	0x1
 1633 0a64 41       		.byte	0x41
 1634 0a65 01       		.byte	0x1
 1635 0a66 29000000 		.4byte	0x29
 1636 0a6a 00000000 		.4byte	.LFB119
 1637 0a6e 70000000 		.4byte	.LFE119
 1638 0a72 33000000 		.4byte	.LLST2
 1639 0a76 20       		.uleb128 0x20
 1640 0a77 AF040000 		.4byte	.LASF123
 1641 0a7b 08       		.byte	0x8
 1642 0a7c 68       		.byte	0x68
 1643 0a7d D3030000 		.4byte	0x3d3
 1644 0a81 01       		.byte	0x1
 1645 0a82 01       		.byte	0x1
 1646 0a83 21       		.uleb128 0x21
ARM GAS  C:\Users\TAISIK~1\AppData\Local\Temp\ccuj2gNl.s 			page 30


 1647 0a84 AC000000 		.4byte	.LASF124
 1648 0a88 0F       		.byte	0xf
 1649 0a89 9806     		.2byte	0x698
 1650 0a8b 37060000 		.4byte	0x637
 1651 0a8f 01       		.byte	0x1
 1652 0a90 01       		.byte	0x1
 1653 0a91 22       		.uleb128 0x22
 1654 0a92 53443100 		.ascii	"SD1\000"
 1655 0a96 10       		.byte	0x10
 1656 0a97 1501     		.2byte	0x115
 1657 0a99 EF080000 		.4byte	0x8ef
 1658 0a9d 01       		.byte	0x1
 1659 0a9e 01       		.byte	0x1
 1660 0a9f 23       		.uleb128 0x23
 1661 0aa0 AC020000 		.4byte	.LASF130
 1662 0aa4 01       		.byte	0x1
 1663 0aa5 1D       		.byte	0x1d
 1664 0aa6 210A0000 		.4byte	0xa21
 1665 0aaa 05       		.byte	0x5
 1666 0aab 03       		.byte	0x3
 1667 0aac 00000000 		.4byte	waThread1
 1668 0ab0 20       		.uleb128 0x20
 1669 0ab1 AF040000 		.4byte	.LASF123
 1670 0ab5 08       		.byte	0x8
 1671 0ab6 68       		.byte	0x68
 1672 0ab7 D3030000 		.4byte	0x3d3
 1673 0abb 01       		.byte	0x1
 1674 0abc 01       		.byte	0x1
 1675 0abd 21       		.uleb128 0x21
 1676 0abe AC000000 		.4byte	.LASF124
 1677 0ac2 0F       		.byte	0xf
 1678 0ac3 9806     		.2byte	0x698
 1679 0ac5 37060000 		.4byte	0x637
 1680 0ac9 01       		.byte	0x1
 1681 0aca 01       		.byte	0x1
 1682 0acb 22       		.uleb128 0x22
 1683 0acc 53443100 		.ascii	"SD1\000"
 1684 0ad0 10       		.byte	0x10
 1685 0ad1 1501     		.2byte	0x115
 1686 0ad3 EF080000 		.4byte	0x8ef
 1687 0ad7 01       		.byte	0x1
 1688 0ad8 01       		.byte	0x1
 1689 0ad9 00       		.byte	0
 1690              		.section	.debug_abbrev,"",%progbits
 1691              	.Ldebug_abbrev0:
 1692 0000 01       		.uleb128 0x1
 1693 0001 11       		.uleb128 0x11
 1694 0002 01       		.byte	0x1
 1695 0003 25       		.uleb128 0x25
 1696 0004 0E       		.uleb128 0xe
 1697 0005 13       		.uleb128 0x13
 1698 0006 0B       		.uleb128 0xb
 1699 0007 03       		.uleb128 0x3
 1700 0008 0E       		.uleb128 0xe
 1701 0009 1B       		.uleb128 0x1b
 1702 000a 0E       		.uleb128 0xe
 1703 000b 11       		.uleb128 0x11
ARM GAS  C:\Users\TAISIK~1\AppData\Local\Temp\ccuj2gNl.s 			page 31


 1704 000c 01       		.uleb128 0x1
 1705 000d 52       		.uleb128 0x52
 1706 000e 01       		.uleb128 0x1
 1707 000f 55       		.uleb128 0x55
 1708 0010 06       		.uleb128 0x6
 1709 0011 10       		.uleb128 0x10
 1710 0012 06       		.uleb128 0x6
 1711 0013 00       		.byte	0
 1712 0014 00       		.byte	0
 1713 0015 02       		.uleb128 0x2
 1714 0016 24       		.uleb128 0x24
 1715 0017 00       		.byte	0
 1716 0018 0B       		.uleb128 0xb
 1717 0019 0B       		.uleb128 0xb
 1718 001a 3E       		.uleb128 0x3e
 1719 001b 0B       		.uleb128 0xb
 1720 001c 03       		.uleb128 0x3
 1721 001d 08       		.uleb128 0x8
 1722 001e 00       		.byte	0
 1723 001f 00       		.byte	0
 1724 0020 03       		.uleb128 0x3
 1725 0021 16       		.uleb128 0x16
 1726 0022 00       		.byte	0
 1727 0023 03       		.uleb128 0x3
 1728 0024 0E       		.uleb128 0xe
 1729 0025 3A       		.uleb128 0x3a
 1730 0026 0B       		.uleb128 0xb
 1731 0027 3B       		.uleb128 0x3b
 1732 0028 0B       		.uleb128 0xb
 1733 0029 49       		.uleb128 0x49
 1734 002a 13       		.uleb128 0x13
 1735 002b 00       		.byte	0
 1736 002c 00       		.byte	0
 1737 002d 04       		.uleb128 0x4
 1738 002e 24       		.uleb128 0x24
 1739 002f 00       		.byte	0
 1740 0030 0B       		.uleb128 0xb
 1741 0031 0B       		.uleb128 0xb
 1742 0032 3E       		.uleb128 0x3e
 1743 0033 0B       		.uleb128 0xb
 1744 0034 03       		.uleb128 0x3
 1745 0035 0E       		.uleb128 0xe
 1746 0036 00       		.byte	0
 1747 0037 00       		.byte	0
 1748 0038 05       		.uleb128 0x5
 1749 0039 13       		.uleb128 0x13
 1750 003a 01       		.byte	0x1
 1751 003b 03       		.uleb128 0x3
 1752 003c 0E       		.uleb128 0xe
 1753 003d 0B       		.uleb128 0xb
 1754 003e 0B       		.uleb128 0xb
 1755 003f 3A       		.uleb128 0x3a
 1756 0040 0B       		.uleb128 0xb
 1757 0041 3B       		.uleb128 0x3b
 1758 0042 0B       		.uleb128 0xb
 1759 0043 01       		.uleb128 0x1
 1760 0044 13       		.uleb128 0x13
ARM GAS  C:\Users\TAISIK~1\AppData\Local\Temp\ccuj2gNl.s 			page 32


 1761 0045 00       		.byte	0
 1762 0046 00       		.byte	0
 1763 0047 06       		.uleb128 0x6
 1764 0048 0D       		.uleb128 0xd
 1765 0049 00       		.byte	0
 1766 004a 03       		.uleb128 0x3
 1767 004b 0E       		.uleb128 0xe
 1768 004c 3A       		.uleb128 0x3a
 1769 004d 0B       		.uleb128 0xb
 1770 004e 3B       		.uleb128 0x3b
 1771 004f 0B       		.uleb128 0xb
 1772 0050 49       		.uleb128 0x49
 1773 0051 13       		.uleb128 0x13
 1774 0052 38       		.uleb128 0x38
 1775 0053 0A       		.uleb128 0xa
 1776 0054 00       		.byte	0
 1777 0055 00       		.byte	0
 1778 0056 07       		.uleb128 0x7
 1779 0057 0D       		.uleb128 0xd
 1780 0058 00       		.byte	0
 1781 0059 03       		.uleb128 0x3
 1782 005a 08       		.uleb128 0x8
 1783 005b 3A       		.uleb128 0x3a
 1784 005c 0B       		.uleb128 0xb
 1785 005d 3B       		.uleb128 0x3b
 1786 005e 0B       		.uleb128 0xb
 1787 005f 49       		.uleb128 0x49
 1788 0060 13       		.uleb128 0x13
 1789 0061 38       		.uleb128 0x38
 1790 0062 0A       		.uleb128 0xa
 1791 0063 00       		.byte	0
 1792 0064 00       		.byte	0
 1793 0065 08       		.uleb128 0x8
 1794 0066 13       		.uleb128 0x13
 1795 0067 01       		.byte	0x1
 1796 0068 0B       		.uleb128 0xb
 1797 0069 0B       		.uleb128 0xb
 1798 006a 3A       		.uleb128 0x3a
 1799 006b 0B       		.uleb128 0xb
 1800 006c 3B       		.uleb128 0x3b
 1801 006d 0B       		.uleb128 0xb
 1802 006e 01       		.uleb128 0x1
 1803 006f 13       		.uleb128 0x13
 1804 0070 00       		.byte	0
 1805 0071 00       		.byte	0
 1806 0072 09       		.uleb128 0x9
 1807 0073 0F       		.uleb128 0xf
 1808 0074 00       		.byte	0
 1809 0075 0B       		.uleb128 0xb
 1810 0076 0B       		.uleb128 0xb
 1811 0077 49       		.uleb128 0x49
 1812 0078 13       		.uleb128 0x13
 1813 0079 00       		.byte	0
 1814 007a 00       		.byte	0
 1815 007b 0A       		.uleb128 0xa
 1816 007c 0F       		.uleb128 0xf
 1817 007d 00       		.byte	0
ARM GAS  C:\Users\TAISIK~1\AppData\Local\Temp\ccuj2gNl.s 			page 33


 1818 007e 0B       		.uleb128 0xb
 1819 007f 0B       		.uleb128 0xb
 1820 0080 00       		.byte	0
 1821 0081 00       		.byte	0
 1822 0082 0B       		.uleb128 0xb
 1823 0083 13       		.uleb128 0x13
 1824 0084 01       		.byte	0x1
 1825 0085 03       		.uleb128 0x3
 1826 0086 0E       		.uleb128 0xe
 1827 0087 0B       		.uleb128 0xb
 1828 0088 0B       		.uleb128 0xb
 1829 0089 3A       		.uleb128 0x3a
 1830 008a 0B       		.uleb128 0xb
 1831 008b 3B       		.uleb128 0x3b
 1832 008c 05       		.uleb128 0x5
 1833 008d 01       		.uleb128 0x1
 1834 008e 13       		.uleb128 0x13
 1835 008f 00       		.byte	0
 1836 0090 00       		.byte	0
 1837 0091 0C       		.uleb128 0xc
 1838 0092 0D       		.uleb128 0xd
 1839 0093 00       		.byte	0
 1840 0094 03       		.uleb128 0x3
 1841 0095 08       		.uleb128 0x8
 1842 0096 3A       		.uleb128 0x3a
 1843 0097 0B       		.uleb128 0xb
 1844 0098 3B       		.uleb128 0x3b
 1845 0099 05       		.uleb128 0x5
 1846 009a 49       		.uleb128 0x49
 1847 009b 13       		.uleb128 0x13
 1848 009c 38       		.uleb128 0x38
 1849 009d 0A       		.uleb128 0xa
 1850 009e 00       		.byte	0
 1851 009f 00       		.byte	0
 1852 00a0 0D       		.uleb128 0xd
 1853 00a1 35       		.uleb128 0x35
 1854 00a2 00       		.byte	0
 1855 00a3 49       		.uleb128 0x49
 1856 00a4 13       		.uleb128 0x13
 1857 00a5 00       		.byte	0
 1858 00a6 00       		.byte	0
 1859 00a7 0E       		.uleb128 0xe
 1860 00a8 17       		.uleb128 0x17
 1861 00a9 01       		.byte	0x1
 1862 00aa 0B       		.uleb128 0xb
 1863 00ab 0B       		.uleb128 0xb
 1864 00ac 3A       		.uleb128 0x3a
 1865 00ad 0B       		.uleb128 0xb
 1866 00ae 3B       		.uleb128 0x3b
 1867 00af 0B       		.uleb128 0xb
 1868 00b0 01       		.uleb128 0x1
 1869 00b1 13       		.uleb128 0x13
 1870 00b2 00       		.byte	0
 1871 00b3 00       		.byte	0
 1872 00b4 0F       		.uleb128 0xf
 1873 00b5 0D       		.uleb128 0xd
 1874 00b6 00       		.byte	0
ARM GAS  C:\Users\TAISIK~1\AppData\Local\Temp\ccuj2gNl.s 			page 34


 1875 00b7 03       		.uleb128 0x3
 1876 00b8 0E       		.uleb128 0xe
 1877 00b9 3A       		.uleb128 0x3a
 1878 00ba 0B       		.uleb128 0xb
 1879 00bb 3B       		.uleb128 0x3b
 1880 00bc 0B       		.uleb128 0xb
 1881 00bd 49       		.uleb128 0x49
 1882 00be 13       		.uleb128 0x13
 1883 00bf 00       		.byte	0
 1884 00c0 00       		.byte	0
 1885 00c1 10       		.uleb128 0x10
 1886 00c2 26       		.uleb128 0x26
 1887 00c3 00       		.byte	0
 1888 00c4 49       		.uleb128 0x49
 1889 00c5 13       		.uleb128 0x13
 1890 00c6 00       		.byte	0
 1891 00c7 00       		.byte	0
 1892 00c8 11       		.uleb128 0x11
 1893 00c9 15       		.uleb128 0x15
 1894 00ca 01       		.byte	0x1
 1895 00cb 27       		.uleb128 0x27
 1896 00cc 0C       		.uleb128 0xc
 1897 00cd 49       		.uleb128 0x49
 1898 00ce 13       		.uleb128 0x13
 1899 00cf 01       		.uleb128 0x1
 1900 00d0 13       		.uleb128 0x13
 1901 00d1 00       		.byte	0
 1902 00d2 00       		.byte	0
 1903 00d3 12       		.uleb128 0x12
 1904 00d4 05       		.uleb128 0x5
 1905 00d5 00       		.byte	0
 1906 00d6 49       		.uleb128 0x49
 1907 00d7 13       		.uleb128 0x13
 1908 00d8 00       		.byte	0
 1909 00d9 00       		.byte	0
 1910 00da 13       		.uleb128 0x13
 1911 00db 15       		.uleb128 0x15
 1912 00dc 01       		.byte	0x1
 1913 00dd 27       		.uleb128 0x27
 1914 00de 0C       		.uleb128 0xc
 1915 00df 01       		.uleb128 0x1
 1916 00e0 13       		.uleb128 0x13
 1917 00e1 00       		.byte	0
 1918 00e2 00       		.byte	0
 1919 00e3 14       		.uleb128 0x14
 1920 00e4 13       		.uleb128 0x13
 1921 00e5 01       		.byte	0x1
 1922 00e6 0B       		.uleb128 0xb
 1923 00e7 0B       		.uleb128 0xb
 1924 00e8 3A       		.uleb128 0x3a
 1925 00e9 0B       		.uleb128 0xb
 1926 00ea 3B       		.uleb128 0x3b
 1927 00eb 05       		.uleb128 0x5
 1928 00ec 01       		.uleb128 0x1
 1929 00ed 13       		.uleb128 0x13
 1930 00ee 00       		.byte	0
 1931 00ef 00       		.byte	0
ARM GAS  C:\Users\TAISIK~1\AppData\Local\Temp\ccuj2gNl.s 			page 35


 1932 00f0 15       		.uleb128 0x15
 1933 00f1 0D       		.uleb128 0xd
 1934 00f2 00       		.byte	0
 1935 00f3 03       		.uleb128 0x3
 1936 00f4 0E       		.uleb128 0xe
 1937 00f5 3A       		.uleb128 0x3a
 1938 00f6 0B       		.uleb128 0xb
 1939 00f7 3B       		.uleb128 0x3b
 1940 00f8 05       		.uleb128 0x5
 1941 00f9 49       		.uleb128 0x49
 1942 00fa 13       		.uleb128 0x13
 1943 00fb 38       		.uleb128 0x38
 1944 00fc 0A       		.uleb128 0xa
 1945 00fd 00       		.byte	0
 1946 00fe 00       		.byte	0
 1947 00ff 16       		.uleb128 0x16
 1948 0100 17       		.uleb128 0x17
 1949 0101 01       		.byte	0x1
 1950 0102 0B       		.uleb128 0xb
 1951 0103 0B       		.uleb128 0xb
 1952 0104 3A       		.uleb128 0x3a
 1953 0105 0B       		.uleb128 0xb
 1954 0106 3B       		.uleb128 0x3b
 1955 0107 05       		.uleb128 0x5
 1956 0108 01       		.uleb128 0x1
 1957 0109 13       		.uleb128 0x13
 1958 010a 00       		.byte	0
 1959 010b 00       		.byte	0
 1960 010c 17       		.uleb128 0x17
 1961 010d 0D       		.uleb128 0xd
 1962 010e 00       		.byte	0
 1963 010f 03       		.uleb128 0x3
 1964 0110 08       		.uleb128 0x8
 1965 0111 3A       		.uleb128 0x3a
 1966 0112 0B       		.uleb128 0xb
 1967 0113 3B       		.uleb128 0x3b
 1968 0114 05       		.uleb128 0x5
 1969 0115 49       		.uleb128 0x49
 1970 0116 13       		.uleb128 0x13
 1971 0117 00       		.byte	0
 1972 0118 00       		.byte	0
 1973 0119 18       		.uleb128 0x18
 1974 011a 16       		.uleb128 0x16
 1975 011b 00       		.byte	0
 1976 011c 03       		.uleb128 0x3
 1977 011d 0E       		.uleb128 0xe
 1978 011e 3A       		.uleb128 0x3a
 1979 011f 0B       		.uleb128 0xb
 1980 0120 3B       		.uleb128 0x3b
 1981 0121 05       		.uleb128 0x5
 1982 0122 49       		.uleb128 0x49
 1983 0123 13       		.uleb128 0x13
 1984 0124 00       		.byte	0
 1985 0125 00       		.byte	0
 1986 0126 19       		.uleb128 0x19
 1987 0127 04       		.uleb128 0x4
 1988 0128 01       		.byte	0x1
ARM GAS  C:\Users\TAISIK~1\AppData\Local\Temp\ccuj2gNl.s 			page 36


 1989 0129 0B       		.uleb128 0xb
 1990 012a 0B       		.uleb128 0xb
 1991 012b 3A       		.uleb128 0x3a
 1992 012c 0B       		.uleb128 0xb
 1993 012d 3B       		.uleb128 0x3b
 1994 012e 0B       		.uleb128 0xb
 1995 012f 01       		.uleb128 0x1
 1996 0130 13       		.uleb128 0x13
 1997 0131 00       		.byte	0
 1998 0132 00       		.byte	0
 1999 0133 1A       		.uleb128 0x1a
 2000 0134 28       		.uleb128 0x28
 2001 0135 00       		.byte	0
 2002 0136 03       		.uleb128 0x3
 2003 0137 0E       		.uleb128 0xe
 2004 0138 1C       		.uleb128 0x1c
 2005 0139 0D       		.uleb128 0xd
 2006 013a 00       		.byte	0
 2007 013b 00       		.byte	0
 2008 013c 1B       		.uleb128 0x1b
 2009 013d 01       		.uleb128 0x1
 2010 013e 01       		.byte	0x1
 2011 013f 49       		.uleb128 0x49
 2012 0140 13       		.uleb128 0x13
 2013 0141 01       		.uleb128 0x1
 2014 0142 13       		.uleb128 0x13
 2015 0143 00       		.byte	0
 2016 0144 00       		.byte	0
 2017 0145 1C       		.uleb128 0x1c
 2018 0146 21       		.uleb128 0x21
 2019 0147 00       		.byte	0
 2020 0148 49       		.uleb128 0x49
 2021 0149 13       		.uleb128 0x13
 2022 014a 2F       		.uleb128 0x2f
 2023 014b 0B       		.uleb128 0xb
 2024 014c 00       		.byte	0
 2025 014d 00       		.byte	0
 2026 014e 1D       		.uleb128 0x1d
 2027 014f 2E       		.uleb128 0x2e
 2028 0150 01       		.byte	0x1
 2029 0151 03       		.uleb128 0x3
 2030 0152 0E       		.uleb128 0xe
 2031 0153 3A       		.uleb128 0x3a
 2032 0154 0B       		.uleb128 0xb
 2033 0155 3B       		.uleb128 0x3b
 2034 0156 0B       		.uleb128 0xb
 2035 0157 27       		.uleb128 0x27
 2036 0158 0C       		.uleb128 0xc
 2037 0159 49       		.uleb128 0x49
 2038 015a 13       		.uleb128 0x13
 2039 015b 11       		.uleb128 0x11
 2040 015c 01       		.uleb128 0x1
 2041 015d 12       		.uleb128 0x12
 2042 015e 01       		.uleb128 0x1
 2043 015f 40       		.uleb128 0x40
 2044 0160 06       		.uleb128 0x6
 2045 0161 01       		.uleb128 0x1
ARM GAS  C:\Users\TAISIK~1\AppData\Local\Temp\ccuj2gNl.s 			page 37


 2046 0162 13       		.uleb128 0x13
 2047 0163 00       		.byte	0
 2048 0164 00       		.byte	0
 2049 0165 1E       		.uleb128 0x1e
 2050 0166 05       		.uleb128 0x5
 2051 0167 00       		.byte	0
 2052 0168 03       		.uleb128 0x3
 2053 0169 08       		.uleb128 0x8
 2054 016a 3A       		.uleb128 0x3a
 2055 016b 0B       		.uleb128 0xb
 2056 016c 3B       		.uleb128 0x3b
 2057 016d 0B       		.uleb128 0xb
 2058 016e 49       		.uleb128 0x49
 2059 016f 13       		.uleb128 0x13
 2060 0170 02       		.uleb128 0x2
 2061 0171 06       		.uleb128 0x6
 2062 0172 00       		.byte	0
 2063 0173 00       		.byte	0
 2064 0174 1F       		.uleb128 0x1f
 2065 0175 2E       		.uleb128 0x2e
 2066 0176 00       		.byte	0
 2067 0177 3F       		.uleb128 0x3f
 2068 0178 0C       		.uleb128 0xc
 2069 0179 03       		.uleb128 0x3
 2070 017a 0E       		.uleb128 0xe
 2071 017b 3A       		.uleb128 0x3a
 2072 017c 0B       		.uleb128 0xb
 2073 017d 3B       		.uleb128 0x3b
 2074 017e 0B       		.uleb128 0xb
 2075 017f 27       		.uleb128 0x27
 2076 0180 0C       		.uleb128 0xc
 2077 0181 49       		.uleb128 0x49
 2078 0182 13       		.uleb128 0x13
 2079 0183 11       		.uleb128 0x11
 2080 0184 01       		.uleb128 0x1
 2081 0185 12       		.uleb128 0x12
 2082 0186 01       		.uleb128 0x1
 2083 0187 40       		.uleb128 0x40
 2084 0188 06       		.uleb128 0x6
 2085 0189 00       		.byte	0
 2086 018a 00       		.byte	0
 2087 018b 20       		.uleb128 0x20
 2088 018c 34       		.uleb128 0x34
 2089 018d 00       		.byte	0
 2090 018e 03       		.uleb128 0x3
 2091 018f 0E       		.uleb128 0xe
 2092 0190 3A       		.uleb128 0x3a
 2093 0191 0B       		.uleb128 0xb
 2094 0192 3B       		.uleb128 0x3b
 2095 0193 0B       		.uleb128 0xb
 2096 0194 49       		.uleb128 0x49
 2097 0195 13       		.uleb128 0x13
 2098 0196 3F       		.uleb128 0x3f
 2099 0197 0C       		.uleb128 0xc
 2100 0198 3C       		.uleb128 0x3c
 2101 0199 0C       		.uleb128 0xc
 2102 019a 00       		.byte	0
ARM GAS  C:\Users\TAISIK~1\AppData\Local\Temp\ccuj2gNl.s 			page 38


 2103 019b 00       		.byte	0
 2104 019c 21       		.uleb128 0x21
 2105 019d 34       		.uleb128 0x34
 2106 019e 00       		.byte	0
 2107 019f 03       		.uleb128 0x3
 2108 01a0 0E       		.uleb128 0xe
 2109 01a1 3A       		.uleb128 0x3a
 2110 01a2 0B       		.uleb128 0xb
 2111 01a3 3B       		.uleb128 0x3b
 2112 01a4 05       		.uleb128 0x5
 2113 01a5 49       		.uleb128 0x49
 2114 01a6 13       		.uleb128 0x13
 2115 01a7 3F       		.uleb128 0x3f
 2116 01a8 0C       		.uleb128 0xc
 2117 01a9 3C       		.uleb128 0x3c
 2118 01aa 0C       		.uleb128 0xc
 2119 01ab 00       		.byte	0
 2120 01ac 00       		.byte	0
 2121 01ad 22       		.uleb128 0x22
 2122 01ae 34       		.uleb128 0x34
 2123 01af 00       		.byte	0
 2124 01b0 03       		.uleb128 0x3
 2125 01b1 08       		.uleb128 0x8
 2126 01b2 3A       		.uleb128 0x3a
 2127 01b3 0B       		.uleb128 0xb
 2128 01b4 3B       		.uleb128 0x3b
 2129 01b5 05       		.uleb128 0x5
 2130 01b6 49       		.uleb128 0x49
 2131 01b7 13       		.uleb128 0x13
 2132 01b8 3F       		.uleb128 0x3f
 2133 01b9 0C       		.uleb128 0xc
 2134 01ba 3C       		.uleb128 0x3c
 2135 01bb 0C       		.uleb128 0xc
 2136 01bc 00       		.byte	0
 2137 01bd 00       		.byte	0
 2138 01be 23       		.uleb128 0x23
 2139 01bf 34       		.uleb128 0x34
 2140 01c0 00       		.byte	0
 2141 01c1 03       		.uleb128 0x3
 2142 01c2 0E       		.uleb128 0xe
 2143 01c3 3A       		.uleb128 0x3a
 2144 01c4 0B       		.uleb128 0xb
 2145 01c5 3B       		.uleb128 0x3b
 2146 01c6 0B       		.uleb128 0xb
 2147 01c7 49       		.uleb128 0x49
 2148 01c8 13       		.uleb128 0x13
 2149 01c9 02       		.uleb128 0x2
 2150 01ca 0A       		.uleb128 0xa
 2151 01cb 00       		.byte	0
 2152 01cc 00       		.byte	0
 2153 01cd 00       		.byte	0
 2154              		.section	.debug_loc,"",%progbits
 2155              	.Ldebug_loc0:
 2156              	.LLST0:
 2157 0000 00000000 		.4byte	.LFB118
 2158 0004 08000000 		.4byte	.LCFI0
 2159 0008 0200     		.2byte	0x2
ARM GAS  C:\Users\TAISIK~1\AppData\Local\Temp\ccuj2gNl.s 			page 39


 2160 000a 7D       		.byte	0x7d
 2161 000b 00       		.sleb128 0
 2162 000c 08000000 		.4byte	.LCFI0
 2163 0010 94000000 		.4byte	.LFE118
 2164 0014 0200     		.2byte	0x2
 2165 0016 7D       		.byte	0x7d
 2166 0017 20       		.sleb128 32
 2167 0018 00000000 		.4byte	0
 2168 001c 00000000 		.4byte	0
 2169              	.LLST1:
 2170 0020 00000000 		.4byte	.LVL0
 2171 0024 02000000 		.4byte	.LVL1
 2172 0028 0100     		.2byte	0x1
 2173 002a 50       		.byte	0x50
 2174 002b 00000000 		.4byte	0
 2175 002f 00000000 		.4byte	0
 2176              	.LLST2:
 2177 0033 00000000 		.4byte	.LFB119
 2178 0037 02000000 		.4byte	.LCFI1
 2179 003b 0200     		.2byte	0x2
 2180 003d 7D       		.byte	0x7d
 2181 003e 00       		.sleb128 0
 2182 003f 02000000 		.4byte	.LCFI1
 2183 0043 04000000 		.4byte	.LCFI2
 2184 0047 0200     		.2byte	0x2
 2185 0049 7D       		.byte	0x7d
 2186 004a 08       		.sleb128 8
 2187 004b 04000000 		.4byte	.LCFI2
 2188 004f 70000000 		.4byte	.LFE119
 2189 0053 0200     		.2byte	0x2
 2190 0055 7D       		.byte	0x7d
 2191 0056 10       		.sleb128 16
 2192 0057 00000000 		.4byte	0
 2193 005b 00000000 		.4byte	0
 2194              		.section	.debug_aranges,"",%progbits
 2195 0000 24000000 		.4byte	0x24
 2196 0004 0200     		.2byte	0x2
 2197 0006 00000000 		.4byte	.Ldebug_info0
 2198 000a 04       		.byte	0x4
 2199 000b 00       		.byte	0
 2200 000c 0000     		.2byte	0
 2201 000e 0000     		.2byte	0
 2202 0010 00000000 		.4byte	.LFB118
 2203 0014 94000000 		.4byte	.LFE118-.LFB118
 2204 0018 00000000 		.4byte	.LFB119
 2205 001c 70000000 		.4byte	.LFE119-.LFB119
 2206 0020 00000000 		.4byte	0
 2207 0024 00000000 		.4byte	0
 2208              		.section	.debug_ranges,"",%progbits
 2209              	.Ldebug_ranges0:
 2210 0000 00000000 		.4byte	.LFB118
 2211 0004 94000000 		.4byte	.LFE118
 2212 0008 00000000 		.4byte	.LFB119
 2213 000c 70000000 		.4byte	.LFE119
 2214 0010 00000000 		.4byte	0
 2215 0014 00000000 		.4byte	0
 2216              		.section	.debug_line,"",%progbits
ARM GAS  C:\Users\TAISIK~1\AppData\Local\Temp\ccuj2gNl.s 			page 40


 2217              	.Ldebug_line0:
 2218 0000 9B030000 		.section	.debug_str,"MS",%progbits,1
 2218      0200A102 
 2218      00000201 
 2218      FB0E0D00 
 2218      01010101 
 2219              	.LASF2:
 2220 0000 73697A65 		.ascii	"size_t\000"
 2220      5F7400
 2221              	.LASF69:
 2222 0007 7264796D 		.ascii	"rdymsg\000"
 2222      736700
 2223              	.LASF13:
 2224 000e 75696E74 		.ascii	"uint64_t\000"
 2224      36345F74 
 2224      00
 2225              	.LASF85:
 2226 0017 4F757470 		.ascii	"OutputQueue\000"
 2226      75745175 
 2226      65756500 
 2227              	.LASF88:
 2228 0023 4F545950 		.ascii	"OTYPER\000"
 2228      455200
 2229              	.LASF104:
 2230 002a 696F706F 		.ascii	"ioportmask_t\000"
 2230      72746D61 
 2230      736B5F74 
 2230      00
 2231              	.LASF125:
 2232 0037 474E5520 		.ascii	"GNU C 4.6.2 20121016 (release) [ARM/embedded-4_6-br"
 2232      4320342E 
 2232      362E3220 
 2232      32303132 
 2232      31303136 
 2233 006a 616E6368 		.ascii	"anch revision 192487]\000"
 2233      20726576 
 2233      6973696F 
 2233      6E203139 
 2233      32343837 
 2234              	.LASF87:
 2235 0080 4D4F4445 		.ascii	"MODER\000"
 2235      5200
 2236              	.LASF14:
 2237 0086 6C6F6E67 		.ascii	"long long unsigned int\000"
 2237      206C6F6E 
 2237      6720756E 
 2237      7369676E 
 2237      65642069 
 2238              	.LASF90:
 2239 009d 50555044 		.ascii	"PUPDR\000"
 2239      5200
 2240              	.LASF70:
 2241 00a3 65786974 		.ascii	"exitcode\000"
 2241      636F6465 
 2241      00
 2242              	.LASF124:
 2243 00ac 49544D5F 		.ascii	"ITM_RxBuffer\000"
ARM GAS  C:\Users\TAISIK~1\AppData\Local\Temp\ccuj2gNl.s 			page 41


 2243      52784275 
 2243      66666572 
 2243      00
 2244              	.LASF28:
 2245 00b9 705F7072 		.ascii	"p_prio\000"
 2245      696F00
 2246              	.LASF122:
 2247 00c0 72656164 		.ascii	"readt\000"
 2247      7400
 2248              	.LASF75:
 2249 00c6 715F7761 		.ascii	"q_waiting\000"
 2249      6974696E 
 2249      6700
 2250              	.LASF12:
 2251 00d0 6C6F6E67 		.ascii	"long long int\000"
 2251      206C6F6E 
 2251      6720696E 
 2251      7400
 2252              	.LASF1:
 2253 00de 7369676E 		.ascii	"signed char\000"
 2253      65642063 
 2253      68617200 
 2254              	.LASF91:
 2255 00ea 42535252 		.ascii	"BSRR\000"
 2255      00
 2256              	.LASF97:
 2257 00ef 47545052 		.ascii	"GTPR\000"
 2257      00
 2258              	.LASF44:
 2259 00f4 705F6D70 		.ascii	"p_mpool\000"
 2259      6F6F6C00 
 2260              	.LASF59:
 2261 00fc 6D5F7175 		.ascii	"m_queue\000"
 2261      65756500 
 2262              	.LASF19:
 2263 0104 74736C69 		.ascii	"tslices_t\000"
 2263      6365735F 
 2263      7400
 2264              	.LASF111:
 2265 010e 73746174 		.ascii	"state\000"
 2265      6500
 2266              	.LASF9:
 2267 0114 6C6F6E67 		.ascii	"long int\000"
 2267      20696E74 
 2267      00
 2268              	.LASF17:
 2269 011d 74737461 		.ascii	"tstate_t\000"
 2269      74655F74 
 2269      00
 2270              	.LASF35:
 2271 0126 705F7265 		.ascii	"p_refs\000"
 2271      667300
 2272              	.LASF77:
 2273 012d 715F6275 		.ascii	"q_buffer\000"
 2273      66666572 
 2273      00
 2274              	.LASF79:
ARM GAS  C:\Users\TAISIK~1\AppData\Local\Temp\ccuj2gNl.s 			page 42


 2275 0136 715F7772 		.ascii	"q_wrptr\000"
 2275      70747200 
 2276              	.LASF82:
 2277 013e 715F6C69 		.ascii	"q_link\000"
 2277      6E6B00
 2278              	.LASF30:
 2279 0145 705F6E65 		.ascii	"p_newer\000"
 2279      77657200 
 2280              	.LASF89:
 2281 014d 4F535045 		.ascii	"OSPEEDR\000"
 2281      45445200 
 2282              	.LASF54:
 2283 0155 725F6E65 		.ascii	"r_newer\000"
 2283      77657200 
 2284              	.LASF47:
 2285 015d 72656761 		.ascii	"regarm_t\000"
 2285      726D5F74 
 2285      00
 2286              	.LASF67:
 2287 0166 4576656E 		.ascii	"EventSource\000"
 2287      74536F75 
 2287      72636500 
 2288              	.LASF114:
 2289 0172 75736172 		.ascii	"usart\000"
 2289      7400
 2290              	.LASF0:
 2291 0178 756E7369 		.ascii	"unsigned int\000"
 2291      676E6564 
 2291      20696E74 
 2291      00
 2292              	.LASF6:
 2293 0185 75696E74 		.ascii	"uint16_t\000"
 2293      31365F74 
 2293      00
 2294              	.LASF116:
 2295 018e 53657269 		.ascii	"SerialDriverVMT\000"
 2295      616C4472 
 2295      69766572 
 2295      564D5400 
 2296              	.LASF37:
 2297 019e 705F7469 		.ascii	"p_time\000"
 2297      6D6500
 2298              	.LASF112:
 2299 01a5 69717565 		.ascii	"iqueue\000"
 2299      756500
 2300              	.LASF39:
 2301 01ac 705F6D73 		.ascii	"p_msgqueue\000"
 2301      67717565 
 2301      756500
 2302              	.LASF95:
 2303 01b7 4750494F 		.ascii	"GPIO_TypeDef\000"
 2303      5F547970 
 2303      65446566 
 2303      00
 2304              	.LASF120:
 2305 01c4 67657474 		.ascii	"gett\000"
 2305      00
ARM GAS  C:\Users\TAISIK~1\AppData\Local\Temp\ccuj2gNl.s 			page 43


 2306              	.LASF110:
 2307 01c9 6576656E 		.ascii	"event\000"
 2307      7400
 2308              	.LASF7:
 2309 01cf 73686F72 		.ascii	"short unsigned int\000"
 2309      7420756E 
 2309      7369676E 
 2309      65642069 
 2309      6E7400
 2310              	.LASF21:
 2311 01e2 6D73675F 		.ascii	"msg_t\000"
 2311      7400
 2312              	.LASF113:
 2313 01e8 6F717565 		.ascii	"oqueue\000"
 2313      756500
 2314              	.LASF103:
 2315 01ef 55534152 		.ascii	"USART_TypeDef\000"
 2315      545F5479 
 2315      70654465 
 2315      6600
 2316              	.LASF121:
 2317 01fd 77726974 		.ascii	"writet\000"
 2317      657400
 2318              	.LASF16:
 2319 0204 746D6F64 		.ascii	"tmode_t\000"
 2319      655F7400 
 2320              	.LASF46:
 2321 020c 54687265 		.ascii	"ThreadsList\000"
 2321      6164734C 
 2321      69737400 
 2322              	.LASF22:
 2323 0218 6576656E 		.ascii	"eventmask_t\000"
 2323      746D6173 
 2323      6B5F7400 
 2324              	.LASF84:
 2325 0224 496E7075 		.ascii	"InputQueue\000"
 2325      74517565 
 2325      756500
 2326              	.LASF83:
 2327 022f 716E6F74 		.ascii	"qnotify_t\000"
 2327      6966795F 
 2327      7400
 2328              	.LASF74:
 2329 0239 47656E65 		.ascii	"GenericQueue\000"
 2329      72696351 
 2329      75657565 
 2329      00
 2330              	.LASF48:
 2331 0246 73746B61 		.ascii	"stkalign_t\000"
 2331      6C69676E 
 2331      5F7400
 2332              	.LASF128:
 2333 0251 54687265 		.ascii	"Thread1\000"
 2333      61643100 
 2334              	.LASF117:
 2335 0259 77726974 		.ascii	"write\000"
 2335      6500
ARM GAS  C:\Users\TAISIK~1\AppData\Local\Temp\ccuj2gNl.s 			page 44


 2336              	.LASF119:
 2337 025f 70757474 		.ascii	"putt\000"
 2337      00
 2338              	.LASF86:
 2339 0264 636C6561 		.ascii	"clear\000"
 2339      7200
 2340              	.LASF58:
 2341 026a 4D757465 		.ascii	"Mutex\000"
 2341      7800
 2342              	.LASF31:
 2343 0270 705F6F6C 		.ascii	"p_older\000"
 2343      64657200 
 2344              	.LASF53:
 2345 0278 725F6374 		.ascii	"r_ctx\000"
 2345      7800
 2346              	.LASF45:
 2347 027e 54687265 		.ascii	"ThreadsQueue\000"
 2347      61647351 
 2347      75657565 
 2347      00
 2348              	.LASF126:
 2349 028b 6D61696E 		.ascii	"main.c\000"
 2349      2E6300
 2350              	.LASF55:
 2351 0292 725F6F6C 		.ascii	"r_older\000"
 2351      64657200 
 2352              	.LASF65:
 2353 029a 656C5F6D 		.ascii	"el_mask\000"
 2353      61736B00 
 2354              	.LASF94:
 2355 02a2 41465248 		.ascii	"AFRH\000"
 2355      00
 2356              	.LASF93:
 2357 02a7 4146524C 		.ascii	"AFRL\000"
 2357      00
 2358              	.LASF130:
 2359 02ac 77615468 		.ascii	"waThread1\000"
 2359      72656164 
 2359      3100
 2360              	.LASF18:
 2361 02b6 74726566 		.ascii	"trefs_t\000"
 2361      735F7400 
 2362              	.LASF96:
 2363 02be 52455345 		.ascii	"RESERVED1\000"
 2363      52564544 
 2363      3100
 2364              	.LASF98:
 2365 02c8 52455345 		.ascii	"RESERVED2\000"
 2365      52564544 
 2365      3200
 2366              	.LASF100:
 2367 02d2 52455345 		.ascii	"RESERVED3\000"
 2367      52564544 
 2367      3300
 2368              	.LASF101:
 2369 02dc 52455345 		.ascii	"RESERVED4\000"
 2369      52564544 
ARM GAS  C:\Users\TAISIK~1\AppData\Local\Temp\ccuj2gNl.s 			page 45


 2369      3400
 2370              	.LASF27:
 2371 02e6 705F7072 		.ascii	"p_prev\000"
 2371      657600
 2372              	.LASF20:
 2373 02ed 74707269 		.ascii	"tprio_t\000"
 2373      6F5F7400 
 2374              	.LASF80:
 2375 02f5 715F7264 		.ascii	"q_rdptr\000"
 2375      70747200 
 2376              	.LASF15:
 2377 02fd 5F426F6F 		.ascii	"_Bool\000"
 2377      6C00
 2378              	.LASF8:
 2379 0303 696E7433 		.ascii	"int32_t\000"
 2379      325F7400 
 2380              	.LASF4:
 2381 030b 756E7369 		.ascii	"unsigned char\000"
 2381      676E6564 
 2381      20636861 
 2381      7200
 2382              	.LASF64:
 2383 0319 656C5F6C 		.ascii	"el_listener\000"
 2383      69737465 
 2383      6E657200 
 2384              	.LASF66:
 2385 0325 656C5F66 		.ascii	"el_flags\000"
 2385      6C616773 
 2385      00
 2386              	.LASF42:
 2387 032e 705F6D74 		.ascii	"p_mtxlist\000"
 2387      786C6973 
 2387      7400
 2388              	.LASF5:
 2389 0338 73686F72 		.ascii	"short int\000"
 2389      7420696E 
 2389      7400
 2390              	.LASF33:
 2391 0342 705F7374 		.ascii	"p_state\000"
 2391      61746500 
 2392              	.LASF36:
 2393 034a 705F7072 		.ascii	"p_preempt\000"
 2393      65656D70 
 2393      7400
 2394              	.LASF52:
 2395 0354 725F7072 		.ascii	"r_prio\000"
 2395      696F00
 2396              	.LASF72:
 2397 035b 65776D61 		.ascii	"ewmask\000"
 2397      736B00
 2398              	.LASF26:
 2399 0362 705F6E65 		.ascii	"p_next\000"
 2399      787400
 2400              	.LASF34:
 2401 0369 705F666C 		.ascii	"p_flags\000"
 2401      61677300 
 2402              	.LASF63:
ARM GAS  C:\Users\TAISIK~1\AppData\Local\Temp\ccuj2gNl.s 			page 46


 2403 0371 656C5F6E 		.ascii	"el_next\000"
 2403      65787400 
 2404              	.LASF106:
 2405 0379 53445F53 		.ascii	"SD_STOP\000"
 2405      544F5000 
 2406              	.LASF25:
 2407 0381 54687265 		.ascii	"Thread\000"
 2407      616400
 2408              	.LASF92:
 2409 0388 4C434B52 		.ascii	"LCKR\000"
 2409      00
 2410              	.LASF23:
 2411 038d 666C6167 		.ascii	"flagsmask_t\000"
 2411      736D6173 
 2411      6B5F7400 
 2412              	.LASF41:
 2413 0399 705F6570 		.ascii	"p_epending\000"
 2413      656E6469 
 2413      6E6700
 2414              	.LASF105:
 2415 03a4 53445F55 		.ascii	"SD_UNINIT\000"
 2415      4E494E49 
 2415      5400
 2416              	.LASF102:
 2417 03ae 52455345 		.ascii	"RESERVED5\000"
 2417      52564544 
 2417      3500
 2418              	.LASF76:
 2419 03b8 715F636F 		.ascii	"q_counter\000"
 2419      756E7465 
 2419      7200
 2420              	.LASF51:
 2421 03c2 725F7175 		.ascii	"r_queue\000"
 2421      65756500 
 2422              	.LASF108:
 2423 03ca 73647374 		.ascii	"sdstate_t\000"
 2423      6174655F 
 2423      7400
 2424              	.LASF109:
 2425 03d4 53657269 		.ascii	"SerialDriver\000"
 2425      616C4472 
 2425      69766572 
 2425      00
 2426              	.LASF11:
 2427 03e1 6C6F6E67 		.ascii	"long unsigned int\000"
 2427      20756E73 
 2427      69676E65 
 2427      6420696E 
 2427      7400
 2428              	.LASF56:
 2429 03f3 725F6375 		.ascii	"r_current\000"
 2429      7272656E 
 2429      7400
 2430              	.LASF118:
 2431 03fd 72656164 		.ascii	"read\000"
 2431      00
 2432              	.LASF73:
ARM GAS  C:\Users\TAISIK~1\AppData\Local\Temp\ccuj2gNl.s 			page 47


 2433 0402 63686172 		.ascii	"char\000"
 2433      00
 2434              	.LASF127:
 2435 0407 433A5C43 		.ascii	"C:\\ChibiStudio\\chibios\\demos\\ARMCM4-STM32F303-D"
 2435      68696269 
 2435      53747564 
 2435      696F5C63 
 2435      68696269 
 2436 0436 4953434F 		.ascii	"ISCOVERY\000"
 2436      56455259 
 2436      00
 2437              	.LASF61:
 2438 043f 6D5F6E65 		.ascii	"m_next\000"
 2438      787400
 2439              	.LASF24:
 2440 0446 73797374 		.ascii	"systime_t\000"
 2440      696D655F 
 2440      7400
 2441              	.LASF43:
 2442 0450 705F7265 		.ascii	"p_realprio\000"
 2442      616C7072 
 2442      696F00
 2443              	.LASF99:
 2444 045b 52544F52 		.ascii	"RTOR\000"
 2444      00
 2445              	.LASF50:
 2446 0460 636F6E74 		.ascii	"context\000"
 2446      65787400 
 2447              	.LASF40:
 2448 0468 705F6D73 		.ascii	"p_msg\000"
 2448      6700
 2449              	.LASF49:
 2450 046e 696E7463 		.ascii	"intctx\000"
 2450      747800
 2451              	.LASF107:
 2452 0475 53445F52 		.ascii	"SD_READY\000"
 2452      45414459 
 2452      00
 2453              	.LASF10:
 2454 047e 75696E74 		.ascii	"uint32_t\000"
 2454      33325F74 
 2454      00
 2455              	.LASF78:
 2456 0487 715F746F 		.ascii	"q_top\000"
 2456      7000
 2457              	.LASF32:
 2458 048d 705F6E61 		.ascii	"p_name\000"
 2458      6D6500
 2459              	.LASF68:
 2460 0494 65735F6E 		.ascii	"es_next\000"
 2460      65787400 
 2461              	.LASF57:
 2462 049c 52656164 		.ascii	"ReadyList\000"
 2462      794C6973 
 2462      7400
 2463              	.LASF81:
 2464 04a6 715F6E6F 		.ascii	"q_notify\000"
ARM GAS  C:\Users\TAISIK~1\AppData\Local\Temp\ccuj2gNl.s 			page 48


 2464      74696679 
 2464      00
 2465              	.LASF123:
 2466 04af 726C6973 		.ascii	"rlist\000"
 2466      7400
 2467              	.LASF3:
 2468 04b5 75696E74 		.ascii	"uint8_t\000"
 2468      385F7400 
 2469              	.LASF62:
 2470 04bd 4576656E 		.ascii	"EventListener\000"
 2470      744C6973 
 2470      74656E65 
 2470      7200
 2471              	.LASF71:
 2472 04cb 77746F62 		.ascii	"wtobjp\000"
 2472      6A7000
 2473              	.LASF115:
 2474 04d2 636C6F63 		.ascii	"clock\000"
 2474      6B00
 2475              	.LASF129:
 2476 04d8 6D61696E 		.ascii	"main\000"
 2476      00
 2477              	.LASF60:
 2478 04dd 6D5F6F77 		.ascii	"m_owner\000"
 2478      6E657200 
 2479              	.LASF29:
 2480 04e5 705F6374 		.ascii	"p_ctx\000"
 2480      7800
 2481              	.LASF38:
 2482 04eb 705F7761 		.ascii	"p_waiting\000"
 2482      6974696E 
 2482      6700
 2483              		.ident	"GCC: (GNU Tools for ARM Embedded Processors) 4.6.2 20121016 (release) [ARM/embedded-4_6-br
ARM GAS  C:\Users\TAISIK~1\AppData\Local\Temp\ccuj2gNl.s 			page 49


DEFINED SYMBOLS
                            *ABS*:00000000 main.c
C:\Users\TAISIK~1\AppData\Local\Temp\ccuj2gNl.s:19     .text.Thread1:00000000 $t
C:\Users\TAISIK~1\AppData\Local\Temp\ccuj2gNl.s:24     .text.Thread1:00000000 Thread1
C:\Users\TAISIK~1\AppData\Local\Temp\ccuj2gNl.s:141    .text.Thread1:0000008c $d
C:\Users\TAISIK~1\AppData\Local\Temp\ccuj2gNl.s:147    .text.startup.main:00000000 $t
C:\Users\TAISIK~1\AppData\Local\Temp\ccuj2gNl.s:153    .text.startup.main:00000000 main
C:\Users\TAISIK~1\AppData\Local\Temp\ccuj2gNl.s:212    .text.startup.main:00000064 $d
C:\Users\TAISIK~1\AppData\Local\Temp\ccuj2gNl.s:219    .bss.waThread1:00000000 $d
C:\Users\TAISIK~1\AppData\Local\Temp\ccuj2gNl.s:223    .bss.waThread1:00000000 waThread1
C:\Users\TAISIK~1\AppData\Local\Temp\ccuj2gNl.s:226    .rodata.str1.4:00000000 $d
                     .debug_frame:00000010 $d
C:\Users\TAISIK~1\AppData\Local\Temp\ccuj2gNl.s:146    .text.Thread1:00000094 $t

UNDEFINED SYMBOLS
chThdSleep
rlist
halInit
chSysInit
sdStart
_pal_lld_setgroupmode
chThdCreateStatic
TestThread
SD1
