ARM GAS  C:\Users\TAISIK~1\AppData\Local\Temp\ccwTG0aO.s 			page 1


   1              		.syntax unified
   2              		.cpu cortex-m4
   3              		.fpu softvfp
   4              		.eabi_attribute 20, 1
   5              		.eabi_attribute 21, 1
   6              		.eabi_attribute 23, 3
   7              		.eabi_attribute 24, 1
   8              		.eabi_attribute 25, 1
   9              		.eabi_attribute 26, 1
  10              		.eabi_attribute 30, 2
  11              		.eabi_attribute 34, 1
  12              		.eabi_attribute 18, 4
  13              		.thumb
  14              		.file	"pal.c"
  15              		.text
  16              	.Ltext0:
  17              		.cfi_sections	.debug_frame
  18              		.section	.text.palReadBus,"ax",%progbits
  19              		.align	2
  20              		.p2align 4,,15
  21              		.global	palReadBus
  22              		.thumb
  23              		.thumb_func
  24              		.type	palReadBus, %function
  25              	palReadBus:
  26              	.LFB118:
  27              		.file 1 "../../os/hal/src/pal.c"
  28              		.loc 1 69 0
  29              		.cfi_startproc
  30              		@ args = 0, pretend = 0, frame = 0
  31              		@ frame_needed = 0, uses_anonymous_args = 0
  32              		@ link register save eliminated.
  33              	.LVL0:
  34              		.loc 1 74 0
  35 0000 0368     		ldr	r3, [r0, #0]
  36 0002 8268     		ldr	r2, [r0, #8]
  37 0004 1969     		ldr	r1, [r3, #16]
  38 0006 4368     		ldr	r3, [r0, #4]
  39 0008 21FA02F0 		lsr	r0, r1, r2
  40              	.LVL1:
  41 000c 1840     		ands	r0, r0, r3
  42              		.loc 1 75 0
  43 000e 7047     		bx	lr
  44              		.cfi_endproc
  45              	.LFE118:
  46              		.size	palReadBus, .-palReadBus
  47              		.section	.text.palWriteBus,"ax",%progbits
  48              		.align	2
  49              		.p2align 4,,15
  50              		.global	palWriteBus
  51              		.thumb
  52              		.thumb_func
  53              		.type	palWriteBus, %function
  54              	palWriteBus:
  55              	.LFB119:
  56              		.loc 1 94 0
  57              		.cfi_startproc
ARM GAS  C:\Users\TAISIK~1\AppData\Local\Temp\ccwTG0aO.s 			page 2


  58              		@ args = 0, pretend = 0, frame = 0
  59              		@ frame_needed = 0, uses_anonymous_args = 0
  60              		@ link register save eliminated.
  61              	.LVL2:
  62              		.loc 1 99 0
  63 0000 0DC8     		ldmia	r0, {r0, r2, r3}
  64              	.LVL3:
  65              		.loc 1 94 0
  66 0002 30B4     		push	{r4, r5}
  67              	.LCFI0:
  68              		.cfi_def_cfa_offset 8
  69              		.cfi_offset 5, -4
  70              		.cfi_offset 4, -8
  71              		.loc 1 99 0
  72 0004 22EA0105 		bic	r5, r2, r1
  73 0008 03F11004 		add	r4, r3, #16
  74 000c 0A40     		ands	r2, r2, r1
  75 000e 05FA04F4 		lsl	r4, r5, r4
  76 0012 02FA03F1 		lsl	r1, r2, r3
  77              	.LVL4:
  78 0016 44EA0103 		orr	r3, r4, r1
  79 001a 8361     		str	r3, [r0, #24]
  80              		.loc 1 100 0
  81 001c 30BC     		pop	{r4, r5}
  82 001e 7047     		bx	lr
  83              		.cfi_endproc
  84              	.LFE119:
  85              		.size	palWriteBus, .-palWriteBus
  86              		.section	.text.palSetBusMode,"ax",%progbits
  87              		.align	2
  88              		.p2align 4,,15
  89              		.global	palSetBusMode
  90              		.thumb
  91              		.thumb_func
  92              		.type	palSetBusMode, %function
  93              	palSetBusMode:
  94              	.LFB120:
  95              		.loc 1 117 0
  96              		.cfi_startproc
  97              		@ args = 0, pretend = 0, frame = 0
  98              		@ frame_needed = 0, uses_anonymous_args = 0
  99              		@ link register save eliminated.
 100              	.LVL5:
 101              		.loc 1 117 0
 102 0000 0A46     		mov	r2, r1
 103              		.loc 1 122 0
 104 0002 0BC8     		ldmia	r0, {r0, r1, r3}
 105              	.LVL6:
 106 0004 01FA03F1 		lsl	r1, r1, r3
 107              		.loc 1 123 0
 108              		.loc 1 122 0
 109 0008 FFF7FEBF 		b	_pal_lld_setgroupmode
 110              	.LVL7:
 111              		.cfi_endproc
 112              	.LFE120:
 113              		.size	palSetBusMode, .-palSetBusMode
 114 000c AFF30080 		.text
ARM GAS  C:\Users\TAISIK~1\AppData\Local\Temp\ccwTG0aO.s 			page 3


 115              	.Letext0:
 116              		.file 2 "c:\\chibistudio\\tools\\gnu tools arm embedded\\4.6 2012q4\\bin\\../lib/gcc/arm-none-eabi
 117              		.file 3 "../../os/hal/platforms/STM32F30x/stm32f30x.h"
 118              		.file 4 "../../os/hal/platforms/STM32/GPIOv2/pal_lld.h"
 119              		.file 5 "../../os/hal/include/pal.h"
 120              		.file 6 "../../os/ports/common/ARMCMx/CMSIS/include/core_cm4.h"
 121              		.section	.debug_info,"",%progbits
 122              	.Ldebug_info0:
 123 0000 C9020000 		.4byte	0x2c9
 124 0004 0200     		.2byte	0x2
 125 0006 00000000 		.4byte	.Ldebug_abbrev0
 126 000a 04       		.byte	0x4
 127 000b 01       		.uleb128 0x1
 128 000c 3A000000 		.4byte	.LASF37
 129 0010 01       		.byte	0x1
 130 0011 B5000000 		.4byte	.LASF38
 131 0015 03010000 		.4byte	.LASF39
 132 0019 00000000 		.4byte	0
 133 001d 00000000 		.4byte	0
 134 0021 00000000 		.4byte	.Ldebug_ranges0+0
 135 0025 00000000 		.4byte	.Ldebug_line0
 136 0029 02       		.uleb128 0x2
 137 002a 04       		.byte	0x4
 138 002b 05       		.byte	0x5
 139 002c 696E7400 		.ascii	"int\000"
 140 0030 03       		.uleb128 0x3
 141 0031 04       		.byte	0x4
 142 0032 07       		.byte	0x7
 143 0033 5B010000 		.4byte	.LASF0
 144 0037 03       		.uleb128 0x3
 145 0038 01       		.byte	0x1
 146 0039 06       		.byte	0x6
 147 003a D7010000 		.4byte	.LASF1
 148 003e 03       		.uleb128 0x3
 149 003f 01       		.byte	0x1
 150 0040 08       		.byte	0x8
 151 0041 A7000000 		.4byte	.LASF2
 152 0045 03       		.uleb128 0x3
 153 0046 02       		.byte	0x2
 154 0047 05       		.byte	0x5
 155 0048 49010000 		.4byte	.LASF3
 156 004c 04       		.uleb128 0x4
 157 004d BC010000 		.4byte	.LASF5
 158 0051 02       		.byte	0x2
 159 0052 36       		.byte	0x36
 160 0053 57000000 		.4byte	0x57
 161 0057 03       		.uleb128 0x3
 162 0058 02       		.byte	0x2
 163 0059 07       		.byte	0x7
 164 005a DE000000 		.4byte	.LASF4
 165 005e 04       		.uleb128 0x4
 166 005f 7F010000 		.4byte	.LASF6
 167 0063 02       		.byte	0x2
 168 0064 4F       		.byte	0x4f
 169 0065 69000000 		.4byte	0x69
 170 0069 03       		.uleb128 0x3
 171 006a 04       		.byte	0x4
ARM GAS  C:\Users\TAISIK~1\AppData\Local\Temp\ccwTG0aO.s 			page 4


 172 006b 05       		.byte	0x5
 173 006c CE010000 		.4byte	.LASF7
 174 0070 04       		.uleb128 0x4
 175 0071 C5010000 		.4byte	.LASF8
 176 0075 02       		.byte	0x2
 177 0076 50       		.byte	0x50
 178 0077 7B000000 		.4byte	0x7b
 179 007b 03       		.uleb128 0x3
 180 007c 04       		.byte	0x4
 181 007d 07       		.byte	0x7
 182 007e CC000000 		.4byte	.LASF9
 183 0082 03       		.uleb128 0x3
 184 0083 08       		.byte	0x8
 185 0084 05       		.byte	0x5
 186 0085 8D010000 		.4byte	.LASF10
 187 0089 03       		.uleb128 0x3
 188 008a 08       		.byte	0x8
 189 008b 07       		.byte	0x7
 190 008c E9010000 		.4byte	.LASF11
 191 0090 04       		.uleb128 0x4
 192 0091 1C000000 		.4byte	.LASF12
 193 0095 02       		.byte	0x2
 194 0096 A0       		.byte	0xa0
 195 0097 30000000 		.4byte	0x30
 196 009b 03       		.uleb128 0x3
 197 009c 01       		.byte	0x1
 198 009d 02       		.byte	0x2
 199 009e E3010000 		.4byte	.LASF13
 200 00a2 05       		.uleb128 0x5
 201 00a3 70000000 		.4byte	0x70
 202 00a7 03       		.uleb128 0x3
 203 00a8 01       		.byte	0x1
 204 00a9 08       		.byte	0x8
 205 00aa 75010000 		.4byte	.LASF14
 206 00ae 05       		.uleb128 0x5
 207 00af 5E000000 		.4byte	0x5e
 208 00b3 06       		.uleb128 0x6
 209 00b4 04       		.byte	0x4
 210 00b5 03       		.byte	0x3
 211 00b6 4D02     		.2byte	0x24d
 212 00b8 DB000000 		.4byte	0xdb
 213 00bc 07       		.uleb128 0x7
 214 00bd 73657400 		.ascii	"set\000"
 215 00c1 03       		.byte	0x3
 216 00c2 4E02     		.2byte	0x24e
 217 00c4 4C000000 		.4byte	0x4c
 218 00c8 02       		.byte	0x2
 219 00c9 23       		.byte	0x23
 220 00ca 00       		.uleb128 0
 221 00cb 08       		.uleb128 0x8
 222 00cc 05000000 		.4byte	.LASF15
 223 00d0 03       		.byte	0x3
 224 00d1 4F02     		.2byte	0x24f
 225 00d3 4C000000 		.4byte	0x4c
 226 00d7 02       		.byte	0x2
 227 00d8 23       		.byte	0x23
 228 00d9 02       		.uleb128 0x2
ARM GAS  C:\Users\TAISIK~1\AppData\Local\Temp\ccwTG0aO.s 			page 5


 229 00da 00       		.byte	0
 230 00db 09       		.uleb128 0x9
 231 00dc 04       		.byte	0x4
 232 00dd 03       		.byte	0x3
 233 00de 4B02     		.2byte	0x24b
 234 00e0 F9000000 		.4byte	0xf9
 235 00e4 0A       		.uleb128 0xa
 236 00e5 5700     		.ascii	"W\000"
 237 00e7 03       		.byte	0x3
 238 00e8 4C02     		.2byte	0x24c
 239 00ea 70000000 		.4byte	0x70
 240 00ee 0A       		.uleb128 0xa
 241 00ef 4800     		.ascii	"H\000"
 242 00f1 03       		.byte	0x3
 243 00f2 5002     		.2byte	0x250
 244 00f4 B3000000 		.4byte	0xb3
 245 00f8 00       		.byte	0
 246 00f9 06       		.uleb128 0x6
 247 00fa 28       		.byte	0x28
 248 00fb 03       		.byte	0x3
 249 00fc 4302     		.2byte	0x243
 250 00fe 99010000 		.4byte	0x199
 251 0102 08       		.uleb128 0x8
 252 0103 0B000000 		.4byte	.LASF16
 253 0107 03       		.byte	0x3
 254 0108 4502     		.2byte	0x245
 255 010a A2000000 		.4byte	0xa2
 256 010e 02       		.byte	0x2
 257 010f 23       		.byte	0x23
 258 0110 00       		.uleb128 0
 259 0111 08       		.uleb128 0x8
 260 0112 97000000 		.4byte	.LASF17
 261 0116 03       		.byte	0x3
 262 0117 4602     		.2byte	0x246
 263 0119 A2000000 		.4byte	0xa2
 264 011d 02       		.byte	0x2
 265 011e 23       		.byte	0x23
 266 011f 04       		.uleb128 0x4
 267 0120 08       		.uleb128 0x8
 268 0121 53010000 		.4byte	.LASF18
 269 0125 03       		.byte	0x3
 270 0126 4702     		.2byte	0x247
 271 0128 A2000000 		.4byte	0xa2
 272 012c 02       		.byte	0x2
 273 012d 23       		.byte	0x23
 274 012e 08       		.uleb128 0x8
 275 012f 08       		.uleb128 0x8
 276 0130 87010000 		.4byte	.LASF19
 277 0134 03       		.byte	0x3
 278 0135 4802     		.2byte	0x248
 279 0137 A2000000 		.4byte	0xa2
 280 013b 02       		.byte	0x2
 281 013c 23       		.byte	0x23
 282 013d 0C       		.uleb128 0xc
 283 013e 07       		.uleb128 0x7
 284 013f 49445200 		.ascii	"IDR\000"
 285 0143 03       		.byte	0x3
ARM GAS  C:\Users\TAISIK~1\AppData\Local\Temp\ccwTG0aO.s 			page 6


 286 0144 4902     		.2byte	0x249
 287 0146 A2000000 		.4byte	0xa2
 288 014a 02       		.byte	0x2
 289 014b 23       		.byte	0x23
 290 014c 10       		.uleb128 0x10
 291 014d 07       		.uleb128 0x7
 292 014e 4F445200 		.ascii	"ODR\000"
 293 0152 03       		.byte	0x3
 294 0153 4A02     		.2byte	0x24a
 295 0155 A2000000 		.4byte	0xa2
 296 0159 02       		.byte	0x2
 297 015a 23       		.byte	0x23
 298 015b 14       		.uleb128 0x14
 299 015c 08       		.uleb128 0x8
 300 015d 29000000 		.4byte	.LASF20
 301 0161 03       		.byte	0x3
 302 0162 5102     		.2byte	0x251
 303 0164 99010000 		.4byte	0x199
 304 0168 02       		.byte	0x2
 305 0169 23       		.byte	0x23
 306 016a 18       		.uleb128 0x18
 307 016b 08       		.uleb128 0x8
 308 016c 00000000 		.4byte	.LASF21
 309 0170 03       		.byte	0x3
 310 0171 5202     		.2byte	0x252
 311 0173 A2000000 		.4byte	0xa2
 312 0177 02       		.byte	0x2
 313 0178 23       		.byte	0x23
 314 0179 1C       		.uleb128 0x1c
 315 017a 08       		.uleb128 0x8
 316 017b F1000000 		.4byte	.LASF22
 317 017f 03       		.byte	0x3
 318 0180 5302     		.2byte	0x253
 319 0182 A2000000 		.4byte	0xa2
 320 0186 02       		.byte	0x2
 321 0187 23       		.byte	0x23
 322 0188 20       		.uleb128 0x20
 323 0189 08       		.uleb128 0x8
 324 018a AC010000 		.4byte	.LASF23
 325 018e 03       		.byte	0x3
 326 018f 5402     		.2byte	0x254
 327 0191 A2000000 		.4byte	0xa2
 328 0195 02       		.byte	0x2
 329 0196 23       		.byte	0x23
 330 0197 24       		.uleb128 0x24
 331 0198 00       		.byte	0
 332 0199 05       		.uleb128 0x5
 333 019a DB000000 		.4byte	0xdb
 334 019e 0B       		.uleb128 0xb
 335 019f 68010000 		.4byte	.LASF24
 336 01a3 03       		.byte	0x3
 337 01a4 5502     		.2byte	0x255
 338 01a6 F9000000 		.4byte	0xf9
 339 01aa 04       		.uleb128 0x4
 340 01ab 8A000000 		.4byte	.LASF25
 341 01af 04       		.byte	0x4
 342 01b0 EE       		.byte	0xee
ARM GAS  C:\Users\TAISIK~1\AppData\Local\Temp\ccwTG0aO.s 			page 7


 343 01b1 70000000 		.4byte	0x70
 344 01b5 04       		.uleb128 0x4
 345 01b6 9E000000 		.4byte	.LASF26
 346 01ba 04       		.byte	0x4
 347 01bb F3       		.byte	0xf3
 348 01bc 70000000 		.4byte	0x70
 349 01c0 04       		.uleb128 0x4
 350 01c1 B1010000 		.4byte	.LASF27
 351 01c5 04       		.byte	0x4
 352 01c6 FB       		.byte	0xfb
 353 01c7 CB010000 		.4byte	0x1cb
 354 01cb 0C       		.uleb128 0xc
 355 01cc 04       		.byte	0x4
 356 01cd 9E010000 		.4byte	0x19e
 357 01d1 0D       		.uleb128 0xd
 358 01d2 0C       		.byte	0xc
 359 01d3 05       		.byte	0x5
 360 01d4 7E       		.byte	0x7e
 361 01d5 04020000 		.4byte	0x204
 362 01d9 0E       		.uleb128 0xe
 363 01da 83000000 		.4byte	.LASF28
 364 01de 05       		.byte	0x5
 365 01df 82       		.byte	0x82
 366 01e0 C0010000 		.4byte	0x1c0
 367 01e4 02       		.byte	0x2
 368 01e5 23       		.byte	0x23
 369 01e6 00       		.uleb128 0
 370 01e7 0E       		.uleb128 0xe
 371 01e8 9B010000 		.4byte	.LASF29
 372 01ec 05       		.byte	0x5
 373 01ed 88       		.byte	0x88
 374 01ee AA010000 		.4byte	0x1aa
 375 01f2 02       		.byte	0x2
 376 01f3 23       		.byte	0x23
 377 01f4 04       		.uleb128 0x4
 378 01f5 0E       		.uleb128 0xe
 379 01f6 A5010000 		.4byte	.LASF30
 380 01fa 05       		.byte	0x5
 381 01fb 8C       		.byte	0x8c
 382 01fc 90000000 		.4byte	0x90
 383 0200 02       		.byte	0x2
 384 0201 23       		.byte	0x23
 385 0202 08       		.uleb128 0x8
 386 0203 00       		.byte	0
 387 0204 04       		.uleb128 0x4
 388 0205 00020000 		.4byte	.LASF31
 389 0209 05       		.byte	0x5
 390 020a 8D       		.byte	0x8d
 391 020b D1010000 		.4byte	0x1d1
 392 020f 0F       		.uleb128 0xf
 393 0210 01       		.byte	0x1
 394 0211 11000000 		.4byte	.LASF40
 395 0215 01       		.byte	0x1
 396 0216 45       		.byte	0x45
 397 0217 01       		.byte	0x1
 398 0218 AA010000 		.4byte	0x1aa
 399 021c 00000000 		.4byte	.LFB118
ARM GAS  C:\Users\TAISIK~1\AppData\Local\Temp\ccwTG0aO.s 			page 8


 400 0220 10000000 		.4byte	.LFE118
 401 0224 02       		.byte	0x2
 402 0225 7D       		.byte	0x7d
 403 0226 00       		.sleb128 0
 404 0227 3B020000 		.4byte	0x23b
 405 022b 10       		.uleb128 0x10
 406 022c 62757300 		.ascii	"bus\000"
 407 0230 01       		.byte	0x1
 408 0231 45       		.byte	0x45
 409 0232 3B020000 		.4byte	0x23b
 410 0236 00000000 		.4byte	.LLST0
 411 023a 00       		.byte	0
 412 023b 0C       		.uleb128 0xc
 413 023c 04       		.byte	0x4
 414 023d 04020000 		.4byte	0x204
 415 0241 11       		.uleb128 0x11
 416 0242 01       		.byte	0x1
 417 0243 2E000000 		.4byte	.LASF33
 418 0247 01       		.byte	0x1
 419 0248 5E       		.byte	0x5e
 420 0249 01       		.byte	0x1
 421 024a 00000000 		.4byte	.LFB119
 422 024e 20000000 		.4byte	.LFE119
 423 0252 13000000 		.4byte	.LLST1
 424 0256 79020000 		.4byte	0x279
 425 025a 10       		.uleb128 0x10
 426 025b 62757300 		.ascii	"bus\000"
 427 025f 01       		.byte	0x1
 428 0260 5E       		.byte	0x5e
 429 0261 3B020000 		.4byte	0x23b
 430 0265 33000000 		.4byte	.LLST2
 431 0269 12       		.uleb128 0x12
 432 026a A0010000 		.4byte	.LASF32
 433 026e 01       		.byte	0x1
 434 026f 5E       		.byte	0x5e
 435 0270 AA010000 		.4byte	0x1aa
 436 0274 46000000 		.4byte	.LLST3
 437 0278 00       		.byte	0
 438 0279 13       		.uleb128 0x13
 439 027a 01       		.byte	0x1
 440 027b 3B010000 		.4byte	.LASF34
 441 027f 01       		.byte	0x1
 442 0280 75       		.byte	0x75
 443 0281 01       		.byte	0x1
 444 0282 00000000 		.4byte	.LFB120
 445 0286 0C000000 		.4byte	.LFE120
 446 028a 02       		.byte	0x2
 447 028b 7D       		.byte	0x7d
 448 028c 00       		.sleb128 0
 449 028d B0020000 		.4byte	0x2b0
 450 0291 10       		.uleb128 0x10
 451 0292 62757300 		.ascii	"bus\000"
 452 0296 01       		.byte	0x1
 453 0297 75       		.byte	0x75
 454 0298 3B020000 		.4byte	0x23b
 455 029c 59000000 		.4byte	.LLST4
 456 02a0 12       		.uleb128 0x12
ARM GAS  C:\Users\TAISIK~1\AppData\Local\Temp\ccwTG0aO.s 			page 9


 457 02a1 7A010000 		.4byte	.LASF35
 458 02a5 01       		.byte	0x1
 459 02a6 75       		.byte	0x75
 460 02a7 B5010000 		.4byte	0x1b5
 461 02ab 6C000000 		.4byte	.LLST5
 462 02af 00       		.byte	0
 463 02b0 14       		.uleb128 0x14
 464 02b1 F6000000 		.4byte	.LASF36
 465 02b5 06       		.byte	0x6
 466 02b6 9806     		.2byte	0x698
 467 02b8 AE000000 		.4byte	0xae
 468 02bc 01       		.byte	0x1
 469 02bd 01       		.byte	0x1
 470 02be 14       		.uleb128 0x14
 471 02bf F6000000 		.4byte	.LASF36
 472 02c3 06       		.byte	0x6
 473 02c4 9806     		.2byte	0x698
 474 02c6 AE000000 		.4byte	0xae
 475 02ca 01       		.byte	0x1
 476 02cb 01       		.byte	0x1
 477 02cc 00       		.byte	0
 478              		.section	.debug_abbrev,"",%progbits
 479              	.Ldebug_abbrev0:
 480 0000 01       		.uleb128 0x1
 481 0001 11       		.uleb128 0x11
 482 0002 01       		.byte	0x1
 483 0003 25       		.uleb128 0x25
 484 0004 0E       		.uleb128 0xe
 485 0005 13       		.uleb128 0x13
 486 0006 0B       		.uleb128 0xb
 487 0007 03       		.uleb128 0x3
 488 0008 0E       		.uleb128 0xe
 489 0009 1B       		.uleb128 0x1b
 490 000a 0E       		.uleb128 0xe
 491 000b 11       		.uleb128 0x11
 492 000c 01       		.uleb128 0x1
 493 000d 52       		.uleb128 0x52
 494 000e 01       		.uleb128 0x1
 495 000f 55       		.uleb128 0x55
 496 0010 06       		.uleb128 0x6
 497 0011 10       		.uleb128 0x10
 498 0012 06       		.uleb128 0x6
 499 0013 00       		.byte	0
 500 0014 00       		.byte	0
 501 0015 02       		.uleb128 0x2
 502 0016 24       		.uleb128 0x24
 503 0017 00       		.byte	0
 504 0018 0B       		.uleb128 0xb
 505 0019 0B       		.uleb128 0xb
 506 001a 3E       		.uleb128 0x3e
 507 001b 0B       		.uleb128 0xb
 508 001c 03       		.uleb128 0x3
 509 001d 08       		.uleb128 0x8
 510 001e 00       		.byte	0
 511 001f 00       		.byte	0
 512 0020 03       		.uleb128 0x3
 513 0021 24       		.uleb128 0x24
ARM GAS  C:\Users\TAISIK~1\AppData\Local\Temp\ccwTG0aO.s 			page 10


 514 0022 00       		.byte	0
 515 0023 0B       		.uleb128 0xb
 516 0024 0B       		.uleb128 0xb
 517 0025 3E       		.uleb128 0x3e
 518 0026 0B       		.uleb128 0xb
 519 0027 03       		.uleb128 0x3
 520 0028 0E       		.uleb128 0xe
 521 0029 00       		.byte	0
 522 002a 00       		.byte	0
 523 002b 04       		.uleb128 0x4
 524 002c 16       		.uleb128 0x16
 525 002d 00       		.byte	0
 526 002e 03       		.uleb128 0x3
 527 002f 0E       		.uleb128 0xe
 528 0030 3A       		.uleb128 0x3a
 529 0031 0B       		.uleb128 0xb
 530 0032 3B       		.uleb128 0x3b
 531 0033 0B       		.uleb128 0xb
 532 0034 49       		.uleb128 0x49
 533 0035 13       		.uleb128 0x13
 534 0036 00       		.byte	0
 535 0037 00       		.byte	0
 536 0038 05       		.uleb128 0x5
 537 0039 35       		.uleb128 0x35
 538 003a 00       		.byte	0
 539 003b 49       		.uleb128 0x49
 540 003c 13       		.uleb128 0x13
 541 003d 00       		.byte	0
 542 003e 00       		.byte	0
 543 003f 06       		.uleb128 0x6
 544 0040 13       		.uleb128 0x13
 545 0041 01       		.byte	0x1
 546 0042 0B       		.uleb128 0xb
 547 0043 0B       		.uleb128 0xb
 548 0044 3A       		.uleb128 0x3a
 549 0045 0B       		.uleb128 0xb
 550 0046 3B       		.uleb128 0x3b
 551 0047 05       		.uleb128 0x5
 552 0048 01       		.uleb128 0x1
 553 0049 13       		.uleb128 0x13
 554 004a 00       		.byte	0
 555 004b 00       		.byte	0
 556 004c 07       		.uleb128 0x7
 557 004d 0D       		.uleb128 0xd
 558 004e 00       		.byte	0
 559 004f 03       		.uleb128 0x3
 560 0050 08       		.uleb128 0x8
 561 0051 3A       		.uleb128 0x3a
 562 0052 0B       		.uleb128 0xb
 563 0053 3B       		.uleb128 0x3b
 564 0054 05       		.uleb128 0x5
 565 0055 49       		.uleb128 0x49
 566 0056 13       		.uleb128 0x13
 567 0057 38       		.uleb128 0x38
 568 0058 0A       		.uleb128 0xa
 569 0059 00       		.byte	0
 570 005a 00       		.byte	0
ARM GAS  C:\Users\TAISIK~1\AppData\Local\Temp\ccwTG0aO.s 			page 11


 571 005b 08       		.uleb128 0x8
 572 005c 0D       		.uleb128 0xd
 573 005d 00       		.byte	0
 574 005e 03       		.uleb128 0x3
 575 005f 0E       		.uleb128 0xe
 576 0060 3A       		.uleb128 0x3a
 577 0061 0B       		.uleb128 0xb
 578 0062 3B       		.uleb128 0x3b
 579 0063 05       		.uleb128 0x5
 580 0064 49       		.uleb128 0x49
 581 0065 13       		.uleb128 0x13
 582 0066 38       		.uleb128 0x38
 583 0067 0A       		.uleb128 0xa
 584 0068 00       		.byte	0
 585 0069 00       		.byte	0
 586 006a 09       		.uleb128 0x9
 587 006b 17       		.uleb128 0x17
 588 006c 01       		.byte	0x1
 589 006d 0B       		.uleb128 0xb
 590 006e 0B       		.uleb128 0xb
 591 006f 3A       		.uleb128 0x3a
 592 0070 0B       		.uleb128 0xb
 593 0071 3B       		.uleb128 0x3b
 594 0072 05       		.uleb128 0x5
 595 0073 01       		.uleb128 0x1
 596 0074 13       		.uleb128 0x13
 597 0075 00       		.byte	0
 598 0076 00       		.byte	0
 599 0077 0A       		.uleb128 0xa
 600 0078 0D       		.uleb128 0xd
 601 0079 00       		.byte	0
 602 007a 03       		.uleb128 0x3
 603 007b 08       		.uleb128 0x8
 604 007c 3A       		.uleb128 0x3a
 605 007d 0B       		.uleb128 0xb
 606 007e 3B       		.uleb128 0x3b
 607 007f 05       		.uleb128 0x5
 608 0080 49       		.uleb128 0x49
 609 0081 13       		.uleb128 0x13
 610 0082 00       		.byte	0
 611 0083 00       		.byte	0
 612 0084 0B       		.uleb128 0xb
 613 0085 16       		.uleb128 0x16
 614 0086 00       		.byte	0
 615 0087 03       		.uleb128 0x3
 616 0088 0E       		.uleb128 0xe
 617 0089 3A       		.uleb128 0x3a
 618 008a 0B       		.uleb128 0xb
 619 008b 3B       		.uleb128 0x3b
 620 008c 05       		.uleb128 0x5
 621 008d 49       		.uleb128 0x49
 622 008e 13       		.uleb128 0x13
 623 008f 00       		.byte	0
 624 0090 00       		.byte	0
 625 0091 0C       		.uleb128 0xc
 626 0092 0F       		.uleb128 0xf
 627 0093 00       		.byte	0
ARM GAS  C:\Users\TAISIK~1\AppData\Local\Temp\ccwTG0aO.s 			page 12


 628 0094 0B       		.uleb128 0xb
 629 0095 0B       		.uleb128 0xb
 630 0096 49       		.uleb128 0x49
 631 0097 13       		.uleb128 0x13
 632 0098 00       		.byte	0
 633 0099 00       		.byte	0
 634 009a 0D       		.uleb128 0xd
 635 009b 13       		.uleb128 0x13
 636 009c 01       		.byte	0x1
 637 009d 0B       		.uleb128 0xb
 638 009e 0B       		.uleb128 0xb
 639 009f 3A       		.uleb128 0x3a
 640 00a0 0B       		.uleb128 0xb
 641 00a1 3B       		.uleb128 0x3b
 642 00a2 0B       		.uleb128 0xb
 643 00a3 01       		.uleb128 0x1
 644 00a4 13       		.uleb128 0x13
 645 00a5 00       		.byte	0
 646 00a6 00       		.byte	0
 647 00a7 0E       		.uleb128 0xe
 648 00a8 0D       		.uleb128 0xd
 649 00a9 00       		.byte	0
 650 00aa 03       		.uleb128 0x3
 651 00ab 0E       		.uleb128 0xe
 652 00ac 3A       		.uleb128 0x3a
 653 00ad 0B       		.uleb128 0xb
 654 00ae 3B       		.uleb128 0x3b
 655 00af 0B       		.uleb128 0xb
 656 00b0 49       		.uleb128 0x49
 657 00b1 13       		.uleb128 0x13
 658 00b2 38       		.uleb128 0x38
 659 00b3 0A       		.uleb128 0xa
 660 00b4 00       		.byte	0
 661 00b5 00       		.byte	0
 662 00b6 0F       		.uleb128 0xf
 663 00b7 2E       		.uleb128 0x2e
 664 00b8 01       		.byte	0x1
 665 00b9 3F       		.uleb128 0x3f
 666 00ba 0C       		.uleb128 0xc
 667 00bb 03       		.uleb128 0x3
 668 00bc 0E       		.uleb128 0xe
 669 00bd 3A       		.uleb128 0x3a
 670 00be 0B       		.uleb128 0xb
 671 00bf 3B       		.uleb128 0x3b
 672 00c0 0B       		.uleb128 0xb
 673 00c1 27       		.uleb128 0x27
 674 00c2 0C       		.uleb128 0xc
 675 00c3 49       		.uleb128 0x49
 676 00c4 13       		.uleb128 0x13
 677 00c5 11       		.uleb128 0x11
 678 00c6 01       		.uleb128 0x1
 679 00c7 12       		.uleb128 0x12
 680 00c8 01       		.uleb128 0x1
 681 00c9 40       		.uleb128 0x40
 682 00ca 0A       		.uleb128 0xa
 683 00cb 01       		.uleb128 0x1
 684 00cc 13       		.uleb128 0x13
ARM GAS  C:\Users\TAISIK~1\AppData\Local\Temp\ccwTG0aO.s 			page 13


 685 00cd 00       		.byte	0
 686 00ce 00       		.byte	0
 687 00cf 10       		.uleb128 0x10
 688 00d0 05       		.uleb128 0x5
 689 00d1 00       		.byte	0
 690 00d2 03       		.uleb128 0x3
 691 00d3 08       		.uleb128 0x8
 692 00d4 3A       		.uleb128 0x3a
 693 00d5 0B       		.uleb128 0xb
 694 00d6 3B       		.uleb128 0x3b
 695 00d7 0B       		.uleb128 0xb
 696 00d8 49       		.uleb128 0x49
 697 00d9 13       		.uleb128 0x13
 698 00da 02       		.uleb128 0x2
 699 00db 06       		.uleb128 0x6
 700 00dc 00       		.byte	0
 701 00dd 00       		.byte	0
 702 00de 11       		.uleb128 0x11
 703 00df 2E       		.uleb128 0x2e
 704 00e0 01       		.byte	0x1
 705 00e1 3F       		.uleb128 0x3f
 706 00e2 0C       		.uleb128 0xc
 707 00e3 03       		.uleb128 0x3
 708 00e4 0E       		.uleb128 0xe
 709 00e5 3A       		.uleb128 0x3a
 710 00e6 0B       		.uleb128 0xb
 711 00e7 3B       		.uleb128 0x3b
 712 00e8 0B       		.uleb128 0xb
 713 00e9 27       		.uleb128 0x27
 714 00ea 0C       		.uleb128 0xc
 715 00eb 11       		.uleb128 0x11
 716 00ec 01       		.uleb128 0x1
 717 00ed 12       		.uleb128 0x12
 718 00ee 01       		.uleb128 0x1
 719 00ef 40       		.uleb128 0x40
 720 00f0 06       		.uleb128 0x6
 721 00f1 01       		.uleb128 0x1
 722 00f2 13       		.uleb128 0x13
 723 00f3 00       		.byte	0
 724 00f4 00       		.byte	0
 725 00f5 12       		.uleb128 0x12
 726 00f6 05       		.uleb128 0x5
 727 00f7 00       		.byte	0
 728 00f8 03       		.uleb128 0x3
 729 00f9 0E       		.uleb128 0xe
 730 00fa 3A       		.uleb128 0x3a
 731 00fb 0B       		.uleb128 0xb
 732 00fc 3B       		.uleb128 0x3b
 733 00fd 0B       		.uleb128 0xb
 734 00fe 49       		.uleb128 0x49
 735 00ff 13       		.uleb128 0x13
 736 0100 02       		.uleb128 0x2
 737 0101 06       		.uleb128 0x6
 738 0102 00       		.byte	0
 739 0103 00       		.byte	0
 740 0104 13       		.uleb128 0x13
 741 0105 2E       		.uleb128 0x2e
ARM GAS  C:\Users\TAISIK~1\AppData\Local\Temp\ccwTG0aO.s 			page 14


 742 0106 01       		.byte	0x1
 743 0107 3F       		.uleb128 0x3f
 744 0108 0C       		.uleb128 0xc
 745 0109 03       		.uleb128 0x3
 746 010a 0E       		.uleb128 0xe
 747 010b 3A       		.uleb128 0x3a
 748 010c 0B       		.uleb128 0xb
 749 010d 3B       		.uleb128 0x3b
 750 010e 0B       		.uleb128 0xb
 751 010f 27       		.uleb128 0x27
 752 0110 0C       		.uleb128 0xc
 753 0111 11       		.uleb128 0x11
 754 0112 01       		.uleb128 0x1
 755 0113 12       		.uleb128 0x12
 756 0114 01       		.uleb128 0x1
 757 0115 40       		.uleb128 0x40
 758 0116 0A       		.uleb128 0xa
 759 0117 01       		.uleb128 0x1
 760 0118 13       		.uleb128 0x13
 761 0119 00       		.byte	0
 762 011a 00       		.byte	0
 763 011b 14       		.uleb128 0x14
 764 011c 34       		.uleb128 0x34
 765 011d 00       		.byte	0
 766 011e 03       		.uleb128 0x3
 767 011f 0E       		.uleb128 0xe
 768 0120 3A       		.uleb128 0x3a
 769 0121 0B       		.uleb128 0xb
 770 0122 3B       		.uleb128 0x3b
 771 0123 05       		.uleb128 0x5
 772 0124 49       		.uleb128 0x49
 773 0125 13       		.uleb128 0x13
 774 0126 3F       		.uleb128 0x3f
 775 0127 0C       		.uleb128 0xc
 776 0128 3C       		.uleb128 0x3c
 777 0129 0C       		.uleb128 0xc
 778 012a 00       		.byte	0
 779 012b 00       		.byte	0
 780 012c 00       		.byte	0
 781              		.section	.debug_loc,"",%progbits
 782              	.Ldebug_loc0:
 783              	.LLST0:
 784 0000 00000000 		.4byte	.LVL0
 785 0004 0C000000 		.4byte	.LVL1
 786 0008 0100     		.2byte	0x1
 787 000a 50       		.byte	0x50
 788 000b 00000000 		.4byte	0
 789 000f 00000000 		.4byte	0
 790              	.LLST1:
 791 0013 00000000 		.4byte	.LFB119
 792 0017 04000000 		.4byte	.LCFI0
 793 001b 0200     		.2byte	0x2
 794 001d 7D       		.byte	0x7d
 795 001e 00       		.sleb128 0
 796 001f 04000000 		.4byte	.LCFI0
 797 0023 20000000 		.4byte	.LFE119
 798 0027 0200     		.2byte	0x2
ARM GAS  C:\Users\TAISIK~1\AppData\Local\Temp\ccwTG0aO.s 			page 15


 799 0029 7D       		.byte	0x7d
 800 002a 08       		.sleb128 8
 801 002b 00000000 		.4byte	0
 802 002f 00000000 		.4byte	0
 803              	.LLST2:
 804 0033 00000000 		.4byte	.LVL2
 805 0037 02000000 		.4byte	.LVL3
 806 003b 0100     		.2byte	0x1
 807 003d 50       		.byte	0x50
 808 003e 00000000 		.4byte	0
 809 0042 00000000 		.4byte	0
 810              	.LLST3:
 811 0046 00000000 		.4byte	.LVL2
 812 004a 16000000 		.4byte	.LVL4
 813 004e 0100     		.2byte	0x1
 814 0050 51       		.byte	0x51
 815 0051 00000000 		.4byte	0
 816 0055 00000000 		.4byte	0
 817              	.LLST4:
 818 0059 00000000 		.4byte	.LVL5
 819 005d 04000000 		.4byte	.LVL6
 820 0061 0100     		.2byte	0x1
 821 0063 50       		.byte	0x50
 822 0064 00000000 		.4byte	0
 823 0068 00000000 		.4byte	0
 824              	.LLST5:
 825 006c 00000000 		.4byte	.LVL5
 826 0070 04000000 		.4byte	.LVL6
 827 0074 0100     		.2byte	0x1
 828 0076 51       		.byte	0x51
 829 0077 04000000 		.4byte	.LVL6
 830 007b 0B000000 		.4byte	.LVL7-1
 831 007f 0100     		.2byte	0x1
 832 0081 52       		.byte	0x52
 833 0082 00000000 		.4byte	0
 834 0086 00000000 		.4byte	0
 835              		.section	.debug_aranges,"",%progbits
 836 0000 2C000000 		.4byte	0x2c
 837 0004 0200     		.2byte	0x2
 838 0006 00000000 		.4byte	.Ldebug_info0
 839 000a 04       		.byte	0x4
 840 000b 00       		.byte	0
 841 000c 0000     		.2byte	0
 842 000e 0000     		.2byte	0
 843 0010 00000000 		.4byte	.LFB118
 844 0014 10000000 		.4byte	.LFE118-.LFB118
 845 0018 00000000 		.4byte	.LFB119
 846 001c 20000000 		.4byte	.LFE119-.LFB119
 847 0020 00000000 		.4byte	.LFB120
 848 0024 0C000000 		.4byte	.LFE120-.LFB120
 849 0028 00000000 		.4byte	0
 850 002c 00000000 		.4byte	0
 851              		.section	.debug_ranges,"",%progbits
 852              	.Ldebug_ranges0:
 853 0000 00000000 		.4byte	.LFB118
 854 0004 10000000 		.4byte	.LFE118
 855 0008 00000000 		.4byte	.LFB119
ARM GAS  C:\Users\TAISIK~1\AppData\Local\Temp\ccwTG0aO.s 			page 16


 856 000c 20000000 		.4byte	.LFE119
 857 0010 00000000 		.4byte	.LFB120
 858 0014 0C000000 		.4byte	.LFE120
 859 0018 00000000 		.4byte	0
 860 001c 00000000 		.4byte	0
 861              		.section	.debug_line,"",%progbits
 862              	.Ldebug_line0:
 863 0000 AD010000 		.section	.debug_str,"MS",%progbits,1
 863      02006D01 
 863      00000201 
 863      FB0E0D00 
 863      01010101 
 864              	.LASF21:
 865 0000 4C434B52 		.ascii	"LCKR\000"
 865      00
 866              	.LASF15:
 867 0005 636C6561 		.ascii	"clear\000"
 867      7200
 868              	.LASF16:
 869 000b 4D4F4445 		.ascii	"MODER\000"
 869      5200
 870              	.LASF40:
 871 0011 70616C52 		.ascii	"palReadBus\000"
 871      65616442 
 871      757300
 872              	.LASF12:
 873 001c 75696E74 		.ascii	"uint_fast8_t\000"
 873      5F666173 
 873      74385F74 
 873      00
 874              	.LASF20:
 875 0029 42535252 		.ascii	"BSRR\000"
 875      00
 876              	.LASF33:
 877 002e 70616C57 		.ascii	"palWriteBus\000"
 877      72697465 
 877      42757300 
 878              	.LASF37:
 879 003a 474E5520 		.ascii	"GNU C 4.6.2 20121016 (release) [ARM/embedded-4_6-br"
 879      4320342E 
 879      362E3220 
 879      32303132 
 879      31303136 
 880 006d 616E6368 		.ascii	"anch revision 192487]\000"
 880      20726576 
 880      6973696F 
 880      6E203139 
 880      32343837 
 881              	.LASF28:
 882 0083 706F7274 		.ascii	"portid\000"
 882      696400
 883              	.LASF25:
 884 008a 696F706F 		.ascii	"ioportmask_t\000"
 884      72746D61 
 884      736B5F74 
 884      00
 885              	.LASF17:
ARM GAS  C:\Users\TAISIK~1\AppData\Local\Temp\ccwTG0aO.s 			page 17


 886 0097 4F545950 		.ascii	"OTYPER\000"
 886      455200
 887              	.LASF26:
 888 009e 696F6D6F 		.ascii	"iomode_t\000"
 888      64655F74 
 888      00
 889              	.LASF2:
 890 00a7 756E7369 		.ascii	"unsigned char\000"
 890      676E6564 
 890      20636861 
 890      7200
 891              	.LASF38:
 892 00b5 2E2E2F2E 		.ascii	"../../os/hal/src/pal.c\000"
 892      2E2F6F73 
 892      2F68616C 
 892      2F737263 
 892      2F70616C 
 893              	.LASF9:
 894 00cc 6C6F6E67 		.ascii	"long unsigned int\000"
 894      20756E73 
 894      69676E65 
 894      6420696E 
 894      7400
 895              	.LASF4:
 896 00de 73686F72 		.ascii	"short unsigned int\000"
 896      7420756E 
 896      7369676E 
 896      65642069 
 896      6E7400
 897              	.LASF22:
 898 00f1 4146524C 		.ascii	"AFRL\000"
 898      00
 899              	.LASF36:
 900 00f6 49544D5F 		.ascii	"ITM_RxBuffer\000"
 900      52784275 
 900      66666572 
 900      00
 901              	.LASF39:
 902 0103 433A5C43 		.ascii	"C:\\ChibiStudio\\chibios\\demos\\ARMCM4-STM32F303-D"
 902      68696269 
 902      53747564 
 902      696F5C63 
 902      68696269 
 903 0132 4953434F 		.ascii	"ISCOVERY\000"
 903      56455259 
 903      00
 904              	.LASF34:
 905 013b 70616C53 		.ascii	"palSetBusMode\000"
 905      65744275 
 905      734D6F64 
 905      6500
 906              	.LASF3:
 907 0149 73686F72 		.ascii	"short int\000"
 907      7420696E 
 907      7400
 908              	.LASF18:
 909 0153 4F535045 		.ascii	"OSPEEDR\000"
ARM GAS  C:\Users\TAISIK~1\AppData\Local\Temp\ccwTG0aO.s 			page 18


 909      45445200 
 910              	.LASF0:
 911 015b 756E7369 		.ascii	"unsigned int\000"
 911      676E6564 
 911      20696E74 
 911      00
 912              	.LASF24:
 913 0168 4750494F 		.ascii	"GPIO_TypeDef\000"
 913      5F547970 
 913      65446566 
 913      00
 914              	.LASF14:
 915 0175 63686172 		.ascii	"char\000"
 915      00
 916              	.LASF35:
 917 017a 6D6F6465 		.ascii	"mode\000"
 917      00
 918              	.LASF6:
 919 017f 696E7433 		.ascii	"int32_t\000"
 919      325F7400 
 920              	.LASF19:
 921 0187 50555044 		.ascii	"PUPDR\000"
 921      5200
 922              	.LASF10:
 923 018d 6C6F6E67 		.ascii	"long long int\000"
 923      206C6F6E 
 923      6720696E 
 923      7400
 924              	.LASF29:
 925 019b 6D61736B 		.ascii	"mask\000"
 925      00
 926              	.LASF32:
 927 01a0 62697473 		.ascii	"bits\000"
 927      00
 928              	.LASF30:
 929 01a5 6F666673 		.ascii	"offset\000"
 929      657400
 930              	.LASF23:
 931 01ac 41465248 		.ascii	"AFRH\000"
 931      00
 932              	.LASF27:
 933 01b1 696F706F 		.ascii	"ioportid_t\000"
 933      72746964 
 933      5F7400
 934              	.LASF5:
 935 01bc 75696E74 		.ascii	"uint16_t\000"
 935      31365F74 
 935      00
 936              	.LASF8:
 937 01c5 75696E74 		.ascii	"uint32_t\000"
 937      33325F74 
 937      00
 938              	.LASF7:
 939 01ce 6C6F6E67 		.ascii	"long int\000"
 939      20696E74 
 939      00
 940              	.LASF1:
ARM GAS  C:\Users\TAISIK~1\AppData\Local\Temp\ccwTG0aO.s 			page 19


 941 01d7 7369676E 		.ascii	"signed char\000"
 941      65642063 
 941      68617200 
 942              	.LASF13:
 943 01e3 5F426F6F 		.ascii	"_Bool\000"
 943      6C00
 944              	.LASF11:
 945 01e9 6C6F6E67 		.ascii	"long long unsigned int\000"
 945      206C6F6E 
 945      6720756E 
 945      7369676E 
 945      65642069 
 946              	.LASF31:
 947 0200 494F4275 		.ascii	"IOBus\000"
 947      7300
 948              		.ident	"GCC: (GNU Tools for ARM Embedded Processors) 4.6.2 20121016 (release) [ARM/embedded-4_6-br
ARM GAS  C:\Users\TAISIK~1\AppData\Local\Temp\ccwTG0aO.s 			page 20


DEFINED SYMBOLS
                            *ABS*:00000000 pal.c
C:\Users\TAISIK~1\AppData\Local\Temp\ccwTG0aO.s:19     .text.palReadBus:00000000 $t
C:\Users\TAISIK~1\AppData\Local\Temp\ccwTG0aO.s:25     .text.palReadBus:00000000 palReadBus
C:\Users\TAISIK~1\AppData\Local\Temp\ccwTG0aO.s:48     .text.palWriteBus:00000000 $t
C:\Users\TAISIK~1\AppData\Local\Temp\ccwTG0aO.s:54     .text.palWriteBus:00000000 palWriteBus
C:\Users\TAISIK~1\AppData\Local\Temp\ccwTG0aO.s:87     .text.palSetBusMode:00000000 $t
C:\Users\TAISIK~1\AppData\Local\Temp\ccwTG0aO.s:93     .text.palSetBusMode:00000000 palSetBusMode
                     .debug_frame:00000010 $d

UNDEFINED SYMBOLS
_pal_lld_setgroupmode
