GAS LISTING C:\cygwin\tmp\cchnhDTH.s 			page 1


   1              		.file	"chcond.c"
   2              	 # GNU C (GCC) version 4.6.2 (mingw32)
   3              	 #	compiled by GNU C version 4.6.2, GMP version 5.0.1, MPFR version 2.4.1, MPC version 0.8.1
   4              	 # GGC heuristics: --param ggc-min-expand=100 --param ggc-min-heapsize=131072
   5              	 # options passed:  -I . -I ../../os/ports/GCC/SIMIA32
   6              	 # -I ../../os/kernel/include -I ../../test -I ../../os/hal/include
   7              	 # -I ../../os/hal/platforms/Win32 -I ../../boards/simulator
   8              	 # -I ../../os/various -iprefix c:\mingw\bin\../lib/gcc/mingw32/4.6.2/
   9              	 # -MD ../../os/kernel/src/chcond.d -MF .dep/chcond.o.d -MP
  10              	 # -MQ ../../os/kernel/src/chcond.o -D SIMULATOR
  11              	 # ../../os/kernel/src/chcond.c -mtune=i386 -march=i386
  12              	 # -auxbase-strip ../../os/kernel/src/chcond.o -ggdb -O0 -Wall -Wextra
  13              	 # -Wstrict-prototypes -fomit-frame-pointer -fprofile-arcs -ftest-coverage
  14              	 # -fverbose-asm
  15              	 # options enabled:  -fasynchronous-unwind-tables -fauto-inc-dec
  16              	 # -fbranch-count-reg -fcommon -fdelete-null-pointer-checks
  17              	 # -fdwarf2-cfi-asm -fearly-inlining -feliminate-unused-debug-types
  18              	 # -ffunction-cse -fgcse-lm -fident -finline-functions-called-once
  19              	 # -fira-share-save-slots -fira-share-spill-slots -fivopts
  20              	 # -fkeep-inline-dllexport -fkeep-static-consts -fleading-underscore
  21              	 # -fmath-errno -fmerge-debug-strings -fmove-loop-invariants
  22              	 # -fomit-frame-pointer -fpeephole -fprefetch-loop-arrays -fprofile-arcs
  23              	 # -freg-struct-return -fsched-critical-path-heuristic
  24              	 # -fsched-dep-count-heuristic -fsched-group-heuristic -fsched-interblock
  25              	 # -fsched-last-insn-heuristic -fsched-rank-heuristic -fsched-spec
  26              	 # -fsched-spec-insn-heuristic -fsched-stalled-insns-dep
  27              	 # -fset-stack-executable -fshow-column -fsigned-zeros
  28              	 # -fsplit-ivs-in-unroller -fstrict-volatile-bitfields -ftest-coverage
  29              	 # -ftrapping-math -ftree-cselim -ftree-forwprop -ftree-loop-if-convert
  30              	 # -ftree-loop-im -ftree-loop-ivcanon -ftree-loop-optimize
  31              	 # -ftree-parallelize-loops= -ftree-phiprop -ftree-pta -ftree-reassoc
  32              	 # -ftree-scev-cprop -ftree-slp-vectorize -ftree-vect-loop-version
  33              	 # -funit-at-a-time -funwind-tables -fvect-cost-model -fverbose-asm
  34              	 # -fzero-initialized-in-bss -m32 -m80387 -m96bit-long-double
  35              	 # -maccumulate-outgoing-args -malign-double -malign-stringops
  36              	 # -mfancy-math-387 -mfp-ret-in-387 -mieee-fp -mno-red-zone -mno-sse4
  37              	 # -mpush-args -msahf -mstack-arg-probe
  38              	
  39              		.text
  40              	Ltext0:
  41              	 # Compiler executable checksum: c20aed7c018482d7b62efcd5dcab2a9d
  42              	
  43              		.globl	_chCondInit
  44              		.def	_chCondInit;	.scl	2;	.type	32;	.endef
  45              	_chCondInit:
  46              	LFB0:
  47              		.file 1 "../../os/kernel/src/chcond.c"
  48              		.loc 1 52 0
  49              		.cfi_startproc
  50 0000 83EC04   		subl	$4, %esp	 #,
  51              	LCFI0:
  52              		.cfi_def_cfa_offset 8
  53              		.loc 1 52 0
  54 0003 A1400100 		movl	LPBX1+320, %eax	 # *LPBX1, PROF_edge_counter.9
  54      00
  55 0008 8B154401 		movl	LPBX1+324, %edx	 # *LPBX1, PROF_edge_counter.9
  55      0000
GAS LISTING C:\cygwin\tmp\cchnhDTH.s 			page 2


  56 000e 83C001   		addl	$1, %eax	 #, PROF_edge_counter.9
  57 0011 83D200   		adcl	$0, %edx	 #, PROF_edge_counter.9
  58 0014 A3400100 		movl	%eax, LPBX1+320	 # PROF_edge_counter.9, *LPBX1
  58      00
  59 0019 89154401 		movl	%edx, LPBX1+324	 # PROF_edge_counter.9, *LPBX1
  59      0000
  60              		.loc 1 56 0
  61 001f 8B542408 		movl	8(%esp), %edx	 # cp, D.2814
  62 0023 8B442408 		movl	8(%esp), %eax	 # cp, tmp63
  63 0027 895004   		movl	%edx, 4(%eax)	 # D.2814, cp_1(D)->c_queue.p_prev
  64 002a 8B442408 		movl	8(%esp), %eax	 # cp, tmp64
  65 002e 8B5004   		movl	4(%eax), %edx	 # cp_1(D)->c_queue.p_prev, D.2815
  66 0031 8B442408 		movl	8(%esp), %eax	 # cp, tmp65
  67 0035 8910     		movl	%edx, (%eax)	 # D.2815, cp_1(D)->c_queue.p_next
  68              		.loc 1 57 0
  69 0037 83C404   		addl	$4, %esp	 #,
  70              	LCFI1:
  71              		.cfi_def_cfa_offset 4
  72 003a C3       		ret
  73              		.cfi_endproc
  74              	LFE0:
  75              		.globl	_chCondSignal
  76              		.def	_chCondSignal;	.scl	2;	.type	32;	.endef
  77              	_chCondSignal:
  78              	LFB1:
  79              		.loc 1 66 0
  80              		.cfi_startproc
  81 003b 83EC1C   		subl	$28, %esp	 #,
  82              	LCFI2:
  83              		.cfi_def_cfa_offset 32
  84              		.loc 1 66 0
  85 003e A1100100 		movl	LPBX1+272, %eax	 # *LPBX1, PROF_edge_counter.8
  85      00
  86 0043 8B151401 		movl	LPBX1+276, %edx	 # *LPBX1, PROF_edge_counter.8
  86      0000
  87 0049 83C001   		addl	$1, %eax	 #, PROF_edge_counter.8
  88 004c 83D200   		adcl	$0, %edx	 #, PROF_edge_counter.8
  89 004f A3100100 		movl	%eax, LPBX1+272	 # PROF_edge_counter.8, *LPBX1
  89      00
  90 0054 89151401 		movl	%edx, LPBX1+276	 # PROF_edge_counter.8, *LPBX1
  90      0000
  91              		.loc 1 70 0
  92              	/APP
  93              	 # 70 "../../os/kernel/src/chcond.c" 1
  94 005a 90       		nop
  95              	 # 0 "" 2
  96              	/NO_APP
  97 005b A1180100 		movl	LPBX1+280, %eax	 # *LPBX1, PROF_edge_counter.8
  97      00
  98 0060 8B151C01 		movl	LPBX1+284, %edx	 # *LPBX1, PROF_edge_counter.8
  98      0000
  99 0066 83C001   		addl	$1, %eax	 #, PROF_edge_counter.8
 100 0069 83D200   		adcl	$0, %edx	 #, PROF_edge_counter.8
 101 006c A3180100 		movl	%eax, LPBX1+280	 # PROF_edge_counter.8, *LPBX1
 101      00
 102 0071 89151C01 		movl	%edx, LPBX1+284	 # PROF_edge_counter.8, *LPBX1
 102      0000
GAS LISTING C:\cygwin\tmp\cchnhDTH.s 			page 3


 103              		.loc 1 71 0
 104 0077 8B442420 		movl	32(%esp), %eax	 # cp, tmp75
 105 007b 8B10     		movl	(%eax), %edx	 # cp_1(D)->c_queue.p_next, D.2805
 106 007d 8B442420 		movl	32(%esp), %eax	 # cp, D.2806
 107 0081 39C2     		cmpl	%eax, %edx	 # D.2806, D.2805
 108 0083 7472     		je	L3	 #,
 109 0085 A1200100 		movl	LPBX1+288, %eax	 # *LPBX1, PROF_edge_counter.8
 109      00
 110 008a 8B152401 		movl	LPBX1+292, %edx	 # *LPBX1, PROF_edge_counter.8
 110      0000
 111 0090 83C001   		addl	$1, %eax	 #, PROF_edge_counter.8
 112 0093 83D200   		adcl	$0, %edx	 #, PROF_edge_counter.8
 113 0096 A3200100 		movl	%eax, LPBX1+288	 # PROF_edge_counter.8, *LPBX1
 113      00
 114 009b 89152401 		movl	%edx, LPBX1+292	 # PROF_edge_counter.8, *LPBX1
 114      0000
 115              		.loc 1 72 0
 116 00a1 8B442420 		movl	32(%esp), %eax	 # cp, D.2809
 117 00a5 890424   		movl	%eax, (%esp)	 # D.2809,
 118 00a8 E8000000 		call	_fifo_remove	 #
 118      00
 119 00ad 89C1     		movl	%eax, %ecx	 #, D.2810
 120 00af A1280100 		movl	LPBX1+296, %eax	 # *LPBX1, PROF_edge_counter.8
 120      00
 121 00b4 8B152C01 		movl	LPBX1+300, %edx	 # *LPBX1, PROF_edge_counter.8
 121      0000
 122 00ba 83C001   		addl	$1, %eax	 #, PROF_edge_counter.8
 123 00bd 83D200   		adcl	$0, %edx	 #, PROF_edge_counter.8
 124 00c0 A3280100 		movl	%eax, LPBX1+296	 # PROF_edge_counter.8, *LPBX1
 124      00
 125 00c5 89152C01 		movl	%edx, LPBX1+300	 # PROF_edge_counter.8, *LPBX1
 125      0000
 126 00cb C7442404 		movl	$0, 4(%esp)	 #,
 126      00000000 
 127 00d3 890C24   		movl	%ecx, (%esp)	 # D.2810,
 128 00d6 E8000000 		call	_chSchWakeupS	 #
 128      00
 129 00db A1300100 		movl	LPBX1+304, %eax	 # *LPBX1, PROF_edge_counter.8
 129      00
 130 00e0 8B153401 		movl	LPBX1+308, %edx	 # *LPBX1, PROF_edge_counter.8
 130      0000
 131 00e6 83C001   		addl	$1, %eax	 #, PROF_edge_counter.8
 132 00e9 83D200   		adcl	$0, %edx	 #, PROF_edge_counter.8
 133 00ec A3300100 		movl	%eax, LPBX1+304	 # PROF_edge_counter.8, *LPBX1
 133      00
 134 00f1 89153401 		movl	%edx, LPBX1+308	 # PROF_edge_counter.8, *LPBX1
 134      0000
 135              	L3:
 136              		.loc 1 73 0
 137              	/APP
 138              	 # 73 "../../os/kernel/src/chcond.c" 1
 139 00f7 90       		nop
 140              	 # 0 "" 2
 141              	/NO_APP
 142 00f8 A1380100 		movl	LPBX1+312, %eax	 # *LPBX1, PROF_edge_counter.8
 142      00
 143 00fd 8B153C01 		movl	LPBX1+316, %edx	 # *LPBX1, PROF_edge_counter.8
GAS LISTING C:\cygwin\tmp\cchnhDTH.s 			page 4


 143      0000
 144 0103 83C001   		addl	$1, %eax	 #, PROF_edge_counter.8
 145 0106 83D200   		adcl	$0, %edx	 #, PROF_edge_counter.8
 146 0109 A3380100 		movl	%eax, LPBX1+312	 # PROF_edge_counter.8, *LPBX1
 146      00
 147 010e 89153C01 		movl	%edx, LPBX1+316	 # PROF_edge_counter.8, *LPBX1
 147      0000
 148              		.loc 1 74 0
 149 0114 83C41C   		addl	$28, %esp	 #,
 150              	LCFI3:
 151              		.cfi_def_cfa_offset 4
 152 0117 C3       		ret
 153              		.cfi_endproc
 154              	LFE1:
 155              		.globl	_chCondSignalI
 156              		.def	_chCondSignalI;	.scl	2;	.type	32;	.endef
 157              	_chCondSignalI:
 158              	LFB2:
 159              		.loc 1 87 0
 160              		.cfi_startproc
 161 0118 83EC1C   		subl	$28, %esp	 #,
 162              	LCFI4:
 163              		.cfi_def_cfa_offset 32
 164              		.loc 1 87 0
 165 011b A1F00000 		movl	LPBX1+240, %eax	 # *LPBX1, PROF_edge_counter.7
 165      00
 166 0120 8B15F400 		movl	LPBX1+244, %edx	 # *LPBX1, PROF_edge_counter.7
 166      0000
 167 0126 83C001   		addl	$1, %eax	 #, PROF_edge_counter.7
 168 0129 83D200   		adcl	$0, %edx	 #, PROF_edge_counter.7
 169 012c A3F00000 		movl	%eax, LPBX1+240	 # PROF_edge_counter.7, *LPBX1
 169      00
 170 0131 8915F400 		movl	%edx, LPBX1+244	 # PROF_edge_counter.7, *LPBX1
 170      0000
 171              		.loc 1 92 0
 172 0137 8B442420 		movl	32(%esp), %eax	 # cp, tmp72
 173 013b 8B10     		movl	(%eax), %edx	 # cp_1(D)->c_queue.p_next, D.2795
 174 013d 8B442420 		movl	32(%esp), %eax	 # cp, D.2796
 175 0141 39C2     		cmpl	%eax, %edx	 # D.2796, D.2795
 176 0143 7471     		je	L4	 #,
 177 0145 A1F80000 		movl	LPBX1+248, %eax	 # *LPBX1, PROF_edge_counter.7
 177      00
 178 014a 8B15FC00 		movl	LPBX1+252, %edx	 # *LPBX1, PROF_edge_counter.7
 178      0000
 179 0150 83C001   		addl	$1, %eax	 #, PROF_edge_counter.7
 180 0153 83D200   		adcl	$0, %edx	 #, PROF_edge_counter.7
 181 0156 A3F80000 		movl	%eax, LPBX1+248	 # PROF_edge_counter.7, *LPBX1
 181      00
 182 015b 8915FC00 		movl	%edx, LPBX1+252	 # PROF_edge_counter.7, *LPBX1
 182      0000
 183              		.loc 1 93 0
 184 0161 8B442420 		movl	32(%esp), %eax	 # cp, D.2799
 185 0165 890424   		movl	%eax, (%esp)	 # D.2799,
 186 0168 E8000000 		call	_fifo_remove	 #
 186      00
 187 016d 89C1     		movl	%eax, %ecx	 #, D.2800
 188 016f A1000100 		movl	LPBX1+256, %eax	 # *LPBX1, PROF_edge_counter.7
GAS LISTING C:\cygwin\tmp\cchnhDTH.s 			page 5


 188      00
 189 0174 8B150401 		movl	LPBX1+260, %edx	 # *LPBX1, PROF_edge_counter.7
 189      0000
 190 017a 83C001   		addl	$1, %eax	 #, PROF_edge_counter.7
 191 017d 83D200   		adcl	$0, %edx	 #, PROF_edge_counter.7
 192 0180 A3000100 		movl	%eax, LPBX1+256	 # PROF_edge_counter.7, *LPBX1
 192      00
 193 0185 89150401 		movl	%edx, LPBX1+260	 # PROF_edge_counter.7, *LPBX1
 193      0000
 194 018b 890C24   		movl	%ecx, (%esp)	 # D.2800,
 195 018e E8000000 		call	_chSchReadyI	 #
 195      00
 196 0193 C7402400 		movl	$0, 36(%eax)	 #, D.2801_6->p_u.rdymsg
 196      000000
 197 019a A1080100 		movl	LPBX1+264, %eax	 # *LPBX1, PROF_edge_counter.7
 197      00
 198 019f 8B150C01 		movl	LPBX1+268, %edx	 # *LPBX1, PROF_edge_counter.7
 198      0000
 199 01a5 83C001   		addl	$1, %eax	 #, PROF_edge_counter.7
 200 01a8 83D200   		adcl	$0, %edx	 #, PROF_edge_counter.7
 201 01ab A3080100 		movl	%eax, LPBX1+264	 # PROF_edge_counter.7, *LPBX1
 201      00
 202 01b0 89150C01 		movl	%edx, LPBX1+268	 # PROF_edge_counter.7, *LPBX1
 202      0000
 203              	L4:
 204              		.loc 1 94 0
 205 01b6 83C41C   		addl	$28, %esp	 #,
 206              	LCFI5:
 207              		.cfi_def_cfa_offset 4
 208 01b9 C3       		ret
 209              		.cfi_endproc
 210              	LFE2:
 211              		.globl	_chCondBroadcast
 212              		.def	_chCondBroadcast;	.scl	2;	.type	32;	.endef
 213              	_chCondBroadcast:
 214              	LFB3:
 215              		.loc 1 103 0
 216              		.cfi_startproc
 217 01ba 83EC1C   		subl	$28, %esp	 #,
 218              	LCFI6:
 219              		.cfi_def_cfa_offset 32
 220              		.loc 1 103 0
 221 01bd A1C80000 		movl	LPBX1+200, %eax	 # *LPBX1, PROF_edge_counter.6
 221      00
 222 01c2 8B15CC00 		movl	LPBX1+204, %edx	 # *LPBX1, PROF_edge_counter.6
 222      0000
 223 01c8 83C001   		addl	$1, %eax	 #, PROF_edge_counter.6
 224 01cb 83D200   		adcl	$0, %edx	 #, PROF_edge_counter.6
 225 01ce A3C80000 		movl	%eax, LPBX1+200	 # PROF_edge_counter.6, *LPBX1
 225      00
 226 01d3 8915CC00 		movl	%edx, LPBX1+204	 # PROF_edge_counter.6, *LPBX1
 226      0000
 227              		.loc 1 105 0
 228              	/APP
 229              	 # 105 "../../os/kernel/src/chcond.c" 1
 230 01d9 90       		nop
 231              	 # 0 "" 2
GAS LISTING C:\cygwin\tmp\cchnhDTH.s 			page 6


 232              	/NO_APP
 233 01da A1D00000 		movl	LPBX1+208, %eax	 # *LPBX1, PROF_edge_counter.6
 233      00
 234 01df 8B15D400 		movl	LPBX1+212, %edx	 # *LPBX1, PROF_edge_counter.6
 234      0000
 235 01e5 83C001   		addl	$1, %eax	 #, PROF_edge_counter.6
 236 01e8 83D200   		adcl	$0, %edx	 #, PROF_edge_counter.6
 237 01eb A3D00000 		movl	%eax, LPBX1+208	 # PROF_edge_counter.6, *LPBX1
 237      00
 238 01f0 8915D400 		movl	%edx, LPBX1+212	 # PROF_edge_counter.6, *LPBX1
 238      0000
 239              		.loc 1 106 0
 240 01f6 8B442420 		movl	32(%esp), %eax	 # cp, tmp69
 241 01fa 890424   		movl	%eax, (%esp)	 # tmp69,
 242 01fd E85E0000 		call	_chCondBroadcastI	 #
 242      00
 243 0202 A1D80000 		movl	LPBX1+216, %eax	 # *LPBX1, PROF_edge_counter.6
 243      00
 244 0207 8B15DC00 		movl	LPBX1+220, %edx	 # *LPBX1, PROF_edge_counter.6
 244      0000
 245 020d 83C001   		addl	$1, %eax	 #, PROF_edge_counter.6
 246 0210 83D200   		adcl	$0, %edx	 #, PROF_edge_counter.6
 247 0213 A3D80000 		movl	%eax, LPBX1+216	 # PROF_edge_counter.6, *LPBX1
 247      00
 248 0218 8915DC00 		movl	%edx, LPBX1+220	 # PROF_edge_counter.6, *LPBX1
 248      0000
 249              		.loc 1 107 0
 250 021e E8000000 		call	_chSchRescheduleS	 #
 250      00
 251 0223 A1E00000 		movl	LPBX1+224, %eax	 # *LPBX1, PROF_edge_counter.6
 251      00
 252 0228 8B15E400 		movl	LPBX1+228, %edx	 # *LPBX1, PROF_edge_counter.6
 252      0000
 253 022e 83C001   		addl	$1, %eax	 #, PROF_edge_counter.6
 254 0231 83D200   		adcl	$0, %edx	 #, PROF_edge_counter.6
 255 0234 A3E00000 		movl	%eax, LPBX1+224	 # PROF_edge_counter.6, *LPBX1
 255      00
 256 0239 8915E400 		movl	%edx, LPBX1+228	 # PROF_edge_counter.6, *LPBX1
 256      0000
 257              		.loc 1 108 0
 258              	/APP
 259              	 # 108 "../../os/kernel/src/chcond.c" 1
 260 023f 90       		nop
 261              	 # 0 "" 2
 262              	/NO_APP
 263 0240 A1E80000 		movl	LPBX1+232, %eax	 # *LPBX1, PROF_edge_counter.6
 263      00
 264 0245 8B15EC00 		movl	LPBX1+236, %edx	 # *LPBX1, PROF_edge_counter.6
 264      0000
 265 024b 83C001   		addl	$1, %eax	 #, PROF_edge_counter.6
 266 024e 83D200   		adcl	$0, %edx	 #, PROF_edge_counter.6
 267 0251 A3E80000 		movl	%eax, LPBX1+232	 # PROF_edge_counter.6, *LPBX1
 267      00
 268 0256 8915EC00 		movl	%edx, LPBX1+236	 # PROF_edge_counter.6, *LPBX1
 268      0000
 269              		.loc 1 109 0
 270 025c 83C41C   		addl	$28, %esp	 #,
GAS LISTING C:\cygwin\tmp\cchnhDTH.s 			page 7


 271              	LCFI7:
 272              		.cfi_def_cfa_offset 4
 273 025f C3       		ret
 274              		.cfi_endproc
 275              	LFE3:
 276              		.globl	_chCondBroadcastI
 277              		.def	_chCondBroadcastI;	.scl	2;	.type	32;	.endef
 278              	_chCondBroadcastI:
 279              	LFB4:
 280              		.loc 1 122 0
 281              		.cfi_startproc
 282 0260 83EC1C   		subl	$28, %esp	 #,
 283              	LCFI8:
 284              		.cfi_def_cfa_offset 32
 285              		.loc 1 130 0
 286 0263 EB71     		jmp	L8	 #
 287              	L9:
 288 0265 A1B80000 		movl	LPBX1+184, %eax	 # *LPBX1, PROF_edge_counter.5
 288      00
 289 026a 8B15BC00 		movl	LPBX1+188, %edx	 # *LPBX1, PROF_edge_counter.5
 289      0000
 290 0270 83C001   		addl	$1, %eax	 #, PROF_edge_counter.5
 291 0273 83D200   		adcl	$0, %edx	 #, PROF_edge_counter.5
 292 0276 A3B80000 		movl	%eax, LPBX1+184	 # PROF_edge_counter.5, *LPBX1
 292      00
 293 027b 8915BC00 		movl	%edx, LPBX1+188	 # PROF_edge_counter.5, *LPBX1
 293      0000
 294              		.loc 1 131 0
 295 0281 8B442420 		movl	32(%esp), %eax	 # cp, D.2787
 296 0285 890424   		movl	%eax, (%esp)	 # D.2787,
 297 0288 E8000000 		call	_fifo_remove	 #
 297      00
 298 028d 89C1     		movl	%eax, %ecx	 #, D.2788
 299 028f A1A80000 		movl	LPBX1+168, %eax	 # *LPBX1, PROF_edge_counter.5
 299      00
 300 0294 8B15AC00 		movl	LPBX1+172, %edx	 # *LPBX1, PROF_edge_counter.5
 300      0000
 301 029a 83C001   		addl	$1, %eax	 #, PROF_edge_counter.5
 302 029d 83D200   		adcl	$0, %edx	 #, PROF_edge_counter.5
 303 02a0 A3A80000 		movl	%eax, LPBX1+168	 # PROF_edge_counter.5, *LPBX1
 303      00
 304 02a5 8915AC00 		movl	%edx, LPBX1+172	 # PROF_edge_counter.5, *LPBX1
 304      0000
 305 02ab 890C24   		movl	%ecx, (%esp)	 # D.2788,
 306 02ae E8000000 		call	_chSchReadyI	 #
 306      00
 307 02b3 C74024FE 		movl	$-2, 36(%eax)	 #, D.2789_6->p_u.rdymsg
 307      FFFFFF
 308 02ba A1B00000 		movl	LPBX1+176, %eax	 # *LPBX1, PROF_edge_counter.5
 308      00
 309 02bf 8B15B400 		movl	LPBX1+180, %edx	 # *LPBX1, PROF_edge_counter.5
 309      0000
 310 02c5 83C001   		addl	$1, %eax	 #, PROF_edge_counter.5
 311 02c8 83D200   		adcl	$0, %edx	 #, PROF_edge_counter.5
 312 02cb A3B00000 		movl	%eax, LPBX1+176	 # PROF_edge_counter.5, *LPBX1
 312      00
 313 02d0 8915B400 		movl	%edx, LPBX1+180	 # PROF_edge_counter.5, *LPBX1
GAS LISTING C:\cygwin\tmp\cchnhDTH.s 			page 8


 313      0000
 314              	L8:
 315              		.loc 1 130 0 discriminator 1
 316 02d6 8B442420 		movl	32(%esp), %eax	 # cp, tmp72
 317 02da 8B10     		movl	(%eax), %edx	 # cp_1(D)->c_queue.p_next, D.2790
 318 02dc 8B442420 		movl	32(%esp), %eax	 # cp, D.2791
 319 02e0 39C2     		cmpl	%eax, %edx	 # D.2791, D.2790
 320 02e2 7581     		jne	L9	 #,
 321              		.loc 1 130 0 is_stmt 0
 322 02e4 A1C00000 		movl	LPBX1+192, %eax	 # *LPBX1, PROF_edge_counter.5
 322      00
 323 02e9 8B15C400 		movl	LPBX1+196, %edx	 # *LPBX1, PROF_edge_counter.5
 323      0000
 324 02ef 83C001   		addl	$1, %eax	 #, PROF_edge_counter.5
 325 02f2 83D200   		adcl	$0, %edx	 #, PROF_edge_counter.5
 326 02f5 A3C00000 		movl	%eax, LPBX1+192	 # PROF_edge_counter.5, *LPBX1
 326      00
 327 02fa 8915C400 		movl	%edx, LPBX1+196	 # PROF_edge_counter.5, *LPBX1
 327      0000
 328              		.loc 1 132 0 is_stmt 1
 329 0300 83C41C   		addl	$28, %esp	 #,
 330              	LCFI9:
 331              		.cfi_def_cfa_offset 4
 332 0303 C3       		ret
 333              		.cfi_endproc
 334              	LFE4:
 335              		.globl	_chCondWait
 336              		.def	_chCondWait;	.scl	2;	.type	32;	.endef
 337              	_chCondWait:
 338              	LFB5:
 339              		.loc 1 151 0
 340              		.cfi_startproc
 341 0304 83EC2C   		subl	$44, %esp	 #,
 342              	LCFI10:
 343              		.cfi_def_cfa_offset 48
 344              		.loc 1 151 0
 345 0307 A1880000 		movl	LPBX1+136, %eax	 # *LPBX1, PROF_edge_counter.4
 345      00
 346 030c 8B158C00 		movl	LPBX1+140, %edx	 # *LPBX1, PROF_edge_counter.4
 346      0000
 347 0312 83C001   		addl	$1, %eax	 #, PROF_edge_counter.4
 348 0315 83D200   		adcl	$0, %edx	 #, PROF_edge_counter.4
 349 0318 A3880000 		movl	%eax, LPBX1+136	 # PROF_edge_counter.4, *LPBX1
 349      00
 350 031d 89158C00 		movl	%edx, LPBX1+140	 # PROF_edge_counter.4, *LPBX1
 350      0000
 351              		.loc 1 154 0
 352              	/APP
 353              	 # 154 "../../os/kernel/src/chcond.c" 1
 354 0323 90       		nop
 355              	 # 0 "" 2
 356              	/NO_APP
 357 0324 A1900000 		movl	LPBX1+144, %eax	 # *LPBX1, PROF_edge_counter.4
 357      00
 358 0329 8B159400 		movl	LPBX1+148, %edx	 # *LPBX1, PROF_edge_counter.4
 358      0000
 359 032f 83C001   		addl	$1, %eax	 #, PROF_edge_counter.4
GAS LISTING C:\cygwin\tmp\cchnhDTH.s 			page 9


 360 0332 83D200   		adcl	$0, %edx	 #, PROF_edge_counter.4
 361 0335 A3900000 		movl	%eax, LPBX1+144	 # PROF_edge_counter.4, *LPBX1
 361      00
 362 033a 89159400 		movl	%edx, LPBX1+148	 # PROF_edge_counter.4, *LPBX1
 362      0000
 363              		.loc 1 155 0
 364 0340 8B442430 		movl	48(%esp), %eax	 # cp, tmp69
 365 0344 890424   		movl	%eax, (%esp)	 # tmp69,
 366 0347 E8450000 		call	_chCondWaitS	 #
 366      00
 367 034c 8944241C 		movl	%eax, 28(%esp)	 # tmp70, msg
 368 0350 A1980000 		movl	LPBX1+152, %eax	 # *LPBX1, PROF_edge_counter.4
 368      00
 369 0355 8B159C00 		movl	LPBX1+156, %edx	 # *LPBX1, PROF_edge_counter.4
 369      0000
 370 035b 83C001   		addl	$1, %eax	 #, PROF_edge_counter.4
 371 035e 83D200   		adcl	$0, %edx	 #, PROF_edge_counter.4
 372 0361 A3980000 		movl	%eax, LPBX1+152	 # PROF_edge_counter.4, *LPBX1
 372      00
 373 0366 89159C00 		movl	%edx, LPBX1+156	 # PROF_edge_counter.4, *LPBX1
 373      0000
 374              		.loc 1 156 0
 375              	/APP
 376              	 # 156 "../../os/kernel/src/chcond.c" 1
 377 036c 90       		nop
 378              	 # 0 "" 2
 379              	/NO_APP
 380 036d A1A00000 		movl	LPBX1+160, %eax	 # *LPBX1, PROF_edge_counter.4
 380      00
 381 0372 8B15A400 		movl	LPBX1+164, %edx	 # *LPBX1, PROF_edge_counter.4
 381      0000
 382 0378 83C001   		addl	$1, %eax	 #, PROF_edge_counter.4
 383 037b 83D200   		adcl	$0, %edx	 #, PROF_edge_counter.4
 384 037e A3A00000 		movl	%eax, LPBX1+160	 # PROF_edge_counter.4, *LPBX1
 384      00
 385 0383 8915A400 		movl	%edx, LPBX1+164	 # PROF_edge_counter.4, *LPBX1
 385      0000
 386              		.loc 1 157 0
 387 0389 8B44241C 		movl	28(%esp), %eax	 # msg, D.2782
 388              		.loc 1 158 0
 389 038d 83C42C   		addl	$44, %esp	 #,
 390              	LCFI11:
 391              		.cfi_def_cfa_offset 4
 392 0390 C3       		ret
 393              		.cfi_endproc
 394              	LFE5:
 395              		.globl	_chCondWaitS
 396              		.def	_chCondWaitS;	.scl	2;	.type	32;	.endef
 397              	_chCondWaitS:
 398              	LFB6:
 399              		.loc 1 177 0
 400              		.cfi_startproc
 401 0391 83EC2C   		subl	$44, %esp	 #,
 402              	LCFI12:
 403              		.cfi_def_cfa_offset 48
 404              		.loc 1 177 0
 405 0394 A1600000 		movl	LPBX1+96, %eax	 # *LPBX1, PROF_edge_counter.3
GAS LISTING C:\cygwin\tmp\cchnhDTH.s 			page 10


 405      00
 406 0399 8B156400 		movl	LPBX1+100, %edx	 # *LPBX1, PROF_edge_counter.3
 406      0000
 407 039f 83C001   		addl	$1, %eax	 #, PROF_edge_counter.3
 408 03a2 83D200   		adcl	$0, %edx	 #, PROF_edge_counter.3
 409 03a5 A3600000 		movl	%eax, LPBX1+96	 # PROF_edge_counter.3, *LPBX1
 409      00
 410 03aa 89156400 		movl	%edx, LPBX1+100	 # PROF_edge_counter.3, *LPBX1
 410      0000
 411              		.loc 1 178 0
 412 03b0 A1180000 		movl	_rlist+24, %eax	 # rlist.r_current, tmp73
 412      00
 413 03b5 8944241C 		movl	%eax, 28(%esp)	 # tmp73, ctp
 414              		.loc 1 188 0
 415 03b9 E8000000 		call	_chMtxUnlockS	 #
 415      00
 416 03be 89442418 		movl	%eax, 24(%esp)	 # tmp75, mp
 417 03c2 A1680000 		movl	LPBX1+104, %eax	 # *LPBX1, PROF_edge_counter.3
 417      00
 418 03c7 8B156C00 		movl	LPBX1+108, %edx	 # *LPBX1, PROF_edge_counter.3
 418      0000
 419 03cd 83C001   		addl	$1, %eax	 #, PROF_edge_counter.3
 420 03d0 83D200   		adcl	$0, %edx	 #, PROF_edge_counter.3
 421 03d3 A3680000 		movl	%eax, LPBX1+104	 # PROF_edge_counter.3, *LPBX1
 421      00
 422 03d8 89156C00 		movl	%edx, LPBX1+108	 # PROF_edge_counter.3, *LPBX1
 422      0000
 423              		.loc 1 189 0
 424 03de 8B44241C 		movl	28(%esp), %eax	 # ctp, tmp76
 425 03e2 8B542430 		movl	48(%esp), %edx	 # cp, tmp77
 426 03e6 895024   		movl	%edx, 36(%eax)	 # tmp77, ctp_1->p_u.wtobjp
 427              		.loc 1 190 0
 428 03e9 8B442430 		movl	48(%esp), %eax	 # cp, D.2779
 429 03ed 89442404 		movl	%eax, 4(%esp)	 # D.2779,
 430 03f1 8B44241C 		movl	28(%esp), %eax	 # ctp, tmp78
 431 03f5 890424   		movl	%eax, (%esp)	 # tmp78,
 432 03f8 E8000000 		call	_prio_insert	 #
 432      00
 433 03fd A1700000 		movl	LPBX1+112, %eax	 # *LPBX1, PROF_edge_counter.3
 433      00
 434 0402 8B157400 		movl	LPBX1+116, %edx	 # *LPBX1, PROF_edge_counter.3
 434      0000
 435 0408 83C001   		addl	$1, %eax	 #, PROF_edge_counter.3
 436 040b 83D200   		adcl	$0, %edx	 #, PROF_edge_counter.3
 437 040e A3700000 		movl	%eax, LPBX1+112	 # PROF_edge_counter.3, *LPBX1
 437      00
 438 0413 89157400 		movl	%edx, LPBX1+116	 # PROF_edge_counter.3, *LPBX1
 438      0000
 439              		.loc 1 191 0
 440 0419 C7042405 		movl	$5, (%esp)	 #,
 440      000000
 441 0420 E8000000 		call	_chSchGoSleepS	 #
 441      00
 442 0425 A1780000 		movl	LPBX1+120, %eax	 # *LPBX1, PROF_edge_counter.3
 442      00
 443 042a 8B157C00 		movl	LPBX1+124, %edx	 # *LPBX1, PROF_edge_counter.3
 443      0000
GAS LISTING C:\cygwin\tmp\cchnhDTH.s 			page 11


 444 0430 83C001   		addl	$1, %eax	 #, PROF_edge_counter.3
 445 0433 83D200   		adcl	$0, %edx	 #, PROF_edge_counter.3
 446 0436 A3780000 		movl	%eax, LPBX1+120	 # PROF_edge_counter.3, *LPBX1
 446      00
 447 043b 89157C00 		movl	%edx, LPBX1+124	 # PROF_edge_counter.3, *LPBX1
 447      0000
 448              		.loc 1 192 0
 449 0441 8B44241C 		movl	28(%esp), %eax	 # ctp, tmp79
 450 0445 8B4024   		movl	36(%eax), %eax	 # ctp_1->p_u.rdymsg, tmp80
 451 0448 89442414 		movl	%eax, 20(%esp)	 # tmp80, msg
 452              		.loc 1 193 0
 453 044c 8B442418 		movl	24(%esp), %eax	 # mp, tmp81
 454 0450 890424   		movl	%eax, (%esp)	 # tmp81,
 455 0453 E8000000 		call	_chMtxLockS	 #
 455      00
 456 0458 A1800000 		movl	LPBX1+128, %eax	 # *LPBX1, PROF_edge_counter.3
 456      00
 457 045d 8B158400 		movl	LPBX1+132, %edx	 # *LPBX1, PROF_edge_counter.3
 457      0000
 458 0463 83C001   		addl	$1, %eax	 #, PROF_edge_counter.3
 459 0466 83D200   		adcl	$0, %edx	 #, PROF_edge_counter.3
 460 0469 A3800000 		movl	%eax, LPBX1+128	 # PROF_edge_counter.3, *LPBX1
 460      00
 461 046e 89158400 		movl	%edx, LPBX1+132	 # PROF_edge_counter.3, *LPBX1
 461      0000
 462              		.loc 1 194 0
 463 0474 8B442414 		movl	20(%esp), %eax	 # msg, D.2780
 464              		.loc 1 195 0
 465 0478 83C42C   		addl	$44, %esp	 #,
 466              	LCFI13:
 467              		.cfi_def_cfa_offset 4
 468 047b C3       		ret
 469              		.cfi_endproc
 470              	LFE6:
 471              		.globl	_chCondWaitTimeout
 472              		.def	_chCondWaitTimeout;	.scl	2;	.type	32;	.endef
 473              	_chCondWaitTimeout:
 474              	LFB7:
 475              		.loc 1 226 0
 476              		.cfi_startproc
 477 047c 83EC2C   		subl	$44, %esp	 #,
 478              	LCFI14:
 479              		.cfi_def_cfa_offset 48
 480              		.loc 1 226 0
 481 047f A1400000 		movl	LPBX1+64, %eax	 # *LPBX1, PROF_edge_counter.2
 481      00
 482 0484 8B154400 		movl	LPBX1+68, %edx	 # *LPBX1, PROF_edge_counter.2
 482      0000
 483 048a 83C001   		addl	$1, %eax	 #, PROF_edge_counter.2
 484 048d 83D200   		adcl	$0, %edx	 #, PROF_edge_counter.2
 485 0490 A3400000 		movl	%eax, LPBX1+64	 # PROF_edge_counter.2, *LPBX1
 485      00
 486 0495 89154400 		movl	%edx, LPBX1+68	 # PROF_edge_counter.2, *LPBX1
 486      0000
 487              		.loc 1 229 0
 488              	/APP
 489              	 # 229 "../../os/kernel/src/chcond.c" 1
GAS LISTING C:\cygwin\tmp\cchnhDTH.s 			page 12


 490 049b 90       		nop
 491              	 # 0 "" 2
 492              	/NO_APP
 493 049c A1480000 		movl	LPBX1+72, %eax	 # *LPBX1, PROF_edge_counter.2
 493      00
 494 04a1 8B154C00 		movl	LPBX1+76, %edx	 # *LPBX1, PROF_edge_counter.2
 494      0000
 495 04a7 83C001   		addl	$1, %eax	 #, PROF_edge_counter.2
 496 04aa 83D200   		adcl	$0, %edx	 #, PROF_edge_counter.2
 497 04ad A3480000 		movl	%eax, LPBX1+72	 # PROF_edge_counter.2, *LPBX1
 497      00
 498 04b2 89154C00 		movl	%edx, LPBX1+76	 # PROF_edge_counter.2, *LPBX1
 498      0000
 499              		.loc 1 230 0
 500 04b8 8B442434 		movl	52(%esp), %eax	 # time, tmp69
 501 04bc 89442404 		movl	%eax, 4(%esp)	 # tmp69,
 502 04c0 8B442430 		movl	48(%esp), %eax	 # cp, tmp70
 503 04c4 890424   		movl	%eax, (%esp)	 # tmp70,
 504 04c7 E8450000 		call	_chCondWaitTimeoutS	 #
 504      00
 505 04cc 8944241C 		movl	%eax, 28(%esp)	 # tmp71, msg
 506 04d0 A1500000 		movl	LPBX1+80, %eax	 # *LPBX1, PROF_edge_counter.2
 506      00
 507 04d5 8B155400 		movl	LPBX1+84, %edx	 # *LPBX1, PROF_edge_counter.2
 507      0000
 508 04db 83C001   		addl	$1, %eax	 #, PROF_edge_counter.2
 509 04de 83D200   		adcl	$0, %edx	 #, PROF_edge_counter.2
 510 04e1 A3500000 		movl	%eax, LPBX1+80	 # PROF_edge_counter.2, *LPBX1
 510      00
 511 04e6 89155400 		movl	%edx, LPBX1+84	 # PROF_edge_counter.2, *LPBX1
 511      0000
 512              		.loc 1 231 0
 513              	/APP
 514              	 # 231 "../../os/kernel/src/chcond.c" 1
 515 04ec 90       		nop
 516              	 # 0 "" 2
 517              	/NO_APP
 518 04ed A1580000 		movl	LPBX1+88, %eax	 # *LPBX1, PROF_edge_counter.2
 518      00
 519 04f2 8B155C00 		movl	LPBX1+92, %edx	 # *LPBX1, PROF_edge_counter.2
 519      0000
 520 04f8 83C001   		addl	$1, %eax	 #, PROF_edge_counter.2
 521 04fb 83D200   		adcl	$0, %edx	 #, PROF_edge_counter.2
 522 04fe A3580000 		movl	%eax, LPBX1+88	 # PROF_edge_counter.2, *LPBX1
 522      00
 523 0503 89155C00 		movl	%edx, LPBX1+92	 # PROF_edge_counter.2, *LPBX1
 523      0000
 524              		.loc 1 232 0
 525 0509 8B44241C 		movl	28(%esp), %eax	 # msg, D.2770
 526              		.loc 1 233 0
 527 050d 83C42C   		addl	$44, %esp	 #,
 528              	LCFI15:
 529              		.cfi_def_cfa_offset 4
 530 0510 C3       		ret
 531              		.cfi_endproc
 532              	LFE7:
 533              		.globl	_chCondWaitTimeoutS
GAS LISTING C:\cygwin\tmp\cchnhDTH.s 			page 13


 534              		.def	_chCondWaitTimeoutS;	.scl	2;	.type	32;	.endef
 535              	_chCondWaitTimeoutS:
 536              	LFB8:
 537              		.loc 1 263 0
 538              		.cfi_startproc
 539 0511 83EC2C   		subl	$44, %esp	 #,
 540              	LCFI16:
 541              		.cfi_def_cfa_offset 48
 542              		.loc 1 268 0
 543 0514 837C2430 		cmpl	$0, 48(%esp)	 #, cp
 543      00
 544 0519 7441     		je	L14	 #,
 545              		.loc 1 268 0 is_stmt 0 discriminator 1
 546 051b A1000000 		movl	LPBX1, %eax	 # *LPBX1, PROF_edge_counter.1
 546      00
 547 0520 8B150400 		movl	LPBX1+4, %edx	 # *LPBX1, PROF_edge_counter.1
 547      0000
 548 0526 83C001   		addl	$1, %eax	 #, PROF_edge_counter.1
 549 0529 83D200   		adcl	$0, %edx	 #, PROF_edge_counter.1
 550 052c A3000000 		movl	%eax, LPBX1	 # PROF_edge_counter.1, *LPBX1
 550      00
 551 0531 89150400 		movl	%edx, LPBX1+4	 # PROF_edge_counter.1, *LPBX1
 551      0000
 552 0537 837C2434 		cmpl	$0, 52(%esp)	 #, time
 552      00
 553 053c 741E     		je	L14	 #,
 554              		.loc 1 268 0 discriminator 3
 555 053e A1080000 		movl	LPBX1+8, %eax	 # *LPBX1, PROF_edge_counter.1
 555      00
 556 0543 8B150C00 		movl	LPBX1+12, %edx	 # *LPBX1, PROF_edge_counter.1
 556      0000
 557 0549 83C001   		addl	$1, %eax	 #, PROF_edge_counter.1
 558 054c 83D200   		adcl	$0, %edx	 #, PROF_edge_counter.1
 559 054f A3080000 		movl	%eax, LPBX1+8	 # PROF_edge_counter.1, *LPBX1
 559      00
 560 0554 89150C00 		movl	%edx, LPBX1+12	 # PROF_edge_counter.1, *LPBX1
 560      0000
 561 055a EB1C     		jmp	L15	 #
 562              	L14:
 563              		.loc 1 268 0 discriminator 2
 564 055c A1100000 		movl	LPBX1+16, %eax	 # *LPBX1, PROF_edge_counter.1
 564      00
 565 0561 8B151400 		movl	LPBX1+20, %edx	 # *LPBX1, PROF_edge_counter.1
 565      0000
 566 0567 83C001   		addl	$1, %eax	 #, PROF_edge_counter.1
 567 056a 83D200   		adcl	$0, %edx	 #, PROF_edge_counter.1
 568 056d A3100000 		movl	%eax, LPBX1+16	 # PROF_edge_counter.1, *LPBX1
 568      00
 569 0572 89151400 		movl	%edx, LPBX1+20	 # PROF_edge_counter.1, *LPBX1
 569      0000
 570              	L15:
 571              		.loc 1 273 0 is_stmt 1
 572 0578 E8000000 		call	_chMtxUnlockS	 #
 572      00
 573 057d 8944241C 		movl	%eax, 28(%esp)	 # tmp84, mp
 574 0581 A1180000 		movl	LPBX1+24, %eax	 # *LPBX1, PROF_edge_counter.1
 574      00
GAS LISTING C:\cygwin\tmp\cchnhDTH.s 			page 14


 575 0586 8B151C00 		movl	LPBX1+28, %edx	 # *LPBX1, PROF_edge_counter.1
 575      0000
 576 058c 83C001   		addl	$1, %eax	 #, PROF_edge_counter.1
 577 058f 83D200   		adcl	$0, %edx	 #, PROF_edge_counter.1
 578 0592 A3180000 		movl	%eax, LPBX1+24	 # PROF_edge_counter.1, *LPBX1
 578      00
 579 0597 89151C00 		movl	%edx, LPBX1+28	 # PROF_edge_counter.1, *LPBX1
 579      0000
 580              		.loc 1 274 0
 581 059d A1180000 		movl	_rlist+24, %eax	 # rlist.r_current, D.2763
 581      00
 582 05a2 8B542430 		movl	48(%esp), %edx	 # cp, tmp85
 583 05a6 895024   		movl	%edx, 36(%eax)	 # tmp85, D.2763_8->p_u.wtobjp
 584              		.loc 1 275 0
 585 05a9 8B542430 		movl	48(%esp), %edx	 # cp, D.2764
 586 05ad A1180000 		movl	_rlist+24, %eax	 # rlist.r_current, D.2765
 586      00
 587 05b2 89542404 		movl	%edx, 4(%esp)	 # D.2764,
 588 05b6 890424   		movl	%eax, (%esp)	 # D.2765,
 589 05b9 E8000000 		call	_prio_insert	 #
 589      00
 590 05be A1200000 		movl	LPBX1+32, %eax	 # *LPBX1, PROF_edge_counter.1
 590      00
 591 05c3 8B152400 		movl	LPBX1+36, %edx	 # *LPBX1, PROF_edge_counter.1
 591      0000
 592 05c9 83C001   		addl	$1, %eax	 #, PROF_edge_counter.1
 593 05cc 83D200   		adcl	$0, %edx	 #, PROF_edge_counter.1
 594 05cf A3200000 		movl	%eax, LPBX1+32	 # PROF_edge_counter.1, *LPBX1
 594      00
 595 05d4 89152400 		movl	%edx, LPBX1+36	 # PROF_edge_counter.1, *LPBX1
 595      0000
 596              		.loc 1 276 0
 597 05da 8B442434 		movl	52(%esp), %eax	 # time, tmp86
 598 05de 89442404 		movl	%eax, 4(%esp)	 # tmp86,
 599 05e2 C7042405 		movl	$5, (%esp)	 #,
 599      000000
 600 05e9 E8000000 		call	_chSchGoSleepTimeoutS	 #
 600      00
 601 05ee 89442418 		movl	%eax, 24(%esp)	 # tmp87, msg
 602 05f2 A1280000 		movl	LPBX1+40, %eax	 # *LPBX1, PROF_edge_counter.1
 602      00
 603 05f7 8B152C00 		movl	LPBX1+44, %edx	 # *LPBX1, PROF_edge_counter.1
 603      0000
 604 05fd 83C001   		addl	$1, %eax	 #, PROF_edge_counter.1
 605 0600 83D200   		adcl	$0, %edx	 #, PROF_edge_counter.1
 606 0603 A3280000 		movl	%eax, LPBX1+40	 # PROF_edge_counter.1, *LPBX1
 606      00
 607 0608 89152C00 		movl	%edx, LPBX1+44	 # PROF_edge_counter.1, *LPBX1
 607      0000
 608              		.loc 1 277 0
 609 060e 837C2418 		cmpl	$-1, 24(%esp)	 #, msg
 609      FF
 610 0613 7444     		je	L16	 #,
 611 0615 A1300000 		movl	LPBX1+48, %eax	 # *LPBX1, PROF_edge_counter.1
 611      00
 612 061a 8B153400 		movl	LPBX1+52, %edx	 # *LPBX1, PROF_edge_counter.1
 612      0000
GAS LISTING C:\cygwin\tmp\cchnhDTH.s 			page 15


 613 0620 83C001   		addl	$1, %eax	 #, PROF_edge_counter.1
 614 0623 83D200   		adcl	$0, %edx	 #, PROF_edge_counter.1
 615 0626 A3300000 		movl	%eax, LPBX1+48	 # PROF_edge_counter.1, *LPBX1
 615      00
 616 062b 89153400 		movl	%edx, LPBX1+52	 # PROF_edge_counter.1, *LPBX1
 616      0000
 617              		.loc 1 278 0
 618 0631 8B44241C 		movl	28(%esp), %eax	 # mp, tmp88
 619 0635 890424   		movl	%eax, (%esp)	 # tmp88,
 620 0638 E8000000 		call	_chMtxLockS	 #
 620      00
 621 063d A1380000 		movl	LPBX1+56, %eax	 # *LPBX1, PROF_edge_counter.1
 621      00
 622 0642 8B153C00 		movl	LPBX1+60, %edx	 # *LPBX1, PROF_edge_counter.1
 622      0000
 623 0648 83C001   		addl	$1, %eax	 #, PROF_edge_counter.1
 624 064b 83D200   		adcl	$0, %edx	 #, PROF_edge_counter.1
 625 064e A3380000 		movl	%eax, LPBX1+56	 # PROF_edge_counter.1, *LPBX1
 625      00
 626 0653 89153C00 		movl	%edx, LPBX1+60	 # PROF_edge_counter.1, *LPBX1
 626      0000
 627              	L16:
 628              		.loc 1 279 0
 629 0659 8B442418 		movl	24(%esp), %eax	 # msg, D.2768
 630              		.loc 1 280 0
 631 065d 83C42C   		addl	$44, %esp	 #,
 632              	LCFI17:
 633              		.cfi_def_cfa_offset 4
 634 0660 C3       		ret
 635              		.cfi_endproc
 636              	LFE8:
 637              	.lcomm LPBX1,328,32
 638              		.section .rdata,"dr"
 639              		.align 4
 640              	LC0:
 641 0000 433A5C64 		.ascii "C:\\develop\\gyro\\ChibiOS\\test\\coverage/../../os/kernel/src/chcond.gcda\0"
 641      6576656C 
 641      6F705C67 
 641      79726F5C 
 641      43686962 
 642 0046 0000     		.data
 643              		.align 32
 644              	LC1:
 645              	 # <anonymous>:
 646 0000 09000000 		.long	9
 647              	 # <anonymous>:
 648 0004 84287E42 		.long	1115564164
 649              	 # <anonymous>:
 650 0008 08000000 		.long	8
 651              	 # <anonymous>:
 652 000c 08000000 		.long	8
 653              	 # <anonymous>:
 654 0010 C96970FA 		.long	-93296183
 655              	 # <anonymous>:
 656 0014 04000000 		.long	4
 657              	 # <anonymous>:
 658 0018 07000000 		.long	7
GAS LISTING C:\cygwin\tmp\cchnhDTH.s 			page 16


 659              	 # <anonymous>:
 660 001c 2E0C9255 		.long	1435634734
 661              	 # <anonymous>:
 662 0020 05000000 		.long	5
 663              	 # <anonymous>:
 664 0024 06000000 		.long	6
 665              	 # <anonymous>:
 666 0028 C08101BA 		.long	-1174306368
 667              	 # <anonymous>:
 668 002c 04000000 		.long	4
 669              	 # <anonymous>:
 670 0030 05000000 		.long	5
 671              	 # <anonymous>:
 672 0034 591371F3 		.long	-210693287
 673              	 # <anonymous>:
 674 0038 04000000 		.long	4
 675              	 # <anonymous>:
 676 003c 04000000 		.long	4
 677              	 # <anonymous>:
 678 0040 3372F239 		.long	972190259
 679              	 # <anonymous>:
 680 0044 05000000 		.long	5
 681              	 # <anonymous>:
 682 0048 03000000 		.long	3
 683              	 # <anonymous>:
 684 004c 9B7593D9 		.long	-644647525
 685              	 # <anonymous>:
 686 0050 04000000 		.long	4
 687              	 # <anonymous>:
 688 0054 02000000 		.long	2
 689              	 # <anonymous>:
 690 0058 7A0743EB 		.long	-347928710
 691              	 # <anonymous>:
 692 005c 06000000 		.long	6
 693              	 # <anonymous>:
 694 0060 01000000 		.long	1
 695              	 # <anonymous>:
 696 0064 6A6687D1 		.long	-779655574
 697              	 # <anonymous>:
 698 0068 01000000 		.long	1
 699 006c 00000000 		.align 32
 699      00000000 
 699      00000000 
 699      00000000 
 699      00000000 
 700              	LPBX0:
 701              	 # <anonymous>:
 702 0080 2A363034 		.long	875574826
 703              	 # <anonymous>:
 704 0084 00000000 		.long	0
 705              	 # <anonymous>:
 706 0088 F31E7060 		.long	1617960691
 707              	 # <anonymous>:
 708 008c 00000000 		.long	LC0
 709              	 # <anonymous>:
 710 0090 09000000 		.long	9
 711              	 # <anonymous>:
GAS LISTING C:\cygwin\tmp\cchnhDTH.s 			page 17


 712 0094 00000000 		.long	LC1
 713              	 # <anonymous>:
 714 0098 01000000 		.long	1
 715              	 # <anonymous>:
 716              	 # <anonymous>:
 717 009c 29000000 		.long	41
 718              	 # <anonymous>:
 719 00a0 00000000 		.long	LPBX1
 720              	 # <anonymous>:
 721 00a4 00000000 		.long	___gcov_merge_add
 722 00a8 00000000 		.space 12
 722      00000000 
 722      00000000 
 723 00b4 00000000 		.text
 723      00000000 
 723      00000000 
 724              		.def	__GLOBAL__sub_I_65535_0_chCondInit;	.scl	3;	.type	32;	.endef
 725              	__GLOBAL__sub_I_65535_0_chCondInit:
 726              	LFB9:
 727              		.loc 1 280 0
 728              		.cfi_startproc
 729 0661 83EC1C   		subl	$28, %esp	 #,
 730              	LCFI18:
 731              		.cfi_def_cfa_offset 32
 732              		.loc 1 280 0
 733 0664 C7042480 		movl	$LPBX0, (%esp)	 #,
 733      000000
 734 066b E8000000 		call	___gcov_init	 #
 734      00
 735 0670 83C41C   		addl	$28, %esp	 #,
 736              	LCFI19:
 737              		.cfi_def_cfa_offset 4
 738 0673 C3       		ret
 739              		.cfi_endproc
 740              	LFE9:
 741              		.section	.ctors,"w"
 742              		.align 4
 743 0000 61060000 		.long	__GLOBAL__sub_I_65535_0_chCondInit
 744              		.text
 745              	Letext0:
 746              		.file 2 "c:/mingw/bin/../lib/gcc/mingw32/4.6.2/../../../../include/stdint.h"
 747              		.file 3 "../../os/ports/GCC/SIMIA32/chtypes.h"
 748              		.file 4 "../../os/kernel/include/chlists.h"
 749              		.file 5 "../../os/kernel/include/chthreads.h"
 750              		.file 6 "../../os/ports/GCC/SIMIA32/chcore.h"
 751              		.file 7 "../../os/kernel/include/chschd.h"
 752              		.file 8 "../../os/kernel/include/chmtx.h"
 753              		.file 9 "../../os/kernel/include/chcond.h"
 754              		.section	.debug_info,"dr"
 755              	Ldebug_info0:
 756 0000 35080000 		.long	0x835
 757 0004 0200     		.word	0x2
 758 0006 00000000 		.secrel32	Ldebug_abbrev0
 759 000a 04       		.byte	0x4
 760 000b 01       		.uleb128 0x1
 761 000c 474E5520 		.ascii "GNU C 4.6.2\0"
 761      4320342E 
GAS LISTING C:\cygwin\tmp\cchnhDTH.s 			page 18


 761      362E3200 
 762 0018 01       		.byte	0x1
 763 0019 2E2E2F2E 		.ascii "../../os/kernel/src/chcond.c\0"
 763      2E2F6F73 
 763      2F6B6572 
 763      6E656C2F 
 763      7372632F 
 764 0036 433A5C64 		.ascii "C:\\develop\\gyro\\ChibiOS\\test\\coverage\0"
 764      6576656C 
 764      6F705C67 
 764      79726F5C 
 764      43686962 
 765 005c 00000000 		.long	Ltext0
 766 0060 74060000 		.long	Letext0
 767 0064 00000000 		.secrel32	Ldebug_line0
 768 0068 02       		.uleb128 0x2
 769 0069 04       		.byte	0x4
 770 006a 05       		.byte	0x5
 771 006b 696E7400 		.ascii "int\0"
 772 006f 02       		.uleb128 0x2
 773 0070 04       		.byte	0x4
 774 0071 07       		.byte	0x7
 775 0072 756E7369 		.ascii "unsigned int\0"
 775      676E6564 
 775      20696E74 
 775      00
 776 007f 02       		.uleb128 0x2
 777 0080 02       		.byte	0x2
 778 0081 07       		.byte	0x7
 779 0082 73686F72 		.ascii "short unsigned int\0"
 779      7420756E 
 779      7369676E 
 779      65642069 
 779      6E7400
 780 0095 02       		.uleb128 0x2
 781 0096 01       		.byte	0x1
 782 0097 06       		.byte	0x6
 783 0098 7369676E 		.ascii "signed char\0"
 783      65642063 
 783      68617200 
 784 00a4 03       		.uleb128 0x3
 785 00a5 75696E74 		.ascii "uint8_t\0"
 785      385F7400 
 786 00ad 02       		.byte	0x2
 787 00ae 1C       		.byte	0x1c
 788 00af B3000000 		.long	0xb3
 789 00b3 02       		.uleb128 0x2
 790 00b4 01       		.byte	0x1
 791 00b5 08       		.byte	0x8
 792 00b6 756E7369 		.ascii "unsigned char\0"
 792      676E6564 
 792      20636861 
 792      7200
 793 00c4 02       		.uleb128 0x2
 794 00c5 02       		.byte	0x2
 795 00c6 05       		.byte	0x5
 796 00c7 73686F72 		.ascii "short int\0"
GAS LISTING C:\cygwin\tmp\cchnhDTH.s 			page 19


 796      7420696E 
 796      7400
 797 00d1 03       		.uleb128 0x3
 798 00d2 696E7433 		.ascii "int32_t\0"
 798      325F7400 
 799 00da 02       		.byte	0x2
 800 00db 1F       		.byte	0x1f
 801 00dc 68000000 		.long	0x68
 802 00e0 03       		.uleb128 0x3
 803 00e1 75696E74 		.ascii "uint32_t\0"
 803      33325F74 
 803      00
 804 00ea 02       		.byte	0x2
 805 00eb 20       		.byte	0x20
 806 00ec 6F000000 		.long	0x6f
 807 00f0 02       		.uleb128 0x2
 808 00f1 08       		.byte	0x8
 809 00f2 05       		.byte	0x5
 810 00f3 6C6F6E67 		.ascii "long long int\0"
 810      206C6F6E 
 810      6720696E 
 810      7400
 811 0101 02       		.uleb128 0x2
 812 0102 08       		.byte	0x8
 813 0103 07       		.byte	0x7
 814 0104 6C6F6E67 		.ascii "long long unsigned int\0"
 814      206C6F6E 
 814      6720756E 
 814      7369676E 
 814      65642069 
 815 011b 02       		.uleb128 0x2
 816 011c 01       		.byte	0x1
 817 011d 02       		.byte	0x2
 818 011e 5F426F6F 		.ascii "_Bool\0"
 818      6C00
 819 0124 03       		.uleb128 0x3
 820 0125 746D6F64 		.ascii "tmode_t\0"
 820      655F7400 
 821 012d 03       		.byte	0x3
 822 012e 1D       		.byte	0x1d
 823 012f A4000000 		.long	0xa4
 824 0133 03       		.uleb128 0x3
 825 0134 74737461 		.ascii "tstate_t\0"
 825      74655F74 
 825      00
 826 013d 03       		.byte	0x3
 827 013e 1E       		.byte	0x1e
 828 013f A4000000 		.long	0xa4
 829 0143 03       		.uleb128 0x3
 830 0144 74726566 		.ascii "trefs_t\0"
 830      735F7400 
 831 014c 03       		.byte	0x3
 832 014d 1F       		.byte	0x1f
 833 014e A4000000 		.long	0xa4
 834 0152 03       		.uleb128 0x3
 835 0153 74736C69 		.ascii "tslices_t\0"
 835      6365735F 
GAS LISTING C:\cygwin\tmp\cchnhDTH.s 			page 20


 835      7400
 836 015d 03       		.byte	0x3
 837 015e 20       		.byte	0x20
 838 015f A4000000 		.long	0xa4
 839 0163 03       		.uleb128 0x3
 840 0164 74707269 		.ascii "tprio_t\0"
 840      6F5F7400 
 841 016c 03       		.byte	0x3
 842 016d 21       		.byte	0x21
 843 016e E0000000 		.long	0xe0
 844 0172 03       		.uleb128 0x3
 845 0173 6D73675F 		.ascii "msg_t\0"
 845      7400
 846 0179 03       		.byte	0x3
 847 017a 22       		.byte	0x22
 848 017b D1000000 		.long	0xd1
 849 017f 03       		.uleb128 0x3
 850 0180 6576656E 		.ascii "eventmask_t\0"
 850      746D6173 
 850      6B5F7400 
 851 018c 03       		.byte	0x3
 852 018d 24       		.byte	0x24
 853 018e E0000000 		.long	0xe0
 854 0192 03       		.uleb128 0x3
 855 0193 73797374 		.ascii "systime_t\0"
 855      696D655F 
 855      7400
 856 019d 03       		.byte	0x3
 857 019e 26       		.byte	0x26
 858 019f E0000000 		.long	0xe0
 859 01a3 03       		.uleb128 0x3
 860 01a4 54687265 		.ascii "Thread\0"
 860      616400
 861 01ab 04       		.byte	0x4
 862 01ac 23       		.byte	0x23
 863 01ad B1010000 		.long	0x1b1
 864 01b1 04       		.uleb128 0x4
 865 01b2 54687265 		.ascii "Thread\0"
 865      616400
 866 01b9 48       		.byte	0x48
 867 01ba 05       		.byte	0x5
 868 01bb 57       		.byte	0x57
 869 01bc 27030000 		.long	0x327
 870 01c0 05       		.uleb128 0x5
 871 01c1 00000000 		.secrel32	LASF0
 872 01c5 05       		.byte	0x5
 873 01c6 58       		.byte	0x58
 874 01c7 4F030000 		.long	0x34f
 875 01cb 02       		.byte	0x2
 876 01cc 23       		.byte	0x23
 877 01cd 00       		.uleb128 0
 878 01ce 06       		.uleb128 0x6
 879 01cf 705F7072 		.ascii "p_prev\0"
 879      657600
 880 01d6 05       		.byte	0x5
 881 01d7 5A       		.byte	0x5a
 882 01d8 4F030000 		.long	0x34f
GAS LISTING C:\cygwin\tmp\cchnhDTH.s 			page 21


 883 01dc 02       		.byte	0x2
 884 01dd 23       		.byte	0x23
 885 01de 04       		.uleb128 0x4
 886 01df 06       		.uleb128 0x6
 887 01e0 705F7072 		.ascii "p_prio\0"
 887      696F00
 888 01e7 05       		.byte	0x5
 889 01e8 5C       		.byte	0x5c
 890 01e9 63010000 		.long	0x163
 891 01ed 02       		.byte	0x2
 892 01ee 23       		.byte	0x23
 893 01ef 08       		.uleb128 0x8
 894 01f0 06       		.uleb128 0x6
 895 01f1 705F6374 		.ascii "p_ctx\0"
 895      7800
 896 01f7 05       		.byte	0x5
 897 01f8 5D       		.byte	0x5d
 898 01f9 F9030000 		.long	0x3f9
 899 01fd 02       		.byte	0x2
 900 01fe 23       		.byte	0x23
 901 01ff 0C       		.uleb128 0xc
 902 0200 06       		.uleb128 0x6
 903 0201 705F6E65 		.ascii "p_newer\0"
 903      77657200 
 904 0209 05       		.byte	0x5
 905 020a 5F       		.byte	0x5f
 906 020b 4F030000 		.long	0x34f
 907 020f 02       		.byte	0x2
 908 0210 23       		.byte	0x23
 909 0211 10       		.uleb128 0x10
 910 0212 06       		.uleb128 0x6
 911 0213 705F6F6C 		.ascii "p_older\0"
 911      64657200 
 912 021b 05       		.byte	0x5
 913 021c 60       		.byte	0x60
 914 021d 4F030000 		.long	0x34f
 915 0221 02       		.byte	0x2
 916 0222 23       		.byte	0x23
 917 0223 14       		.uleb128 0x14
 918 0224 06       		.uleb128 0x6
 919 0225 705F6E61 		.ascii "p_name\0"
 919      6D6500
 920 022c 05       		.byte	0x5
 921 022d 67       		.byte	0x67
 922 022e 79050000 		.long	0x579
 923 0232 02       		.byte	0x2
 924 0233 23       		.byte	0x23
 925 0234 18       		.uleb128 0x18
 926 0235 06       		.uleb128 0x6
 927 0236 705F7374 		.ascii "p_state\0"
 927      61746500 
 928 023e 05       		.byte	0x5
 929 023f 72       		.byte	0x72
 930 0240 33010000 		.long	0x133
 931 0244 02       		.byte	0x2
 932 0245 23       		.byte	0x23
 933 0246 1C       		.uleb128 0x1c
GAS LISTING C:\cygwin\tmp\cchnhDTH.s 			page 22


 934 0247 06       		.uleb128 0x6
 935 0248 705F666C 		.ascii "p_flags\0"
 935      61677300 
 936 0250 05       		.byte	0x5
 937 0251 76       		.byte	0x76
 938 0252 24010000 		.long	0x124
 939 0256 02       		.byte	0x2
 940 0257 23       		.byte	0x23
 941 0258 1D       		.uleb128 0x1d
 942 0259 06       		.uleb128 0x6
 943 025a 705F7265 		.ascii "p_refs\0"
 943      667300
 944 0261 05       		.byte	0x5
 945 0262 7B       		.byte	0x7b
 946 0263 43010000 		.long	0x143
 947 0267 02       		.byte	0x2
 948 0268 23       		.byte	0x23
 949 0269 1E       		.uleb128 0x1e
 950 026a 06       		.uleb128 0x6
 951 026b 705F7072 		.ascii "p_preempt\0"
 951      65656D70 
 951      7400
 952 0275 05       		.byte	0x5
 953 0276 81       		.byte	0x81
 954 0277 52010000 		.long	0x152
 955 027b 02       		.byte	0x2
 956 027c 23       		.byte	0x23
 957 027d 1F       		.uleb128 0x1f
 958 027e 06       		.uleb128 0x6
 959 027f 705F7469 		.ascii "p_time\0"
 959      6D6500
 960 0286 05       		.byte	0x5
 961 0287 88       		.byte	0x88
 962 0288 23040000 		.long	0x423
 963 028c 02       		.byte	0x2
 964 028d 23       		.byte	0x23
 965 028e 20       		.uleb128 0x20
 966 028f 06       		.uleb128 0x6
 967 0290 705F7500 		.ascii "p_u\0"
 968 0294 05       		.byte	0x5
 969 0295 AD       		.byte	0xad
 970 0296 36050000 		.long	0x536
 971 029a 02       		.byte	0x2
 972 029b 23       		.byte	0x23
 973 029c 24       		.uleb128 0x24
 974 029d 06       		.uleb128 0x6
 975 029e 705F7761 		.ascii "p_waiting\0"
 975      6974696E 
 975      6700
 976 02a8 05       		.byte	0x5
 977 02a9 B2       		.byte	0xb2
 978 02aa 80030000 		.long	0x380
 979 02ae 02       		.byte	0x2
 980 02af 23       		.byte	0x23
 981 02b0 28       		.uleb128 0x28
 982 02b1 06       		.uleb128 0x6
 983 02b2 705F6D73 		.ascii "p_msgqueue\0"
GAS LISTING C:\cygwin\tmp\cchnhDTH.s 			page 23


 983      67717565 
 983      756500
 984 02bd 05       		.byte	0x5
 985 02be B8       		.byte	0xb8
 986 02bf 55030000 		.long	0x355
 987 02c3 02       		.byte	0x2
 988 02c4 23       		.byte	0x23
 989 02c5 2C       		.uleb128 0x2c
 990 02c6 06       		.uleb128 0x6
 991 02c7 705F6D73 		.ascii "p_msg\0"
 991      6700
 992 02cd 05       		.byte	0x5
 993 02ce BC       		.byte	0xbc
 994 02cf 72010000 		.long	0x172
 995 02d3 02       		.byte	0x2
 996 02d4 23       		.byte	0x23
 997 02d5 34       		.uleb128 0x34
 998 02d6 06       		.uleb128 0x6
 999 02d7 705F6570 		.ascii "p_epending\0"
 999      656E6469 
 999      6E6700
 1000 02e2 05       		.byte	0x5
 1001 02e3 C2       		.byte	0xc2
 1002 02e4 7F010000 		.long	0x17f
 1003 02e8 02       		.byte	0x2
 1004 02e9 23       		.byte	0x23
 1005 02ea 38       		.uleb128 0x38
 1006 02eb 06       		.uleb128 0x6
 1007 02ec 705F6D74 		.ascii "p_mtxlist\0"
 1007      786C6973 
 1007      7400
 1008 02f6 05       		.byte	0x5
 1009 02f7 C9       		.byte	0xc9
 1010 02f8 8C050000 		.long	0x58c
 1011 02fc 02       		.byte	0x2
 1012 02fd 23       		.byte	0x23
 1013 02fe 3C       		.uleb128 0x3c
 1014 02ff 06       		.uleb128 0x6
 1015 0300 705F7265 		.ascii "p_realprio\0"
 1015      616C7072 
 1015      696F00
 1016 030b 05       		.byte	0x5
 1017 030c CD       		.byte	0xcd
 1018 030d 63010000 		.long	0x163
 1019 0311 02       		.byte	0x2
 1020 0312 23       		.byte	0x23
 1021 0313 40       		.uleb128 0x40
 1022 0314 06       		.uleb128 0x6
 1023 0315 705F6D70 		.ascii "p_mpool\0"
 1023      6F6F6C00 
 1024 031d 05       		.byte	0x5
 1025 031e D3       		.byte	0xd3
 1026 031f A1030000 		.long	0x3a1
 1027 0323 02       		.byte	0x2
 1028 0324 23       		.byte	0x23
 1029 0325 44       		.uleb128 0x44
 1030 0326 00       		.byte	0
GAS LISTING C:\cygwin\tmp\cchnhDTH.s 			page 24


 1031 0327 07       		.uleb128 0x7
 1032 0328 08       		.byte	0x8
 1033 0329 04       		.byte	0x4
 1034 032a 5A       		.byte	0x5a
 1035 032b 4F030000 		.long	0x34f
 1036 032f 05       		.uleb128 0x5
 1037 0330 00000000 		.secrel32	LASF0
 1038 0334 04       		.byte	0x4
 1039 0335 5B       		.byte	0x5b
 1040 0336 4F030000 		.long	0x34f
 1041 033a 02       		.byte	0x2
 1042 033b 23       		.byte	0x23
 1043 033c 00       		.uleb128 0
 1044 033d 06       		.uleb128 0x6
 1045 033e 705F7072 		.ascii "p_prev\0"
 1045      657600
 1046 0345 04       		.byte	0x4
 1047 0346 5D       		.byte	0x5d
 1048 0347 4F030000 		.long	0x34f
 1049 034b 02       		.byte	0x2
 1050 034c 23       		.byte	0x23
 1051 034d 04       		.uleb128 0x4
 1052 034e 00       		.byte	0
 1053 034f 08       		.uleb128 0x8
 1054 0350 04       		.byte	0x4
 1055 0351 A3010000 		.long	0x1a3
 1056 0355 03       		.uleb128 0x3
 1057 0356 54687265 		.ascii "ThreadsQueue\0"
 1057      61647351 
 1057      75657565 
 1057      00
 1058 0363 04       		.byte	0x4
 1059 0364 5F       		.byte	0x5f
 1060 0365 27030000 		.long	0x327
 1061 0369 07       		.uleb128 0x7
 1062 036a 04       		.byte	0x4
 1063 036b 04       		.byte	0x4
 1064 036c 64       		.byte	0x64
 1065 036d 80030000 		.long	0x380
 1066 0371 05       		.uleb128 0x5
 1067 0372 00000000 		.secrel32	LASF0
 1068 0376 04       		.byte	0x4
 1069 0377 66       		.byte	0x66
 1070 0378 4F030000 		.long	0x34f
 1071 037c 02       		.byte	0x2
 1072 037d 23       		.byte	0x23
 1073 037e 00       		.uleb128 0
 1074 037f 00       		.byte	0
 1075 0380 03       		.uleb128 0x3
 1076 0381 54687265 		.ascii "ThreadsList\0"
 1076      6164734C 
 1076      69737400 
 1077 038d 04       		.byte	0x4
 1078 038e 69       		.byte	0x69
 1079 038f 69030000 		.long	0x369
 1080 0393 03       		.uleb128 0x3
 1081 0394 72656778 		.ascii "regx86\0"
GAS LISTING C:\cygwin\tmp\cchnhDTH.s 			page 25


 1081      383600
 1082 039b 06       		.byte	0x6
 1083 039c 44       		.byte	0x44
 1084 039d A1030000 		.long	0x3a1
 1085 03a1 09       		.uleb128 0x9
 1086 03a2 04       		.byte	0x4
 1087 03a3 04       		.uleb128 0x4
 1088 03a4 696E7463 		.ascii "intctx\0"
 1088      747800
 1089 03ab 14       		.byte	0x14
 1090 03ac 06       		.byte	0x6
 1091 03ad 52       		.byte	0x52
 1092 03ae F9030000 		.long	0x3f9
 1093 03b2 06       		.uleb128 0x6
 1094 03b3 65627800 		.ascii "ebx\0"
 1095 03b7 06       		.byte	0x6
 1096 03b8 53       		.byte	0x53
 1097 03b9 93030000 		.long	0x393
 1098 03bd 02       		.byte	0x2
 1099 03be 23       		.byte	0x23
 1100 03bf 00       		.uleb128 0
 1101 03c0 06       		.uleb128 0x6
 1102 03c1 65646900 		.ascii "edi\0"
 1103 03c5 06       		.byte	0x6
 1104 03c6 54       		.byte	0x54
 1105 03c7 93030000 		.long	0x393
 1106 03cb 02       		.byte	0x2
 1107 03cc 23       		.byte	0x23
 1108 03cd 04       		.uleb128 0x4
 1109 03ce 06       		.uleb128 0x6
 1110 03cf 65736900 		.ascii "esi\0"
 1111 03d3 06       		.byte	0x6
 1112 03d4 55       		.byte	0x55
 1113 03d5 93030000 		.long	0x393
 1114 03d9 02       		.byte	0x2
 1115 03da 23       		.byte	0x23
 1116 03db 08       		.uleb128 0x8
 1117 03dc 06       		.uleb128 0x6
 1118 03dd 65627000 		.ascii "ebp\0"
 1119 03e1 06       		.byte	0x6
 1120 03e2 56       		.byte	0x56
 1121 03e3 93030000 		.long	0x393
 1122 03e7 02       		.byte	0x2
 1123 03e8 23       		.byte	0x23
 1124 03e9 0C       		.uleb128 0xc
 1125 03ea 06       		.uleb128 0x6
 1126 03eb 65697000 		.ascii "eip\0"
 1127 03ef 06       		.byte	0x6
 1128 03f0 57       		.byte	0x57
 1129 03f1 93030000 		.long	0x393
 1130 03f5 02       		.byte	0x2
 1131 03f6 23       		.byte	0x23
 1132 03f7 10       		.uleb128 0x10
 1133 03f8 00       		.byte	0
 1134 03f9 04       		.uleb128 0x4
 1135 03fa 636F6E74 		.ascii "context\0"
 1135      65787400 
GAS LISTING C:\cygwin\tmp\cchnhDTH.s 			page 26


 1136 0402 04       		.byte	0x4
 1137 0403 06       		.byte	0x6
 1138 0404 5F       		.byte	0x5f
 1139 0405 18040000 		.long	0x418
 1140 0409 06       		.uleb128 0x6
 1141 040a 65737000 		.ascii "esp\0"
 1142 040e 06       		.byte	0x6
 1143 040f 60       		.byte	0x60
 1144 0410 18040000 		.long	0x418
 1145 0414 02       		.byte	0x2
 1146 0415 23       		.byte	0x23
 1147 0416 00       		.uleb128 0
 1148 0417 00       		.byte	0
 1149 0418 08       		.uleb128 0x8
 1150 0419 04       		.byte	0x4
 1151 041a 1E040000 		.long	0x41e
 1152 041e 0A       		.uleb128 0xa
 1153 041f A3030000 		.long	0x3a3
 1154 0423 0A       		.uleb128 0xa
 1155 0424 92010000 		.long	0x192
 1156 0428 07       		.uleb128 0x7
 1157 0429 1C       		.byte	0x1c
 1158 042a 07       		.byte	0x7
 1159 042b 57       		.byte	0x57
 1160 042c 9C040000 		.long	0x49c
 1161 0430 06       		.uleb128 0x6
 1162 0431 725F7175 		.ascii "r_queue\0"
 1162      65756500 
 1163 0439 07       		.byte	0x7
 1164 043a 58       		.byte	0x58
 1165 043b 55030000 		.long	0x355
 1166 043f 02       		.byte	0x2
 1167 0440 23       		.byte	0x23
 1168 0441 00       		.uleb128 0
 1169 0442 06       		.uleb128 0x6
 1170 0443 725F7072 		.ascii "r_prio\0"
 1170      696F00
 1171 044a 07       		.byte	0x7
 1172 044b 59       		.byte	0x59
 1173 044c 63010000 		.long	0x163
 1174 0450 02       		.byte	0x2
 1175 0451 23       		.byte	0x23
 1176 0452 08       		.uleb128 0x8
 1177 0453 06       		.uleb128 0x6
 1178 0454 725F6374 		.ascii "r_ctx\0"
 1178      7800
 1179 045a 07       		.byte	0x7
 1180 045b 5B       		.byte	0x5b
 1181 045c F9030000 		.long	0x3f9
 1182 0460 02       		.byte	0x2
 1183 0461 23       		.byte	0x23
 1184 0462 0C       		.uleb128 0xc
 1185 0463 06       		.uleb128 0x6
 1186 0464 725F6E65 		.ascii "r_newer\0"
 1186      77657200 
 1187 046c 07       		.byte	0x7
 1188 046d 5E       		.byte	0x5e
GAS LISTING C:\cygwin\tmp\cchnhDTH.s 			page 27


 1189 046e 4F030000 		.long	0x34f
 1190 0472 02       		.byte	0x2
 1191 0473 23       		.byte	0x23
 1192 0474 10       		.uleb128 0x10
 1193 0475 06       		.uleb128 0x6
 1194 0476 725F6F6C 		.ascii "r_older\0"
 1194      64657200 
 1195 047e 07       		.byte	0x7
 1196 047f 5F       		.byte	0x5f
 1197 0480 4F030000 		.long	0x34f
 1198 0484 02       		.byte	0x2
 1199 0485 23       		.byte	0x23
 1200 0486 14       		.uleb128 0x14
 1201 0487 06       		.uleb128 0x6
 1202 0488 725F6375 		.ascii "r_current\0"
 1202      7272656E 
 1202      7400
 1203 0492 07       		.byte	0x7
 1204 0493 62       		.byte	0x62
 1205 0494 4F030000 		.long	0x34f
 1206 0498 02       		.byte	0x2
 1207 0499 23       		.byte	0x23
 1208 049a 18       		.uleb128 0x18
 1209 049b 00       		.byte	0
 1210 049c 03       		.uleb128 0x3
 1211 049d 52656164 		.ascii "ReadyList\0"
 1211      794C6973 
 1211      7400
 1212 04a7 07       		.byte	0x7
 1213 04a8 64       		.byte	0x64
 1214 04a9 28040000 		.long	0x428
 1215 04ad 04       		.uleb128 0x4
 1216 04ae 4D757465 		.ascii "Mutex\0"
 1216      7800
 1217 04b4 10       		.byte	0x10
 1218 04b5 08       		.byte	0x8
 1219 04b6 25       		.byte	0x25
 1220 04b7 F1040000 		.long	0x4f1
 1221 04bb 06       		.uleb128 0x6
 1222 04bc 6D5F7175 		.ascii "m_queue\0"
 1222      65756500 
 1223 04c4 08       		.byte	0x8
 1224 04c5 26       		.byte	0x26
 1225 04c6 55030000 		.long	0x355
 1226 04ca 02       		.byte	0x2
 1227 04cb 23       		.byte	0x23
 1228 04cc 00       		.uleb128 0
 1229 04cd 06       		.uleb128 0x6
 1230 04ce 6D5F6F77 		.ascii "m_owner\0"
 1230      6E657200 
 1231 04d6 08       		.byte	0x8
 1232 04d7 28       		.byte	0x28
 1233 04d8 4F030000 		.long	0x34f
 1234 04dc 02       		.byte	0x2
 1235 04dd 23       		.byte	0x23
 1236 04de 08       		.uleb128 0x8
 1237 04df 06       		.uleb128 0x6
GAS LISTING C:\cygwin\tmp\cchnhDTH.s 			page 28


 1238 04e0 6D5F6E65 		.ascii "m_next\0"
 1238      787400
 1239 04e7 08       		.byte	0x8
 1240 04e8 2A       		.byte	0x2a
 1241 04e9 F1040000 		.long	0x4f1
 1242 04ed 02       		.byte	0x2
 1243 04ee 23       		.byte	0x23
 1244 04ef 0C       		.uleb128 0xc
 1245 04f0 00       		.byte	0
 1246 04f1 08       		.uleb128 0x8
 1247 04f2 04       		.byte	0x4
 1248 04f3 AD040000 		.long	0x4ad
 1249 04f7 03       		.uleb128 0x3
 1250 04f8 4D757465 		.ascii "Mutex\0"
 1250      7800
 1251 04fe 08       		.byte	0x8
 1252 04ff 2C       		.byte	0x2c
 1253 0500 AD040000 		.long	0x4ad
 1254 0504 04       		.uleb128 0x4
 1255 0505 436F6E64 		.ascii "CondVar\0"
 1255      56617200 
 1256 050d 08       		.byte	0x8
 1257 050e 09       		.byte	0x9
 1258 050f 2F       		.byte	0x2f
 1259 0510 27050000 		.long	0x527
 1260 0514 06       		.uleb128 0x6
 1261 0515 635F7175 		.ascii "c_queue\0"
 1261      65756500 
 1262 051d 09       		.byte	0x9
 1263 051e 30       		.byte	0x30
 1264 051f 55030000 		.long	0x355
 1265 0523 02       		.byte	0x2
 1266 0524 23       		.byte	0x23
 1267 0525 00       		.uleb128 0
 1268 0526 00       		.byte	0
 1269 0527 03       		.uleb128 0x3
 1270 0528 436F6E64 		.ascii "CondVar\0"
 1270      56617200 
 1271 0530 09       		.byte	0x9
 1272 0531 31       		.byte	0x31
 1273 0532 04050000 		.long	0x504
 1274 0536 0B       		.uleb128 0xb
 1275 0537 04       		.byte	0x4
 1276 0538 05       		.byte	0x5
 1277 0539 8F       		.byte	0x8f
 1278 053a 79050000 		.long	0x579
 1279 053e 0C       		.uleb128 0xc
 1280 053f 7264796D 		.ascii "rdymsg\0"
 1280      736700
 1281 0546 05       		.byte	0x5
 1282 0547 96       		.byte	0x96
 1283 0548 72010000 		.long	0x172
 1284 054c 0C       		.uleb128 0xc
 1285 054d 65786974 		.ascii "exitcode\0"
 1285      636F6465 
 1285      00
 1286 0556 05       		.byte	0x5
GAS LISTING C:\cygwin\tmp\cchnhDTH.s 			page 29


 1287 0557 9D       		.byte	0x9d
 1288 0558 72010000 		.long	0x172
 1289 055c 0C       		.uleb128 0xc
 1290 055d 77746F62 		.ascii "wtobjp\0"
 1290      6A7000
 1291 0564 05       		.byte	0x5
 1292 0565 A4       		.byte	0xa4
 1293 0566 A1030000 		.long	0x3a1
 1294 056a 0C       		.uleb128 0xc
 1295 056b 65776D61 		.ascii "ewmask\0"
 1295      736B00
 1296 0572 05       		.byte	0x5
 1297 0573 AB       		.byte	0xab
 1298 0574 7F010000 		.long	0x17f
 1299 0578 00       		.byte	0
 1300 0579 08       		.uleb128 0x8
 1301 057a 04       		.byte	0x4
 1302 057b 7F050000 		.long	0x57f
 1303 057f 0D       		.uleb128 0xd
 1304 0580 84050000 		.long	0x584
 1305 0584 02       		.uleb128 0x2
 1306 0585 01       		.byte	0x1
 1307 0586 06       		.byte	0x6
 1308 0587 63686172 		.ascii "char\0"
 1308      00
 1309 058c 08       		.uleb128 0x8
 1310 058d 04       		.byte	0x4
 1311 058e F7040000 		.long	0x4f7
 1312 0592 0E       		.uleb128 0xe
 1313 0593 01       		.byte	0x1
 1314 0594 6368436F 		.ascii "chCondInit\0"
 1314      6E64496E 
 1314      697400
 1315 059f 01       		.byte	0x1
 1316 05a0 34       		.byte	0x34
 1317 05a1 01       		.byte	0x1
 1318 05a2 00000000 		.long	LFB0
 1319 05a6 3B000000 		.long	LFE0
 1320 05aa 00000000 		.secrel32	LLST0
 1321 05ae C0050000 		.long	0x5c0
 1322 05b2 0F       		.uleb128 0xf
 1323 05b3 637000   		.ascii "cp\0"
 1324 05b6 01       		.byte	0x1
 1325 05b7 34       		.byte	0x34
 1326 05b8 C0050000 		.long	0x5c0
 1327 05bc 02       		.byte	0x2
 1328 05bd 91       		.byte	0x91
 1329 05be 00       		.sleb128 0
 1330 05bf 00       		.byte	0
 1331 05c0 08       		.uleb128 0x8
 1332 05c1 04       		.byte	0x4
 1333 05c2 27050000 		.long	0x527
 1334 05c6 0E       		.uleb128 0xe
 1335 05c7 01       		.byte	0x1
 1336 05c8 6368436F 		.ascii "chCondSignal\0"
 1336      6E645369 
 1336      676E616C 
GAS LISTING C:\cygwin\tmp\cchnhDTH.s 			page 30


 1336      00
 1337 05d5 01       		.byte	0x1
 1338 05d6 42       		.byte	0x42
 1339 05d7 01       		.byte	0x1
 1340 05d8 3B000000 		.long	LFB1
 1341 05dc 18010000 		.long	LFE1
 1342 05e0 2C000000 		.secrel32	LLST1
 1343 05e4 F6050000 		.long	0x5f6
 1344 05e8 0F       		.uleb128 0xf
 1345 05e9 637000   		.ascii "cp\0"
 1346 05ec 01       		.byte	0x1
 1347 05ed 42       		.byte	0x42
 1348 05ee C0050000 		.long	0x5c0
 1349 05f2 02       		.byte	0x2
 1350 05f3 91       		.byte	0x91
 1351 05f4 00       		.sleb128 0
 1352 05f5 00       		.byte	0
 1353 05f6 0E       		.uleb128 0xe
 1354 05f7 01       		.byte	0x1
 1355 05f8 6368436F 		.ascii "chCondSignalI\0"
 1355      6E645369 
 1355      676E616C 
 1355      4900
 1356 0606 01       		.byte	0x1
 1357 0607 57       		.byte	0x57
 1358 0608 01       		.byte	0x1
 1359 0609 18010000 		.long	LFB2
 1360 060d BA010000 		.long	LFE2
 1361 0611 58000000 		.secrel32	LLST2
 1362 0615 27060000 		.long	0x627
 1363 0619 0F       		.uleb128 0xf
 1364 061a 637000   		.ascii "cp\0"
 1365 061d 01       		.byte	0x1
 1366 061e 57       		.byte	0x57
 1367 061f C0050000 		.long	0x5c0
 1368 0623 02       		.byte	0x2
 1369 0624 91       		.byte	0x91
 1370 0625 00       		.sleb128 0
 1371 0626 00       		.byte	0
 1372 0627 0E       		.uleb128 0xe
 1373 0628 01       		.byte	0x1
 1374 0629 6368436F 		.ascii "chCondBroadcast\0"
 1374      6E644272 
 1374      6F616463 
 1374      61737400 
 1375 0639 01       		.byte	0x1
 1376 063a 67       		.byte	0x67
 1377 063b 01       		.byte	0x1
 1378 063c BA010000 		.long	LFB3
 1379 0640 60020000 		.long	LFE3
 1380 0644 84000000 		.secrel32	LLST3
 1381 0648 5A060000 		.long	0x65a
 1382 064c 0F       		.uleb128 0xf
 1383 064d 637000   		.ascii "cp\0"
 1384 0650 01       		.byte	0x1
 1385 0651 67       		.byte	0x67
 1386 0652 C0050000 		.long	0x5c0
GAS LISTING C:\cygwin\tmp\cchnhDTH.s 			page 31


 1387 0656 02       		.byte	0x2
 1388 0657 91       		.byte	0x91
 1389 0658 00       		.sleb128 0
 1390 0659 00       		.byte	0
 1391 065a 0E       		.uleb128 0xe
 1392 065b 01       		.byte	0x1
 1393 065c 6368436F 		.ascii "chCondBroadcastI\0"
 1393      6E644272 
 1393      6F616463 
 1393      61737449 
 1393      00
 1394 066d 01       		.byte	0x1
 1395 066e 7A       		.byte	0x7a
 1396 066f 01       		.byte	0x1
 1397 0670 60020000 		.long	LFB4
 1398 0674 04030000 		.long	LFE4
 1399 0678 B0000000 		.secrel32	LLST4
 1400 067c 8E060000 		.long	0x68e
 1401 0680 0F       		.uleb128 0xf
 1402 0681 637000   		.ascii "cp\0"
 1403 0684 01       		.byte	0x1
 1404 0685 7A       		.byte	0x7a
 1405 0686 C0050000 		.long	0x5c0
 1406 068a 02       		.byte	0x2
 1407 068b 91       		.byte	0x91
 1408 068c 00       		.sleb128 0
 1409 068d 00       		.byte	0
 1410 068e 10       		.uleb128 0x10
 1411 068f 01       		.byte	0x1
 1412 0690 6368436F 		.ascii "chCondWait\0"
 1412      6E645761 
 1412      697400
 1413 069b 01       		.byte	0x1
 1414 069c 97       		.byte	0x97
 1415 069d 01       		.byte	0x1
 1416 069e 72010000 		.long	0x172
 1417 06a2 04030000 		.long	LFB5
 1418 06a6 91030000 		.long	LFE5
 1419 06aa DC000000 		.secrel32	LLST5
 1420 06ae CE060000 		.long	0x6ce
 1421 06b2 0F       		.uleb128 0xf
 1422 06b3 637000   		.ascii "cp\0"
 1423 06b6 01       		.byte	0x1
 1424 06b7 97       		.byte	0x97
 1425 06b8 C0050000 		.long	0x5c0
 1426 06bc 02       		.byte	0x2
 1427 06bd 91       		.byte	0x91
 1428 06be 00       		.sleb128 0
 1429 06bf 11       		.uleb128 0x11
 1430 06c0 6D736700 		.ascii "msg\0"
 1431 06c4 01       		.byte	0x1
 1432 06c5 98       		.byte	0x98
 1433 06c6 72010000 		.long	0x172
 1434 06ca 02       		.byte	0x2
 1435 06cb 91       		.byte	0x91
 1436 06cc 6C       		.sleb128 -20
 1437 06cd 00       		.byte	0
GAS LISTING C:\cygwin\tmp\cchnhDTH.s 			page 32


 1438 06ce 10       		.uleb128 0x10
 1439 06cf 01       		.byte	0x1
 1440 06d0 6368436F 		.ascii "chCondWaitS\0"
 1440      6E645761 
 1440      69745300 
 1441 06dc 01       		.byte	0x1
 1442 06dd B1       		.byte	0xb1
 1443 06de 01       		.byte	0x1
 1444 06df 72010000 		.long	0x172
 1445 06e3 91030000 		.long	LFB6
 1446 06e7 7C040000 		.long	LFE6
 1447 06eb 08010000 		.secrel32	LLST6
 1448 06ef 2A070000 		.long	0x72a
 1449 06f3 0F       		.uleb128 0xf
 1450 06f4 637000   		.ascii "cp\0"
 1451 06f7 01       		.byte	0x1
 1452 06f8 B1       		.byte	0xb1
 1453 06f9 C0050000 		.long	0x5c0
 1454 06fd 02       		.byte	0x2
 1455 06fe 91       		.byte	0x91
 1456 06ff 00       		.sleb128 0
 1457 0700 11       		.uleb128 0x11
 1458 0701 63747000 		.ascii "ctp\0"
 1459 0705 01       		.byte	0x1
 1460 0706 B2       		.byte	0xb2
 1461 0707 4F030000 		.long	0x34f
 1462 070b 02       		.byte	0x2
 1463 070c 91       		.byte	0x91
 1464 070d 6C       		.sleb128 -20
 1465 070e 11       		.uleb128 0x11
 1466 070f 6D7000   		.ascii "mp\0"
 1467 0712 01       		.byte	0x1
 1468 0713 B3       		.byte	0xb3
 1469 0714 8C050000 		.long	0x58c
 1470 0718 02       		.byte	0x2
 1471 0719 91       		.byte	0x91
 1472 071a 68       		.sleb128 -24
 1473 071b 11       		.uleb128 0x11
 1474 071c 6D736700 		.ascii "msg\0"
 1475 0720 01       		.byte	0x1
 1476 0721 B4       		.byte	0xb4
 1477 0722 72010000 		.long	0x172
 1478 0726 02       		.byte	0x2
 1479 0727 91       		.byte	0x91
 1480 0728 64       		.sleb128 -28
 1481 0729 00       		.byte	0
 1482 072a 10       		.uleb128 0x10
 1483 072b 01       		.byte	0x1
 1484 072c 6368436F 		.ascii "chCondWaitTimeout\0"
 1484      6E645761 
 1484      69745469 
 1484      6D656F75 
 1484      7400
 1485 073e 01       		.byte	0x1
 1486 073f E2       		.byte	0xe2
 1487 0740 01       		.byte	0x1
 1488 0741 72010000 		.long	0x172
GAS LISTING C:\cygwin\tmp\cchnhDTH.s 			page 33


 1489 0745 7C040000 		.long	LFB7
 1490 0749 11050000 		.long	LFE7
 1491 074d 34010000 		.secrel32	LLST7
 1492 0751 80070000 		.long	0x780
 1493 0755 0F       		.uleb128 0xf
 1494 0756 637000   		.ascii "cp\0"
 1495 0759 01       		.byte	0x1
 1496 075a E2       		.byte	0xe2
 1497 075b C0050000 		.long	0x5c0
 1498 075f 02       		.byte	0x2
 1499 0760 91       		.byte	0x91
 1500 0761 00       		.sleb128 0
 1501 0762 0F       		.uleb128 0xf
 1502 0763 74696D65 		.ascii "time\0"
 1502      00
 1503 0768 01       		.byte	0x1
 1504 0769 E2       		.byte	0xe2
 1505 076a 92010000 		.long	0x192
 1506 076e 02       		.byte	0x2
 1507 076f 91       		.byte	0x91
 1508 0770 04       		.sleb128 4
 1509 0771 11       		.uleb128 0x11
 1510 0772 6D736700 		.ascii "msg\0"
 1511 0776 01       		.byte	0x1
 1512 0777 E3       		.byte	0xe3
 1513 0778 72010000 		.long	0x172
 1514 077c 02       		.byte	0x2
 1515 077d 91       		.byte	0x91
 1516 077e 6C       		.sleb128 -20
 1517 077f 00       		.byte	0
 1518 0780 12       		.uleb128 0x12
 1519 0781 01       		.byte	0x1
 1520 0782 6368436F 		.ascii "chCondWaitTimeoutS\0"
 1520      6E645761 
 1520      69745469 
 1520      6D656F75 
 1520      745300
 1521 0795 01       		.byte	0x1
 1522 0796 0701     		.word	0x107
 1523 0798 01       		.byte	0x1
 1524 0799 72010000 		.long	0x172
 1525 079d 11050000 		.long	LFB8
 1526 07a1 61060000 		.long	LFE8
 1527 07a5 60010000 		.secrel32	LLST8
 1528 07a9 E9070000 		.long	0x7e9
 1529 07ad 13       		.uleb128 0x13
 1530 07ae 637000   		.ascii "cp\0"
 1531 07b1 01       		.byte	0x1
 1532 07b2 0701     		.word	0x107
 1533 07b4 C0050000 		.long	0x5c0
 1534 07b8 02       		.byte	0x2
 1535 07b9 91       		.byte	0x91
 1536 07ba 00       		.sleb128 0
 1537 07bb 13       		.uleb128 0x13
 1538 07bc 74696D65 		.ascii "time\0"
 1538      00
 1539 07c1 01       		.byte	0x1
GAS LISTING C:\cygwin\tmp\cchnhDTH.s 			page 34


 1540 07c2 0701     		.word	0x107
 1541 07c4 92010000 		.long	0x192
 1542 07c8 02       		.byte	0x2
 1543 07c9 91       		.byte	0x91
 1544 07ca 04       		.sleb128 4
 1545 07cb 14       		.uleb128 0x14
 1546 07cc 6D7000   		.ascii "mp\0"
 1547 07cf 01       		.byte	0x1
 1548 07d0 0801     		.word	0x108
 1549 07d2 8C050000 		.long	0x58c
 1550 07d6 02       		.byte	0x2
 1551 07d7 91       		.byte	0x91
 1552 07d8 6C       		.sleb128 -20
 1553 07d9 14       		.uleb128 0x14
 1554 07da 6D736700 		.ascii "msg\0"
 1555 07de 01       		.byte	0x1
 1556 07df 0901     		.word	0x109
 1557 07e1 72010000 		.long	0x172
 1558 07e5 02       		.byte	0x2
 1559 07e6 91       		.byte	0x91
 1560 07e7 68       		.sleb128 -24
 1561 07e8 00       		.byte	0
 1562 07e9 15       		.uleb128 0x15
 1563 07ea 5F474C4F 		.ascii "_GLOBAL__sub_I_65535_0_chCondInit\0"
 1563      42414C5F 
 1563      5F737562 
 1563      5F495F36 
 1563      35353335 
 1564 080c 01       		.byte	0x1
 1565 080d 01       		.byte	0x1
 1566 080e 61060000 		.long	LFB9
 1567 0812 74060000 		.long	LFE9
 1568 0816 8C010000 		.secrel32	LLST9
 1569 081a 16       		.uleb128 0x16
 1570 081b 726C6973 		.ascii "rlist\0"
 1570      7400
 1571 0821 07       		.byte	0x7
 1572 0822 68       		.byte	0x68
 1573 0823 9C040000 		.long	0x49c
 1574 0827 01       		.byte	0x1
 1575 0828 01       		.byte	0x1
 1576 0829 16       		.uleb128 0x16
 1577 082a 726C6973 		.ascii "rlist\0"
 1577      7400
 1578 0830 07       		.byte	0x7
 1579 0831 68       		.byte	0x68
 1580 0832 9C040000 		.long	0x49c
 1581 0836 01       		.byte	0x1
 1582 0837 01       		.byte	0x1
 1583 0838 00       		.byte	0
 1584              		.section	.debug_abbrev,"dr"
 1585              	Ldebug_abbrev0:
 1586 0000 01       		.uleb128 0x1
 1587 0001 11       		.uleb128 0x11
 1588 0002 01       		.byte	0x1
 1589 0003 25       		.uleb128 0x25
 1590 0004 08       		.uleb128 0x8
GAS LISTING C:\cygwin\tmp\cchnhDTH.s 			page 35


 1591 0005 13       		.uleb128 0x13
 1592 0006 0B       		.uleb128 0xb
 1593 0007 03       		.uleb128 0x3
 1594 0008 08       		.uleb128 0x8
 1595 0009 1B       		.uleb128 0x1b
 1596 000a 08       		.uleb128 0x8
 1597 000b 11       		.uleb128 0x11
 1598 000c 01       		.uleb128 0x1
 1599 000d 12       		.uleb128 0x12
 1600 000e 01       		.uleb128 0x1
 1601 000f 10       		.uleb128 0x10
 1602 0010 06       		.uleb128 0x6
 1603 0011 00       		.byte	0
 1604 0012 00       		.byte	0
 1605 0013 02       		.uleb128 0x2
 1606 0014 24       		.uleb128 0x24
 1607 0015 00       		.byte	0
 1608 0016 0B       		.uleb128 0xb
 1609 0017 0B       		.uleb128 0xb
 1610 0018 3E       		.uleb128 0x3e
 1611 0019 0B       		.uleb128 0xb
 1612 001a 03       		.uleb128 0x3
 1613 001b 08       		.uleb128 0x8
 1614 001c 00       		.byte	0
 1615 001d 00       		.byte	0
 1616 001e 03       		.uleb128 0x3
 1617 001f 16       		.uleb128 0x16
 1618 0020 00       		.byte	0
 1619 0021 03       		.uleb128 0x3
 1620 0022 08       		.uleb128 0x8
 1621 0023 3A       		.uleb128 0x3a
 1622 0024 0B       		.uleb128 0xb
 1623 0025 3B       		.uleb128 0x3b
 1624 0026 0B       		.uleb128 0xb
 1625 0027 49       		.uleb128 0x49
 1626 0028 13       		.uleb128 0x13
 1627 0029 00       		.byte	0
 1628 002a 00       		.byte	0
 1629 002b 04       		.uleb128 0x4
 1630 002c 13       		.uleb128 0x13
 1631 002d 01       		.byte	0x1
 1632 002e 03       		.uleb128 0x3
 1633 002f 08       		.uleb128 0x8
 1634 0030 0B       		.uleb128 0xb
 1635 0031 0B       		.uleb128 0xb
 1636 0032 3A       		.uleb128 0x3a
 1637 0033 0B       		.uleb128 0xb
 1638 0034 3B       		.uleb128 0x3b
 1639 0035 0B       		.uleb128 0xb
 1640 0036 01       		.uleb128 0x1
 1641 0037 13       		.uleb128 0x13
 1642 0038 00       		.byte	0
 1643 0039 00       		.byte	0
 1644 003a 05       		.uleb128 0x5
 1645 003b 0D       		.uleb128 0xd
 1646 003c 00       		.byte	0
 1647 003d 03       		.uleb128 0x3
GAS LISTING C:\cygwin\tmp\cchnhDTH.s 			page 36


 1648 003e 0E       		.uleb128 0xe
 1649 003f 3A       		.uleb128 0x3a
 1650 0040 0B       		.uleb128 0xb
 1651 0041 3B       		.uleb128 0x3b
 1652 0042 0B       		.uleb128 0xb
 1653 0043 49       		.uleb128 0x49
 1654 0044 13       		.uleb128 0x13
 1655 0045 38       		.uleb128 0x38
 1656 0046 0A       		.uleb128 0xa
 1657 0047 00       		.byte	0
 1658 0048 00       		.byte	0
 1659 0049 06       		.uleb128 0x6
 1660 004a 0D       		.uleb128 0xd
 1661 004b 00       		.byte	0
 1662 004c 03       		.uleb128 0x3
 1663 004d 08       		.uleb128 0x8
 1664 004e 3A       		.uleb128 0x3a
 1665 004f 0B       		.uleb128 0xb
 1666 0050 3B       		.uleb128 0x3b
 1667 0051 0B       		.uleb128 0xb
 1668 0052 49       		.uleb128 0x49
 1669 0053 13       		.uleb128 0x13
 1670 0054 38       		.uleb128 0x38
 1671 0055 0A       		.uleb128 0xa
 1672 0056 00       		.byte	0
 1673 0057 00       		.byte	0
 1674 0058 07       		.uleb128 0x7
 1675 0059 13       		.uleb128 0x13
 1676 005a 01       		.byte	0x1
 1677 005b 0B       		.uleb128 0xb
 1678 005c 0B       		.uleb128 0xb
 1679 005d 3A       		.uleb128 0x3a
 1680 005e 0B       		.uleb128 0xb
 1681 005f 3B       		.uleb128 0x3b
 1682 0060 0B       		.uleb128 0xb
 1683 0061 01       		.uleb128 0x1
 1684 0062 13       		.uleb128 0x13
 1685 0063 00       		.byte	0
 1686 0064 00       		.byte	0
 1687 0065 08       		.uleb128 0x8
 1688 0066 0F       		.uleb128 0xf
 1689 0067 00       		.byte	0
 1690 0068 0B       		.uleb128 0xb
 1691 0069 0B       		.uleb128 0xb
 1692 006a 49       		.uleb128 0x49
 1693 006b 13       		.uleb128 0x13
 1694 006c 00       		.byte	0
 1695 006d 00       		.byte	0
 1696 006e 09       		.uleb128 0x9
 1697 006f 0F       		.uleb128 0xf
 1698 0070 00       		.byte	0
 1699 0071 0B       		.uleb128 0xb
 1700 0072 0B       		.uleb128 0xb
 1701 0073 00       		.byte	0
 1702 0074 00       		.byte	0
 1703 0075 0A       		.uleb128 0xa
 1704 0076 35       		.uleb128 0x35
GAS LISTING C:\cygwin\tmp\cchnhDTH.s 			page 37


 1705 0077 00       		.byte	0
 1706 0078 49       		.uleb128 0x49
 1707 0079 13       		.uleb128 0x13
 1708 007a 00       		.byte	0
 1709 007b 00       		.byte	0
 1710 007c 0B       		.uleb128 0xb
 1711 007d 17       		.uleb128 0x17
 1712 007e 01       		.byte	0x1
 1713 007f 0B       		.uleb128 0xb
 1714 0080 0B       		.uleb128 0xb
 1715 0081 3A       		.uleb128 0x3a
 1716 0082 0B       		.uleb128 0xb
 1717 0083 3B       		.uleb128 0x3b
 1718 0084 0B       		.uleb128 0xb
 1719 0085 01       		.uleb128 0x1
 1720 0086 13       		.uleb128 0x13
 1721 0087 00       		.byte	0
 1722 0088 00       		.byte	0
 1723 0089 0C       		.uleb128 0xc
 1724 008a 0D       		.uleb128 0xd
 1725 008b 00       		.byte	0
 1726 008c 03       		.uleb128 0x3
 1727 008d 08       		.uleb128 0x8
 1728 008e 3A       		.uleb128 0x3a
 1729 008f 0B       		.uleb128 0xb
 1730 0090 3B       		.uleb128 0x3b
 1731 0091 0B       		.uleb128 0xb
 1732 0092 49       		.uleb128 0x49
 1733 0093 13       		.uleb128 0x13
 1734 0094 00       		.byte	0
 1735 0095 00       		.byte	0
 1736 0096 0D       		.uleb128 0xd
 1737 0097 26       		.uleb128 0x26
 1738 0098 00       		.byte	0
 1739 0099 49       		.uleb128 0x49
 1740 009a 13       		.uleb128 0x13
 1741 009b 00       		.byte	0
 1742 009c 00       		.byte	0
 1743 009d 0E       		.uleb128 0xe
 1744 009e 2E       		.uleb128 0x2e
 1745 009f 01       		.byte	0x1
 1746 00a0 3F       		.uleb128 0x3f
 1747 00a1 0C       		.uleb128 0xc
 1748 00a2 03       		.uleb128 0x3
 1749 00a3 08       		.uleb128 0x8
 1750 00a4 3A       		.uleb128 0x3a
 1751 00a5 0B       		.uleb128 0xb
 1752 00a6 3B       		.uleb128 0x3b
 1753 00a7 0B       		.uleb128 0xb
 1754 00a8 27       		.uleb128 0x27
 1755 00a9 0C       		.uleb128 0xc
 1756 00aa 11       		.uleb128 0x11
 1757 00ab 01       		.uleb128 0x1
 1758 00ac 12       		.uleb128 0x12
 1759 00ad 01       		.uleb128 0x1
 1760 00ae 40       		.uleb128 0x40
 1761 00af 06       		.uleb128 0x6
GAS LISTING C:\cygwin\tmp\cchnhDTH.s 			page 38


 1762 00b0 01       		.uleb128 0x1
 1763 00b1 13       		.uleb128 0x13
 1764 00b2 00       		.byte	0
 1765 00b3 00       		.byte	0
 1766 00b4 0F       		.uleb128 0xf
 1767 00b5 05       		.uleb128 0x5
 1768 00b6 00       		.byte	0
 1769 00b7 03       		.uleb128 0x3
 1770 00b8 08       		.uleb128 0x8
 1771 00b9 3A       		.uleb128 0x3a
 1772 00ba 0B       		.uleb128 0xb
 1773 00bb 3B       		.uleb128 0x3b
 1774 00bc 0B       		.uleb128 0xb
 1775 00bd 49       		.uleb128 0x49
 1776 00be 13       		.uleb128 0x13
 1777 00bf 02       		.uleb128 0x2
 1778 00c0 0A       		.uleb128 0xa
 1779 00c1 00       		.byte	0
 1780 00c2 00       		.byte	0
 1781 00c3 10       		.uleb128 0x10
 1782 00c4 2E       		.uleb128 0x2e
 1783 00c5 01       		.byte	0x1
 1784 00c6 3F       		.uleb128 0x3f
 1785 00c7 0C       		.uleb128 0xc
 1786 00c8 03       		.uleb128 0x3
 1787 00c9 08       		.uleb128 0x8
 1788 00ca 3A       		.uleb128 0x3a
 1789 00cb 0B       		.uleb128 0xb
 1790 00cc 3B       		.uleb128 0x3b
 1791 00cd 0B       		.uleb128 0xb
 1792 00ce 27       		.uleb128 0x27
 1793 00cf 0C       		.uleb128 0xc
 1794 00d0 49       		.uleb128 0x49
 1795 00d1 13       		.uleb128 0x13
 1796 00d2 11       		.uleb128 0x11
 1797 00d3 01       		.uleb128 0x1
 1798 00d4 12       		.uleb128 0x12
 1799 00d5 01       		.uleb128 0x1
 1800 00d6 40       		.uleb128 0x40
 1801 00d7 06       		.uleb128 0x6
 1802 00d8 01       		.uleb128 0x1
 1803 00d9 13       		.uleb128 0x13
 1804 00da 00       		.byte	0
 1805 00db 00       		.byte	0
 1806 00dc 11       		.uleb128 0x11
 1807 00dd 34       		.uleb128 0x34
 1808 00de 00       		.byte	0
 1809 00df 03       		.uleb128 0x3
 1810 00e0 08       		.uleb128 0x8
 1811 00e1 3A       		.uleb128 0x3a
 1812 00e2 0B       		.uleb128 0xb
 1813 00e3 3B       		.uleb128 0x3b
 1814 00e4 0B       		.uleb128 0xb
 1815 00e5 49       		.uleb128 0x49
 1816 00e6 13       		.uleb128 0x13
 1817 00e7 02       		.uleb128 0x2
 1818 00e8 0A       		.uleb128 0xa
GAS LISTING C:\cygwin\tmp\cchnhDTH.s 			page 39


 1819 00e9 00       		.byte	0
 1820 00ea 00       		.byte	0
 1821 00eb 12       		.uleb128 0x12
 1822 00ec 2E       		.uleb128 0x2e
 1823 00ed 01       		.byte	0x1
 1824 00ee 3F       		.uleb128 0x3f
 1825 00ef 0C       		.uleb128 0xc
 1826 00f0 03       		.uleb128 0x3
 1827 00f1 08       		.uleb128 0x8
 1828 00f2 3A       		.uleb128 0x3a
 1829 00f3 0B       		.uleb128 0xb
 1830 00f4 3B       		.uleb128 0x3b
 1831 00f5 05       		.uleb128 0x5
 1832 00f6 27       		.uleb128 0x27
 1833 00f7 0C       		.uleb128 0xc
 1834 00f8 49       		.uleb128 0x49
 1835 00f9 13       		.uleb128 0x13
 1836 00fa 11       		.uleb128 0x11
 1837 00fb 01       		.uleb128 0x1
 1838 00fc 12       		.uleb128 0x12
 1839 00fd 01       		.uleb128 0x1
 1840 00fe 40       		.uleb128 0x40
 1841 00ff 06       		.uleb128 0x6
 1842 0100 01       		.uleb128 0x1
 1843 0101 13       		.uleb128 0x13
 1844 0102 00       		.byte	0
 1845 0103 00       		.byte	0
 1846 0104 13       		.uleb128 0x13
 1847 0105 05       		.uleb128 0x5
 1848 0106 00       		.byte	0
 1849 0107 03       		.uleb128 0x3
 1850 0108 08       		.uleb128 0x8
 1851 0109 3A       		.uleb128 0x3a
 1852 010a 0B       		.uleb128 0xb
 1853 010b 3B       		.uleb128 0x3b
 1854 010c 05       		.uleb128 0x5
 1855 010d 49       		.uleb128 0x49
 1856 010e 13       		.uleb128 0x13
 1857 010f 02       		.uleb128 0x2
 1858 0110 0A       		.uleb128 0xa
 1859 0111 00       		.byte	0
 1860 0112 00       		.byte	0
 1861 0113 14       		.uleb128 0x14
 1862 0114 34       		.uleb128 0x34
 1863 0115 00       		.byte	0
 1864 0116 03       		.uleb128 0x3
 1865 0117 08       		.uleb128 0x8
 1866 0118 3A       		.uleb128 0x3a
 1867 0119 0B       		.uleb128 0xb
 1868 011a 3B       		.uleb128 0x3b
 1869 011b 05       		.uleb128 0x5
 1870 011c 49       		.uleb128 0x49
 1871 011d 13       		.uleb128 0x13
 1872 011e 02       		.uleb128 0x2
 1873 011f 0A       		.uleb128 0xa
 1874 0120 00       		.byte	0
 1875 0121 00       		.byte	0
GAS LISTING C:\cygwin\tmp\cchnhDTH.s 			page 40


 1876 0122 15       		.uleb128 0x15
 1877 0123 2E       		.uleb128 0x2e
 1878 0124 00       		.byte	0
 1879 0125 03       		.uleb128 0x3
 1880 0126 08       		.uleb128 0x8
 1881 0127 27       		.uleb128 0x27
 1882 0128 0C       		.uleb128 0xc
 1883 0129 34       		.uleb128 0x34
 1884 012a 0C       		.uleb128 0xc
 1885 012b 11       		.uleb128 0x11
 1886 012c 01       		.uleb128 0x1
 1887 012d 12       		.uleb128 0x12
 1888 012e 01       		.uleb128 0x1
 1889 012f 40       		.uleb128 0x40
 1890 0130 06       		.uleb128 0x6
 1891 0131 00       		.byte	0
 1892 0132 00       		.byte	0
 1893 0133 16       		.uleb128 0x16
 1894 0134 34       		.uleb128 0x34
 1895 0135 00       		.byte	0
 1896 0136 03       		.uleb128 0x3
 1897 0137 08       		.uleb128 0x8
 1898 0138 3A       		.uleb128 0x3a
 1899 0139 0B       		.uleb128 0xb
 1900 013a 3B       		.uleb128 0x3b
 1901 013b 0B       		.uleb128 0xb
 1902 013c 49       		.uleb128 0x49
 1903 013d 13       		.uleb128 0x13
 1904 013e 3F       		.uleb128 0x3f
 1905 013f 0C       		.uleb128 0xc
 1906 0140 3C       		.uleb128 0x3c
 1907 0141 0C       		.uleb128 0xc
 1908 0142 00       		.byte	0
 1909 0143 00       		.byte	0
 1910 0144 00       		.byte	0
 1911              		.section	.debug_loc,"dr"
 1912              	Ldebug_loc0:
 1913              	LLST0:
 1914 0000 00000000 		.long	LFB0-Ltext0
 1915 0004 03000000 		.long	LCFI0-Ltext0
 1916 0008 0200     		.word	0x2
 1917 000a 74       		.byte	0x74
 1918 000b 04       		.sleb128 4
 1919 000c 03000000 		.long	LCFI0-Ltext0
 1920 0010 3A000000 		.long	LCFI1-Ltext0
 1921 0014 0200     		.word	0x2
 1922 0016 74       		.byte	0x74
 1923 0017 08       		.sleb128 8
 1924 0018 3A000000 		.long	LCFI1-Ltext0
 1925 001c 3B000000 		.long	LFE0-Ltext0
 1926 0020 0200     		.word	0x2
 1927 0022 74       		.byte	0x74
 1928 0023 04       		.sleb128 4
 1929 0024 00000000 		.long	0
 1930 0028 00000000 		.long	0
 1931              	LLST1:
 1932 002c 3B000000 		.long	LFB1-Ltext0
GAS LISTING C:\cygwin\tmp\cchnhDTH.s 			page 41


 1933 0030 3E000000 		.long	LCFI2-Ltext0
 1934 0034 0200     		.word	0x2
 1935 0036 74       		.byte	0x74
 1936 0037 04       		.sleb128 4
 1937 0038 3E000000 		.long	LCFI2-Ltext0
 1938 003c 17010000 		.long	LCFI3-Ltext0
 1939 0040 0200     		.word	0x2
 1940 0042 74       		.byte	0x74
 1941 0043 20       		.sleb128 32
 1942 0044 17010000 		.long	LCFI3-Ltext0
 1943 0048 18010000 		.long	LFE1-Ltext0
 1944 004c 0200     		.word	0x2
 1945 004e 74       		.byte	0x74
 1946 004f 04       		.sleb128 4
 1947 0050 00000000 		.long	0
 1948 0054 00000000 		.long	0
 1949              	LLST2:
 1950 0058 18010000 		.long	LFB2-Ltext0
 1951 005c 1B010000 		.long	LCFI4-Ltext0
 1952 0060 0200     		.word	0x2
 1953 0062 74       		.byte	0x74
 1954 0063 04       		.sleb128 4
 1955 0064 1B010000 		.long	LCFI4-Ltext0
 1956 0068 B9010000 		.long	LCFI5-Ltext0
 1957 006c 0200     		.word	0x2
 1958 006e 74       		.byte	0x74
 1959 006f 20       		.sleb128 32
 1960 0070 B9010000 		.long	LCFI5-Ltext0
 1961 0074 BA010000 		.long	LFE2-Ltext0
 1962 0078 0200     		.word	0x2
 1963 007a 74       		.byte	0x74
 1964 007b 04       		.sleb128 4
 1965 007c 00000000 		.long	0
 1966 0080 00000000 		.long	0
 1967              	LLST3:
 1968 0084 BA010000 		.long	LFB3-Ltext0
 1969 0088 BD010000 		.long	LCFI6-Ltext0
 1970 008c 0200     		.word	0x2
 1971 008e 74       		.byte	0x74
 1972 008f 04       		.sleb128 4
 1973 0090 BD010000 		.long	LCFI6-Ltext0
 1974 0094 5F020000 		.long	LCFI7-Ltext0
 1975 0098 0200     		.word	0x2
 1976 009a 74       		.byte	0x74
 1977 009b 20       		.sleb128 32
 1978 009c 5F020000 		.long	LCFI7-Ltext0
 1979 00a0 60020000 		.long	LFE3-Ltext0
 1980 00a4 0200     		.word	0x2
 1981 00a6 74       		.byte	0x74
 1982 00a7 04       		.sleb128 4
 1983 00a8 00000000 		.long	0
 1984 00ac 00000000 		.long	0
 1985              	LLST4:
 1986 00b0 60020000 		.long	LFB4-Ltext0
 1987 00b4 63020000 		.long	LCFI8-Ltext0
 1988 00b8 0200     		.word	0x2
 1989 00ba 74       		.byte	0x74
GAS LISTING C:\cygwin\tmp\cchnhDTH.s 			page 42


 1990 00bb 04       		.sleb128 4
 1991 00bc 63020000 		.long	LCFI8-Ltext0
 1992 00c0 03030000 		.long	LCFI9-Ltext0
 1993 00c4 0200     		.word	0x2
 1994 00c6 74       		.byte	0x74
 1995 00c7 20       		.sleb128 32
 1996 00c8 03030000 		.long	LCFI9-Ltext0
 1997 00cc 04030000 		.long	LFE4-Ltext0
 1998 00d0 0200     		.word	0x2
 1999 00d2 74       		.byte	0x74
 2000 00d3 04       		.sleb128 4
 2001 00d4 00000000 		.long	0
 2002 00d8 00000000 		.long	0
 2003              	LLST5:
 2004 00dc 04030000 		.long	LFB5-Ltext0
 2005 00e0 07030000 		.long	LCFI10-Ltext0
 2006 00e4 0200     		.word	0x2
 2007 00e6 74       		.byte	0x74
 2008 00e7 04       		.sleb128 4
 2009 00e8 07030000 		.long	LCFI10-Ltext0
 2010 00ec 90030000 		.long	LCFI11-Ltext0
 2011 00f0 0200     		.word	0x2
 2012 00f2 74       		.byte	0x74
 2013 00f3 30       		.sleb128 48
 2014 00f4 90030000 		.long	LCFI11-Ltext0
 2015 00f8 91030000 		.long	LFE5-Ltext0
 2016 00fc 0200     		.word	0x2
 2017 00fe 74       		.byte	0x74
 2018 00ff 04       		.sleb128 4
 2019 0100 00000000 		.long	0
 2020 0104 00000000 		.long	0
 2021              	LLST6:
 2022 0108 91030000 		.long	LFB6-Ltext0
 2023 010c 94030000 		.long	LCFI12-Ltext0
 2024 0110 0200     		.word	0x2
 2025 0112 74       		.byte	0x74
 2026 0113 04       		.sleb128 4
 2027 0114 94030000 		.long	LCFI12-Ltext0
 2028 0118 7B040000 		.long	LCFI13-Ltext0
 2029 011c 0200     		.word	0x2
 2030 011e 74       		.byte	0x74
 2031 011f 30       		.sleb128 48
 2032 0120 7B040000 		.long	LCFI13-Ltext0
 2033 0124 7C040000 		.long	LFE6-Ltext0
 2034 0128 0200     		.word	0x2
 2035 012a 74       		.byte	0x74
 2036 012b 04       		.sleb128 4
 2037 012c 00000000 		.long	0
 2038 0130 00000000 		.long	0
 2039              	LLST7:
 2040 0134 7C040000 		.long	LFB7-Ltext0
 2041 0138 7F040000 		.long	LCFI14-Ltext0
 2042 013c 0200     		.word	0x2
 2043 013e 74       		.byte	0x74
 2044 013f 04       		.sleb128 4
 2045 0140 7F040000 		.long	LCFI14-Ltext0
 2046 0144 10050000 		.long	LCFI15-Ltext0
GAS LISTING C:\cygwin\tmp\cchnhDTH.s 			page 43


 2047 0148 0200     		.word	0x2
 2048 014a 74       		.byte	0x74
 2049 014b 30       		.sleb128 48
 2050 014c 10050000 		.long	LCFI15-Ltext0
 2051 0150 11050000 		.long	LFE7-Ltext0
 2052 0154 0200     		.word	0x2
 2053 0156 74       		.byte	0x74
 2054 0157 04       		.sleb128 4
 2055 0158 00000000 		.long	0
 2056 015c 00000000 		.long	0
 2057              	LLST8:
 2058 0160 11050000 		.long	LFB8-Ltext0
 2059 0164 14050000 		.long	LCFI16-Ltext0
 2060 0168 0200     		.word	0x2
 2061 016a 74       		.byte	0x74
 2062 016b 04       		.sleb128 4
 2063 016c 14050000 		.long	LCFI16-Ltext0
 2064 0170 60060000 		.long	LCFI17-Ltext0
 2065 0174 0200     		.word	0x2
 2066 0176 74       		.byte	0x74
 2067 0177 30       		.sleb128 48
 2068 0178 60060000 		.long	LCFI17-Ltext0
 2069 017c 61060000 		.long	LFE8-Ltext0
 2070 0180 0200     		.word	0x2
 2071 0182 74       		.byte	0x74
 2072 0183 04       		.sleb128 4
 2073 0184 00000000 		.long	0
 2074 0188 00000000 		.long	0
 2075              	LLST9:
 2076 018c 61060000 		.long	LFB9-Ltext0
 2077 0190 64060000 		.long	LCFI18-Ltext0
 2078 0194 0200     		.word	0x2
 2079 0196 74       		.byte	0x74
 2080 0197 04       		.sleb128 4
 2081 0198 64060000 		.long	LCFI18-Ltext0
 2082 019c 73060000 		.long	LCFI19-Ltext0
 2083 01a0 0200     		.word	0x2
 2084 01a2 74       		.byte	0x74
 2085 01a3 20       		.sleb128 32
 2086 01a4 73060000 		.long	LCFI19-Ltext0
 2087 01a8 74060000 		.long	LFE9-Ltext0
 2088 01ac 0200     		.word	0x2
 2089 01ae 74       		.byte	0x74
 2090 01af 04       		.sleb128 4
 2091 01b0 00000000 		.long	0
 2092 01b4 00000000 		.long	0
 2093              		.section	.debug_aranges,"dr"
 2094 0000 1C000000 		.long	0x1c
 2095 0004 0200     		.word	0x2
 2096 0006 00000000 		.secrel32	Ldebug_info0
 2097 000a 04       		.byte	0x4
 2098 000b 00       		.byte	0
 2099 000c 0000     		.word	0
 2100 000e 0000     		.word	0
 2101 0010 00000000 		.long	Ltext0
 2102 0014 74060000 		.long	Letext0-Ltext0
 2103 0018 00000000 		.long	0
GAS LISTING C:\cygwin\tmp\cchnhDTH.s 			page 44


 2104 001c 00000000 		.long	0
 2105              		.section	.debug_line,"dr"
 2106              	Ldebug_line0:
 2107 0000 BC010000 		.section	.debug_str,"dr"
 2107      02000401 
 2107      00000101 
 2107      FB0E0D00 
 2107      01010101 
 2108              	LASF0:
 2109 0000 705F6E65 		.ascii "p_next\0"
 2109      787400
 2110              		.def	_fifo_remove;	.scl	2;	.type	32;	.endef
 2111              		.def	_chSchWakeupS;	.scl	2;	.type	32;	.endef
 2112              		.def	_chSchReadyI;	.scl	2;	.type	32;	.endef
 2113              		.def	_chSchRescheduleS;	.scl	2;	.type	32;	.endef
 2114              		.def	_chMtxUnlockS;	.scl	2;	.type	32;	.endef
 2115              		.def	_prio_insert;	.scl	2;	.type	32;	.endef
 2116              		.def	_chSchGoSleepS;	.scl	2;	.type	32;	.endef
 2117              		.def	_chMtxLockS;	.scl	2;	.type	32;	.endef
 2118              		.def	_chSchGoSleepTimeoutS;	.scl	2;	.type	32;	.endef
 2119              		.def	___gcov_merge_add;	.scl	2;	.type	32;	.endef
 2120              		.def	___gcov_init;	.scl	2;	.type	32;	.endef
GAS LISTING C:\cygwin\tmp\cchnhDTH.s 			page 45


DEFINED SYMBOLS
                            *ABS*:00000000 chcond.c
C:\cygwin\tmp\cchnhDTH.s:45     .text:00000000 _chCondInit
C:\cygwin\tmp\cchnhDTH.s:77     .text:0000003b _chCondSignal
C:\cygwin\tmp\cchnhDTH.s:157    .text:00000118 _chCondSignalI
C:\cygwin\tmp\cchnhDTH.s:213    .text:000001ba _chCondBroadcast
C:\cygwin\tmp\cchnhDTH.s:278    .text:00000260 _chCondBroadcastI
C:\cygwin\tmp\cchnhDTH.s:337    .text:00000304 _chCondWait
C:\cygwin\tmp\cchnhDTH.s:397    .text:00000391 _chCondWaitS
C:\cygwin\tmp\cchnhDTH.s:473    .text:0000047c _chCondWaitTimeout
C:\cygwin\tmp\cchnhDTH.s:535    .text:00000511 _chCondWaitTimeoutS
C:\cygwin\tmp\cchnhDTH.s:725    .text:00000661 __GLOBAL__sub_I_65535_0_chCondInit

UNDEFINED SYMBOLS
_rlist
_fifo_remove
_chSchWakeupS
_chSchReadyI
_chSchRescheduleS
_chMtxUnlockS
_prio_insert
_chSchGoSleepS
_chMtxLockS
_chSchGoSleepTimeoutS
___gcov_merge_add
___gcov_init
