GAS LISTING C:\cygwin\tmp\ccgOqQGL.s 			page 1


   1              		.file	"chdebug.c"
   2              	 # GNU C (GCC) version 4.6.2 (mingw32)
   3              	 #	compiled by GNU C version 4.6.2, GMP version 5.0.1, MPFR version 2.4.1, MPC version 0.8.1
   4              	 # GGC heuristics: --param ggc-min-expand=100 --param ggc-min-heapsize=131072
   5              	 # options passed:  -I . -I ../../os/ports/GCC/SIMIA32
   6              	 # -I ../../os/kernel/include -I ../../test -I ../../os/hal/include
   7              	 # -I ../../os/hal/platforms/Win32 -I ../../boards/simulator
   8              	 # -I ../../os/various -iprefix c:\mingw\bin\../lib/gcc/mingw32/4.6.2/
   9              	 # -MD ../../os/kernel/src/chdebug.d -MF .dep/chdebug.o.d -MP
  10              	 # -MQ ../../os/kernel/src/chdebug.o -D SIMULATOR
  11              	 # ../../os/kernel/src/chdebug.c -mtune=i386 -march=i386
  12              	 # -auxbase-strip ../../os/kernel/src/chdebug.o -ggdb -O0 -Wall -Wextra
  13              	 # -Wstrict-prototypes -fomit-frame-pointer -fprofile-arcs -ftest-coverage
  14              	 # -fverbose-asm
  15              	 # options enabled:  -fasynchronous-unwind-tables -fauto-inc-dec
  16              	 # -fbranch-count-reg -fcommon -fdelete-null-pointer-checks
  17              	 # -fdwarf2-cfi-asm -fearly-inlining -feliminate-unused-debug-types
  18              	 # -ffunction-cse -fgcse-lm -fident -finline-functions-called-once
  19              	 # -fira-share-save-slots -fira-share-spill-slots -fivopts
  20              	 # -fkeep-inline-dllexport -fkeep-static-consts -fleading-underscore
  21              	 # -fmath-errno -fmerge-debug-strings -fmove-loop-invariants
  22              	 # -fomit-frame-pointer -fpeephole -fprefetch-loop-arrays -fprofile-arcs
  23              	 # -freg-struct-return -fsched-critical-path-heuristic
  24              	 # -fsched-dep-count-heuristic -fsched-group-heuristic -fsched-interblock
  25              	 # -fsched-last-insn-heuristic -fsched-rank-heuristic -fsched-spec
  26              	 # -fsched-spec-insn-heuristic -fsched-stalled-insns-dep
  27              	 # -fset-stack-executable -fshow-column -fsigned-zeros
  28              	 # -fsplit-ivs-in-unroller -fstrict-volatile-bitfields -ftest-coverage
  29              	 # -ftrapping-math -ftree-cselim -ftree-forwprop -ftree-loop-if-convert
  30              	 # -ftree-loop-im -ftree-loop-ivcanon -ftree-loop-optimize
  31              	 # -ftree-parallelize-loops= -ftree-phiprop -ftree-pta -ftree-reassoc
  32              	 # -ftree-scev-cprop -ftree-slp-vectorize -ftree-vect-loop-version
  33              	 # -funit-at-a-time -funwind-tables -fvect-cost-model -fverbose-asm
  34              	 # -fzero-initialized-in-bss -m32 -m80387 -m96bit-long-double
  35              	 # -maccumulate-outgoing-args -malign-double -malign-stringops
  36              	 # -mfancy-math-387 -mfp-ret-in-387 -mieee-fp -mno-red-zone -mno-sse4
  37              	 # -mpush-args -msahf -mstack-arg-probe
  38              	
  39              		.text
  40              	Ltext0:
  41              	 # Compiler executable checksum: c20aed7c018482d7b62efcd5dcab2a9d
  42              	
  43              		.comm	_dbg_trace_buffer, 1032, 5
  44              		.globl	__trace_init
  45              		.def	__trace_init;	.scl	2;	.type	32;	.endef
  46              	__trace_init:
  47              	LFB0:
  48              		.file 1 "../../os/kernel/src/chdebug.c"
  49              		.loc 1 222 0
  50              		.cfi_startproc
  51 0000 83EC04   		subl	$4, %esp	 #,
  52              	LCFI0:
  53              		.cfi_def_cfa_offset 8
  54              		.loc 1 222 0
  55 0003 A1100000 		movl	LPBX1+16, %eax	 # *LPBX1, PROF_edge_counter.1
  55      00
  56 0008 8B151400 		movl	LPBX1+20, %edx	 # *LPBX1, PROF_edge_counter.1
GAS LISTING C:\cygwin\tmp\ccgOqQGL.s 			page 2


  56      0000
  57 000e 83C001   		addl	$1, %eax	 #, PROF_edge_counter.1
  58 0011 83D200   		adcl	$0, %edx	 #, PROF_edge_counter.1
  59 0014 A3100000 		movl	%eax, LPBX1+16	 # PROF_edge_counter.1, *LPBX1
  59      00
  60 0019 89151400 		movl	%edx, LPBX1+20	 # PROF_edge_counter.1, *LPBX1
  60      0000
  61              		.loc 1 224 0
  62 001f C7050000 		movl	$64, _dbg_trace_buffer	 #, dbg_trace_buffer.tb_size
  62      00004000 
  62      0000
  63              		.loc 1 225 0
  64 0029 C7050400 		movl	$_dbg_trace_buffer+8, _dbg_trace_buffer+4	 #, dbg_trace_buffer.tb_ptr
  64      00000800 
  64      0000
  65              		.loc 1 226 0
  66 0033 83C404   		addl	$4, %esp	 #,
  67              	LCFI1:
  68              		.cfi_def_cfa_offset 4
  69 0036 C3       		ret
  70              		.cfi_endproc
  71              	LFE0:
  72              		.globl	_dbg_trace
  73              		.def	_dbg_trace;	.scl	2;	.type	32;	.endef
  74              	_dbg_trace:
  75              	LFB1:
  76              		.loc 1 235 0
  77              		.cfi_startproc
  78 0037 83EC04   		subl	$4, %esp	 #,
  79              	LCFI2:
  80              		.cfi_def_cfa_offset 8
  81              		.loc 1 235 0
  82 003a A1000000 		movl	LPBX1, %eax	 # *LPBX1, PROF_edge_counter.0
  82      00
  83 003f 8B150400 		movl	LPBX1+4, %edx	 # *LPBX1, PROF_edge_counter.0
  83      0000
  84 0045 83C001   		addl	$1, %eax	 #, PROF_edge_counter.0
  85 0048 83D200   		adcl	$0, %edx	 #, PROF_edge_counter.0
  86 004b A3000000 		movl	%eax, LPBX1	 # PROF_edge_counter.0, *LPBX1
  86      00
  87 0050 89150400 		movl	%edx, LPBX1+4	 # PROF_edge_counter.0, *LPBX1
  87      0000
  88              		.loc 1 237 0
  89 0056 A1040000 		movl	_dbg_trace_buffer+4, %eax	 # dbg_trace_buffer.tb_ptr, D.2721
  89      00
  90 005b 8B150C00 		movl	_vtlist+12, %edx	 # vtlist.vt_systime, D.2722
  90      0000
  91 0061 8910     		movl	%edx, (%eax)	 # D.2722, D.2721_1->se_time
  92              		.loc 1 238 0
  93 0063 A1040000 		movl	_dbg_trace_buffer+4, %eax	 # dbg_trace_buffer.tb_ptr, D.2723
  93      00
  94 0068 8B151800 		movl	_rlist+24, %edx	 # rlist.r_current, D.2724
  94      0000
  95 006e 895004   		movl	%edx, 4(%eax)	 # D.2724, D.2723_3->se_tp
  96              		.loc 1 239 0
  97 0071 A1040000 		movl	_dbg_trace_buffer+4, %eax	 # dbg_trace_buffer.tb_ptr, D.2725
  97      00
GAS LISTING C:\cygwin\tmp\ccgOqQGL.s 			page 3


  98 0076 8B542408 		movl	8(%esp), %edx	 # otp, tmp74
  99 007a 8B5224   		movl	36(%edx), %edx	 # otp_6(D)->p_u.wtobjp, D.2726
 100 007d 895008   		movl	%edx, 8(%eax)	 # D.2726, D.2725_5->se_wtobjp
 101              		.loc 1 240 0
 102 0080 A1040000 		movl	_dbg_trace_buffer+4, %eax	 # dbg_trace_buffer.tb_ptr, D.2727
 102      00
 103 0085 8B542408 		movl	8(%esp), %edx	 # otp, tmp75
 104 0089 8A521C   		movb	28(%edx), %dl	 # otp_6(D)->p_state, D.2728
 105 008c 88500C   		movb	%dl, 12(%eax)	 # D.2728, D.2727_8->se_state
 106              		.loc 1 241 0
 107 008f A1040000 		movl	_dbg_trace_buffer+4, %eax	 # dbg_trace_buffer.tb_ptr, D.2729
 107      00
 108 0094 83C010   		addl	$16, %eax	 #, D.2730
 109 0097 A3040000 		movl	%eax, _dbg_trace_buffer+4	 # D.2730, dbg_trace_buffer.tb_ptr
 109      00
 110 009c A1040000 		movl	_dbg_trace_buffer+4, %eax	 # dbg_trace_buffer.tb_ptr, D.2731
 110      00
 111 00a1 3D080400 		cmpl	$_dbg_trace_buffer+1032, %eax	 #, D.2731
 111      00
 112 00a6 7226     		jb	L2	 #,
 113              		.loc 1 243 0
 114 00a8 C7050400 		movl	$_dbg_trace_buffer+8, _dbg_trace_buffer+4	 #, dbg_trace_buffer.tb_ptr
 114      00000800 
 114      0000
 115 00b2 A1080000 		movl	LPBX1+8, %eax	 # *LPBX1, PROF_edge_counter.0
 115      00
 116 00b7 8B150C00 		movl	LPBX1+12, %edx	 # *LPBX1, PROF_edge_counter.0
 116      0000
 117 00bd 83C001   		addl	$1, %eax	 #, PROF_edge_counter.0
 118 00c0 83D200   		adcl	$0, %edx	 #, PROF_edge_counter.0
 119 00c3 A3080000 		movl	%eax, LPBX1+8	 # PROF_edge_counter.0, *LPBX1
 119      00
 120 00c8 89150C00 		movl	%edx, LPBX1+12	 # PROF_edge_counter.0, *LPBX1
 120      0000
 121              	L2:
 122              		.loc 1 244 0
 123 00ce 83C404   		addl	$4, %esp	 #,
 124              	LCFI3:
 125              		.cfi_def_cfa_offset 4
 126 00d1 C3       		ret
 127              		.cfi_endproc
 128              	LFE1:
 129              	.lcomm LPBX1,24,8
 130              		.section .rdata,"dr"
 131              		.align 4
 132              	LC0:
 133 0000 433A5C64 		.ascii "C:\\develop\\gyro\\ChibiOS\\test\\coverage/../../os/kernel/src/chdebug.gcda\0"
 133      6576656C 
 133      6F705C67 
 133      79726F5C 
 133      43686962 
 134 0047 00       		.data
 135              		.align 4
 136              	LC1:
 137              	 # <anonymous>:
 138 0000 02000000 		.long	2
 139              	 # <anonymous>:
GAS LISTING C:\cygwin\tmp\ccgOqQGL.s 			page 4


 140 0004 B80C9074 		.long	1955597496
 141              	 # <anonymous>:
 142 0008 02000000 		.long	2
 143              	 # <anonymous>:
 144 000c 01000000 		.long	1
 145              	 # <anonymous>:
 146 0010 228064BB 		.long	-1151041502
 147              	 # <anonymous>:
 148 0014 01000000 		.long	1
 149 0018 00000000 		.align 32
 149      00000000 
 150              	LPBX0:
 151              	 # <anonymous>:
 152 0020 2A363034 		.long	875574826
 153              	 # <anonymous>:
 154 0024 00000000 		.long	0
 155              	 # <anonymous>:
 156 0028 77137060 		.long	1617957751
 157              	 # <anonymous>:
 158 002c 00000000 		.long	LC0
 159              	 # <anonymous>:
 160 0030 02000000 		.long	2
 161              	 # <anonymous>:
 162 0034 00000000 		.long	LC1
 163              	 # <anonymous>:
 164 0038 01000000 		.long	1
 165              	 # <anonymous>:
 166              	 # <anonymous>:
 167 003c 03000000 		.long	3
 168              	 # <anonymous>:
 169 0040 00000000 		.long	LPBX1
 170              	 # <anonymous>:
 171 0044 00000000 		.long	___gcov_merge_add
 172 0048 00000000 		.space 12
 172      00000000 
 172      00000000 
 173 0054 00000000 		.text
 173      00000000 
 173      00000000 
 174              		.def	__GLOBAL__sub_I_65535_0__trace_init;	.scl	3;	.type	32;	.endef
 175              	__GLOBAL__sub_I_65535_0__trace_init:
 176              	LFB2:
 177              		.loc 1 244 0
 178              		.cfi_startproc
 179 00d2 83EC1C   		subl	$28, %esp	 #,
 180              	LCFI4:
 181              		.cfi_def_cfa_offset 32
 182              		.loc 1 244 0
 183 00d5 C7042420 		movl	$LPBX0, (%esp)	 #,
 183      000000
 184 00dc E8000000 		call	___gcov_init	 #
 184      00
 185 00e1 83C41C   		addl	$28, %esp	 #,
 186              	LCFI5:
 187              		.cfi_def_cfa_offset 4
 188 00e4 C3       		ret
 189              		.cfi_endproc
GAS LISTING C:\cygwin\tmp\ccgOqQGL.s 			page 5


 190              	LFE2:
 191              		.section	.ctors,"w"
 192              		.align 4
 193 0000 D2000000 		.long	__GLOBAL__sub_I_65535_0__trace_init
 194              		.text
 195              	Letext0:
 196              		.file 2 "c:/mingw/bin/../lib/gcc/mingw32/4.6.2/../../../../include/stdint.h"
 197              		.file 3 "../../os/ports/GCC/SIMIA32/chtypes.h"
 198              		.file 4 "../../os/kernel/include/chlists.h"
 199              		.file 5 "../../os/kernel/include/chthreads.h"
 200              		.file 6 "../../os/ports/GCC/SIMIA32/chcore.h"
 201              		.file 7 "../../os/kernel/include/chvt.h"
 202              		.file 8 "../../os/kernel/include/chschd.h"
 203              		.file 9 "../../os/kernel/include/chmtx.h"
 204              		.file 10 "../../os/kernel/include/chdebug.h"
 205 00e5 909090   		.section	.debug_info,"dr"
 206              	Ldebug_info0:
 207 0000 0B080000 		.long	0x80b
 208 0004 0200     		.word	0x2
 209 0006 00000000 		.secrel32	Ldebug_abbrev0
 210 000a 04       		.byte	0x4
 211 000b 01       		.uleb128 0x1
 212 000c 474E5520 		.ascii "GNU C 4.6.2\0"
 212      4320342E 
 212      362E3200 
 213 0018 01       		.byte	0x1
 214 0019 2E2E2F2E 		.ascii "../../os/kernel/src/chdebug.c\0"
 214      2E2F6F73 
 214      2F6B6572 
 214      6E656C2F 
 214      7372632F 
 215 0037 433A5C64 		.ascii "C:\\develop\\gyro\\ChibiOS\\test\\coverage\0"
 215      6576656C 
 215      6F705C67 
 215      79726F5C 
 215      43686962 
 216 005d 00000000 		.long	Ltext0
 217 0061 E5000000 		.long	Letext0
 218 0065 00000000 		.secrel32	Ldebug_line0
 219 0069 02       		.uleb128 0x2
 220 006a 04       		.byte	0x4
 221 006b 05       		.byte	0x5
 222 006c 696E7400 		.ascii "int\0"
 223 0070 02       		.uleb128 0x2
 224 0071 04       		.byte	0x4
 225 0072 07       		.byte	0x7
 226 0073 756E7369 		.ascii "unsigned int\0"
 226      676E6564 
 226      20696E74 
 226      00
 227 0080 02       		.uleb128 0x2
 228 0081 02       		.byte	0x2
 229 0082 07       		.byte	0x7
 230 0083 73686F72 		.ascii "short unsigned int\0"
 230      7420756E 
 230      7369676E 
 230      65642069 
GAS LISTING C:\cygwin\tmp\ccgOqQGL.s 			page 6


 230      6E7400
 231 0096 02       		.uleb128 0x2
 232 0097 01       		.byte	0x1
 233 0098 06       		.byte	0x6
 234 0099 7369676E 		.ascii "signed char\0"
 234      65642063 
 234      68617200 
 235 00a5 03       		.uleb128 0x3
 236 00a6 75696E74 		.ascii "uint8_t\0"
 236      385F7400 
 237 00ae 02       		.byte	0x2
 238 00af 1C       		.byte	0x1c
 239 00b0 B4000000 		.long	0xb4
 240 00b4 02       		.uleb128 0x2
 241 00b5 01       		.byte	0x1
 242 00b6 08       		.byte	0x8
 243 00b7 756E7369 		.ascii "unsigned char\0"
 243      676E6564 
 243      20636861 
 243      7200
 244 00c5 02       		.uleb128 0x2
 245 00c6 02       		.byte	0x2
 246 00c7 05       		.byte	0x5
 247 00c8 73686F72 		.ascii "short int\0"
 247      7420696E 
 247      7400
 248 00d2 03       		.uleb128 0x3
 249 00d3 696E7433 		.ascii "int32_t\0"
 249      325F7400 
 250 00db 02       		.byte	0x2
 251 00dc 1F       		.byte	0x1f
 252 00dd 69000000 		.long	0x69
 253 00e1 03       		.uleb128 0x3
 254 00e2 75696E74 		.ascii "uint32_t\0"
 254      33325F74 
 254      00
 255 00eb 02       		.byte	0x2
 256 00ec 20       		.byte	0x20
 257 00ed 70000000 		.long	0x70
 258 00f1 02       		.uleb128 0x2
 259 00f2 08       		.byte	0x8
 260 00f3 05       		.byte	0x5
 261 00f4 6C6F6E67 		.ascii "long long int\0"
 261      206C6F6E 
 261      6720696E 
 261      7400
 262 0102 02       		.uleb128 0x2
 263 0103 08       		.byte	0x8
 264 0104 07       		.byte	0x7
 265 0105 6C6F6E67 		.ascii "long long unsigned int\0"
 265      206C6F6E 
 265      6720756E 
 265      7369676E 
 265      65642069 
 266 011c 02       		.uleb128 0x2
 267 011d 01       		.byte	0x1
 268 011e 02       		.byte	0x2
GAS LISTING C:\cygwin\tmp\ccgOqQGL.s 			page 7


 269 011f 5F426F6F 		.ascii "_Bool\0"
 269      6C00
 270 0125 03       		.uleb128 0x3
 271 0126 746D6F64 		.ascii "tmode_t\0"
 271      655F7400 
 272 012e 03       		.byte	0x3
 273 012f 1D       		.byte	0x1d
 274 0130 A5000000 		.long	0xa5
 275 0134 03       		.uleb128 0x3
 276 0135 74737461 		.ascii "tstate_t\0"
 276      74655F74 
 276      00
 277 013e 03       		.byte	0x3
 278 013f 1E       		.byte	0x1e
 279 0140 A5000000 		.long	0xa5
 280 0144 03       		.uleb128 0x3
 281 0145 74726566 		.ascii "trefs_t\0"
 281      735F7400 
 282 014d 03       		.byte	0x3
 283 014e 1F       		.byte	0x1f
 284 014f A5000000 		.long	0xa5
 285 0153 03       		.uleb128 0x3
 286 0154 74736C69 		.ascii "tslices_t\0"
 286      6365735F 
 286      7400
 287 015e 03       		.byte	0x3
 288 015f 20       		.byte	0x20
 289 0160 A5000000 		.long	0xa5
 290 0164 03       		.uleb128 0x3
 291 0165 74707269 		.ascii "tprio_t\0"
 291      6F5F7400 
 292 016d 03       		.byte	0x3
 293 016e 21       		.byte	0x21
 294 016f E1000000 		.long	0xe1
 295 0173 03       		.uleb128 0x3
 296 0174 6D73675F 		.ascii "msg_t\0"
 296      7400
 297 017a 03       		.byte	0x3
 298 017b 22       		.byte	0x22
 299 017c D2000000 		.long	0xd2
 300 0180 03       		.uleb128 0x3
 301 0181 6576656E 		.ascii "eventmask_t\0"
 301      746D6173 
 301      6B5F7400 
 302 018d 03       		.byte	0x3
 303 018e 24       		.byte	0x24
 304 018f E1000000 		.long	0xe1
 305 0193 03       		.uleb128 0x3
 306 0194 73797374 		.ascii "systime_t\0"
 306      696D655F 
 306      7400
 307 019e 03       		.byte	0x3
 308 019f 26       		.byte	0x26
 309 01a0 E1000000 		.long	0xe1
 310 01a4 03       		.uleb128 0x3
 311 01a5 54687265 		.ascii "Thread\0"
 311      616400
GAS LISTING C:\cygwin\tmp\ccgOqQGL.s 			page 8


 312 01ac 04       		.byte	0x4
 313 01ad 23       		.byte	0x23
 314 01ae B2010000 		.long	0x1b2
 315 01b2 04       		.uleb128 0x4
 316 01b3 54687265 		.ascii "Thread\0"
 316      616400
 317 01ba 48       		.byte	0x48
 318 01bb 05       		.byte	0x5
 319 01bc 57       		.byte	0x57
 320 01bd 28030000 		.long	0x328
 321 01c1 05       		.uleb128 0x5
 322 01c2 1E000000 		.secrel32	LASF0
 323 01c6 05       		.byte	0x5
 324 01c7 58       		.byte	0x58
 325 01c8 50030000 		.long	0x350
 326 01cc 02       		.byte	0x2
 327 01cd 23       		.byte	0x23
 328 01ce 00       		.uleb128 0
 329 01cf 06       		.uleb128 0x6
 330 01d0 705F7072 		.ascii "p_prev\0"
 330      657600
 331 01d7 05       		.byte	0x5
 332 01d8 5A       		.byte	0x5a
 333 01d9 50030000 		.long	0x350
 334 01dd 02       		.byte	0x2
 335 01de 23       		.byte	0x23
 336 01df 04       		.uleb128 0x4
 337 01e0 06       		.uleb128 0x6
 338 01e1 705F7072 		.ascii "p_prio\0"
 338      696F00
 339 01e8 05       		.byte	0x5
 340 01e9 5C       		.byte	0x5c
 341 01ea 64010000 		.long	0x164
 342 01ee 02       		.byte	0x2
 343 01ef 23       		.byte	0x23
 344 01f0 08       		.uleb128 0x8
 345 01f1 06       		.uleb128 0x6
 346 01f2 705F6374 		.ascii "p_ctx\0"
 346      7800
 347 01f8 05       		.byte	0x5
 348 01f9 5D       		.byte	0x5d
 349 01fa FA030000 		.long	0x3fa
 350 01fe 02       		.byte	0x2
 351 01ff 23       		.byte	0x23
 352 0200 0C       		.uleb128 0xc
 353 0201 06       		.uleb128 0x6
 354 0202 705F6E65 		.ascii "p_newer\0"
 354      77657200 
 355 020a 05       		.byte	0x5
 356 020b 5F       		.byte	0x5f
 357 020c 50030000 		.long	0x350
 358 0210 02       		.byte	0x2
 359 0211 23       		.byte	0x23
 360 0212 10       		.uleb128 0x10
 361 0213 06       		.uleb128 0x6
 362 0214 705F6F6C 		.ascii "p_older\0"
 362      64657200 
GAS LISTING C:\cygwin\tmp\ccgOqQGL.s 			page 9


 363 021c 05       		.byte	0x5
 364 021d 60       		.byte	0x60
 365 021e 50030000 		.long	0x350
 366 0222 02       		.byte	0x2
 367 0223 23       		.byte	0x23
 368 0224 14       		.uleb128 0x14
 369 0225 06       		.uleb128 0x6
 370 0226 705F6E61 		.ascii "p_name\0"
 370      6D6500
 371 022d 05       		.byte	0x5
 372 022e 67       		.byte	0x67
 373 022f 43060000 		.long	0x643
 374 0233 02       		.byte	0x2
 375 0234 23       		.byte	0x23
 376 0235 18       		.uleb128 0x18
 377 0236 06       		.uleb128 0x6
 378 0237 705F7374 		.ascii "p_state\0"
 378      61746500 
 379 023f 05       		.byte	0x5
 380 0240 72       		.byte	0x72
 381 0241 34010000 		.long	0x134
 382 0245 02       		.byte	0x2
 383 0246 23       		.byte	0x23
 384 0247 1C       		.uleb128 0x1c
 385 0248 06       		.uleb128 0x6
 386 0249 705F666C 		.ascii "p_flags\0"
 386      61677300 
 387 0251 05       		.byte	0x5
 388 0252 76       		.byte	0x76
 389 0253 25010000 		.long	0x125
 390 0257 02       		.byte	0x2
 391 0258 23       		.byte	0x23
 392 0259 1D       		.uleb128 0x1d
 393 025a 06       		.uleb128 0x6
 394 025b 705F7265 		.ascii "p_refs\0"
 394      667300
 395 0262 05       		.byte	0x5
 396 0263 7B       		.byte	0x7b
 397 0264 44010000 		.long	0x144
 398 0268 02       		.byte	0x2
 399 0269 23       		.byte	0x23
 400 026a 1E       		.uleb128 0x1e
 401 026b 06       		.uleb128 0x6
 402 026c 705F7072 		.ascii "p_preempt\0"
 402      65656D70 
 402      7400
 403 0276 05       		.byte	0x5
 404 0277 81       		.byte	0x81
 405 0278 53010000 		.long	0x153
 406 027c 02       		.byte	0x2
 407 027d 23       		.byte	0x23
 408 027e 1F       		.uleb128 0x1f
 409 027f 06       		.uleb128 0x6
 410 0280 705F7469 		.ascii "p_time\0"
 410      6D6500
 411 0287 05       		.byte	0x5
 412 0288 88       		.byte	0x88
GAS LISTING C:\cygwin\tmp\ccgOqQGL.s 			page 10


 413 0289 11050000 		.long	0x511
 414 028d 02       		.byte	0x2
 415 028e 23       		.byte	0x23
 416 028f 20       		.uleb128 0x20
 417 0290 06       		.uleb128 0x6
 418 0291 705F7500 		.ascii "p_u\0"
 419 0295 05       		.byte	0x5
 420 0296 AD       		.byte	0xad
 421 0297 00060000 		.long	0x600
 422 029b 02       		.byte	0x2
 423 029c 23       		.byte	0x23
 424 029d 24       		.uleb128 0x24
 425 029e 06       		.uleb128 0x6
 426 029f 705F7761 		.ascii "p_waiting\0"
 426      6974696E 
 426      6700
 427 02a9 05       		.byte	0x5
 428 02aa B2       		.byte	0xb2
 429 02ab 81030000 		.long	0x381
 430 02af 02       		.byte	0x2
 431 02b0 23       		.byte	0x23
 432 02b1 28       		.uleb128 0x28
 433 02b2 06       		.uleb128 0x6
 434 02b3 705F6D73 		.ascii "p_msgqueue\0"
 434      67717565 
 434      756500
 435 02be 05       		.byte	0x5
 436 02bf B8       		.byte	0xb8
 437 02c0 56030000 		.long	0x356
 438 02c4 02       		.byte	0x2
 439 02c5 23       		.byte	0x23
 440 02c6 2C       		.uleb128 0x2c
 441 02c7 06       		.uleb128 0x6
 442 02c8 705F6D73 		.ascii "p_msg\0"
 442      6700
 443 02ce 05       		.byte	0x5
 444 02cf BC       		.byte	0xbc
 445 02d0 73010000 		.long	0x173
 446 02d4 02       		.byte	0x2
 447 02d5 23       		.byte	0x23
 448 02d6 34       		.uleb128 0x34
 449 02d7 06       		.uleb128 0x6
 450 02d8 705F6570 		.ascii "p_epending\0"
 450      656E6469 
 450      6E6700
 451 02e3 05       		.byte	0x5
 452 02e4 C2       		.byte	0xc2
 453 02e5 80010000 		.long	0x180
 454 02e9 02       		.byte	0x2
 455 02ea 23       		.byte	0x23
 456 02eb 38       		.uleb128 0x38
 457 02ec 06       		.uleb128 0x6
 458 02ed 705F6D74 		.ascii "p_mtxlist\0"
 458      786C6973 
 458      7400
 459 02f7 05       		.byte	0x5
 460 02f8 C9       		.byte	0xc9
GAS LISTING C:\cygwin\tmp\ccgOqQGL.s 			page 11


 461 02f9 56060000 		.long	0x656
 462 02fd 02       		.byte	0x2
 463 02fe 23       		.byte	0x23
 464 02ff 3C       		.uleb128 0x3c
 465 0300 06       		.uleb128 0x6
 466 0301 705F7265 		.ascii "p_realprio\0"
 466      616C7072 
 466      696F00
 467 030c 05       		.byte	0x5
 468 030d CD       		.byte	0xcd
 469 030e 64010000 		.long	0x164
 470 0312 02       		.byte	0x2
 471 0313 23       		.byte	0x23
 472 0314 40       		.uleb128 0x40
 473 0315 06       		.uleb128 0x6
 474 0316 705F6D70 		.ascii "p_mpool\0"
 474      6F6F6C00 
 475 031e 05       		.byte	0x5
 476 031f D3       		.byte	0xd3
 477 0320 A2030000 		.long	0x3a2
 478 0324 02       		.byte	0x2
 479 0325 23       		.byte	0x23
 480 0326 44       		.uleb128 0x44
 481 0327 00       		.byte	0
 482 0328 07       		.uleb128 0x7
 483 0329 08       		.byte	0x8
 484 032a 04       		.byte	0x4
 485 032b 5A       		.byte	0x5a
 486 032c 50030000 		.long	0x350
 487 0330 05       		.uleb128 0x5
 488 0331 1E000000 		.secrel32	LASF0
 489 0335 04       		.byte	0x4
 490 0336 5B       		.byte	0x5b
 491 0337 50030000 		.long	0x350
 492 033b 02       		.byte	0x2
 493 033c 23       		.byte	0x23
 494 033d 00       		.uleb128 0
 495 033e 06       		.uleb128 0x6
 496 033f 705F7072 		.ascii "p_prev\0"
 496      657600
 497 0346 04       		.byte	0x4
 498 0347 5D       		.byte	0x5d
 499 0348 50030000 		.long	0x350
 500 034c 02       		.byte	0x2
 501 034d 23       		.byte	0x23
 502 034e 04       		.uleb128 0x4
 503 034f 00       		.byte	0
 504 0350 08       		.uleb128 0x8
 505 0351 04       		.byte	0x4
 506 0352 A4010000 		.long	0x1a4
 507 0356 03       		.uleb128 0x3
 508 0357 54687265 		.ascii "ThreadsQueue\0"
 508      61647351 
 508      75657565 
 508      00
 509 0364 04       		.byte	0x4
 510 0365 5F       		.byte	0x5f
GAS LISTING C:\cygwin\tmp\ccgOqQGL.s 			page 12


 511 0366 28030000 		.long	0x328
 512 036a 07       		.uleb128 0x7
 513 036b 04       		.byte	0x4
 514 036c 04       		.byte	0x4
 515 036d 64       		.byte	0x64
 516 036e 81030000 		.long	0x381
 517 0372 05       		.uleb128 0x5
 518 0373 1E000000 		.secrel32	LASF0
 519 0377 04       		.byte	0x4
 520 0378 66       		.byte	0x66
 521 0379 50030000 		.long	0x350
 522 037d 02       		.byte	0x2
 523 037e 23       		.byte	0x23
 524 037f 00       		.uleb128 0
 525 0380 00       		.byte	0
 526 0381 03       		.uleb128 0x3
 527 0382 54687265 		.ascii "ThreadsList\0"
 527      6164734C 
 527      69737400 
 528 038e 04       		.byte	0x4
 529 038f 69       		.byte	0x69
 530 0390 6A030000 		.long	0x36a
 531 0394 03       		.uleb128 0x3
 532 0395 72656778 		.ascii "regx86\0"
 532      383600
 533 039c 06       		.byte	0x6
 534 039d 44       		.byte	0x44
 535 039e A2030000 		.long	0x3a2
 536 03a2 09       		.uleb128 0x9
 537 03a3 04       		.byte	0x4
 538 03a4 04       		.uleb128 0x4
 539 03a5 696E7463 		.ascii "intctx\0"
 539      747800
 540 03ac 14       		.byte	0x14
 541 03ad 06       		.byte	0x6
 542 03ae 52       		.byte	0x52
 543 03af FA030000 		.long	0x3fa
 544 03b3 06       		.uleb128 0x6
 545 03b4 65627800 		.ascii "ebx\0"
 546 03b8 06       		.byte	0x6
 547 03b9 53       		.byte	0x53
 548 03ba 94030000 		.long	0x394
 549 03be 02       		.byte	0x2
 550 03bf 23       		.byte	0x23
 551 03c0 00       		.uleb128 0
 552 03c1 06       		.uleb128 0x6
 553 03c2 65646900 		.ascii "edi\0"
 554 03c6 06       		.byte	0x6
 555 03c7 54       		.byte	0x54
 556 03c8 94030000 		.long	0x394
 557 03cc 02       		.byte	0x2
 558 03cd 23       		.byte	0x23
 559 03ce 04       		.uleb128 0x4
 560 03cf 06       		.uleb128 0x6
 561 03d0 65736900 		.ascii "esi\0"
 562 03d4 06       		.byte	0x6
 563 03d5 55       		.byte	0x55
GAS LISTING C:\cygwin\tmp\ccgOqQGL.s 			page 13


 564 03d6 94030000 		.long	0x394
 565 03da 02       		.byte	0x2
 566 03db 23       		.byte	0x23
 567 03dc 08       		.uleb128 0x8
 568 03dd 06       		.uleb128 0x6
 569 03de 65627000 		.ascii "ebp\0"
 570 03e2 06       		.byte	0x6
 571 03e3 56       		.byte	0x56
 572 03e4 94030000 		.long	0x394
 573 03e8 02       		.byte	0x2
 574 03e9 23       		.byte	0x23
 575 03ea 0C       		.uleb128 0xc
 576 03eb 06       		.uleb128 0x6
 577 03ec 65697000 		.ascii "eip\0"
 578 03f0 06       		.byte	0x6
 579 03f1 57       		.byte	0x57
 580 03f2 94030000 		.long	0x394
 581 03f6 02       		.byte	0x2
 582 03f7 23       		.byte	0x23
 583 03f8 10       		.uleb128 0x10
 584 03f9 00       		.byte	0
 585 03fa 04       		.uleb128 0x4
 586 03fb 636F6E74 		.ascii "context\0"
 586      65787400 
 587 0403 04       		.byte	0x4
 588 0404 06       		.byte	0x6
 589 0405 5F       		.byte	0x5f
 590 0406 19040000 		.long	0x419
 591 040a 06       		.uleb128 0x6
 592 040b 65737000 		.ascii "esp\0"
 593 040f 06       		.byte	0x6
 594 0410 60       		.byte	0x60
 595 0411 19040000 		.long	0x419
 596 0415 02       		.byte	0x2
 597 0416 23       		.byte	0x23
 598 0417 00       		.uleb128 0
 599 0418 00       		.byte	0
 600 0419 08       		.uleb128 0x8
 601 041a 04       		.byte	0x4
 602 041b 1F040000 		.long	0x41f
 603 041f 0A       		.uleb128 0xa
 604 0420 A4030000 		.long	0x3a4
 605 0424 03       		.uleb128 0x3
 606 0425 76746675 		.ascii "vtfunc_t\0"
 606      6E635F74 
 606      00
 607 042e 07       		.byte	0x7
 608 042f 4E       		.byte	0x4e
 609 0430 34040000 		.long	0x434
 610 0434 08       		.uleb128 0x8
 611 0435 04       		.byte	0x4
 612 0436 3A040000 		.long	0x43a
 613 043a 0B       		.uleb128 0xb
 614 043b 01       		.byte	0x1
 615 043c 46040000 		.long	0x446
 616 0440 0C       		.uleb128 0xc
 617 0441 A2030000 		.long	0x3a2
GAS LISTING C:\cygwin\tmp\ccgOqQGL.s 			page 14


 618 0445 00       		.byte	0
 619 0446 0D       		.uleb128 0xd
 620 0447 11000000 		.secrel32	LASF1
 621 044b 07       		.byte	0x7
 622 044c 53       		.byte	0x53
 623 044d 51040000 		.long	0x451
 624 0451 0E       		.uleb128 0xe
 625 0452 11000000 		.secrel32	LASF1
 626 0456 14       		.byte	0x14
 627 0457 07       		.byte	0x7
 628 0458 5A       		.byte	0x5a
 629 0459 B7040000 		.long	0x4b7
 630 045d 06       		.uleb128 0x6
 631 045e 76745F6E 		.ascii "vt_next\0"
 631      65787400 
 632 0466 07       		.byte	0x7
 633 0467 5B       		.byte	0x5b
 634 0468 B7040000 		.long	0x4b7
 635 046c 02       		.byte	0x2
 636 046d 23       		.byte	0x23
 637 046e 00       		.uleb128 0
 638 046f 06       		.uleb128 0x6
 639 0470 76745F70 		.ascii "vt_prev\0"
 639      72657600 
 640 0478 07       		.byte	0x7
 641 0479 5D       		.byte	0x5d
 642 047a B7040000 		.long	0x4b7
 643 047e 02       		.byte	0x2
 644 047f 23       		.byte	0x23
 645 0480 04       		.uleb128 0x4
 646 0481 06       		.uleb128 0x6
 647 0482 76745F74 		.ascii "vt_time\0"
 647      696D6500 
 648 048a 07       		.byte	0x7
 649 048b 5F       		.byte	0x5f
 650 048c 93010000 		.long	0x193
 651 0490 02       		.byte	0x2
 652 0491 23       		.byte	0x23
 653 0492 08       		.uleb128 0x8
 654 0493 06       		.uleb128 0x6
 655 0494 76745F66 		.ascii "vt_func\0"
 655      756E6300 
 656 049c 07       		.byte	0x7
 657 049d 60       		.byte	0x60
 658 049e 24040000 		.long	0x424
 659 04a2 02       		.byte	0x2
 660 04a3 23       		.byte	0x23
 661 04a4 0C       		.uleb128 0xc
 662 04a5 06       		.uleb128 0x6
 663 04a6 76745F70 		.ascii "vt_par\0"
 663      617200
 664 04ad 07       		.byte	0x7
 665 04ae 62       		.byte	0x62
 666 04af A2030000 		.long	0x3a2
 667 04b3 02       		.byte	0x2
 668 04b4 23       		.byte	0x23
 669 04b5 10       		.uleb128 0x10
GAS LISTING C:\cygwin\tmp\ccgOqQGL.s 			page 15


 670 04b6 00       		.byte	0
 671 04b7 08       		.uleb128 0x8
 672 04b8 04       		.byte	0x4
 673 04b9 46040000 		.long	0x446
 674 04bd 07       		.uleb128 0x7
 675 04be 10       		.byte	0x10
 676 04bf 07       		.byte	0x7
 677 04c0 6C       		.byte	0x6c
 678 04c1 11050000 		.long	0x511
 679 04c5 06       		.uleb128 0x6
 680 04c6 76745F6E 		.ascii "vt_next\0"
 680      65787400 
 681 04ce 07       		.byte	0x7
 682 04cf 6D       		.byte	0x6d
 683 04d0 B7040000 		.long	0x4b7
 684 04d4 02       		.byte	0x2
 685 04d5 23       		.byte	0x23
 686 04d6 00       		.uleb128 0
 687 04d7 06       		.uleb128 0x6
 688 04d8 76745F70 		.ascii "vt_prev\0"
 688      72657600 
 689 04e0 07       		.byte	0x7
 690 04e1 6F       		.byte	0x6f
 691 04e2 B7040000 		.long	0x4b7
 692 04e6 02       		.byte	0x2
 693 04e7 23       		.byte	0x23
 694 04e8 04       		.uleb128 0x4
 695 04e9 06       		.uleb128 0x6
 696 04ea 76745F74 		.ascii "vt_time\0"
 696      696D6500 
 697 04f2 07       		.byte	0x7
 698 04f3 71       		.byte	0x71
 699 04f4 93010000 		.long	0x193
 700 04f8 02       		.byte	0x2
 701 04f9 23       		.byte	0x23
 702 04fa 08       		.uleb128 0x8
 703 04fb 06       		.uleb128 0x6
 704 04fc 76745F73 		.ascii "vt_systime\0"
 704      79737469 
 704      6D6500
 705 0507 07       		.byte	0x7
 706 0508 72       		.byte	0x72
 707 0509 11050000 		.long	0x511
 708 050d 02       		.byte	0x2
 709 050e 23       		.byte	0x23
 710 050f 0C       		.uleb128 0xc
 711 0510 00       		.byte	0
 712 0511 0A       		.uleb128 0xa
 713 0512 93010000 		.long	0x193
 714 0516 03       		.uleb128 0x3
 715 0517 56544C69 		.ascii "VTList\0"
 715      737400
 716 051e 07       		.byte	0x7
 717 051f 73       		.byte	0x73
 718 0520 BD040000 		.long	0x4bd
 719 0524 07       		.uleb128 0x7
 720 0525 1C       		.byte	0x1c
GAS LISTING C:\cygwin\tmp\ccgOqQGL.s 			page 16


 721 0526 08       		.byte	0x8
 722 0527 57       		.byte	0x57
 723 0528 98050000 		.long	0x598
 724 052c 06       		.uleb128 0x6
 725 052d 725F7175 		.ascii "r_queue\0"
 725      65756500 
 726 0535 08       		.byte	0x8
 727 0536 58       		.byte	0x58
 728 0537 56030000 		.long	0x356
 729 053b 02       		.byte	0x2
 730 053c 23       		.byte	0x23
 731 053d 00       		.uleb128 0
 732 053e 06       		.uleb128 0x6
 733 053f 725F7072 		.ascii "r_prio\0"
 733      696F00
 734 0546 08       		.byte	0x8
 735 0547 59       		.byte	0x59
 736 0548 64010000 		.long	0x164
 737 054c 02       		.byte	0x2
 738 054d 23       		.byte	0x23
 739 054e 08       		.uleb128 0x8
 740 054f 06       		.uleb128 0x6
 741 0550 725F6374 		.ascii "r_ctx\0"
 741      7800
 742 0556 08       		.byte	0x8
 743 0557 5B       		.byte	0x5b
 744 0558 FA030000 		.long	0x3fa
 745 055c 02       		.byte	0x2
 746 055d 23       		.byte	0x23
 747 055e 0C       		.uleb128 0xc
 748 055f 06       		.uleb128 0x6
 749 0560 725F6E65 		.ascii "r_newer\0"
 749      77657200 
 750 0568 08       		.byte	0x8
 751 0569 5E       		.byte	0x5e
 752 056a 50030000 		.long	0x350
 753 056e 02       		.byte	0x2
 754 056f 23       		.byte	0x23
 755 0570 10       		.uleb128 0x10
 756 0571 06       		.uleb128 0x6
 757 0572 725F6F6C 		.ascii "r_older\0"
 757      64657200 
 758 057a 08       		.byte	0x8
 759 057b 5F       		.byte	0x5f
 760 057c 50030000 		.long	0x350
 761 0580 02       		.byte	0x2
 762 0581 23       		.byte	0x23
 763 0582 14       		.uleb128 0x14
 764 0583 06       		.uleb128 0x6
 765 0584 725F6375 		.ascii "r_current\0"
 765      7272656E 
 765      7400
 766 058e 08       		.byte	0x8
 767 058f 62       		.byte	0x62
 768 0590 50030000 		.long	0x350
 769 0594 02       		.byte	0x2
 770 0595 23       		.byte	0x23
GAS LISTING C:\cygwin\tmp\ccgOqQGL.s 			page 17


 771 0596 18       		.uleb128 0x18
 772 0597 00       		.byte	0
 773 0598 03       		.uleb128 0x3
 774 0599 52656164 		.ascii "ReadyList\0"
 774      794C6973 
 774      7400
 775 05a3 08       		.byte	0x8
 776 05a4 64       		.byte	0x64
 777 05a5 24050000 		.long	0x524
 778 05a9 04       		.uleb128 0x4
 779 05aa 4D757465 		.ascii "Mutex\0"
 779      7800
 780 05b0 10       		.byte	0x10
 781 05b1 09       		.byte	0x9
 782 05b2 25       		.byte	0x25
 783 05b3 ED050000 		.long	0x5ed
 784 05b7 06       		.uleb128 0x6
 785 05b8 6D5F7175 		.ascii "m_queue\0"
 785      65756500 
 786 05c0 09       		.byte	0x9
 787 05c1 26       		.byte	0x26
 788 05c2 56030000 		.long	0x356
 789 05c6 02       		.byte	0x2
 790 05c7 23       		.byte	0x23
 791 05c8 00       		.uleb128 0
 792 05c9 06       		.uleb128 0x6
 793 05ca 6D5F6F77 		.ascii "m_owner\0"
 793      6E657200 
 794 05d2 09       		.byte	0x9
 795 05d3 28       		.byte	0x28
 796 05d4 50030000 		.long	0x350
 797 05d8 02       		.byte	0x2
 798 05d9 23       		.byte	0x23
 799 05da 08       		.uleb128 0x8
 800 05db 06       		.uleb128 0x6
 801 05dc 6D5F6E65 		.ascii "m_next\0"
 801      787400
 802 05e3 09       		.byte	0x9
 803 05e4 2A       		.byte	0x2a
 804 05e5 ED050000 		.long	0x5ed
 805 05e9 02       		.byte	0x2
 806 05ea 23       		.byte	0x23
 807 05eb 0C       		.uleb128 0xc
 808 05ec 00       		.byte	0
 809 05ed 08       		.uleb128 0x8
 810 05ee 04       		.byte	0x4
 811 05ef A9050000 		.long	0x5a9
 812 05f3 03       		.uleb128 0x3
 813 05f4 4D757465 		.ascii "Mutex\0"
 813      7800
 814 05fa 09       		.byte	0x9
 815 05fb 2C       		.byte	0x2c
 816 05fc A9050000 		.long	0x5a9
 817 0600 0F       		.uleb128 0xf
 818 0601 04       		.byte	0x4
 819 0602 05       		.byte	0x5
 820 0603 8F       		.byte	0x8f
GAS LISTING C:\cygwin\tmp\ccgOqQGL.s 			page 18


 821 0604 43060000 		.long	0x643
 822 0608 10       		.uleb128 0x10
 823 0609 7264796D 		.ascii "rdymsg\0"
 823      736700
 824 0610 05       		.byte	0x5
 825 0611 96       		.byte	0x96
 826 0612 73010000 		.long	0x173
 827 0616 10       		.uleb128 0x10
 828 0617 65786974 		.ascii "exitcode\0"
 828      636F6465 
 828      00
 829 0620 05       		.byte	0x5
 830 0621 9D       		.byte	0x9d
 831 0622 73010000 		.long	0x173
 832 0626 10       		.uleb128 0x10
 833 0627 77746F62 		.ascii "wtobjp\0"
 833      6A7000
 834 062e 05       		.byte	0x5
 835 062f A4       		.byte	0xa4
 836 0630 A2030000 		.long	0x3a2
 837 0634 10       		.uleb128 0x10
 838 0635 65776D61 		.ascii "ewmask\0"
 838      736B00
 839 063c 05       		.byte	0x5
 840 063d AB       		.byte	0xab
 841 063e 80010000 		.long	0x180
 842 0642 00       		.byte	0
 843 0643 08       		.uleb128 0x8
 844 0644 04       		.byte	0x4
 845 0645 49060000 		.long	0x649
 846 0649 11       		.uleb128 0x11
 847 064a 4E060000 		.long	0x64e
 848 064e 02       		.uleb128 0x2
 849 064f 01       		.byte	0x1
 850 0650 06       		.byte	0x6
 851 0651 63686172 		.ascii "char\0"
 851      00
 852 0656 08       		.uleb128 0x8
 853 0657 04       		.byte	0x4
 854 0658 F3050000 		.long	0x5f3
 855 065c 07       		.uleb128 0x7
 856 065d 10       		.byte	0x10
 857 065e 0A       		.byte	0xa
 858 065f 6A       		.byte	0x6a
 859 0660 AE060000 		.long	0x6ae
 860 0664 06       		.uleb128 0x6
 861 0665 73655F74 		.ascii "se_time\0"
 861      696D6500 
 862 066d 0A       		.byte	0xa
 863 066e 6B       		.byte	0x6b
 864 066f 93010000 		.long	0x193
 865 0673 02       		.byte	0x2
 866 0674 23       		.byte	0x23
 867 0675 00       		.uleb128 0
 868 0676 06       		.uleb128 0x6
 869 0677 73655F74 		.ascii "se_tp\0"
 869      7000
GAS LISTING C:\cygwin\tmp\ccgOqQGL.s 			page 19


 870 067d 0A       		.byte	0xa
 871 067e 6C       		.byte	0x6c
 872 067f 50030000 		.long	0x350
 873 0683 02       		.byte	0x2
 874 0684 23       		.byte	0x23
 875 0685 04       		.uleb128 0x4
 876 0686 06       		.uleb128 0x6
 877 0687 73655F77 		.ascii "se_wtobjp\0"
 877      746F626A 
 877      7000
 878 0691 0A       		.byte	0xa
 879 0692 6D       		.byte	0x6d
 880 0693 A2030000 		.long	0x3a2
 881 0697 02       		.byte	0x2
 882 0698 23       		.byte	0x23
 883 0699 08       		.uleb128 0x8
 884 069a 06       		.uleb128 0x6
 885 069b 73655F73 		.ascii "se_state\0"
 885      74617465 
 885      00
 886 06a4 0A       		.byte	0xa
 887 06a5 6E       		.byte	0x6e
 888 06a6 A5000000 		.long	0xa5
 889 06aa 02       		.byte	0x2
 890 06ab 23       		.byte	0x23
 891 06ac 0C       		.uleb128 0xc
 892 06ad 00       		.byte	0
 893 06ae 03       		.uleb128 0x3
 894 06af 63685F73 		.ascii "ch_swc_event_t\0"
 894      77635F65 
 894      76656E74 
 894      5F7400
 895 06be 0A       		.byte	0xa
 896 06bf 6F       		.byte	0x6f
 897 06c0 5C060000 		.long	0x65c
 898 06c4 12       		.uleb128 0x12
 899 06c5 0804     		.word	0x408
 900 06c7 0A       		.byte	0xa
 901 06c8 74       		.byte	0x74
 902 06c9 05070000 		.long	0x705
 903 06cd 06       		.uleb128 0x6
 904 06ce 74625F73 		.ascii "tb_size\0"
 904      697A6500 
 905 06d6 0A       		.byte	0xa
 906 06d7 75       		.byte	0x75
 907 06d8 70000000 		.long	0x70
 908 06dc 02       		.byte	0x2
 909 06dd 23       		.byte	0x23
 910 06de 00       		.uleb128 0
 911 06df 06       		.uleb128 0x6
 912 06e0 74625F70 		.ascii "tb_ptr\0"
 912      747200
 913 06e7 0A       		.byte	0xa
 914 06e8 76       		.byte	0x76
 915 06e9 05070000 		.long	0x705
 916 06ed 02       		.byte	0x2
 917 06ee 23       		.byte	0x23
GAS LISTING C:\cygwin\tmp\ccgOqQGL.s 			page 20


 918 06ef 04       		.uleb128 0x4
 919 06f0 06       		.uleb128 0x6
 920 06f1 74625F62 		.ascii "tb_buffer\0"
 920      75666665 
 920      7200
 921 06fb 0A       		.byte	0xa
 922 06fc 78       		.byte	0x78
 923 06fd 0B070000 		.long	0x70b
 924 0701 02       		.byte	0x2
 925 0702 23       		.byte	0x23
 926 0703 08       		.uleb128 0x8
 927 0704 00       		.byte	0
 928 0705 08       		.uleb128 0x8
 929 0706 04       		.byte	0x4
 930 0707 AE060000 		.long	0x6ae
 931 070b 13       		.uleb128 0x13
 932 070c AE060000 		.long	0x6ae
 933 0710 1B070000 		.long	0x71b
 934 0714 14       		.uleb128 0x14
 935 0715 70000000 		.long	0x70
 936 0719 3F       		.byte	0x3f
 937 071a 00       		.byte	0
 938 071b 03       		.uleb128 0x3
 939 071c 63685F74 		.ascii "ch_trace_buffer_t\0"
 939      72616365 
 939      5F627566 
 939      6665725F 
 939      7400
 940 072e 0A       		.byte	0xa
 941 072f 79       		.byte	0x79
 942 0730 C4060000 		.long	0x6c4
 943 0734 15       		.uleb128 0x15
 944 0735 01       		.byte	0x1
 945 0736 5F747261 		.ascii "_trace_init\0"
 945      63655F69 
 945      6E697400 
 946 0742 01       		.byte	0x1
 947 0743 DE       		.byte	0xde
 948 0744 01       		.byte	0x1
 949 0745 00000000 		.long	LFB0
 950 0749 37000000 		.long	LFE0
 951 074d 00000000 		.secrel32	LLST0
 952 0751 16       		.uleb128 0x16
 953 0752 01       		.byte	0x1
 954 0753 6462675F 		.ascii "dbg_trace\0"
 954      74726163 
 954      6500
 955 075d 01       		.byte	0x1
 956 075e EB       		.byte	0xeb
 957 075f 01       		.byte	0x1
 958 0760 37000000 		.long	LFB1
 959 0764 D2000000 		.long	LFE1
 960 0768 2C000000 		.secrel32	LLST1
 961 076c 7F070000 		.long	0x77f
 962 0770 17       		.uleb128 0x17
 963 0771 6F747000 		.ascii "otp\0"
 964 0775 01       		.byte	0x1
GAS LISTING C:\cygwin\tmp\ccgOqQGL.s 			page 21


 965 0776 EB       		.byte	0xeb
 966 0777 50030000 		.long	0x350
 967 077b 02       		.byte	0x2
 968 077c 91       		.byte	0x91
 969 077d 00       		.sleb128 0
 970 077e 00       		.byte	0
 971 077f 18       		.uleb128 0x18
 972 0780 5F474C4F 		.ascii "_GLOBAL__sub_I_65535_0__trace_init\0"
 972      42414C5F 
 972      5F737562 
 972      5F495F36 
 972      35353335 
 973 07a3 01       		.byte	0x1
 974 07a4 01       		.byte	0x1
 975 07a5 D2000000 		.long	LFB2
 976 07a9 E5000000 		.long	LFE2
 977 07ad 58000000 		.secrel32	LLST2
 978 07b1 19       		.uleb128 0x19
 979 07b2 76746C69 		.ascii "vtlist\0"
 979      737400
 980 07b9 07       		.byte	0x7
 981 07ba D1       		.byte	0xd1
 982 07bb 16050000 		.long	0x516
 983 07bf 01       		.byte	0x1
 984 07c0 01       		.byte	0x1
 985 07c1 19       		.uleb128 0x19
 986 07c2 726C6973 		.ascii "rlist\0"
 986      7400
 987 07c8 08       		.byte	0x8
 988 07c9 68       		.byte	0x68
 989 07ca 98050000 		.long	0x598
 990 07ce 01       		.byte	0x1
 991 07cf 01       		.byte	0x1
 992 07d0 1A       		.uleb128 0x1a
 993 07d1 00000000 		.secrel32	LASF2
 994 07d5 0A       		.byte	0xa
 995 07d6 7C       		.byte	0x7c
 996 07d7 1B070000 		.long	0x71b
 997 07db 01       		.byte	0x1
 998 07dc 01       		.byte	0x1
 999 07dd 19       		.uleb128 0x19
 1000 07de 76746C69 		.ascii "vtlist\0"
 1000      737400
 1001 07e5 07       		.byte	0x7
 1002 07e6 D1       		.byte	0xd1
 1003 07e7 16050000 		.long	0x516
 1004 07eb 01       		.byte	0x1
 1005 07ec 01       		.byte	0x1
 1006 07ed 19       		.uleb128 0x19
 1007 07ee 726C6973 		.ascii "rlist\0"
 1007      7400
 1008 07f4 08       		.byte	0x8
 1009 07f5 68       		.byte	0x68
 1010 07f6 98050000 		.long	0x598
 1011 07fa 01       		.byte	0x1
 1012 07fb 01       		.byte	0x1
 1013 07fc 1B       		.uleb128 0x1b
GAS LISTING C:\cygwin\tmp\ccgOqQGL.s 			page 22


 1014 07fd 00000000 		.secrel32	LASF2
 1015 0801 01       		.byte	0x1
 1016 0802 D8       		.byte	0xd8
 1017 0803 1B070000 		.long	0x71b
 1018 0807 01       		.byte	0x1
 1019 0808 05       		.byte	0x5
 1020 0809 03       		.byte	0x3
 1021 080a 00000000 		.long	_dbg_trace_buffer
 1022 080e 00       		.byte	0
 1023              		.section	.debug_abbrev,"dr"
 1024              	Ldebug_abbrev0:
 1025 0000 01       		.uleb128 0x1
 1026 0001 11       		.uleb128 0x11
 1027 0002 01       		.byte	0x1
 1028 0003 25       		.uleb128 0x25
 1029 0004 08       		.uleb128 0x8
 1030 0005 13       		.uleb128 0x13
 1031 0006 0B       		.uleb128 0xb
 1032 0007 03       		.uleb128 0x3
 1033 0008 08       		.uleb128 0x8
 1034 0009 1B       		.uleb128 0x1b
 1035 000a 08       		.uleb128 0x8
 1036 000b 11       		.uleb128 0x11
 1037 000c 01       		.uleb128 0x1
 1038 000d 12       		.uleb128 0x12
 1039 000e 01       		.uleb128 0x1
 1040 000f 10       		.uleb128 0x10
 1041 0010 06       		.uleb128 0x6
 1042 0011 00       		.byte	0
 1043 0012 00       		.byte	0
 1044 0013 02       		.uleb128 0x2
 1045 0014 24       		.uleb128 0x24
 1046 0015 00       		.byte	0
 1047 0016 0B       		.uleb128 0xb
 1048 0017 0B       		.uleb128 0xb
 1049 0018 3E       		.uleb128 0x3e
 1050 0019 0B       		.uleb128 0xb
 1051 001a 03       		.uleb128 0x3
 1052 001b 08       		.uleb128 0x8
 1053 001c 00       		.byte	0
 1054 001d 00       		.byte	0
 1055 001e 03       		.uleb128 0x3
 1056 001f 16       		.uleb128 0x16
 1057 0020 00       		.byte	0
 1058 0021 03       		.uleb128 0x3
 1059 0022 08       		.uleb128 0x8
 1060 0023 3A       		.uleb128 0x3a
 1061 0024 0B       		.uleb128 0xb
 1062 0025 3B       		.uleb128 0x3b
 1063 0026 0B       		.uleb128 0xb
 1064 0027 49       		.uleb128 0x49
 1065 0028 13       		.uleb128 0x13
 1066 0029 00       		.byte	0
 1067 002a 00       		.byte	0
 1068 002b 04       		.uleb128 0x4
 1069 002c 13       		.uleb128 0x13
 1070 002d 01       		.byte	0x1
GAS LISTING C:\cygwin\tmp\ccgOqQGL.s 			page 23


 1071 002e 03       		.uleb128 0x3
 1072 002f 08       		.uleb128 0x8
 1073 0030 0B       		.uleb128 0xb
 1074 0031 0B       		.uleb128 0xb
 1075 0032 3A       		.uleb128 0x3a
 1076 0033 0B       		.uleb128 0xb
 1077 0034 3B       		.uleb128 0x3b
 1078 0035 0B       		.uleb128 0xb
 1079 0036 01       		.uleb128 0x1
 1080 0037 13       		.uleb128 0x13
 1081 0038 00       		.byte	0
 1082 0039 00       		.byte	0
 1083 003a 05       		.uleb128 0x5
 1084 003b 0D       		.uleb128 0xd
 1085 003c 00       		.byte	0
 1086 003d 03       		.uleb128 0x3
 1087 003e 0E       		.uleb128 0xe
 1088 003f 3A       		.uleb128 0x3a
 1089 0040 0B       		.uleb128 0xb
 1090 0041 3B       		.uleb128 0x3b
 1091 0042 0B       		.uleb128 0xb
 1092 0043 49       		.uleb128 0x49
 1093 0044 13       		.uleb128 0x13
 1094 0045 38       		.uleb128 0x38
 1095 0046 0A       		.uleb128 0xa
 1096 0047 00       		.byte	0
 1097 0048 00       		.byte	0
 1098 0049 06       		.uleb128 0x6
 1099 004a 0D       		.uleb128 0xd
 1100 004b 00       		.byte	0
 1101 004c 03       		.uleb128 0x3
 1102 004d 08       		.uleb128 0x8
 1103 004e 3A       		.uleb128 0x3a
 1104 004f 0B       		.uleb128 0xb
 1105 0050 3B       		.uleb128 0x3b
 1106 0051 0B       		.uleb128 0xb
 1107 0052 49       		.uleb128 0x49
 1108 0053 13       		.uleb128 0x13
 1109 0054 38       		.uleb128 0x38
 1110 0055 0A       		.uleb128 0xa
 1111 0056 00       		.byte	0
 1112 0057 00       		.byte	0
 1113 0058 07       		.uleb128 0x7
 1114 0059 13       		.uleb128 0x13
 1115 005a 01       		.byte	0x1
 1116 005b 0B       		.uleb128 0xb
 1117 005c 0B       		.uleb128 0xb
 1118 005d 3A       		.uleb128 0x3a
 1119 005e 0B       		.uleb128 0xb
 1120 005f 3B       		.uleb128 0x3b
 1121 0060 0B       		.uleb128 0xb
 1122 0061 01       		.uleb128 0x1
 1123 0062 13       		.uleb128 0x13
 1124 0063 00       		.byte	0
 1125 0064 00       		.byte	0
 1126 0065 08       		.uleb128 0x8
 1127 0066 0F       		.uleb128 0xf
GAS LISTING C:\cygwin\tmp\ccgOqQGL.s 			page 24


 1128 0067 00       		.byte	0
 1129 0068 0B       		.uleb128 0xb
 1130 0069 0B       		.uleb128 0xb
 1131 006a 49       		.uleb128 0x49
 1132 006b 13       		.uleb128 0x13
 1133 006c 00       		.byte	0
 1134 006d 00       		.byte	0
 1135 006e 09       		.uleb128 0x9
 1136 006f 0F       		.uleb128 0xf
 1137 0070 00       		.byte	0
 1138 0071 0B       		.uleb128 0xb
 1139 0072 0B       		.uleb128 0xb
 1140 0073 00       		.byte	0
 1141 0074 00       		.byte	0
 1142 0075 0A       		.uleb128 0xa
 1143 0076 35       		.uleb128 0x35
 1144 0077 00       		.byte	0
 1145 0078 49       		.uleb128 0x49
 1146 0079 13       		.uleb128 0x13
 1147 007a 00       		.byte	0
 1148 007b 00       		.byte	0
 1149 007c 0B       		.uleb128 0xb
 1150 007d 15       		.uleb128 0x15
 1151 007e 01       		.byte	0x1
 1152 007f 27       		.uleb128 0x27
 1153 0080 0C       		.uleb128 0xc
 1154 0081 01       		.uleb128 0x1
 1155 0082 13       		.uleb128 0x13
 1156 0083 00       		.byte	0
 1157 0084 00       		.byte	0
 1158 0085 0C       		.uleb128 0xc
 1159 0086 05       		.uleb128 0x5
 1160 0087 00       		.byte	0
 1161 0088 49       		.uleb128 0x49
 1162 0089 13       		.uleb128 0x13
 1163 008a 00       		.byte	0
 1164 008b 00       		.byte	0
 1165 008c 0D       		.uleb128 0xd
 1166 008d 16       		.uleb128 0x16
 1167 008e 00       		.byte	0
 1168 008f 03       		.uleb128 0x3
 1169 0090 0E       		.uleb128 0xe
 1170 0091 3A       		.uleb128 0x3a
 1171 0092 0B       		.uleb128 0xb
 1172 0093 3B       		.uleb128 0x3b
 1173 0094 0B       		.uleb128 0xb
 1174 0095 49       		.uleb128 0x49
 1175 0096 13       		.uleb128 0x13
 1176 0097 00       		.byte	0
 1177 0098 00       		.byte	0
 1178 0099 0E       		.uleb128 0xe
 1179 009a 13       		.uleb128 0x13
 1180 009b 01       		.byte	0x1
 1181 009c 03       		.uleb128 0x3
 1182 009d 0E       		.uleb128 0xe
 1183 009e 0B       		.uleb128 0xb
 1184 009f 0B       		.uleb128 0xb
GAS LISTING C:\cygwin\tmp\ccgOqQGL.s 			page 25


 1185 00a0 3A       		.uleb128 0x3a
 1186 00a1 0B       		.uleb128 0xb
 1187 00a2 3B       		.uleb128 0x3b
 1188 00a3 0B       		.uleb128 0xb
 1189 00a4 01       		.uleb128 0x1
 1190 00a5 13       		.uleb128 0x13
 1191 00a6 00       		.byte	0
 1192 00a7 00       		.byte	0
 1193 00a8 0F       		.uleb128 0xf
 1194 00a9 17       		.uleb128 0x17
 1195 00aa 01       		.byte	0x1
 1196 00ab 0B       		.uleb128 0xb
 1197 00ac 0B       		.uleb128 0xb
 1198 00ad 3A       		.uleb128 0x3a
 1199 00ae 0B       		.uleb128 0xb
 1200 00af 3B       		.uleb128 0x3b
 1201 00b0 0B       		.uleb128 0xb
 1202 00b1 01       		.uleb128 0x1
 1203 00b2 13       		.uleb128 0x13
 1204 00b3 00       		.byte	0
 1205 00b4 00       		.byte	0
 1206 00b5 10       		.uleb128 0x10
 1207 00b6 0D       		.uleb128 0xd
 1208 00b7 00       		.byte	0
 1209 00b8 03       		.uleb128 0x3
 1210 00b9 08       		.uleb128 0x8
 1211 00ba 3A       		.uleb128 0x3a
 1212 00bb 0B       		.uleb128 0xb
 1213 00bc 3B       		.uleb128 0x3b
 1214 00bd 0B       		.uleb128 0xb
 1215 00be 49       		.uleb128 0x49
 1216 00bf 13       		.uleb128 0x13
 1217 00c0 00       		.byte	0
 1218 00c1 00       		.byte	0
 1219 00c2 11       		.uleb128 0x11
 1220 00c3 26       		.uleb128 0x26
 1221 00c4 00       		.byte	0
 1222 00c5 49       		.uleb128 0x49
 1223 00c6 13       		.uleb128 0x13
 1224 00c7 00       		.byte	0
 1225 00c8 00       		.byte	0
 1226 00c9 12       		.uleb128 0x12
 1227 00ca 13       		.uleb128 0x13
 1228 00cb 01       		.byte	0x1
 1229 00cc 0B       		.uleb128 0xb
 1230 00cd 05       		.uleb128 0x5
 1231 00ce 3A       		.uleb128 0x3a
 1232 00cf 0B       		.uleb128 0xb
 1233 00d0 3B       		.uleb128 0x3b
 1234 00d1 0B       		.uleb128 0xb
 1235 00d2 01       		.uleb128 0x1
 1236 00d3 13       		.uleb128 0x13
 1237 00d4 00       		.byte	0
 1238 00d5 00       		.byte	0
 1239 00d6 13       		.uleb128 0x13
 1240 00d7 01       		.uleb128 0x1
 1241 00d8 01       		.byte	0x1
GAS LISTING C:\cygwin\tmp\ccgOqQGL.s 			page 26


 1242 00d9 49       		.uleb128 0x49
 1243 00da 13       		.uleb128 0x13
 1244 00db 01       		.uleb128 0x1
 1245 00dc 13       		.uleb128 0x13
 1246 00dd 00       		.byte	0
 1247 00de 00       		.byte	0
 1248 00df 14       		.uleb128 0x14
 1249 00e0 21       		.uleb128 0x21
 1250 00e1 00       		.byte	0
 1251 00e2 49       		.uleb128 0x49
 1252 00e3 13       		.uleb128 0x13
 1253 00e4 2F       		.uleb128 0x2f
 1254 00e5 0B       		.uleb128 0xb
 1255 00e6 00       		.byte	0
 1256 00e7 00       		.byte	0
 1257 00e8 15       		.uleb128 0x15
 1258 00e9 2E       		.uleb128 0x2e
 1259 00ea 00       		.byte	0
 1260 00eb 3F       		.uleb128 0x3f
 1261 00ec 0C       		.uleb128 0xc
 1262 00ed 03       		.uleb128 0x3
 1263 00ee 08       		.uleb128 0x8
 1264 00ef 3A       		.uleb128 0x3a
 1265 00f0 0B       		.uleb128 0xb
 1266 00f1 3B       		.uleb128 0x3b
 1267 00f2 0B       		.uleb128 0xb
 1268 00f3 27       		.uleb128 0x27
 1269 00f4 0C       		.uleb128 0xc
 1270 00f5 11       		.uleb128 0x11
 1271 00f6 01       		.uleb128 0x1
 1272 00f7 12       		.uleb128 0x12
 1273 00f8 01       		.uleb128 0x1
 1274 00f9 40       		.uleb128 0x40
 1275 00fa 06       		.uleb128 0x6
 1276 00fb 00       		.byte	0
 1277 00fc 00       		.byte	0
 1278 00fd 16       		.uleb128 0x16
 1279 00fe 2E       		.uleb128 0x2e
 1280 00ff 01       		.byte	0x1
 1281 0100 3F       		.uleb128 0x3f
 1282 0101 0C       		.uleb128 0xc
 1283 0102 03       		.uleb128 0x3
 1284 0103 08       		.uleb128 0x8
 1285 0104 3A       		.uleb128 0x3a
 1286 0105 0B       		.uleb128 0xb
 1287 0106 3B       		.uleb128 0x3b
 1288 0107 0B       		.uleb128 0xb
 1289 0108 27       		.uleb128 0x27
 1290 0109 0C       		.uleb128 0xc
 1291 010a 11       		.uleb128 0x11
 1292 010b 01       		.uleb128 0x1
 1293 010c 12       		.uleb128 0x12
 1294 010d 01       		.uleb128 0x1
 1295 010e 40       		.uleb128 0x40
 1296 010f 06       		.uleb128 0x6
 1297 0110 01       		.uleb128 0x1
 1298 0111 13       		.uleb128 0x13
GAS LISTING C:\cygwin\tmp\ccgOqQGL.s 			page 27


 1299 0112 00       		.byte	0
 1300 0113 00       		.byte	0
 1301 0114 17       		.uleb128 0x17
 1302 0115 05       		.uleb128 0x5
 1303 0116 00       		.byte	0
 1304 0117 03       		.uleb128 0x3
 1305 0118 08       		.uleb128 0x8
 1306 0119 3A       		.uleb128 0x3a
 1307 011a 0B       		.uleb128 0xb
 1308 011b 3B       		.uleb128 0x3b
 1309 011c 0B       		.uleb128 0xb
 1310 011d 49       		.uleb128 0x49
 1311 011e 13       		.uleb128 0x13
 1312 011f 02       		.uleb128 0x2
 1313 0120 0A       		.uleb128 0xa
 1314 0121 00       		.byte	0
 1315 0122 00       		.byte	0
 1316 0123 18       		.uleb128 0x18
 1317 0124 2E       		.uleb128 0x2e
 1318 0125 00       		.byte	0
 1319 0126 03       		.uleb128 0x3
 1320 0127 08       		.uleb128 0x8
 1321 0128 27       		.uleb128 0x27
 1322 0129 0C       		.uleb128 0xc
 1323 012a 34       		.uleb128 0x34
 1324 012b 0C       		.uleb128 0xc
 1325 012c 11       		.uleb128 0x11
 1326 012d 01       		.uleb128 0x1
 1327 012e 12       		.uleb128 0x12
 1328 012f 01       		.uleb128 0x1
 1329 0130 40       		.uleb128 0x40
 1330 0131 06       		.uleb128 0x6
 1331 0132 00       		.byte	0
 1332 0133 00       		.byte	0
 1333 0134 19       		.uleb128 0x19
 1334 0135 34       		.uleb128 0x34
 1335 0136 00       		.byte	0
 1336 0137 03       		.uleb128 0x3
 1337 0138 08       		.uleb128 0x8
 1338 0139 3A       		.uleb128 0x3a
 1339 013a 0B       		.uleb128 0xb
 1340 013b 3B       		.uleb128 0x3b
 1341 013c 0B       		.uleb128 0xb
 1342 013d 49       		.uleb128 0x49
 1343 013e 13       		.uleb128 0x13
 1344 013f 3F       		.uleb128 0x3f
 1345 0140 0C       		.uleb128 0xc
 1346 0141 3C       		.uleb128 0x3c
 1347 0142 0C       		.uleb128 0xc
 1348 0143 00       		.byte	0
 1349 0144 00       		.byte	0
 1350 0145 1A       		.uleb128 0x1a
 1351 0146 34       		.uleb128 0x34
 1352 0147 00       		.byte	0
 1353 0148 03       		.uleb128 0x3
 1354 0149 0E       		.uleb128 0xe
 1355 014a 3A       		.uleb128 0x3a
GAS LISTING C:\cygwin\tmp\ccgOqQGL.s 			page 28


 1356 014b 0B       		.uleb128 0xb
 1357 014c 3B       		.uleb128 0x3b
 1358 014d 0B       		.uleb128 0xb
 1359 014e 49       		.uleb128 0x49
 1360 014f 13       		.uleb128 0x13
 1361 0150 3F       		.uleb128 0x3f
 1362 0151 0C       		.uleb128 0xc
 1363 0152 3C       		.uleb128 0x3c
 1364 0153 0C       		.uleb128 0xc
 1365 0154 00       		.byte	0
 1366 0155 00       		.byte	0
 1367 0156 1B       		.uleb128 0x1b
 1368 0157 34       		.uleb128 0x34
 1369 0158 00       		.byte	0
 1370 0159 03       		.uleb128 0x3
 1371 015a 0E       		.uleb128 0xe
 1372 015b 3A       		.uleb128 0x3a
 1373 015c 0B       		.uleb128 0xb
 1374 015d 3B       		.uleb128 0x3b
 1375 015e 0B       		.uleb128 0xb
 1376 015f 49       		.uleb128 0x49
 1377 0160 13       		.uleb128 0x13
 1378 0161 3F       		.uleb128 0x3f
 1379 0162 0C       		.uleb128 0xc
 1380 0163 02       		.uleb128 0x2
 1381 0164 0A       		.uleb128 0xa
 1382 0165 00       		.byte	0
 1383 0166 00       		.byte	0
 1384 0167 00       		.byte	0
 1385              		.section	.debug_loc,"dr"
 1386              	Ldebug_loc0:
 1387              	LLST0:
 1388 0000 00000000 		.long	LFB0-Ltext0
 1389 0004 03000000 		.long	LCFI0-Ltext0
 1390 0008 0200     		.word	0x2
 1391 000a 74       		.byte	0x74
 1392 000b 04       		.sleb128 4
 1393 000c 03000000 		.long	LCFI0-Ltext0
 1394 0010 36000000 		.long	LCFI1-Ltext0
 1395 0014 0200     		.word	0x2
 1396 0016 74       		.byte	0x74
 1397 0017 08       		.sleb128 8
 1398 0018 36000000 		.long	LCFI1-Ltext0
 1399 001c 37000000 		.long	LFE0-Ltext0
 1400 0020 0200     		.word	0x2
 1401 0022 74       		.byte	0x74
 1402 0023 04       		.sleb128 4
 1403 0024 00000000 		.long	0
 1404 0028 00000000 		.long	0
 1405              	LLST1:
 1406 002c 37000000 		.long	LFB1-Ltext0
 1407 0030 3A000000 		.long	LCFI2-Ltext0
 1408 0034 0200     		.word	0x2
 1409 0036 74       		.byte	0x74
 1410 0037 04       		.sleb128 4
 1411 0038 3A000000 		.long	LCFI2-Ltext0
 1412 003c D1000000 		.long	LCFI3-Ltext0
GAS LISTING C:\cygwin\tmp\ccgOqQGL.s 			page 29


 1413 0040 0200     		.word	0x2
 1414 0042 74       		.byte	0x74
 1415 0043 08       		.sleb128 8
 1416 0044 D1000000 		.long	LCFI3-Ltext0
 1417 0048 D2000000 		.long	LFE1-Ltext0
 1418 004c 0200     		.word	0x2
 1419 004e 74       		.byte	0x74
 1420 004f 04       		.sleb128 4
 1421 0050 00000000 		.long	0
 1422 0054 00000000 		.long	0
 1423              	LLST2:
 1424 0058 D2000000 		.long	LFB2-Ltext0
 1425 005c D5000000 		.long	LCFI4-Ltext0
 1426 0060 0200     		.word	0x2
 1427 0062 74       		.byte	0x74
 1428 0063 04       		.sleb128 4
 1429 0064 D5000000 		.long	LCFI4-Ltext0
 1430 0068 E4000000 		.long	LCFI5-Ltext0
 1431 006c 0200     		.word	0x2
 1432 006e 74       		.byte	0x74
 1433 006f 20       		.sleb128 32
 1434 0070 E4000000 		.long	LCFI5-Ltext0
 1435 0074 E5000000 		.long	LFE2-Ltext0
 1436 0078 0200     		.word	0x2
 1437 007a 74       		.byte	0x74
 1438 007b 04       		.sleb128 4
 1439 007c 00000000 		.long	0
 1440 0080 00000000 		.long	0
 1441              		.section	.debug_aranges,"dr"
 1442 0000 1C000000 		.long	0x1c
 1443 0004 0200     		.word	0x2
 1444 0006 00000000 		.secrel32	Ldebug_info0
 1445 000a 04       		.byte	0x4
 1446 000b 00       		.byte	0
 1447 000c 0000     		.word	0
 1448 000e 0000     		.word	0
 1449 0010 00000000 		.long	Ltext0
 1450 0014 E5000000 		.long	Letext0-Ltext0
 1451 0018 00000000 		.long	0
 1452 001c 00000000 		.long	0
 1453              		.section	.debug_line,"dr"
 1454              	Ldebug_line0:
 1455 0000 3C010000 		.section	.debug_str,"dr"
 1455      02001001 
 1455      00000101 
 1455      FB0E0D00 
 1455      01010101 
 1456              	LASF2:
 1457 0000 6462675F 		.ascii "dbg_trace_buffer\0"
 1457      74726163 
 1457      655F6275 
 1457      66666572 
 1457      00
 1458              	LASF1:
 1459 0011 56697274 		.ascii "VirtualTimer\0"
 1459      75616C54 
 1459      696D6572 
GAS LISTING C:\cygwin\tmp\ccgOqQGL.s 			page 30


 1459      00
 1460              	LASF0:
 1461 001e 705F6E65 		.ascii "p_next\0"
 1461      787400
 1462              		.def	___gcov_merge_add;	.scl	2;	.type	32;	.endef
 1463              		.def	___gcov_init;	.scl	2;	.type	32;	.endef
GAS LISTING C:\cygwin\tmp\ccgOqQGL.s 			page 31


DEFINED SYMBOLS
                            *ABS*:00000000 chdebug.c
                            *COM*:00000408 _dbg_trace_buffer
C:\cygwin\tmp\ccgOqQGL.s:46     .text:00000000 __trace_init
C:\cygwin\tmp\ccgOqQGL.s:74     .text:00000037 _dbg_trace
C:\cygwin\tmp\ccgOqQGL.s:175    .text:000000d2 __GLOBAL__sub_I_65535_0__trace_init

UNDEFINED SYMBOLS
_vtlist
_rlist
___gcov_merge_add
___gcov_init
