GAS LISTING C:\cygwin\tmp\ccevnnXt.s 			page 1


   1              		.file	"chmsg.c"
   2              	 # GNU C (GCC) version 4.6.2 (mingw32)
   3              	 #	compiled by GNU C version 4.6.2, GMP version 5.0.1, MPFR version 2.4.1, MPC version 0.8.1
   4              	 # GGC heuristics: --param ggc-min-expand=100 --param ggc-min-heapsize=131072
   5              	 # options passed:  -I . -I ../../os/ports/GCC/SIMIA32
   6              	 # -I ../../os/kernel/include -I ../../test -I ../../os/hal/include
   7              	 # -I ../../os/hal/platforms/Win32 -I ../../boards/simulator
   8              	 # -I ../../os/various -iprefix c:\mingw\bin\../lib/gcc/mingw32/4.6.2/
   9              	 # -MD ../../os/kernel/src/chmsg.d -MF .dep/chmsg.o.d -MP
  10              	 # -MQ ../../os/kernel/src/chmsg.o -D SIMULATOR ../../os/kernel/src/chmsg.c
  11              	 # -mtune=i386 -march=i386 -auxbase-strip ../../os/kernel/src/chmsg.o -ggdb
  12              	 # -O0 -Wall -Wextra -Wstrict-prototypes -fomit-frame-pointer
  13              	 # -fprofile-arcs -ftest-coverage -fverbose-asm
  14              	 # options enabled:  -fasynchronous-unwind-tables -fauto-inc-dec
  15              	 # -fbranch-count-reg -fcommon -fdelete-null-pointer-checks
  16              	 # -fdwarf2-cfi-asm -fearly-inlining -feliminate-unused-debug-types
  17              	 # -ffunction-cse -fgcse-lm -fident -finline-functions-called-once
  18              	 # -fira-share-save-slots -fira-share-spill-slots -fivopts
  19              	 # -fkeep-inline-dllexport -fkeep-static-consts -fleading-underscore
  20              	 # -fmath-errno -fmerge-debug-strings -fmove-loop-invariants
  21              	 # -fomit-frame-pointer -fpeephole -fprefetch-loop-arrays -fprofile-arcs
  22              	 # -freg-struct-return -fsched-critical-path-heuristic
  23              	 # -fsched-dep-count-heuristic -fsched-group-heuristic -fsched-interblock
  24              	 # -fsched-last-insn-heuristic -fsched-rank-heuristic -fsched-spec
  25              	 # -fsched-spec-insn-heuristic -fsched-stalled-insns-dep
  26              	 # -fset-stack-executable -fshow-column -fsigned-zeros
  27              	 # -fsplit-ivs-in-unroller -fstrict-volatile-bitfields -ftest-coverage
  28              	 # -ftrapping-math -ftree-cselim -ftree-forwprop -ftree-loop-if-convert
  29              	 # -ftree-loop-im -ftree-loop-ivcanon -ftree-loop-optimize
  30              	 # -ftree-parallelize-loops= -ftree-phiprop -ftree-pta -ftree-reassoc
  31              	 # -ftree-scev-cprop -ftree-slp-vectorize -ftree-vect-loop-version
  32              	 # -funit-at-a-time -funwind-tables -fvect-cost-model -fverbose-asm
  33              	 # -fzero-initialized-in-bss -m32 -m80387 -m96bit-long-double
  34              	 # -maccumulate-outgoing-args -malign-double -malign-stringops
  35              	 # -mfancy-math-387 -mfp-ret-in-387 -mieee-fp -mno-red-zone -mno-sse4
  36              	 # -mpush-args -msahf -mstack-arg-probe
  37              	
  38              		.text
  39              	Ltext0:
  40              	 # Compiler executable checksum: c20aed7c018482d7b62efcd5dcab2a9d
  41              	
  42              		.globl	_chMsgSend
  43              		.def	_chMsgSend;	.scl	2;	.type	32;	.endef
  44              	_chMsgSend:
  45              	LFB0:
  46              		.file 1 "../../os/kernel/src/chmsg.c"
  47              		.loc 1 68 0
  48              		.cfi_startproc
  49 0000 83EC2C   		subl	$44, %esp	 #,
  50              	LCFI0:
  51              		.cfi_def_cfa_offset 48
  52              		.loc 1 68 0
  53 0003 A1500000 		movl	LPBX1+80, %eax	 # *LPBX1, PROF_edge_counter.2
  53      00
  54 0008 8B155400 		movl	LPBX1+84, %edx	 # *LPBX1, PROF_edge_counter.2
  54      0000
  55 000e 83C001   		addl	$1, %eax	 #, PROF_edge_counter.2
GAS LISTING C:\cygwin\tmp\ccevnnXt.s 			page 2


  56 0011 83D200   		adcl	$0, %edx	 #, PROF_edge_counter.2
  57 0014 A3500000 		movl	%eax, LPBX1+80	 # PROF_edge_counter.2, *LPBX1
  57      00
  58 0019 89155400 		movl	%edx, LPBX1+84	 # PROF_edge_counter.2, *LPBX1
  58      0000
  59              		.loc 1 69 0
  60 001f A1180000 		movl	_rlist+24, %eax	 # rlist.r_current, tmp78
  60      00
  61 0024 8944241C 		movl	%eax, 28(%esp)	 # tmp78, ctp
  62              		.loc 1 73 0
  63              	/APP
  64              	 # 73 "../../os/kernel/src/chmsg.c" 1
  65 0028 90       		nop
  66              	 # 0 "" 2
  67              	/NO_APP
  68 0029 A1580000 		movl	LPBX1+88, %eax	 # *LPBX1, PROF_edge_counter.2
  68      00
  69 002e 8B155C00 		movl	LPBX1+92, %edx	 # *LPBX1, PROF_edge_counter.2
  69      0000
  70 0034 83C001   		addl	$1, %eax	 #, PROF_edge_counter.2
  71 0037 83D200   		adcl	$0, %edx	 #, PROF_edge_counter.2
  72 003a A3580000 		movl	%eax, LPBX1+88	 # PROF_edge_counter.2, *LPBX1
  72      00
  73 003f 89155C00 		movl	%edx, LPBX1+92	 # PROF_edge_counter.2, *LPBX1
  73      0000
  74              		.loc 1 74 0
  75 0045 8B44241C 		movl	28(%esp), %eax	 # ctp, tmp79
  76 0049 8B542434 		movl	52(%esp), %edx	 # msg, tmp80
  77 004d 895034   		movl	%edx, 52(%eax)	 # tmp80, ctp_1->p_msg
  78              		.loc 1 75 0
  79 0050 8B442430 		movl	48(%esp), %eax	 # tp, tmp81
  80 0054 8D502C   		leal	44(%eax), %edx	 #, D.2744
  81 0057 8B44241C 		movl	28(%esp), %eax	 # ctp, tmp82
  82 005b 895024   		movl	%edx, 36(%eax)	 # D.2744, ctp_1->p_u.wtobjp
  83              		.loc 1 76 0
  84 005e 8B442430 		movl	48(%esp), %eax	 # tp, tmp83
  85 0062 83C02C   		addl	$44, %eax	 #, D.2745
  86 0065 89442404 		movl	%eax, 4(%esp)	 # D.2745,
  87 0069 8B44241C 		movl	28(%esp), %eax	 # ctp, tmp84
  88 006d 890424   		movl	%eax, (%esp)	 # tmp84,
  89 0070 E8000000 		call	_queue_insert	 #
  89      00
  90 0075 A1600000 		movl	LPBX1+96, %eax	 # *LPBX1, PROF_edge_counter.2
  90      00
  91 007a 8B156400 		movl	LPBX1+100, %edx	 # *LPBX1, PROF_edge_counter.2
  91      0000
  92 0080 83C001   		addl	$1, %eax	 #, PROF_edge_counter.2
  93 0083 83D200   		adcl	$0, %edx	 #, PROF_edge_counter.2
  94 0086 A3600000 		movl	%eax, LPBX1+96	 # PROF_edge_counter.2, *LPBX1
  94      00
  95 008b 89156400 		movl	%edx, LPBX1+100	 # PROF_edge_counter.2, *LPBX1
  95      0000
  96              		.loc 1 77 0
  97 0091 8B442430 		movl	48(%esp), %eax	 # tp, tmp85
  98 0095 8A401C   		movb	28(%eax), %al	 # tp_3(D)->p_state, D.2746
  99 0098 3C0C     		cmpb	$12, %al	 #, D.2746
 100 009a 7544     		jne	L2	 #,
GAS LISTING C:\cygwin\tmp\ccevnnXt.s 			page 3


 101 009c A1680000 		movl	LPBX1+104, %eax	 # *LPBX1, PROF_edge_counter.2
 101      00
 102 00a1 8B156C00 		movl	LPBX1+108, %edx	 # *LPBX1, PROF_edge_counter.2
 102      0000
 103 00a7 83C001   		addl	$1, %eax	 #, PROF_edge_counter.2
 104 00aa 83D200   		adcl	$0, %edx	 #, PROF_edge_counter.2
 105 00ad A3680000 		movl	%eax, LPBX1+104	 # PROF_edge_counter.2, *LPBX1
 105      00
 106 00b2 89156C00 		movl	%edx, LPBX1+108	 # PROF_edge_counter.2, *LPBX1
 106      0000
 107              		.loc 1 78 0
 108 00b8 8B442430 		movl	48(%esp), %eax	 # tp, tmp86
 109 00bc 890424   		movl	%eax, (%esp)	 # tmp86,
 110 00bf E8000000 		call	_chSchReadyI	 #
 110      00
 111 00c4 A1700000 		movl	LPBX1+112, %eax	 # *LPBX1, PROF_edge_counter.2
 111      00
 112 00c9 8B157400 		movl	LPBX1+116, %edx	 # *LPBX1, PROF_edge_counter.2
 112      0000
 113 00cf 83C001   		addl	$1, %eax	 #, PROF_edge_counter.2
 114 00d2 83D200   		adcl	$0, %edx	 #, PROF_edge_counter.2
 115 00d5 A3700000 		movl	%eax, LPBX1+112	 # PROF_edge_counter.2, *LPBX1
 115      00
 116 00da 89157400 		movl	%edx, LPBX1+116	 # PROF_edge_counter.2, *LPBX1
 116      0000
 117              	L2:
 118              		.loc 1 79 0
 119 00e0 C704240A 		movl	$10, (%esp)	 #,
 119      000000
 120 00e7 E8000000 		call	_chSchGoSleepS	 #
 120      00
 121 00ec A1780000 		movl	LPBX1+120, %eax	 # *LPBX1, PROF_edge_counter.2
 121      00
 122 00f1 8B157C00 		movl	LPBX1+124, %edx	 # *LPBX1, PROF_edge_counter.2
 122      0000
 123 00f7 83C001   		addl	$1, %eax	 #, PROF_edge_counter.2
 124 00fa 83D200   		adcl	$0, %edx	 #, PROF_edge_counter.2
 125 00fd A3780000 		movl	%eax, LPBX1+120	 # PROF_edge_counter.2, *LPBX1
 125      00
 126 0102 89157C00 		movl	%edx, LPBX1+124	 # PROF_edge_counter.2, *LPBX1
 126      0000
 127              		.loc 1 80 0
 128 0108 8B44241C 		movl	28(%esp), %eax	 # ctp, tmp87
 129 010c 8B4024   		movl	36(%eax), %eax	 # ctp_1->p_u.rdymsg, tmp88
 130 010f 89442434 		movl	%eax, 52(%esp)	 # tmp88, msg
 131              		.loc 1 81 0
 132              	/APP
 133              	 # 81 "../../os/kernel/src/chmsg.c" 1
 134 0113 90       		nop
 135              	 # 0 "" 2
 136              	/NO_APP
 137 0114 A1800000 		movl	LPBX1+128, %eax	 # *LPBX1, PROF_edge_counter.2
 137      00
 138 0119 8B158400 		movl	LPBX1+132, %edx	 # *LPBX1, PROF_edge_counter.2
 138      0000
 139 011f 83C001   		addl	$1, %eax	 #, PROF_edge_counter.2
 140 0122 83D200   		adcl	$0, %edx	 #, PROF_edge_counter.2
GAS LISTING C:\cygwin\tmp\ccevnnXt.s 			page 4


 141 0125 A3800000 		movl	%eax, LPBX1+128	 # PROF_edge_counter.2, *LPBX1
 141      00
 142 012a 89158400 		movl	%edx, LPBX1+132	 # PROF_edge_counter.2, *LPBX1
 142      0000
 143              		.loc 1 82 0
 144 0130 8B442434 		movl	52(%esp), %eax	 # msg, D.2749
 145              		.loc 1 83 0
 146 0134 83C42C   		addl	$44, %esp	 #,
 147              	LCFI1:
 148              		.cfi_def_cfa_offset 4
 149 0137 C3       		ret
 150              		.cfi_endproc
 151              	LFE0:
 152              		.globl	_chMsgWait
 153              		.def	_chMsgWait;	.scl	2;	.type	32;	.endef
 154              	_chMsgWait:
 155              	LFB1:
 156              		.loc 1 99 0
 157              		.cfi_startproc
 158 0138 83EC2C   		subl	$44, %esp	 #,
 159              	LCFI2:
 160              		.cfi_def_cfa_offset 48
 161              		.loc 1 99 0
 162 013b A1200000 		movl	LPBX1+32, %eax	 # *LPBX1, PROF_edge_counter.1
 162      00
 163 0140 8B152400 		movl	LPBX1+36, %edx	 # *LPBX1, PROF_edge_counter.1
 163      0000
 164 0146 83C001   		addl	$1, %eax	 #, PROF_edge_counter.1
 165 0149 83D200   		adcl	$0, %edx	 #, PROF_edge_counter.1
 166 014c A3200000 		movl	%eax, LPBX1+32	 # PROF_edge_counter.1, *LPBX1
 166      00
 167 0151 89152400 		movl	%edx, LPBX1+36	 # PROF_edge_counter.1, *LPBX1
 167      0000
 168              		.loc 1 102 0
 169              	/APP
 170              	 # 102 "../../os/kernel/src/chmsg.c" 1
 171 0157 90       		nop
 172              	 # 0 "" 2
 173              	/NO_APP
 174 0158 A1280000 		movl	LPBX1+40, %eax	 # *LPBX1, PROF_edge_counter.1
 174      00
 175 015d 8B152C00 		movl	LPBX1+44, %edx	 # *LPBX1, PROF_edge_counter.1
 175      0000
 176 0163 83C001   		addl	$1, %eax	 #, PROF_edge_counter.1
 177 0166 83D200   		adcl	$0, %edx	 #, PROF_edge_counter.1
 178 0169 A3280000 		movl	%eax, LPBX1+40	 # PROF_edge_counter.1, *LPBX1
 178      00
 179 016e 89152C00 		movl	%edx, LPBX1+44	 # PROF_edge_counter.1, *LPBX1
 179      0000
 180              		.loc 1 103 0
 181 0174 A1180000 		movl	_rlist+24, %eax	 # rlist.r_current, D.2731
 181      00
 182 0179 8B402C   		movl	44(%eax), %eax	 # D.2731_1->p_msgqueue.p_next, D.2732
 183 017c 8B151800 		movl	_rlist+24, %edx	 # rlist.r_current, D.2733
 183      0000
 184 0182 83C22C   		addl	$44, %edx	 #, D.2734
 185 0185 39D0     		cmpl	%edx, %eax	 # D.2734, D.2732
GAS LISTING C:\cygwin\tmp\ccevnnXt.s 			page 5


 186 0187 7544     		jne	L4	 #,
 187 0189 A1300000 		movl	LPBX1+48, %eax	 # *LPBX1, PROF_edge_counter.1
 187      00
 188 018e 8B153400 		movl	LPBX1+52, %edx	 # *LPBX1, PROF_edge_counter.1
 188      0000
 189 0194 83C001   		addl	$1, %eax	 #, PROF_edge_counter.1
 190 0197 83D200   		adcl	$0, %edx	 #, PROF_edge_counter.1
 191 019a A3300000 		movl	%eax, LPBX1+48	 # PROF_edge_counter.1, *LPBX1
 191      00
 192 019f 89153400 		movl	%edx, LPBX1+52	 # PROF_edge_counter.1, *LPBX1
 192      0000
 193              		.loc 1 104 0
 194 01a5 C704240C 		movl	$12, (%esp)	 #,
 194      000000
 195 01ac E8000000 		call	_chSchGoSleepS	 #
 195      00
 196 01b1 A1380000 		movl	LPBX1+56, %eax	 # *LPBX1, PROF_edge_counter.1
 196      00
 197 01b6 8B153C00 		movl	LPBX1+60, %edx	 # *LPBX1, PROF_edge_counter.1
 197      0000
 198 01bc 83C001   		addl	$1, %eax	 #, PROF_edge_counter.1
 199 01bf 83D200   		adcl	$0, %edx	 #, PROF_edge_counter.1
 200 01c2 A3380000 		movl	%eax, LPBX1+56	 # PROF_edge_counter.1, *LPBX1
 200      00
 201 01c7 89153C00 		movl	%edx, LPBX1+60	 # PROF_edge_counter.1, *LPBX1
 201      0000
 202              	L4:
 203              		.loc 1 105 0
 204 01cd A1180000 		movl	_rlist+24, %eax	 # rlist.r_current, D.2737
 204      00
 205 01d2 83C02C   		addl	$44, %eax	 #, D.2738
 206 01d5 890424   		movl	%eax, (%esp)	 # D.2738,
 207 01d8 E8000000 		call	_fifo_remove	 #
 207      00
 208 01dd 8944241C 		movl	%eax, 28(%esp)	 # tmp79, tp
 209 01e1 A1400000 		movl	LPBX1+64, %eax	 # *LPBX1, PROF_edge_counter.1
 209      00
 210 01e6 8B154400 		movl	LPBX1+68, %edx	 # *LPBX1, PROF_edge_counter.1
 210      0000
 211 01ec 83C001   		addl	$1, %eax	 #, PROF_edge_counter.1
 212 01ef 83D200   		adcl	$0, %edx	 #, PROF_edge_counter.1
 213 01f2 A3400000 		movl	%eax, LPBX1+64	 # PROF_edge_counter.1, *LPBX1
 213      00
 214 01f7 89154400 		movl	%edx, LPBX1+68	 # PROF_edge_counter.1, *LPBX1
 214      0000
 215              		.loc 1 106 0
 216 01fd 8B44241C 		movl	28(%esp), %eax	 # tp, tmp80
 217 0201 C6401C0B 		movb	$11, 28(%eax)	 #, tp_7->p_state
 218              		.loc 1 107 0
 219              	/APP
 220              	 # 107 "../../os/kernel/src/chmsg.c" 1
 221 0205 90       		nop
 222              	 # 0 "" 2
 223              	/NO_APP
 224 0206 A1480000 		movl	LPBX1+72, %eax	 # *LPBX1, PROF_edge_counter.1
 224      00
 225 020b 8B154C00 		movl	LPBX1+76, %edx	 # *LPBX1, PROF_edge_counter.1
GAS LISTING C:\cygwin\tmp\ccevnnXt.s 			page 6


 225      0000
 226 0211 83C001   		addl	$1, %eax	 #, PROF_edge_counter.1
 227 0214 83D200   		adcl	$0, %edx	 #, PROF_edge_counter.1
 228 0217 A3480000 		movl	%eax, LPBX1+72	 # PROF_edge_counter.1, *LPBX1
 228      00
 229 021c 89154C00 		movl	%edx, LPBX1+76	 # PROF_edge_counter.1, *LPBX1
 229      0000
 230              		.loc 1 108 0
 231 0222 8B44241C 		movl	28(%esp), %eax	 # tp, D.2739
 232              		.loc 1 109 0
 233 0226 83C42C   		addl	$44, %esp	 #,
 234              	LCFI3:
 235              		.cfi_def_cfa_offset 4
 236 0229 C3       		ret
 237              		.cfi_endproc
 238              	LFE1:
 239              		.globl	_chMsgRelease
 240              		.def	_chMsgRelease;	.scl	2;	.type	32;	.endef
 241              	_chMsgRelease:
 242              	LFB2:
 243              		.loc 1 121 0
 244              		.cfi_startproc
 245 022a 83EC1C   		subl	$28, %esp	 #,
 246              	LCFI4:
 247              		.cfi_def_cfa_offset 32
 248              		.loc 1 121 0
 249 022d A1000000 		movl	LPBX1, %eax	 # *LPBX1, PROF_edge_counter.0
 249      00
 250 0232 8B150400 		movl	LPBX1+4, %edx	 # *LPBX1, PROF_edge_counter.0
 250      0000
 251 0238 83C001   		addl	$1, %eax	 #, PROF_edge_counter.0
 252 023b 83D200   		adcl	$0, %edx	 #, PROF_edge_counter.0
 253 023e A3000000 		movl	%eax, LPBX1	 # PROF_edge_counter.0, *LPBX1
 253      00
 254 0243 89150400 		movl	%edx, LPBX1+4	 # PROF_edge_counter.0, *LPBX1
 254      0000
 255              		.loc 1 123 0
 256              	/APP
 257              	 # 123 "../../os/kernel/src/chmsg.c" 1
 258 0249 90       		nop
 259              	 # 0 "" 2
 260              	/NO_APP
 261 024a A1080000 		movl	LPBX1+8, %eax	 # *LPBX1, PROF_edge_counter.0
 261      00
 262 024f 8B150C00 		movl	LPBX1+12, %edx	 # *LPBX1, PROF_edge_counter.0
 262      0000
 263 0255 83C001   		addl	$1, %eax	 #, PROF_edge_counter.0
 264 0258 83D200   		adcl	$0, %edx	 #, PROF_edge_counter.0
 265 025b A3080000 		movl	%eax, LPBX1+8	 # PROF_edge_counter.0, *LPBX1
 265      00
 266 0260 89150C00 		movl	%edx, LPBX1+12	 # PROF_edge_counter.0, *LPBX1
 266      0000
 267              		.loc 1 126 0
 268 0266 8B442424 		movl	36(%esp), %eax	 # msg, tmp69
 269 026a 89442404 		movl	%eax, 4(%esp)	 # tmp69,
 270 026e 8B442420 		movl	32(%esp), %eax	 # tp, tmp70
 271 0272 890424   		movl	%eax, (%esp)	 # tmp70,
GAS LISTING C:\cygwin\tmp\ccevnnXt.s 			page 7


 272 0275 E8000000 		call	_chSchWakeupS	 #
 272      00
 273 027a A1100000 		movl	LPBX1+16, %eax	 # *LPBX1, PROF_edge_counter.0
 273      00
 274 027f 8B151400 		movl	LPBX1+20, %edx	 # *LPBX1, PROF_edge_counter.0
 274      0000
 275 0285 83C001   		addl	$1, %eax	 #, PROF_edge_counter.0
 276 0288 83D200   		adcl	$0, %edx	 #, PROF_edge_counter.0
 277 028b A3100000 		movl	%eax, LPBX1+16	 # PROF_edge_counter.0, *LPBX1
 277      00
 278 0290 89151400 		movl	%edx, LPBX1+20	 # PROF_edge_counter.0, *LPBX1
 278      0000
 279              		.loc 1 127 0
 280              	/APP
 281              	 # 127 "../../os/kernel/src/chmsg.c" 1
 282 0296 90       		nop
 283              	 # 0 "" 2
 284              	/NO_APP
 285 0297 A1180000 		movl	LPBX1+24, %eax	 # *LPBX1, PROF_edge_counter.0
 285      00
 286 029c 8B151C00 		movl	LPBX1+28, %edx	 # *LPBX1, PROF_edge_counter.0
 286      0000
 287 02a2 83C001   		addl	$1, %eax	 #, PROF_edge_counter.0
 288 02a5 83D200   		adcl	$0, %edx	 #, PROF_edge_counter.0
 289 02a8 A3180000 		movl	%eax, LPBX1+24	 # PROF_edge_counter.0, *LPBX1
 289      00
 290 02ad 89151C00 		movl	%edx, LPBX1+28	 # PROF_edge_counter.0, *LPBX1
 290      0000
 291              		.loc 1 128 0
 292 02b3 83C41C   		addl	$28, %esp	 #,
 293              	LCFI5:
 294              		.cfi_def_cfa_offset 4
 295 02b6 C3       		ret
 296              		.cfi_endproc
 297              	LFE2:
 298              	.lcomm LPBX1,136,32
 299              		.section .rdata,"dr"
 300              		.align 4
 301              	LC0:
 302 0000 433A5C64 		.ascii "C:\\develop\\gyro\\ChibiOS\\test\\coverage/../../os/kernel/src/chmsg.gcda\0"
 302      6576656C 
 302      6F705C67 
 302      79726F5C 
 302      43686962 
 303 0045 000000   		.data
 304              		.align 32
 305              	LC1:
 306              	 # <anonymous>:
 307 0000 03000000 		.long	3
 308              	 # <anonymous>:
 309 0004 5D612943 		.long	1126785373
 310              	 # <anonymous>:
 311 0008 04000000 		.long	4
 312              	 # <anonymous>:
 313 000c 02000000 		.long	2
 314              	 # <anonymous>:
 315 0010 B9E82615 		.long	354871481
GAS LISTING C:\cygwin\tmp\ccevnnXt.s 			page 8


 316              	 # <anonymous>:
 317 0014 06000000 		.long	6
 318              	 # <anonymous>:
 319 0018 01000000 		.long	1
 320              	 # <anonymous>:
 321 001c 3E165A1F 		.long	525997630
 322              	 # <anonymous>:
 323 0020 07000000 		.long	7
 324 0024 00000000 		.align 32
 324      00000000 
 324      00000000 
 324      00000000 
 324      00000000 
 325              	LPBX0:
 326              	 # <anonymous>:
 327 0040 2A363034 		.long	875574826
 328              	 # <anonymous>:
 329 0044 00000000 		.long	0
 330              	 # <anonymous>:
 331 0048 18227060 		.long	1617961496
 332              	 # <anonymous>:
 333 004c 00000000 		.long	LC0
 334              	 # <anonymous>:
 335 0050 03000000 		.long	3
 336              	 # <anonymous>:
 337 0054 00000000 		.long	LC1
 338              	 # <anonymous>:
 339 0058 01000000 		.long	1
 340              	 # <anonymous>:
 341              	 # <anonymous>:
 342 005c 11000000 		.long	17
 343              	 # <anonymous>:
 344 0060 00000000 		.long	LPBX1
 345              	 # <anonymous>:
 346 0064 00000000 		.long	___gcov_merge_add
 347 0068 00000000 		.space 12
 347      00000000 
 347      00000000 
 348 0074 00000000 		.text
 348      00000000 
 348      00000000 
 349              		.def	__GLOBAL__sub_I_65535_0_chMsgSend;	.scl	3;	.type	32;	.endef
 350              	__GLOBAL__sub_I_65535_0_chMsgSend:
 351              	LFB3:
 352              		.loc 1 128 0
 353              		.cfi_startproc
 354 02b7 83EC1C   		subl	$28, %esp	 #,
 355              	LCFI6:
 356              		.cfi_def_cfa_offset 32
 357              		.loc 1 128 0
 358 02ba C7042440 		movl	$LPBX0, (%esp)	 #,
 358      000000
 359 02c1 E8000000 		call	___gcov_init	 #
 359      00
 360 02c6 83C41C   		addl	$28, %esp	 #,
 361              	LCFI7:
 362              		.cfi_def_cfa_offset 4
GAS LISTING C:\cygwin\tmp\ccevnnXt.s 			page 9


 363 02c9 C3       		ret
 364              		.cfi_endproc
 365              	LFE3:
 366              		.section	.ctors,"w"
 367              		.align 4
 368 0000 B7020000 		.long	__GLOBAL__sub_I_65535_0_chMsgSend
 369              		.text
 370              	Letext0:
 371              		.file 2 "c:/mingw/bin/../lib/gcc/mingw32/4.6.2/../../../../include/stdint.h"
 372              		.file 3 "../../os/ports/GCC/SIMIA32/chtypes.h"
 373              		.file 4 "../../os/kernel/include/chlists.h"
 374              		.file 5 "../../os/kernel/include/chthreads.h"
 375              		.file 6 "../../os/ports/GCC/SIMIA32/chcore.h"
 376              		.file 7 "../../os/kernel/include/chschd.h"
 377              		.file 8 "../../os/kernel/include/chmtx.h"
 378 02ca 9090     		.section	.debug_info,"dr"
 379              	Ldebug_info0:
 380 0000 66060000 		.long	0x666
 381 0004 0200     		.word	0x2
 382 0006 00000000 		.secrel32	Ldebug_abbrev0
 383 000a 04       		.byte	0x4
 384 000b 01       		.uleb128 0x1
 385 000c 474E5520 		.ascii "GNU C 4.6.2\0"
 385      4320342E 
 385      362E3200 
 386 0018 01       		.byte	0x1
 387 0019 2E2E2F2E 		.ascii "../../os/kernel/src/chmsg.c\0"
 387      2E2F6F73 
 387      2F6B6572 
 387      6E656C2F 
 387      7372632F 
 388 0035 433A5C64 		.ascii "C:\\develop\\gyro\\ChibiOS\\test\\coverage\0"
 388      6576656C 
 388      6F705C67 
 388      79726F5C 
 388      43686962 
 389 005b 00000000 		.long	Ltext0
 390 005f CA020000 		.long	Letext0
 391 0063 00000000 		.secrel32	Ldebug_line0
 392 0067 02       		.uleb128 0x2
 393 0068 04       		.byte	0x4
 394 0069 05       		.byte	0x5
 395 006a 696E7400 		.ascii "int\0"
 396 006e 02       		.uleb128 0x2
 397 006f 04       		.byte	0x4
 398 0070 07       		.byte	0x7
 399 0071 756E7369 		.ascii "unsigned int\0"
 399      676E6564 
 399      20696E74 
 399      00
 400 007e 02       		.uleb128 0x2
 401 007f 02       		.byte	0x2
 402 0080 07       		.byte	0x7
 403 0081 73686F72 		.ascii "short unsigned int\0"
 403      7420756E 
 403      7369676E 
 403      65642069 
GAS LISTING C:\cygwin\tmp\ccevnnXt.s 			page 10


 403      6E7400
 404 0094 02       		.uleb128 0x2
 405 0095 01       		.byte	0x1
 406 0096 06       		.byte	0x6
 407 0097 7369676E 		.ascii "signed char\0"
 407      65642063 
 407      68617200 
 408 00a3 03       		.uleb128 0x3
 409 00a4 75696E74 		.ascii "uint8_t\0"
 409      385F7400 
 410 00ac 02       		.byte	0x2
 411 00ad 1C       		.byte	0x1c
 412 00ae B2000000 		.long	0xb2
 413 00b2 02       		.uleb128 0x2
 414 00b3 01       		.byte	0x1
 415 00b4 08       		.byte	0x8
 416 00b5 756E7369 		.ascii "unsigned char\0"
 416      676E6564 
 416      20636861 
 416      7200
 417 00c3 02       		.uleb128 0x2
 418 00c4 02       		.byte	0x2
 419 00c5 05       		.byte	0x5
 420 00c6 73686F72 		.ascii "short int\0"
 420      7420696E 
 420      7400
 421 00d0 03       		.uleb128 0x3
 422 00d1 696E7433 		.ascii "int32_t\0"
 422      325F7400 
 423 00d9 02       		.byte	0x2
 424 00da 1F       		.byte	0x1f
 425 00db 67000000 		.long	0x67
 426 00df 03       		.uleb128 0x3
 427 00e0 75696E74 		.ascii "uint32_t\0"
 427      33325F74 
 427      00
 428 00e9 02       		.byte	0x2
 429 00ea 20       		.byte	0x20
 430 00eb 6E000000 		.long	0x6e
 431 00ef 02       		.uleb128 0x2
 432 00f0 08       		.byte	0x8
 433 00f1 05       		.byte	0x5
 434 00f2 6C6F6E67 		.ascii "long long int\0"
 434      206C6F6E 
 434      6720696E 
 434      7400
 435 0100 02       		.uleb128 0x2
 436 0101 08       		.byte	0x8
 437 0102 07       		.byte	0x7
 438 0103 6C6F6E67 		.ascii "long long unsigned int\0"
 438      206C6F6E 
 438      6720756E 
 438      7369676E 
 438      65642069 
 439 011a 02       		.uleb128 0x2
 440 011b 01       		.byte	0x1
 441 011c 02       		.byte	0x2
GAS LISTING C:\cygwin\tmp\ccevnnXt.s 			page 11


 442 011d 5F426F6F 		.ascii "_Bool\0"
 442      6C00
 443 0123 03       		.uleb128 0x3
 444 0124 746D6F64 		.ascii "tmode_t\0"
 444      655F7400 
 445 012c 03       		.byte	0x3
 446 012d 1D       		.byte	0x1d
 447 012e A3000000 		.long	0xa3
 448 0132 03       		.uleb128 0x3
 449 0133 74737461 		.ascii "tstate_t\0"
 449      74655F74 
 449      00
 450 013c 03       		.byte	0x3
 451 013d 1E       		.byte	0x1e
 452 013e A3000000 		.long	0xa3
 453 0142 03       		.uleb128 0x3
 454 0143 74726566 		.ascii "trefs_t\0"
 454      735F7400 
 455 014b 03       		.byte	0x3
 456 014c 1F       		.byte	0x1f
 457 014d A3000000 		.long	0xa3
 458 0151 03       		.uleb128 0x3
 459 0152 74736C69 		.ascii "tslices_t\0"
 459      6365735F 
 459      7400
 460 015c 03       		.byte	0x3
 461 015d 20       		.byte	0x20
 462 015e A3000000 		.long	0xa3
 463 0162 03       		.uleb128 0x3
 464 0163 74707269 		.ascii "tprio_t\0"
 464      6F5F7400 
 465 016b 03       		.byte	0x3
 466 016c 21       		.byte	0x21
 467 016d DF000000 		.long	0xdf
 468 0171 03       		.uleb128 0x3
 469 0172 6D73675F 		.ascii "msg_t\0"
 469      7400
 470 0178 03       		.byte	0x3
 471 0179 22       		.byte	0x22
 472 017a D0000000 		.long	0xd0
 473 017e 03       		.uleb128 0x3
 474 017f 6576656E 		.ascii "eventmask_t\0"
 474      746D6173 
 474      6B5F7400 
 475 018b 03       		.byte	0x3
 476 018c 24       		.byte	0x24
 477 018d DF000000 		.long	0xdf
 478 0191 03       		.uleb128 0x3
 479 0192 73797374 		.ascii "systime_t\0"
 479      696D655F 
 479      7400
 480 019c 03       		.byte	0x3
 481 019d 26       		.byte	0x26
 482 019e DF000000 		.long	0xdf
 483 01a2 03       		.uleb128 0x3
 484 01a3 54687265 		.ascii "Thread\0"
 484      616400
GAS LISTING C:\cygwin\tmp\ccevnnXt.s 			page 12


 485 01aa 04       		.byte	0x4
 486 01ab 23       		.byte	0x23
 487 01ac B0010000 		.long	0x1b0
 488 01b0 04       		.uleb128 0x4
 489 01b1 54687265 		.ascii "Thread\0"
 489      616400
 490 01b8 48       		.byte	0x48
 491 01b9 05       		.byte	0x5
 492 01ba 57       		.byte	0x57
 493 01bb 26030000 		.long	0x326
 494 01bf 05       		.uleb128 0x5
 495 01c0 00000000 		.secrel32	LASF0
 496 01c4 05       		.byte	0x5
 497 01c5 58       		.byte	0x58
 498 01c6 4E030000 		.long	0x34e
 499 01ca 02       		.byte	0x2
 500 01cb 23       		.byte	0x23
 501 01cc 00       		.uleb128 0
 502 01cd 06       		.uleb128 0x6
 503 01ce 705F7072 		.ascii "p_prev\0"
 503      657600
 504 01d5 05       		.byte	0x5
 505 01d6 5A       		.byte	0x5a
 506 01d7 4E030000 		.long	0x34e
 507 01db 02       		.byte	0x2
 508 01dc 23       		.byte	0x23
 509 01dd 04       		.uleb128 0x4
 510 01de 06       		.uleb128 0x6
 511 01df 705F7072 		.ascii "p_prio\0"
 511      696F00
 512 01e6 05       		.byte	0x5
 513 01e7 5C       		.byte	0x5c
 514 01e8 62010000 		.long	0x162
 515 01ec 02       		.byte	0x2
 516 01ed 23       		.byte	0x23
 517 01ee 08       		.uleb128 0x8
 518 01ef 06       		.uleb128 0x6
 519 01f0 705F6374 		.ascii "p_ctx\0"
 519      7800
 520 01f6 05       		.byte	0x5
 521 01f7 5D       		.byte	0x5d
 522 01f8 F8030000 		.long	0x3f8
 523 01fc 02       		.byte	0x2
 524 01fd 23       		.byte	0x23
 525 01fe 0C       		.uleb128 0xc
 526 01ff 06       		.uleb128 0x6
 527 0200 705F6E65 		.ascii "p_newer\0"
 527      77657200 
 528 0208 05       		.byte	0x5
 529 0209 5F       		.byte	0x5f
 530 020a 4E030000 		.long	0x34e
 531 020e 02       		.byte	0x2
 532 020f 23       		.byte	0x23
 533 0210 10       		.uleb128 0x10
 534 0211 06       		.uleb128 0x6
 535 0212 705F6F6C 		.ascii "p_older\0"
 535      64657200 
GAS LISTING C:\cygwin\tmp\ccevnnXt.s 			page 13


 536 021a 05       		.byte	0x5
 537 021b 60       		.byte	0x60
 538 021c 4E030000 		.long	0x34e
 539 0220 02       		.byte	0x2
 540 0221 23       		.byte	0x23
 541 0222 14       		.uleb128 0x14
 542 0223 06       		.uleb128 0x6
 543 0224 705F6E61 		.ascii "p_name\0"
 543      6D6500
 544 022b 05       		.byte	0x5
 545 022c 67       		.byte	0x67
 546 022d 46050000 		.long	0x546
 547 0231 02       		.byte	0x2
 548 0232 23       		.byte	0x23
 549 0233 18       		.uleb128 0x18
 550 0234 06       		.uleb128 0x6
 551 0235 705F7374 		.ascii "p_state\0"
 551      61746500 
 552 023d 05       		.byte	0x5
 553 023e 72       		.byte	0x72
 554 023f 32010000 		.long	0x132
 555 0243 02       		.byte	0x2
 556 0244 23       		.byte	0x23
 557 0245 1C       		.uleb128 0x1c
 558 0246 06       		.uleb128 0x6
 559 0247 705F666C 		.ascii "p_flags\0"
 559      61677300 
 560 024f 05       		.byte	0x5
 561 0250 76       		.byte	0x76
 562 0251 23010000 		.long	0x123
 563 0255 02       		.byte	0x2
 564 0256 23       		.byte	0x23
 565 0257 1D       		.uleb128 0x1d
 566 0258 06       		.uleb128 0x6
 567 0259 705F7265 		.ascii "p_refs\0"
 567      667300
 568 0260 05       		.byte	0x5
 569 0261 7B       		.byte	0x7b
 570 0262 42010000 		.long	0x142
 571 0266 02       		.byte	0x2
 572 0267 23       		.byte	0x23
 573 0268 1E       		.uleb128 0x1e
 574 0269 06       		.uleb128 0x6
 575 026a 705F7072 		.ascii "p_preempt\0"
 575      65656D70 
 575      7400
 576 0274 05       		.byte	0x5
 577 0275 81       		.byte	0x81
 578 0276 51010000 		.long	0x151
 579 027a 02       		.byte	0x2
 580 027b 23       		.byte	0x23
 581 027c 1F       		.uleb128 0x1f
 582 027d 06       		.uleb128 0x6
 583 027e 705F7469 		.ascii "p_time\0"
 583      6D6500
 584 0285 05       		.byte	0x5
 585 0286 88       		.byte	0x88
GAS LISTING C:\cygwin\tmp\ccevnnXt.s 			page 14


 586 0287 22040000 		.long	0x422
 587 028b 02       		.byte	0x2
 588 028c 23       		.byte	0x23
 589 028d 20       		.uleb128 0x20
 590 028e 06       		.uleb128 0x6
 591 028f 705F7500 		.ascii "p_u\0"
 592 0293 05       		.byte	0x5
 593 0294 AD       		.byte	0xad
 594 0295 03050000 		.long	0x503
 595 0299 02       		.byte	0x2
 596 029a 23       		.byte	0x23
 597 029b 24       		.uleb128 0x24
 598 029c 06       		.uleb128 0x6
 599 029d 705F7761 		.ascii "p_waiting\0"
 599      6974696E 
 599      6700
 600 02a7 05       		.byte	0x5
 601 02a8 B2       		.byte	0xb2
 602 02a9 7F030000 		.long	0x37f
 603 02ad 02       		.byte	0x2
 604 02ae 23       		.byte	0x23
 605 02af 28       		.uleb128 0x28
 606 02b0 06       		.uleb128 0x6
 607 02b1 705F6D73 		.ascii "p_msgqueue\0"
 607      67717565 
 607      756500
 608 02bc 05       		.byte	0x5
 609 02bd B8       		.byte	0xb8
 610 02be 54030000 		.long	0x354
 611 02c2 02       		.byte	0x2
 612 02c3 23       		.byte	0x23
 613 02c4 2C       		.uleb128 0x2c
 614 02c5 06       		.uleb128 0x6
 615 02c6 705F6D73 		.ascii "p_msg\0"
 615      6700
 616 02cc 05       		.byte	0x5
 617 02cd BC       		.byte	0xbc
 618 02ce 71010000 		.long	0x171
 619 02d2 02       		.byte	0x2
 620 02d3 23       		.byte	0x23
 621 02d4 34       		.uleb128 0x34
 622 02d5 06       		.uleb128 0x6
 623 02d6 705F6570 		.ascii "p_epending\0"
 623      656E6469 
 623      6E6700
 624 02e1 05       		.byte	0x5
 625 02e2 C2       		.byte	0xc2
 626 02e3 7E010000 		.long	0x17e
 627 02e7 02       		.byte	0x2
 628 02e8 23       		.byte	0x23
 629 02e9 38       		.uleb128 0x38
 630 02ea 06       		.uleb128 0x6
 631 02eb 705F6D74 		.ascii "p_mtxlist\0"
 631      786C6973 
 631      7400
 632 02f5 05       		.byte	0x5
 633 02f6 C9       		.byte	0xc9
GAS LISTING C:\cygwin\tmp\ccevnnXt.s 			page 15


 634 02f7 59050000 		.long	0x559
 635 02fb 02       		.byte	0x2
 636 02fc 23       		.byte	0x23
 637 02fd 3C       		.uleb128 0x3c
 638 02fe 06       		.uleb128 0x6
 639 02ff 705F7265 		.ascii "p_realprio\0"
 639      616C7072 
 639      696F00
 640 030a 05       		.byte	0x5
 641 030b CD       		.byte	0xcd
 642 030c 62010000 		.long	0x162
 643 0310 02       		.byte	0x2
 644 0311 23       		.byte	0x23
 645 0312 40       		.uleb128 0x40
 646 0313 06       		.uleb128 0x6
 647 0314 705F6D70 		.ascii "p_mpool\0"
 647      6F6F6C00 
 648 031c 05       		.byte	0x5
 649 031d D3       		.byte	0xd3
 650 031e A0030000 		.long	0x3a0
 651 0322 02       		.byte	0x2
 652 0323 23       		.byte	0x23
 653 0324 44       		.uleb128 0x44
 654 0325 00       		.byte	0
 655 0326 07       		.uleb128 0x7
 656 0327 08       		.byte	0x8
 657 0328 04       		.byte	0x4
 658 0329 5A       		.byte	0x5a
 659 032a 4E030000 		.long	0x34e
 660 032e 05       		.uleb128 0x5
 661 032f 00000000 		.secrel32	LASF0
 662 0333 04       		.byte	0x4
 663 0334 5B       		.byte	0x5b
 664 0335 4E030000 		.long	0x34e
 665 0339 02       		.byte	0x2
 666 033a 23       		.byte	0x23
 667 033b 00       		.uleb128 0
 668 033c 06       		.uleb128 0x6
 669 033d 705F7072 		.ascii "p_prev\0"
 669      657600
 670 0344 04       		.byte	0x4
 671 0345 5D       		.byte	0x5d
 672 0346 4E030000 		.long	0x34e
 673 034a 02       		.byte	0x2
 674 034b 23       		.byte	0x23
 675 034c 04       		.uleb128 0x4
 676 034d 00       		.byte	0
 677 034e 08       		.uleb128 0x8
 678 034f 04       		.byte	0x4
 679 0350 A2010000 		.long	0x1a2
 680 0354 03       		.uleb128 0x3
 681 0355 54687265 		.ascii "ThreadsQueue\0"
 681      61647351 
 681      75657565 
 681      00
 682 0362 04       		.byte	0x4
 683 0363 5F       		.byte	0x5f
GAS LISTING C:\cygwin\tmp\ccevnnXt.s 			page 16


 684 0364 26030000 		.long	0x326
 685 0368 07       		.uleb128 0x7
 686 0369 04       		.byte	0x4
 687 036a 04       		.byte	0x4
 688 036b 64       		.byte	0x64
 689 036c 7F030000 		.long	0x37f
 690 0370 05       		.uleb128 0x5
 691 0371 00000000 		.secrel32	LASF0
 692 0375 04       		.byte	0x4
 693 0376 66       		.byte	0x66
 694 0377 4E030000 		.long	0x34e
 695 037b 02       		.byte	0x2
 696 037c 23       		.byte	0x23
 697 037d 00       		.uleb128 0
 698 037e 00       		.byte	0
 699 037f 03       		.uleb128 0x3
 700 0380 54687265 		.ascii "ThreadsList\0"
 700      6164734C 
 700      69737400 
 701 038c 04       		.byte	0x4
 702 038d 69       		.byte	0x69
 703 038e 68030000 		.long	0x368
 704 0392 03       		.uleb128 0x3
 705 0393 72656778 		.ascii "regx86\0"
 705      383600
 706 039a 06       		.byte	0x6
 707 039b 44       		.byte	0x44
 708 039c A0030000 		.long	0x3a0
 709 03a0 09       		.uleb128 0x9
 710 03a1 04       		.byte	0x4
 711 03a2 04       		.uleb128 0x4
 712 03a3 696E7463 		.ascii "intctx\0"
 712      747800
 713 03aa 14       		.byte	0x14
 714 03ab 06       		.byte	0x6
 715 03ac 52       		.byte	0x52
 716 03ad F8030000 		.long	0x3f8
 717 03b1 06       		.uleb128 0x6
 718 03b2 65627800 		.ascii "ebx\0"
 719 03b6 06       		.byte	0x6
 720 03b7 53       		.byte	0x53
 721 03b8 92030000 		.long	0x392
 722 03bc 02       		.byte	0x2
 723 03bd 23       		.byte	0x23
 724 03be 00       		.uleb128 0
 725 03bf 06       		.uleb128 0x6
 726 03c0 65646900 		.ascii "edi\0"
 727 03c4 06       		.byte	0x6
 728 03c5 54       		.byte	0x54
 729 03c6 92030000 		.long	0x392
 730 03ca 02       		.byte	0x2
 731 03cb 23       		.byte	0x23
 732 03cc 04       		.uleb128 0x4
 733 03cd 06       		.uleb128 0x6
 734 03ce 65736900 		.ascii "esi\0"
 735 03d2 06       		.byte	0x6
 736 03d3 55       		.byte	0x55
GAS LISTING C:\cygwin\tmp\ccevnnXt.s 			page 17


 737 03d4 92030000 		.long	0x392
 738 03d8 02       		.byte	0x2
 739 03d9 23       		.byte	0x23
 740 03da 08       		.uleb128 0x8
 741 03db 06       		.uleb128 0x6
 742 03dc 65627000 		.ascii "ebp\0"
 743 03e0 06       		.byte	0x6
 744 03e1 56       		.byte	0x56
 745 03e2 92030000 		.long	0x392
 746 03e6 02       		.byte	0x2
 747 03e7 23       		.byte	0x23
 748 03e8 0C       		.uleb128 0xc
 749 03e9 06       		.uleb128 0x6
 750 03ea 65697000 		.ascii "eip\0"
 751 03ee 06       		.byte	0x6
 752 03ef 57       		.byte	0x57
 753 03f0 92030000 		.long	0x392
 754 03f4 02       		.byte	0x2
 755 03f5 23       		.byte	0x23
 756 03f6 10       		.uleb128 0x10
 757 03f7 00       		.byte	0
 758 03f8 04       		.uleb128 0x4
 759 03f9 636F6E74 		.ascii "context\0"
 759      65787400 
 760 0401 04       		.byte	0x4
 761 0402 06       		.byte	0x6
 762 0403 5F       		.byte	0x5f
 763 0404 17040000 		.long	0x417
 764 0408 06       		.uleb128 0x6
 765 0409 65737000 		.ascii "esp\0"
 766 040d 06       		.byte	0x6
 767 040e 60       		.byte	0x60
 768 040f 17040000 		.long	0x417
 769 0413 02       		.byte	0x2
 770 0414 23       		.byte	0x23
 771 0415 00       		.uleb128 0
 772 0416 00       		.byte	0
 773 0417 08       		.uleb128 0x8
 774 0418 04       		.byte	0x4
 775 0419 1D040000 		.long	0x41d
 776 041d 0A       		.uleb128 0xa
 777 041e A2030000 		.long	0x3a2
 778 0422 0A       		.uleb128 0xa
 779 0423 91010000 		.long	0x191
 780 0427 07       		.uleb128 0x7
 781 0428 1C       		.byte	0x1c
 782 0429 07       		.byte	0x7
 783 042a 57       		.byte	0x57
 784 042b 9B040000 		.long	0x49b
 785 042f 06       		.uleb128 0x6
 786 0430 725F7175 		.ascii "r_queue\0"
 786      65756500 
 787 0438 07       		.byte	0x7
 788 0439 58       		.byte	0x58
 789 043a 54030000 		.long	0x354
 790 043e 02       		.byte	0x2
 791 043f 23       		.byte	0x23
GAS LISTING C:\cygwin\tmp\ccevnnXt.s 			page 18


 792 0440 00       		.uleb128 0
 793 0441 06       		.uleb128 0x6
 794 0442 725F7072 		.ascii "r_prio\0"
 794      696F00
 795 0449 07       		.byte	0x7
 796 044a 59       		.byte	0x59
 797 044b 62010000 		.long	0x162
 798 044f 02       		.byte	0x2
 799 0450 23       		.byte	0x23
 800 0451 08       		.uleb128 0x8
 801 0452 06       		.uleb128 0x6
 802 0453 725F6374 		.ascii "r_ctx\0"
 802      7800
 803 0459 07       		.byte	0x7
 804 045a 5B       		.byte	0x5b
 805 045b F8030000 		.long	0x3f8
 806 045f 02       		.byte	0x2
 807 0460 23       		.byte	0x23
 808 0461 0C       		.uleb128 0xc
 809 0462 06       		.uleb128 0x6
 810 0463 725F6E65 		.ascii "r_newer\0"
 810      77657200 
 811 046b 07       		.byte	0x7
 812 046c 5E       		.byte	0x5e
 813 046d 4E030000 		.long	0x34e
 814 0471 02       		.byte	0x2
 815 0472 23       		.byte	0x23
 816 0473 10       		.uleb128 0x10
 817 0474 06       		.uleb128 0x6
 818 0475 725F6F6C 		.ascii "r_older\0"
 818      64657200 
 819 047d 07       		.byte	0x7
 820 047e 5F       		.byte	0x5f
 821 047f 4E030000 		.long	0x34e
 822 0483 02       		.byte	0x2
 823 0484 23       		.byte	0x23
 824 0485 14       		.uleb128 0x14
 825 0486 06       		.uleb128 0x6
 826 0487 725F6375 		.ascii "r_current\0"
 826      7272656E 
 826      7400
 827 0491 07       		.byte	0x7
 828 0492 62       		.byte	0x62
 829 0493 4E030000 		.long	0x34e
 830 0497 02       		.byte	0x2
 831 0498 23       		.byte	0x23
 832 0499 18       		.uleb128 0x18
 833 049a 00       		.byte	0
 834 049b 03       		.uleb128 0x3
 835 049c 52656164 		.ascii "ReadyList\0"
 835      794C6973 
 835      7400
 836 04a6 07       		.byte	0x7
 837 04a7 64       		.byte	0x64
 838 04a8 27040000 		.long	0x427
 839 04ac 04       		.uleb128 0x4
 840 04ad 4D757465 		.ascii "Mutex\0"
GAS LISTING C:\cygwin\tmp\ccevnnXt.s 			page 19


 840      7800
 841 04b3 10       		.byte	0x10
 842 04b4 08       		.byte	0x8
 843 04b5 25       		.byte	0x25
 844 04b6 F0040000 		.long	0x4f0
 845 04ba 06       		.uleb128 0x6
 846 04bb 6D5F7175 		.ascii "m_queue\0"
 846      65756500 
 847 04c3 08       		.byte	0x8
 848 04c4 26       		.byte	0x26
 849 04c5 54030000 		.long	0x354
 850 04c9 02       		.byte	0x2
 851 04ca 23       		.byte	0x23
 852 04cb 00       		.uleb128 0
 853 04cc 06       		.uleb128 0x6
 854 04cd 6D5F6F77 		.ascii "m_owner\0"
 854      6E657200 
 855 04d5 08       		.byte	0x8
 856 04d6 28       		.byte	0x28
 857 04d7 4E030000 		.long	0x34e
 858 04db 02       		.byte	0x2
 859 04dc 23       		.byte	0x23
 860 04dd 08       		.uleb128 0x8
 861 04de 06       		.uleb128 0x6
 862 04df 6D5F6E65 		.ascii "m_next\0"
 862      787400
 863 04e6 08       		.byte	0x8
 864 04e7 2A       		.byte	0x2a
 865 04e8 F0040000 		.long	0x4f0
 866 04ec 02       		.byte	0x2
 867 04ed 23       		.byte	0x23
 868 04ee 0C       		.uleb128 0xc
 869 04ef 00       		.byte	0
 870 04f0 08       		.uleb128 0x8
 871 04f1 04       		.byte	0x4
 872 04f2 AC040000 		.long	0x4ac
 873 04f6 03       		.uleb128 0x3
 874 04f7 4D757465 		.ascii "Mutex\0"
 874      7800
 875 04fd 08       		.byte	0x8
 876 04fe 2C       		.byte	0x2c
 877 04ff AC040000 		.long	0x4ac
 878 0503 0B       		.uleb128 0xb
 879 0504 04       		.byte	0x4
 880 0505 05       		.byte	0x5
 881 0506 8F       		.byte	0x8f
 882 0507 46050000 		.long	0x546
 883 050b 0C       		.uleb128 0xc
 884 050c 7264796D 		.ascii "rdymsg\0"
 884      736700
 885 0513 05       		.byte	0x5
 886 0514 96       		.byte	0x96
 887 0515 71010000 		.long	0x171
 888 0519 0C       		.uleb128 0xc
 889 051a 65786974 		.ascii "exitcode\0"
 889      636F6465 
 889      00
GAS LISTING C:\cygwin\tmp\ccevnnXt.s 			page 20


 890 0523 05       		.byte	0x5
 891 0524 9D       		.byte	0x9d
 892 0525 71010000 		.long	0x171
 893 0529 0C       		.uleb128 0xc
 894 052a 77746F62 		.ascii "wtobjp\0"
 894      6A7000
 895 0531 05       		.byte	0x5
 896 0532 A4       		.byte	0xa4
 897 0533 A0030000 		.long	0x3a0
 898 0537 0C       		.uleb128 0xc
 899 0538 65776D61 		.ascii "ewmask\0"
 899      736B00
 900 053f 05       		.byte	0x5
 901 0540 AB       		.byte	0xab
 902 0541 7E010000 		.long	0x17e
 903 0545 00       		.byte	0
 904 0546 08       		.uleb128 0x8
 905 0547 04       		.byte	0x4
 906 0548 4C050000 		.long	0x54c
 907 054c 0D       		.uleb128 0xd
 908 054d 51050000 		.long	0x551
 909 0551 02       		.uleb128 0x2
 910 0552 01       		.byte	0x1
 911 0553 06       		.byte	0x6
 912 0554 63686172 		.ascii "char\0"
 912      00
 913 0559 08       		.uleb128 0x8
 914 055a 04       		.byte	0x4
 915 055b F6040000 		.long	0x4f6
 916 055f 0E       		.uleb128 0xe
 917 0560 01       		.byte	0x1
 918 0561 63684D73 		.ascii "chMsgSend\0"
 918      6753656E 
 918      6400
 919 056b 01       		.byte	0x1
 920 056c 44       		.byte	0x44
 921 056d 01       		.byte	0x1
 922 056e 71010000 		.long	0x171
 923 0572 00000000 		.long	LFB0
 924 0576 38010000 		.long	LFE0
 925 057a 00000000 		.secrel32	LLST0
 926 057e AC050000 		.long	0x5ac
 927 0582 0F       		.uleb128 0xf
 928 0583 747000   		.ascii "tp\0"
 929 0586 01       		.byte	0x1
 930 0587 44       		.byte	0x44
 931 0588 4E030000 		.long	0x34e
 932 058c 02       		.byte	0x2
 933 058d 91       		.byte	0x91
 934 058e 00       		.sleb128 0
 935 058f 0F       		.uleb128 0xf
 936 0590 6D736700 		.ascii "msg\0"
 937 0594 01       		.byte	0x1
 938 0595 44       		.byte	0x44
 939 0596 71010000 		.long	0x171
 940 059a 02       		.byte	0x2
 941 059b 91       		.byte	0x91
GAS LISTING C:\cygwin\tmp\ccevnnXt.s 			page 21


 942 059c 04       		.sleb128 4
 943 059d 10       		.uleb128 0x10
 944 059e 63747000 		.ascii "ctp\0"
 945 05a2 01       		.byte	0x1
 946 05a3 45       		.byte	0x45
 947 05a4 4E030000 		.long	0x34e
 948 05a8 02       		.byte	0x2
 949 05a9 91       		.byte	0x91
 950 05aa 6C       		.sleb128 -20
 951 05ab 00       		.byte	0
 952 05ac 0E       		.uleb128 0xe
 953 05ad 01       		.byte	0x1
 954 05ae 63684D73 		.ascii "chMsgWait\0"
 954      67576169 
 954      7400
 955 05b8 01       		.byte	0x1
 956 05b9 63       		.byte	0x63
 957 05ba 01       		.byte	0x1
 958 05bb 4E030000 		.long	0x34e
 959 05bf 38010000 		.long	LFB1
 960 05c3 2A020000 		.long	LFE1
 961 05c7 2C000000 		.secrel32	LLST1
 962 05cb DD050000 		.long	0x5dd
 963 05cf 10       		.uleb128 0x10
 964 05d0 747000   		.ascii "tp\0"
 965 05d3 01       		.byte	0x1
 966 05d4 64       		.byte	0x64
 967 05d5 4E030000 		.long	0x34e
 968 05d9 02       		.byte	0x2
 969 05da 91       		.byte	0x91
 970 05db 6C       		.sleb128 -20
 971 05dc 00       		.byte	0
 972 05dd 11       		.uleb128 0x11
 973 05de 01       		.byte	0x1
 974 05df 63684D73 		.ascii "chMsgRelease\0"
 974      6752656C 
 974      65617365 
 974      00
 975 05ec 01       		.byte	0x1
 976 05ed 79       		.byte	0x79
 977 05ee 01       		.byte	0x1
 978 05ef 2A020000 		.long	LFB2
 979 05f3 B7020000 		.long	LFE2
 980 05f7 58000000 		.secrel32	LLST2
 981 05fb 1B060000 		.long	0x61b
 982 05ff 0F       		.uleb128 0xf
 983 0600 747000   		.ascii "tp\0"
 984 0603 01       		.byte	0x1
 985 0604 79       		.byte	0x79
 986 0605 4E030000 		.long	0x34e
 987 0609 02       		.byte	0x2
 988 060a 91       		.byte	0x91
 989 060b 00       		.sleb128 0
 990 060c 0F       		.uleb128 0xf
 991 060d 6D736700 		.ascii "msg\0"
 992 0611 01       		.byte	0x1
 993 0612 79       		.byte	0x79
GAS LISTING C:\cygwin\tmp\ccevnnXt.s 			page 22


 994 0613 71010000 		.long	0x171
 995 0617 02       		.byte	0x2
 996 0618 91       		.byte	0x91
 997 0619 04       		.sleb128 4
 998 061a 00       		.byte	0
 999 061b 12       		.uleb128 0x12
 1000 061c 5F474C4F 		.ascii "_GLOBAL__sub_I_65535_0_chMsgSend\0"
 1000      42414C5F 
 1000      5F737562 
 1000      5F495F36 
 1000      35353335 
 1001 063d 01       		.byte	0x1
 1002 063e 01       		.byte	0x1
 1003 063f B7020000 		.long	LFB3
 1004 0643 CA020000 		.long	LFE3
 1005 0647 84000000 		.secrel32	LLST3
 1006 064b 13       		.uleb128 0x13
 1007 064c 726C6973 		.ascii "rlist\0"
 1007      7400
 1008 0652 07       		.byte	0x7
 1009 0653 68       		.byte	0x68
 1010 0654 9B040000 		.long	0x49b
 1011 0658 01       		.byte	0x1
 1012 0659 01       		.byte	0x1
 1013 065a 13       		.uleb128 0x13
 1014 065b 726C6973 		.ascii "rlist\0"
 1014      7400
 1015 0661 07       		.byte	0x7
 1016 0662 68       		.byte	0x68
 1017 0663 9B040000 		.long	0x49b
 1018 0667 01       		.byte	0x1
 1019 0668 01       		.byte	0x1
 1020 0669 00       		.byte	0
 1021              		.section	.debug_abbrev,"dr"
 1022              	Ldebug_abbrev0:
 1023 0000 01       		.uleb128 0x1
 1024 0001 11       		.uleb128 0x11
 1025 0002 01       		.byte	0x1
 1026 0003 25       		.uleb128 0x25
 1027 0004 08       		.uleb128 0x8
 1028 0005 13       		.uleb128 0x13
 1029 0006 0B       		.uleb128 0xb
 1030 0007 03       		.uleb128 0x3
 1031 0008 08       		.uleb128 0x8
 1032 0009 1B       		.uleb128 0x1b
 1033 000a 08       		.uleb128 0x8
 1034 000b 11       		.uleb128 0x11
 1035 000c 01       		.uleb128 0x1
 1036 000d 12       		.uleb128 0x12
 1037 000e 01       		.uleb128 0x1
 1038 000f 10       		.uleb128 0x10
 1039 0010 06       		.uleb128 0x6
 1040 0011 00       		.byte	0
 1041 0012 00       		.byte	0
 1042 0013 02       		.uleb128 0x2
 1043 0014 24       		.uleb128 0x24
 1044 0015 00       		.byte	0
GAS LISTING C:\cygwin\tmp\ccevnnXt.s 			page 23


 1045 0016 0B       		.uleb128 0xb
 1046 0017 0B       		.uleb128 0xb
 1047 0018 3E       		.uleb128 0x3e
 1048 0019 0B       		.uleb128 0xb
 1049 001a 03       		.uleb128 0x3
 1050 001b 08       		.uleb128 0x8
 1051 001c 00       		.byte	0
 1052 001d 00       		.byte	0
 1053 001e 03       		.uleb128 0x3
 1054 001f 16       		.uleb128 0x16
 1055 0020 00       		.byte	0
 1056 0021 03       		.uleb128 0x3
 1057 0022 08       		.uleb128 0x8
 1058 0023 3A       		.uleb128 0x3a
 1059 0024 0B       		.uleb128 0xb
 1060 0025 3B       		.uleb128 0x3b
 1061 0026 0B       		.uleb128 0xb
 1062 0027 49       		.uleb128 0x49
 1063 0028 13       		.uleb128 0x13
 1064 0029 00       		.byte	0
 1065 002a 00       		.byte	0
 1066 002b 04       		.uleb128 0x4
 1067 002c 13       		.uleb128 0x13
 1068 002d 01       		.byte	0x1
 1069 002e 03       		.uleb128 0x3
 1070 002f 08       		.uleb128 0x8
 1071 0030 0B       		.uleb128 0xb
 1072 0031 0B       		.uleb128 0xb
 1073 0032 3A       		.uleb128 0x3a
 1074 0033 0B       		.uleb128 0xb
 1075 0034 3B       		.uleb128 0x3b
 1076 0035 0B       		.uleb128 0xb
 1077 0036 01       		.uleb128 0x1
 1078 0037 13       		.uleb128 0x13
 1079 0038 00       		.byte	0
 1080 0039 00       		.byte	0
 1081 003a 05       		.uleb128 0x5
 1082 003b 0D       		.uleb128 0xd
 1083 003c 00       		.byte	0
 1084 003d 03       		.uleb128 0x3
 1085 003e 0E       		.uleb128 0xe
 1086 003f 3A       		.uleb128 0x3a
 1087 0040 0B       		.uleb128 0xb
 1088 0041 3B       		.uleb128 0x3b
 1089 0042 0B       		.uleb128 0xb
 1090 0043 49       		.uleb128 0x49
 1091 0044 13       		.uleb128 0x13
 1092 0045 38       		.uleb128 0x38
 1093 0046 0A       		.uleb128 0xa
 1094 0047 00       		.byte	0
 1095 0048 00       		.byte	0
 1096 0049 06       		.uleb128 0x6
 1097 004a 0D       		.uleb128 0xd
 1098 004b 00       		.byte	0
 1099 004c 03       		.uleb128 0x3
 1100 004d 08       		.uleb128 0x8
 1101 004e 3A       		.uleb128 0x3a
GAS LISTING C:\cygwin\tmp\ccevnnXt.s 			page 24


 1102 004f 0B       		.uleb128 0xb
 1103 0050 3B       		.uleb128 0x3b
 1104 0051 0B       		.uleb128 0xb
 1105 0052 49       		.uleb128 0x49
 1106 0053 13       		.uleb128 0x13
 1107 0054 38       		.uleb128 0x38
 1108 0055 0A       		.uleb128 0xa
 1109 0056 00       		.byte	0
 1110 0057 00       		.byte	0
 1111 0058 07       		.uleb128 0x7
 1112 0059 13       		.uleb128 0x13
 1113 005a 01       		.byte	0x1
 1114 005b 0B       		.uleb128 0xb
 1115 005c 0B       		.uleb128 0xb
 1116 005d 3A       		.uleb128 0x3a
 1117 005e 0B       		.uleb128 0xb
 1118 005f 3B       		.uleb128 0x3b
 1119 0060 0B       		.uleb128 0xb
 1120 0061 01       		.uleb128 0x1
 1121 0062 13       		.uleb128 0x13
 1122 0063 00       		.byte	0
 1123 0064 00       		.byte	0
 1124 0065 08       		.uleb128 0x8
 1125 0066 0F       		.uleb128 0xf
 1126 0067 00       		.byte	0
 1127 0068 0B       		.uleb128 0xb
 1128 0069 0B       		.uleb128 0xb
 1129 006a 49       		.uleb128 0x49
 1130 006b 13       		.uleb128 0x13
 1131 006c 00       		.byte	0
 1132 006d 00       		.byte	0
 1133 006e 09       		.uleb128 0x9
 1134 006f 0F       		.uleb128 0xf
 1135 0070 00       		.byte	0
 1136 0071 0B       		.uleb128 0xb
 1137 0072 0B       		.uleb128 0xb
 1138 0073 00       		.byte	0
 1139 0074 00       		.byte	0
 1140 0075 0A       		.uleb128 0xa
 1141 0076 35       		.uleb128 0x35
 1142 0077 00       		.byte	0
 1143 0078 49       		.uleb128 0x49
 1144 0079 13       		.uleb128 0x13
 1145 007a 00       		.byte	0
 1146 007b 00       		.byte	0
 1147 007c 0B       		.uleb128 0xb
 1148 007d 17       		.uleb128 0x17
 1149 007e 01       		.byte	0x1
 1150 007f 0B       		.uleb128 0xb
 1151 0080 0B       		.uleb128 0xb
 1152 0081 3A       		.uleb128 0x3a
 1153 0082 0B       		.uleb128 0xb
 1154 0083 3B       		.uleb128 0x3b
 1155 0084 0B       		.uleb128 0xb
 1156 0085 01       		.uleb128 0x1
 1157 0086 13       		.uleb128 0x13
 1158 0087 00       		.byte	0
GAS LISTING C:\cygwin\tmp\ccevnnXt.s 			page 25


 1159 0088 00       		.byte	0
 1160 0089 0C       		.uleb128 0xc
 1161 008a 0D       		.uleb128 0xd
 1162 008b 00       		.byte	0
 1163 008c 03       		.uleb128 0x3
 1164 008d 08       		.uleb128 0x8
 1165 008e 3A       		.uleb128 0x3a
 1166 008f 0B       		.uleb128 0xb
 1167 0090 3B       		.uleb128 0x3b
 1168 0091 0B       		.uleb128 0xb
 1169 0092 49       		.uleb128 0x49
 1170 0093 13       		.uleb128 0x13
 1171 0094 00       		.byte	0
 1172 0095 00       		.byte	0
 1173 0096 0D       		.uleb128 0xd
 1174 0097 26       		.uleb128 0x26
 1175 0098 00       		.byte	0
 1176 0099 49       		.uleb128 0x49
 1177 009a 13       		.uleb128 0x13
 1178 009b 00       		.byte	0
 1179 009c 00       		.byte	0
 1180 009d 0E       		.uleb128 0xe
 1181 009e 2E       		.uleb128 0x2e
 1182 009f 01       		.byte	0x1
 1183 00a0 3F       		.uleb128 0x3f
 1184 00a1 0C       		.uleb128 0xc
 1185 00a2 03       		.uleb128 0x3
 1186 00a3 08       		.uleb128 0x8
 1187 00a4 3A       		.uleb128 0x3a
 1188 00a5 0B       		.uleb128 0xb
 1189 00a6 3B       		.uleb128 0x3b
 1190 00a7 0B       		.uleb128 0xb
 1191 00a8 27       		.uleb128 0x27
 1192 00a9 0C       		.uleb128 0xc
 1193 00aa 49       		.uleb128 0x49
 1194 00ab 13       		.uleb128 0x13
 1195 00ac 11       		.uleb128 0x11
 1196 00ad 01       		.uleb128 0x1
 1197 00ae 12       		.uleb128 0x12
 1198 00af 01       		.uleb128 0x1
 1199 00b0 40       		.uleb128 0x40
 1200 00b1 06       		.uleb128 0x6
 1201 00b2 01       		.uleb128 0x1
 1202 00b3 13       		.uleb128 0x13
 1203 00b4 00       		.byte	0
 1204 00b5 00       		.byte	0
 1205 00b6 0F       		.uleb128 0xf
 1206 00b7 05       		.uleb128 0x5
 1207 00b8 00       		.byte	0
 1208 00b9 03       		.uleb128 0x3
 1209 00ba 08       		.uleb128 0x8
 1210 00bb 3A       		.uleb128 0x3a
 1211 00bc 0B       		.uleb128 0xb
 1212 00bd 3B       		.uleb128 0x3b
 1213 00be 0B       		.uleb128 0xb
 1214 00bf 49       		.uleb128 0x49
 1215 00c0 13       		.uleb128 0x13
GAS LISTING C:\cygwin\tmp\ccevnnXt.s 			page 26


 1216 00c1 02       		.uleb128 0x2
 1217 00c2 0A       		.uleb128 0xa
 1218 00c3 00       		.byte	0
 1219 00c4 00       		.byte	0
 1220 00c5 10       		.uleb128 0x10
 1221 00c6 34       		.uleb128 0x34
 1222 00c7 00       		.byte	0
 1223 00c8 03       		.uleb128 0x3
 1224 00c9 08       		.uleb128 0x8
 1225 00ca 3A       		.uleb128 0x3a
 1226 00cb 0B       		.uleb128 0xb
 1227 00cc 3B       		.uleb128 0x3b
 1228 00cd 0B       		.uleb128 0xb
 1229 00ce 49       		.uleb128 0x49
 1230 00cf 13       		.uleb128 0x13
 1231 00d0 02       		.uleb128 0x2
 1232 00d1 0A       		.uleb128 0xa
 1233 00d2 00       		.byte	0
 1234 00d3 00       		.byte	0
 1235 00d4 11       		.uleb128 0x11
 1236 00d5 2E       		.uleb128 0x2e
 1237 00d6 01       		.byte	0x1
 1238 00d7 3F       		.uleb128 0x3f
 1239 00d8 0C       		.uleb128 0xc
 1240 00d9 03       		.uleb128 0x3
 1241 00da 08       		.uleb128 0x8
 1242 00db 3A       		.uleb128 0x3a
 1243 00dc 0B       		.uleb128 0xb
 1244 00dd 3B       		.uleb128 0x3b
 1245 00de 0B       		.uleb128 0xb
 1246 00df 27       		.uleb128 0x27
 1247 00e0 0C       		.uleb128 0xc
 1248 00e1 11       		.uleb128 0x11
 1249 00e2 01       		.uleb128 0x1
 1250 00e3 12       		.uleb128 0x12
 1251 00e4 01       		.uleb128 0x1
 1252 00e5 40       		.uleb128 0x40
 1253 00e6 06       		.uleb128 0x6
 1254 00e7 01       		.uleb128 0x1
 1255 00e8 13       		.uleb128 0x13
 1256 00e9 00       		.byte	0
 1257 00ea 00       		.byte	0
 1258 00eb 12       		.uleb128 0x12
 1259 00ec 2E       		.uleb128 0x2e
 1260 00ed 00       		.byte	0
 1261 00ee 03       		.uleb128 0x3
 1262 00ef 08       		.uleb128 0x8
 1263 00f0 27       		.uleb128 0x27
 1264 00f1 0C       		.uleb128 0xc
 1265 00f2 34       		.uleb128 0x34
 1266 00f3 0C       		.uleb128 0xc
 1267 00f4 11       		.uleb128 0x11
 1268 00f5 01       		.uleb128 0x1
 1269 00f6 12       		.uleb128 0x12
 1270 00f7 01       		.uleb128 0x1
 1271 00f8 40       		.uleb128 0x40
 1272 00f9 06       		.uleb128 0x6
GAS LISTING C:\cygwin\tmp\ccevnnXt.s 			page 27


 1273 00fa 00       		.byte	0
 1274 00fb 00       		.byte	0
 1275 00fc 13       		.uleb128 0x13
 1276 00fd 34       		.uleb128 0x34
 1277 00fe 00       		.byte	0
 1278 00ff 03       		.uleb128 0x3
 1279 0100 08       		.uleb128 0x8
 1280 0101 3A       		.uleb128 0x3a
 1281 0102 0B       		.uleb128 0xb
 1282 0103 3B       		.uleb128 0x3b
 1283 0104 0B       		.uleb128 0xb
 1284 0105 49       		.uleb128 0x49
 1285 0106 13       		.uleb128 0x13
 1286 0107 3F       		.uleb128 0x3f
 1287 0108 0C       		.uleb128 0xc
 1288 0109 3C       		.uleb128 0x3c
 1289 010a 0C       		.uleb128 0xc
 1290 010b 00       		.byte	0
 1291 010c 00       		.byte	0
 1292 010d 00       		.byte	0
 1293              		.section	.debug_loc,"dr"
 1294              	Ldebug_loc0:
 1295              	LLST0:
 1296 0000 00000000 		.long	LFB0-Ltext0
 1297 0004 03000000 		.long	LCFI0-Ltext0
 1298 0008 0200     		.word	0x2
 1299 000a 74       		.byte	0x74
 1300 000b 04       		.sleb128 4
 1301 000c 03000000 		.long	LCFI0-Ltext0
 1302 0010 37010000 		.long	LCFI1-Ltext0
 1303 0014 0200     		.word	0x2
 1304 0016 74       		.byte	0x74
 1305 0017 30       		.sleb128 48
 1306 0018 37010000 		.long	LCFI1-Ltext0
 1307 001c 38010000 		.long	LFE0-Ltext0
 1308 0020 0200     		.word	0x2
 1309 0022 74       		.byte	0x74
 1310 0023 04       		.sleb128 4
 1311 0024 00000000 		.long	0
 1312 0028 00000000 		.long	0
 1313              	LLST1:
 1314 002c 38010000 		.long	LFB1-Ltext0
 1315 0030 3B010000 		.long	LCFI2-Ltext0
 1316 0034 0200     		.word	0x2
 1317 0036 74       		.byte	0x74
 1318 0037 04       		.sleb128 4
 1319 0038 3B010000 		.long	LCFI2-Ltext0
 1320 003c 29020000 		.long	LCFI3-Ltext0
 1321 0040 0200     		.word	0x2
 1322 0042 74       		.byte	0x74
 1323 0043 30       		.sleb128 48
 1324 0044 29020000 		.long	LCFI3-Ltext0
 1325 0048 2A020000 		.long	LFE1-Ltext0
 1326 004c 0200     		.word	0x2
 1327 004e 74       		.byte	0x74
 1328 004f 04       		.sleb128 4
 1329 0050 00000000 		.long	0
GAS LISTING C:\cygwin\tmp\ccevnnXt.s 			page 28


 1330 0054 00000000 		.long	0
 1331              	LLST2:
 1332 0058 2A020000 		.long	LFB2-Ltext0
 1333 005c 2D020000 		.long	LCFI4-Ltext0
 1334 0060 0200     		.word	0x2
 1335 0062 74       		.byte	0x74
 1336 0063 04       		.sleb128 4
 1337 0064 2D020000 		.long	LCFI4-Ltext0
 1338 0068 B6020000 		.long	LCFI5-Ltext0
 1339 006c 0200     		.word	0x2
 1340 006e 74       		.byte	0x74
 1341 006f 20       		.sleb128 32
 1342 0070 B6020000 		.long	LCFI5-Ltext0
 1343 0074 B7020000 		.long	LFE2-Ltext0
 1344 0078 0200     		.word	0x2
 1345 007a 74       		.byte	0x74
 1346 007b 04       		.sleb128 4
 1347 007c 00000000 		.long	0
 1348 0080 00000000 		.long	0
 1349              	LLST3:
 1350 0084 B7020000 		.long	LFB3-Ltext0
 1351 0088 BA020000 		.long	LCFI6-Ltext0
 1352 008c 0200     		.word	0x2
 1353 008e 74       		.byte	0x74
 1354 008f 04       		.sleb128 4
 1355 0090 BA020000 		.long	LCFI6-Ltext0
 1356 0094 C9020000 		.long	LCFI7-Ltext0
 1357 0098 0200     		.word	0x2
 1358 009a 74       		.byte	0x74
 1359 009b 20       		.sleb128 32
 1360 009c C9020000 		.long	LCFI7-Ltext0
 1361 00a0 CA020000 		.long	LFE3-Ltext0
 1362 00a4 0200     		.word	0x2
 1363 00a6 74       		.byte	0x74
 1364 00a7 04       		.sleb128 4
 1365 00a8 00000000 		.long	0
 1366 00ac 00000000 		.long	0
 1367              		.section	.debug_aranges,"dr"
 1368 0000 1C000000 		.long	0x1c
 1369 0004 0200     		.word	0x2
 1370 0006 00000000 		.secrel32	Ldebug_info0
 1371 000a 04       		.byte	0x4
 1372 000b 00       		.byte	0
 1373 000c 0000     		.word	0
 1374 000e 0000     		.word	0
 1375 0010 00000000 		.long	Ltext0
 1376 0014 CA020000 		.long	Letext0-Ltext0
 1377 0018 00000000 		.long	0
 1378 001c 00000000 		.long	0
 1379              		.section	.debug_line,"dr"
 1380              	Ldebug_line0:
 1381 0000 49010000 		.section	.debug_str,"dr"
 1381      0200F700 
 1381      00000101 
 1381      FB0E0D00 
 1381      01010101 
 1382              	LASF0:
GAS LISTING C:\cygwin\tmp\ccevnnXt.s 			page 29


 1383 0000 705F6E65 		.ascii "p_next\0"
 1383      787400
 1384              		.def	_queue_insert;	.scl	2;	.type	32;	.endef
 1385              		.def	_chSchReadyI;	.scl	2;	.type	32;	.endef
 1386              		.def	_chSchGoSleepS;	.scl	2;	.type	32;	.endef
 1387              		.def	_fifo_remove;	.scl	2;	.type	32;	.endef
 1388              		.def	_chSchWakeupS;	.scl	2;	.type	32;	.endef
 1389              		.def	___gcov_merge_add;	.scl	2;	.type	32;	.endef
 1390              		.def	___gcov_init;	.scl	2;	.type	32;	.endef
GAS LISTING C:\cygwin\tmp\ccevnnXt.s 			page 30


DEFINED SYMBOLS
                            *ABS*:00000000 chmsg.c
C:\cygwin\tmp\ccevnnXt.s:44     .text:00000000 _chMsgSend
C:\cygwin\tmp\ccevnnXt.s:154    .text:00000138 _chMsgWait
C:\cygwin\tmp\ccevnnXt.s:241    .text:0000022a _chMsgRelease
C:\cygwin\tmp\ccevnnXt.s:350    .text:000002b7 __GLOBAL__sub_I_65535_0_chMsgSend

UNDEFINED SYMBOLS
_rlist
_queue_insert
_chSchReadyI
_chSchGoSleepS
_fifo_remove
_chSchWakeupS
___gcov_merge_add
___gcov_init
