GAS LISTING C:\cygwin\tmp\ccMb7zBG.s 			page 1


   1              		.file	"chregistry.c"
   2              	 # GNU C (GCC) version 4.6.2 (mingw32)
   3              	 #	compiled by GNU C version 4.6.2, GMP version 5.0.1, MPFR version 2.4.1, MPC version 0.8.1
   4              	 # GGC heuristics: --param ggc-min-expand=100 --param ggc-min-heapsize=131072
   5              	 # options passed:  -I . -I ../../os/ports/GCC/SIMIA32
   6              	 # -I ../../os/kernel/include -I ../../test -I ../../os/hal/include
   7              	 # -I ../../os/hal/platforms/Win32 -I ../../boards/simulator
   8              	 # -I ../../os/various -iprefix c:\mingw\bin\../lib/gcc/mingw32/4.6.2/
   9              	 # -MD ../../os/kernel/src/chregistry.d -MF .dep/chregistry.o.d -MP
  10              	 # -MQ ../../os/kernel/src/chregistry.o -D SIMULATOR
  11              	 # ../../os/kernel/src/chregistry.c -mtune=i386 -march=i386
  12              	 # -auxbase-strip ../../os/kernel/src/chregistry.o -ggdb -O0 -Wall -Wextra
  13              	 # -Wstrict-prototypes -fomit-frame-pointer -fprofile-arcs -ftest-coverage
  14              	 # -fverbose-asm
  15              	 # options enabled:  -fasynchronous-unwind-tables -fauto-inc-dec
  16              	 # -fbranch-count-reg -fcommon -fdelete-null-pointer-checks
  17              	 # -fdwarf2-cfi-asm -fearly-inlining -feliminate-unused-debug-types
  18              	 # -ffunction-cse -fgcse-lm -fident -finline-functions-called-once
  19              	 # -fira-share-save-slots -fira-share-spill-slots -fivopts
  20              	 # -fkeep-inline-dllexport -fkeep-static-consts -fleading-underscore
  21              	 # -fmath-errno -fmerge-debug-strings -fmove-loop-invariants
  22              	 # -fomit-frame-pointer -fpeephole -fprefetch-loop-arrays -fprofile-arcs
  23              	 # -freg-struct-return -fsched-critical-path-heuristic
  24              	 # -fsched-dep-count-heuristic -fsched-group-heuristic -fsched-interblock
  25              	 # -fsched-last-insn-heuristic -fsched-rank-heuristic -fsched-spec
  26              	 # -fsched-spec-insn-heuristic -fsched-stalled-insns-dep
  27              	 # -fset-stack-executable -fshow-column -fsigned-zeros
  28              	 # -fsplit-ivs-in-unroller -fstrict-volatile-bitfields -ftest-coverage
  29              	 # -ftrapping-math -ftree-cselim -ftree-forwprop -ftree-loop-if-convert
  30              	 # -ftree-loop-im -ftree-loop-ivcanon -ftree-loop-optimize
  31              	 # -ftree-parallelize-loops= -ftree-phiprop -ftree-pta -ftree-reassoc
  32              	 # -ftree-scev-cprop -ftree-slp-vectorize -ftree-vect-loop-version
  33              	 # -funit-at-a-time -funwind-tables -fvect-cost-model -fverbose-asm
  34              	 # -fzero-initialized-in-bss -m32 -m80387 -m96bit-long-double
  35              	 # -maccumulate-outgoing-args -malign-double -malign-stringops
  36              	 # -mfancy-math-387 -mfp-ret-in-387 -mieee-fp -mno-red-zone -mno-sse4
  37              	 # -mpush-args -msahf -mstack-arg-probe
  38              	
  39              		.text
  40              	Ltext0:
  41              	 # Compiler executable checksum: c20aed7c018482d7b62efcd5dcab2a9d
  42              	
  43              		.globl	_ch_debug
  44              		.section .rdata,"dr"
  45              		.align 2
  46              	_ch_debug:
  47              	 # ch_identifier:
  48 0000 6D61696E 		.ascii "main"
  49              	 # ch_zero:
  50 0004 00       		.byte	0
  51              	 # ch_size:
  52 0005 16       		.byte	22
  53              	 # ch_version:
  54 0006 4211     		.word	4418
  55              	 # ch_ptrsize:
  56 0008 04       		.byte	4
  57              	 # ch_timesize:
GAS LISTING C:\cygwin\tmp\ccMb7zBG.s 			page 2


  58 0009 04       		.byte	4
  59              	 # ch_threadsize:
  60 000a 48       		.byte	72
  61              	 # cf_off_prio:
  62 000b 08       		.byte	8
  63              	 # cf_off_ctx:
  64 000c 0C       		.byte	12
  65              	 # cf_off_newer:
  66 000d 10       		.byte	16
  67              	 # cf_off_older:
  68 000e 14       		.byte	20
  69              	 # cf_off_name:
  70 000f 18       		.byte	24
  71              	 # cf_off_stklimit:
  72 0010 00       		.byte	0
  73              	 # cf_off_state:
  74 0011 1C       		.byte	28
  75              	 # cf_off_flags:
  76 0012 1D       		.byte	29
  77              	 # cf_off_refs:
  78 0013 1E       		.byte	30
  79              	 # cf_off_preempt:
  80 0014 1F       		.byte	31
  81              	 # cf_off_time:
  82 0015 20       		.byte	32
  83              		.text
  84              		.globl	_chRegFirstThread
  85              		.def	_chRegFirstThread;	.scl	2;	.type	32;	.endef
  86              	_chRegFirstThread:
  87              	LFB0:
  88              		.file 1 "../../os/kernel/src/chregistry.c"
  89              		.loc 1 110 0
  90              		.cfi_startproc
  91 0000 83EC14   		subl	$20, %esp	 #,
  92              	LCFI0:
  93              		.cfi_def_cfa_offset 24
  94              		.loc 1 110 0
  95 0003 A1280000 		movl	LPBX1+40, %eax	 # *LPBX1, PROF_edge_counter.1
  95      00
  96 0008 8B152C00 		movl	LPBX1+44, %edx	 # *LPBX1, PROF_edge_counter.1
  96      0000
  97 000e 83C001   		addl	$1, %eax	 #, PROF_edge_counter.1
  98 0011 83D200   		adcl	$0, %edx	 #, PROF_edge_counter.1
  99 0014 A3280000 		movl	%eax, LPBX1+40	 # PROF_edge_counter.1, *LPBX1
  99      00
 100 0019 89152C00 		movl	%edx, LPBX1+44	 # PROF_edge_counter.1, *LPBX1
 100      0000
 101              		.loc 1 113 0
 102              	/APP
 103              	 # 113 "../../os/kernel/src/chregistry.c" 1
 104 001f 90       		nop
 105              	 # 0 "" 2
 106              	/NO_APP
 107 0020 A1300000 		movl	LPBX1+48, %eax	 # *LPBX1, PROF_edge_counter.1
 107      00
 108 0025 8B153400 		movl	LPBX1+52, %edx	 # *LPBX1, PROF_edge_counter.1
 108      0000
GAS LISTING C:\cygwin\tmp\ccMb7zBG.s 			page 3


 109 002b 83C001   		addl	$1, %eax	 #, PROF_edge_counter.1
 110 002e 83D200   		adcl	$0, %edx	 #, PROF_edge_counter.1
 111 0031 A3300000 		movl	%eax, LPBX1+48	 # PROF_edge_counter.1, *LPBX1
 111      00
 112 0036 89153400 		movl	%edx, LPBX1+52	 # PROF_edge_counter.1, *LPBX1
 112      0000
 113              		.loc 1 114 0
 114 003c A1100000 		movl	_rlist+16, %eax	 # rlist.r_newer, tmp69
 114      00
 115 0041 8944240C 		movl	%eax, 12(%esp)	 # tmp69, tp
 116              		.loc 1 116 0
 117 0045 8B44240C 		movl	12(%esp), %eax	 # tp, tmp70
 118 0049 8A401E   		movb	30(%eax), %al	 # tp_1->p_refs, D.2734
 119 004c 8D5001   		leal	1(%eax), %edx	 #, D.2735
 120 004f 8B44240C 		movl	12(%esp), %eax	 # tp, tmp71
 121 0053 88501E   		movb	%dl, 30(%eax)	 # D.2735, tp_1->p_refs
 122              		.loc 1 118 0
 123              	/APP
 124              	 # 118 "../../os/kernel/src/chregistry.c" 1
 125 0056 90       		nop
 126              	 # 0 "" 2
 127              	/NO_APP
 128 0057 A1380000 		movl	LPBX1+56, %eax	 # *LPBX1, PROF_edge_counter.1
 128      00
 129 005c 8B153C00 		movl	LPBX1+60, %edx	 # *LPBX1, PROF_edge_counter.1
 129      0000
 130 0062 83C001   		addl	$1, %eax	 #, PROF_edge_counter.1
 131 0065 83D200   		adcl	$0, %edx	 #, PROF_edge_counter.1
 132 0068 A3380000 		movl	%eax, LPBX1+56	 # PROF_edge_counter.1, *LPBX1
 132      00
 133 006d 89153C00 		movl	%edx, LPBX1+60	 # PROF_edge_counter.1, *LPBX1
 133      0000
 134              		.loc 1 119 0
 135 0073 8B44240C 		movl	12(%esp), %eax	 # tp, D.2736
 136              		.loc 1 120 0
 137 0077 83C414   		addl	$20, %esp	 #,
 138              	LCFI1:
 139              		.cfi_def_cfa_offset 4
 140 007a C3       		ret
 141              		.cfi_endproc
 142              	LFE0:
 143              		.globl	_chRegNextThread
 144              		.def	_chRegNextThread;	.scl	2;	.type	32;	.endef
 145              	_chRegNextThread:
 146              	LFB1:
 147              		.loc 1 133 0
 148              		.cfi_startproc
 149 007b 83EC2C   		subl	$44, %esp	 #,
 150              	LCFI2:
 151              		.cfi_def_cfa_offset 48
 152              		.loc 1 133 0
 153 007e A1000000 		movl	LPBX1, %eax	 # *LPBX1, PROF_edge_counter.0
 153      00
 154 0083 8B150400 		movl	LPBX1+4, %edx	 # *LPBX1, PROF_edge_counter.0
 154      0000
 155 0089 83C001   		addl	$1, %eax	 #, PROF_edge_counter.0
 156 008c 83D200   		adcl	$0, %edx	 #, PROF_edge_counter.0
GAS LISTING C:\cygwin\tmp\ccMb7zBG.s 			page 4


 157 008f A3000000 		movl	%eax, LPBX1	 # PROF_edge_counter.0, *LPBX1
 157      00
 158 0094 89150400 		movl	%edx, LPBX1+4	 # PROF_edge_counter.0, *LPBX1
 158      0000
 159              		.loc 1 136 0
 160              	/APP
 161              	 # 136 "../../os/kernel/src/chregistry.c" 1
 162 009a 90       		nop
 163              	 # 0 "" 2
 164              		.loc 1 137 0
 165              	/NO_APP
 166 009b 8B442430 		movl	48(%esp), %eax	 # tp, tmp74
 167 009f 8B4010   		movl	16(%eax), %eax	 # tp_2(D)->p_newer, tmp75
 168 00a2 8944241C 		movl	%eax, 28(%esp)	 # tmp75, ntp
 169              		.loc 1 138 0
 170 00a6 817C241C 		cmpl	$_rlist, 28(%esp)	 #, ntp
 170      00000000 
 171 00ae 7526     		jne	L3	 #,
 172              		.loc 1 139 0
 173 00b0 C744241C 		movl	$0, 28(%esp)	 #, ntp
 173      00000000 
 174 00b8 A1080000 		movl	LPBX1+8, %eax	 # *LPBX1, PROF_edge_counter.0
 174      00
 175 00bd 8B150C00 		movl	LPBX1+12, %edx	 # *LPBX1, PROF_edge_counter.0
 175      0000
 176 00c3 83C001   		addl	$1, %eax	 #, PROF_edge_counter.0
 177 00c6 83D200   		adcl	$0, %edx	 #, PROF_edge_counter.0
 178 00c9 A3080000 		movl	%eax, LPBX1+8	 # PROF_edge_counter.0, *LPBX1
 178      00
 179 00ce 89150C00 		movl	%edx, LPBX1+12	 # PROF_edge_counter.0, *LPBX1
 179      0000
 180 00d4 EB2D     		jmp	L4	 #
 181              	L3:
 182              		.loc 1 144 0
 183 00d6 8B44241C 		movl	28(%esp), %eax	 # ntp, tmp77
 184 00da 8A401E   		movb	30(%eax), %al	 # ntp_3->p_refs, D.2730
 185 00dd 8D5001   		leal	1(%eax), %edx	 #, D.2731
 186 00e0 8B44241C 		movl	28(%esp), %eax	 # ntp, tmp78
 187 00e4 88501E   		movb	%dl, 30(%eax)	 # D.2731, ntp_3->p_refs
 188 00e7 A1100000 		movl	LPBX1+16, %eax	 # *LPBX1, PROF_edge_counter.0
 188      00
 189 00ec 8B151400 		movl	LPBX1+20, %edx	 # *LPBX1, PROF_edge_counter.0
 189      0000
 190 00f2 83C001   		addl	$1, %eax	 #, PROF_edge_counter.0
 191 00f5 83D200   		adcl	$0, %edx	 #, PROF_edge_counter.0
 192 00f8 A3100000 		movl	%eax, LPBX1+16	 # PROF_edge_counter.0, *LPBX1
 192      00
 193 00fd 89151400 		movl	%edx, LPBX1+20	 # PROF_edge_counter.0, *LPBX1
 193      0000
 194              	L4:
 195              		.loc 1 147 0
 196              	/APP
 197              	 # 147 "../../os/kernel/src/chregistry.c" 1
 198 0103 90       		nop
 199              	 # 0 "" 2
 200              	/NO_APP
 201 0104 A1180000 		movl	LPBX1+24, %eax	 # *LPBX1, PROF_edge_counter.0
GAS LISTING C:\cygwin\tmp\ccMb7zBG.s 			page 5


 201      00
 202 0109 8B151C00 		movl	LPBX1+28, %edx	 # *LPBX1, PROF_edge_counter.0
 202      0000
 203 010f 83C001   		addl	$1, %eax	 #, PROF_edge_counter.0
 204 0112 83D200   		adcl	$0, %edx	 #, PROF_edge_counter.0
 205 0115 A3180000 		movl	%eax, LPBX1+24	 # PROF_edge_counter.0, *LPBX1
 205      00
 206 011a 89151C00 		movl	%edx, LPBX1+28	 # PROF_edge_counter.0, *LPBX1
 206      0000
 207              		.loc 1 149 0
 208 0120 8B442430 		movl	48(%esp), %eax	 # tp, tmp79
 209 0124 890424   		movl	%eax, (%esp)	 # tmp79,
 210 0127 E8000000 		call	_chThdRelease	 #
 210      00
 211 012c A1200000 		movl	LPBX1+32, %eax	 # *LPBX1, PROF_edge_counter.0
 211      00
 212 0131 8B152400 		movl	LPBX1+36, %edx	 # *LPBX1, PROF_edge_counter.0
 212      0000
 213 0137 83C001   		addl	$1, %eax	 #, PROF_edge_counter.0
 214 013a 83D200   		adcl	$0, %edx	 #, PROF_edge_counter.0
 215 013d A3200000 		movl	%eax, LPBX1+32	 # PROF_edge_counter.0, *LPBX1
 215      00
 216 0142 89152400 		movl	%edx, LPBX1+36	 # PROF_edge_counter.0, *LPBX1
 216      0000
 217              		.loc 1 151 0
 218 0148 8B44241C 		movl	28(%esp), %eax	 # ntp, D.2732
 219              		.loc 1 152 0
 220 014c 83C42C   		addl	$44, %esp	 #,
 221              	LCFI3:
 222              		.cfi_def_cfa_offset 4
 223 014f C3       		ret
 224              		.cfi_endproc
 225              	LFE1:
 226              	.lcomm LPBX1,64,32
 227              		.section .rdata,"dr"
 228 0016 0000     		.align 4
 229              	LC0:
 230 0018 433A5C64 		.ascii "C:\\develop\\gyro\\ChibiOS\\test\\coverage/../../os/kernel/src/chregistry.gcda\0"
 230      6576656C 
 230      6F705C67 
 230      79726F5C 
 230      43686962 
 231 0062 0000     		.data
 232              		.align 4
 233              	LC1:
 234              	 # <anonymous>:
 235 0000 02000000 		.long	2
 236              	 # <anonymous>:
 237 0004 8DC04723 		.long	591904909
 238              	 # <anonymous>:
 239 0008 05000000 		.long	5
 240              	 # <anonymous>:
 241 000c 01000000 		.long	1
 242              	 # <anonymous>:
 243 0010 04BEE61F 		.long	535215620
 244              	 # <anonymous>:
 245 0014 03000000 		.long	3
GAS LISTING C:\cygwin\tmp\ccMb7zBG.s 			page 6


 246 0018 00000000 		.align 32
 246      00000000 
 247              	LPBX0:
 248              	 # <anonymous>:
 249 0020 2A363034 		.long	875574826
 250              	 # <anonymous>:
 251 0024 00000000 		.long	0
 252              	 # <anonymous>:
 253 0028 DF1A7060 		.long	1617959647
 254              	 # <anonymous>:
 255 002c 18000000 		.long	LC0
 256              	 # <anonymous>:
 257 0030 02000000 		.long	2
 258              	 # <anonymous>:
 259 0034 00000000 		.long	LC1
 260              	 # <anonymous>:
 261 0038 01000000 		.long	1
 262              	 # <anonymous>:
 263              	 # <anonymous>:
 264 003c 08000000 		.long	8
 265              	 # <anonymous>:
 266 0040 00000000 		.long	LPBX1
 267              	 # <anonymous>:
 268 0044 00000000 		.long	___gcov_merge_add
 269 0048 00000000 		.space 12
 269      00000000 
 269      00000000 
 270 0054 00000000 		.text
 270      00000000 
 270      00000000 
 271              		.def	__GLOBAL__sub_I_65535_0_ch_debug;	.scl	3;	.type	32;	.endef
 272              	__GLOBAL__sub_I_65535_0_ch_debug:
 273              	LFB2:
 274              		.loc 1 152 0
 275              		.cfi_startproc
 276 0150 83EC1C   		subl	$28, %esp	 #,
 277              	LCFI4:
 278              		.cfi_def_cfa_offset 32
 279              		.loc 1 152 0
 280 0153 C7042420 		movl	$LPBX0, (%esp)	 #,
 280      000000
 281 015a E8000000 		call	___gcov_init	 #
 281      00
 282 015f 83C41C   		addl	$28, %esp	 #,
 283              	LCFI5:
 284              		.cfi_def_cfa_offset 4
 285 0162 C3       		ret
 286              		.cfi_endproc
 287              	LFE2:
 288              		.section	.ctors,"w"
 289              		.align 4
 290 0000 50010000 		.long	__GLOBAL__sub_I_65535_0_ch_debug
 291              		.text
 292              	Letext0:
 293              		.file 2 "c:/mingw/bin/../lib/gcc/mingw32/4.6.2/include/stddef.h"
 294              		.file 3 "c:/mingw/bin/../lib/gcc/mingw32/4.6.2/../../../../include/stdint.h"
 295              		.file 4 "../../os/ports/GCC/SIMIA32/chtypes.h"
GAS LISTING C:\cygwin\tmp\ccMb7zBG.s 			page 7


 296              		.file 5 "../../os/kernel/include/chlists.h"
 297              		.file 6 "../../os/kernel/include/chthreads.h"
 298              		.file 7 "../../os/ports/GCC/SIMIA32/chcore.h"
 299              		.file 8 "../../os/kernel/include/chschd.h"
 300              		.file 9 "../../os/kernel/include/chmtx.h"
 301              		.file 10 "../../os/kernel/include/chregistry.h"
 302 0163 90       		.section	.debug_info,"dr"
 303              	Ldebug_info0:
 304 0000 1F080000 		.long	0x81f
 305 0004 0200     		.word	0x2
 306 0006 00000000 		.secrel32	Ldebug_abbrev0
 307 000a 04       		.byte	0x4
 308 000b 01       		.uleb128 0x1
 309 000c 474E5520 		.ascii "GNU C 4.6.2\0"
 309      4320342E 
 309      362E3200 
 310 0018 01       		.byte	0x1
 311 0019 2E2E2F2E 		.ascii "../../os/kernel/src/chregistry.c\0"
 311      2E2F6F73 
 311      2F6B6572 
 311      6E656C2F 
 311      7372632F 
 312 003a 433A5C64 		.ascii "C:\\develop\\gyro\\ChibiOS\\test\\coverage\0"
 312      6576656C 
 312      6F705C67 
 312      79726F5C 
 312      43686962 
 313 0060 00000000 		.long	Ltext0
 314 0064 63010000 		.long	Letext0
 315 0068 00000000 		.secrel32	Ldebug_line0
 316 006c 02       		.uleb128 0x2
 317 006d 04       		.byte	0x4
 318 006e 05       		.byte	0x5
 319 006f 696E7400 		.ascii "int\0"
 320 0073 03       		.uleb128 0x3
 321 0074 73697A65 		.ascii "size_t\0"
 321      5F7400
 322 007b 02       		.byte	0x2
 323 007c D4       		.byte	0xd4
 324 007d 81000000 		.long	0x81
 325 0081 02       		.uleb128 0x2
 326 0082 04       		.byte	0x4
 327 0083 07       		.byte	0x7
 328 0084 756E7369 		.ascii "unsigned int\0"
 328      676E6564 
 328      20696E74 
 328      00
 329 0091 02       		.uleb128 0x2
 330 0092 02       		.byte	0x2
 331 0093 07       		.byte	0x7
 332 0094 73686F72 		.ascii "short unsigned int\0"
 332      7420756E 
 332      7369676E 
 332      65642069 
 332      6E7400
 333 00a7 02       		.uleb128 0x2
 334 00a8 01       		.byte	0x1
GAS LISTING C:\cygwin\tmp\ccMb7zBG.s 			page 8


 335 00a9 06       		.byte	0x6
 336 00aa 7369676E 		.ascii "signed char\0"
 336      65642063 
 336      68617200 
 337 00b6 03       		.uleb128 0x3
 338 00b7 75696E74 		.ascii "uint8_t\0"
 338      385F7400 
 339 00bf 03       		.byte	0x3
 340 00c0 1C       		.byte	0x1c
 341 00c1 C5000000 		.long	0xc5
 342 00c5 02       		.uleb128 0x2
 343 00c6 01       		.byte	0x1
 344 00c7 08       		.byte	0x8
 345 00c8 756E7369 		.ascii "unsigned char\0"
 345      676E6564 
 345      20636861 
 345      7200
 346 00d6 02       		.uleb128 0x2
 347 00d7 02       		.byte	0x2
 348 00d8 05       		.byte	0x5
 349 00d9 73686F72 		.ascii "short int\0"
 349      7420696E 
 349      7400
 350 00e3 03       		.uleb128 0x3
 351 00e4 75696E74 		.ascii "uint16_t\0"
 351      31365F74 
 351      00
 352 00ed 03       		.byte	0x3
 353 00ee 1E       		.byte	0x1e
 354 00ef 91000000 		.long	0x91
 355 00f3 03       		.uleb128 0x3
 356 00f4 696E7433 		.ascii "int32_t\0"
 356      325F7400 
 357 00fc 03       		.byte	0x3
 358 00fd 1F       		.byte	0x1f
 359 00fe 6C000000 		.long	0x6c
 360 0102 03       		.uleb128 0x3
 361 0103 75696E74 		.ascii "uint32_t\0"
 361      33325F74 
 361      00
 362 010c 03       		.byte	0x3
 363 010d 20       		.byte	0x20
 364 010e 81000000 		.long	0x81
 365 0112 02       		.uleb128 0x2
 366 0113 08       		.byte	0x8
 367 0114 05       		.byte	0x5
 368 0115 6C6F6E67 		.ascii "long long int\0"
 368      206C6F6E 
 368      6720696E 
 368      7400
 369 0123 02       		.uleb128 0x2
 370 0124 08       		.byte	0x8
 371 0125 07       		.byte	0x7
 372 0126 6C6F6E67 		.ascii "long long unsigned int\0"
 372      206C6F6E 
 372      6720756E 
 372      7369676E 
GAS LISTING C:\cygwin\tmp\ccMb7zBG.s 			page 9


 372      65642069 
 373 013d 02       		.uleb128 0x2
 374 013e 01       		.byte	0x1
 375 013f 02       		.byte	0x2
 376 0140 5F426F6F 		.ascii "_Bool\0"
 376      6C00
 377 0146 03       		.uleb128 0x3
 378 0147 746D6F64 		.ascii "tmode_t\0"
 378      655F7400 
 379 014f 04       		.byte	0x4
 380 0150 1D       		.byte	0x1d
 381 0151 B6000000 		.long	0xb6
 382 0155 03       		.uleb128 0x3
 383 0156 74737461 		.ascii "tstate_t\0"
 383      74655F74 
 383      00
 384 015f 04       		.byte	0x4
 385 0160 1E       		.byte	0x1e
 386 0161 B6000000 		.long	0xb6
 387 0165 03       		.uleb128 0x3
 388 0166 74726566 		.ascii "trefs_t\0"
 388      735F7400 
 389 016e 04       		.byte	0x4
 390 016f 1F       		.byte	0x1f
 391 0170 B6000000 		.long	0xb6
 392 0174 03       		.uleb128 0x3
 393 0175 74736C69 		.ascii "tslices_t\0"
 393      6365735F 
 393      7400
 394 017f 04       		.byte	0x4
 395 0180 20       		.byte	0x20
 396 0181 B6000000 		.long	0xb6
 397 0185 03       		.uleb128 0x3
 398 0186 74707269 		.ascii "tprio_t\0"
 398      6F5F7400 
 399 018e 04       		.byte	0x4
 400 018f 21       		.byte	0x21
 401 0190 02010000 		.long	0x102
 402 0194 03       		.uleb128 0x3
 403 0195 6D73675F 		.ascii "msg_t\0"
 403      7400
 404 019b 04       		.byte	0x4
 405 019c 22       		.byte	0x22
 406 019d F3000000 		.long	0xf3
 407 01a1 03       		.uleb128 0x3
 408 01a2 6576656E 		.ascii "eventmask_t\0"
 408      746D6173 
 408      6B5F7400 
 409 01ae 04       		.byte	0x4
 410 01af 24       		.byte	0x24
 411 01b0 02010000 		.long	0x102
 412 01b4 03       		.uleb128 0x3
 413 01b5 73797374 		.ascii "systime_t\0"
 413      696D655F 
 413      7400
 414 01bf 04       		.byte	0x4
 415 01c0 26       		.byte	0x26
GAS LISTING C:\cygwin\tmp\ccMb7zBG.s 			page 10


 416 01c1 02010000 		.long	0x102
 417 01c5 03       		.uleb128 0x3
 418 01c6 54687265 		.ascii "Thread\0"
 418      616400
 419 01cd 05       		.byte	0x5
 420 01ce 23       		.byte	0x23
 421 01cf D3010000 		.long	0x1d3
 422 01d3 04       		.uleb128 0x4
 423 01d4 54687265 		.ascii "Thread\0"
 423      616400
 424 01db 48       		.byte	0x48
 425 01dc 06       		.byte	0x6
 426 01dd 57       		.byte	0x57
 427 01de 49030000 		.long	0x349
 428 01e2 05       		.uleb128 0x5
 429 01e3 00000000 		.secrel32	LASF0
 430 01e7 06       		.byte	0x6
 431 01e8 58       		.byte	0x58
 432 01e9 71030000 		.long	0x371
 433 01ed 02       		.byte	0x2
 434 01ee 23       		.byte	0x23
 435 01ef 00       		.uleb128 0
 436 01f0 06       		.uleb128 0x6
 437 01f1 705F7072 		.ascii "p_prev\0"
 437      657600
 438 01f8 06       		.byte	0x6
 439 01f9 5A       		.byte	0x5a
 440 01fa 71030000 		.long	0x371
 441 01fe 02       		.byte	0x2
 442 01ff 23       		.byte	0x23
 443 0200 04       		.uleb128 0x4
 444 0201 06       		.uleb128 0x6
 445 0202 705F7072 		.ascii "p_prio\0"
 445      696F00
 446 0209 06       		.byte	0x6
 447 020a 5C       		.byte	0x5c
 448 020b 85010000 		.long	0x185
 449 020f 02       		.byte	0x2
 450 0210 23       		.byte	0x23
 451 0211 08       		.uleb128 0x8
 452 0212 06       		.uleb128 0x6
 453 0213 705F6374 		.ascii "p_ctx\0"
 453      7800
 454 0219 06       		.byte	0x6
 455 021a 5D       		.byte	0x5d
 456 021b 1B040000 		.long	0x41b
 457 021f 02       		.byte	0x2
 458 0220 23       		.byte	0x23
 459 0221 0C       		.uleb128 0xc
 460 0222 06       		.uleb128 0x6
 461 0223 705F6E65 		.ascii "p_newer\0"
 461      77657200 
 462 022b 06       		.byte	0x6
 463 022c 5F       		.byte	0x5f
 464 022d 71030000 		.long	0x371
 465 0231 02       		.byte	0x2
 466 0232 23       		.byte	0x23
GAS LISTING C:\cygwin\tmp\ccMb7zBG.s 			page 11


 467 0233 10       		.uleb128 0x10
 468 0234 06       		.uleb128 0x6
 469 0235 705F6F6C 		.ascii "p_older\0"
 469      64657200 
 470 023d 06       		.byte	0x6
 471 023e 60       		.byte	0x60
 472 023f 71030000 		.long	0x371
 473 0243 02       		.byte	0x2
 474 0244 23       		.byte	0x23
 475 0245 14       		.uleb128 0x14
 476 0246 06       		.uleb128 0x6
 477 0247 705F6E61 		.ascii "p_name\0"
 477      6D6500
 478 024e 06       		.byte	0x6
 479 024f 67       		.byte	0x67
 480 0250 69050000 		.long	0x569
 481 0254 02       		.byte	0x2
 482 0255 23       		.byte	0x23
 483 0256 18       		.uleb128 0x18
 484 0257 06       		.uleb128 0x6
 485 0258 705F7374 		.ascii "p_state\0"
 485      61746500 
 486 0260 06       		.byte	0x6
 487 0261 72       		.byte	0x72
 488 0262 55010000 		.long	0x155
 489 0266 02       		.byte	0x2
 490 0267 23       		.byte	0x23
 491 0268 1C       		.uleb128 0x1c
 492 0269 06       		.uleb128 0x6
 493 026a 705F666C 		.ascii "p_flags\0"
 493      61677300 
 494 0272 06       		.byte	0x6
 495 0273 76       		.byte	0x76
 496 0274 46010000 		.long	0x146
 497 0278 02       		.byte	0x2
 498 0279 23       		.byte	0x23
 499 027a 1D       		.uleb128 0x1d
 500 027b 06       		.uleb128 0x6
 501 027c 705F7265 		.ascii "p_refs\0"
 501      667300
 502 0283 06       		.byte	0x6
 503 0284 7B       		.byte	0x7b
 504 0285 65010000 		.long	0x165
 505 0289 02       		.byte	0x2
 506 028a 23       		.byte	0x23
 507 028b 1E       		.uleb128 0x1e
 508 028c 06       		.uleb128 0x6
 509 028d 705F7072 		.ascii "p_preempt\0"
 509      65656D70 
 509      7400
 510 0297 06       		.byte	0x6
 511 0298 81       		.byte	0x81
 512 0299 74010000 		.long	0x174
 513 029d 02       		.byte	0x2
 514 029e 23       		.byte	0x23
 515 029f 1F       		.uleb128 0x1f
 516 02a0 06       		.uleb128 0x6
GAS LISTING C:\cygwin\tmp\ccMb7zBG.s 			page 12


 517 02a1 705F7469 		.ascii "p_time\0"
 517      6D6500
 518 02a8 06       		.byte	0x6
 519 02a9 88       		.byte	0x88
 520 02aa 45040000 		.long	0x445
 521 02ae 02       		.byte	0x2
 522 02af 23       		.byte	0x23
 523 02b0 20       		.uleb128 0x20
 524 02b1 06       		.uleb128 0x6
 525 02b2 705F7500 		.ascii "p_u\0"
 526 02b6 06       		.byte	0x6
 527 02b7 AD       		.byte	0xad
 528 02b8 26050000 		.long	0x526
 529 02bc 02       		.byte	0x2
 530 02bd 23       		.byte	0x23
 531 02be 24       		.uleb128 0x24
 532 02bf 06       		.uleb128 0x6
 533 02c0 705F7761 		.ascii "p_waiting\0"
 533      6974696E 
 533      6700
 534 02ca 06       		.byte	0x6
 535 02cb B2       		.byte	0xb2
 536 02cc A2030000 		.long	0x3a2
 537 02d0 02       		.byte	0x2
 538 02d1 23       		.byte	0x23
 539 02d2 28       		.uleb128 0x28
 540 02d3 06       		.uleb128 0x6
 541 02d4 705F6D73 		.ascii "p_msgqueue\0"
 541      67717565 
 541      756500
 542 02df 06       		.byte	0x6
 543 02e0 B8       		.byte	0xb8
 544 02e1 77030000 		.long	0x377
 545 02e5 02       		.byte	0x2
 546 02e6 23       		.byte	0x23
 547 02e7 2C       		.uleb128 0x2c
 548 02e8 06       		.uleb128 0x6
 549 02e9 705F6D73 		.ascii "p_msg\0"
 549      6700
 550 02ef 06       		.byte	0x6
 551 02f0 BC       		.byte	0xbc
 552 02f1 94010000 		.long	0x194
 553 02f5 02       		.byte	0x2
 554 02f6 23       		.byte	0x23
 555 02f7 34       		.uleb128 0x34
 556 02f8 06       		.uleb128 0x6
 557 02f9 705F6570 		.ascii "p_epending\0"
 557      656E6469 
 557      6E6700
 558 0304 06       		.byte	0x6
 559 0305 C2       		.byte	0xc2
 560 0306 A1010000 		.long	0x1a1
 561 030a 02       		.byte	0x2
 562 030b 23       		.byte	0x23
 563 030c 38       		.uleb128 0x38
 564 030d 06       		.uleb128 0x6
 565 030e 705F6D74 		.ascii "p_mtxlist\0"
GAS LISTING C:\cygwin\tmp\ccMb7zBG.s 			page 13


 565      786C6973 
 565      7400
 566 0318 06       		.byte	0x6
 567 0319 C9       		.byte	0xc9
 568 031a 7C050000 		.long	0x57c
 569 031e 02       		.byte	0x2
 570 031f 23       		.byte	0x23
 571 0320 3C       		.uleb128 0x3c
 572 0321 06       		.uleb128 0x6
 573 0322 705F7265 		.ascii "p_realprio\0"
 573      616C7072 
 573      696F00
 574 032d 06       		.byte	0x6
 575 032e CD       		.byte	0xcd
 576 032f 85010000 		.long	0x185
 577 0333 02       		.byte	0x2
 578 0334 23       		.byte	0x23
 579 0335 40       		.uleb128 0x40
 580 0336 06       		.uleb128 0x6
 581 0337 705F6D70 		.ascii "p_mpool\0"
 581      6F6F6C00 
 582 033f 06       		.byte	0x6
 583 0340 D3       		.byte	0xd3
 584 0341 C3030000 		.long	0x3c3
 585 0345 02       		.byte	0x2
 586 0346 23       		.byte	0x23
 587 0347 44       		.uleb128 0x44
 588 0348 00       		.byte	0
 589 0349 07       		.uleb128 0x7
 590 034a 08       		.byte	0x8
 591 034b 05       		.byte	0x5
 592 034c 5A       		.byte	0x5a
 593 034d 71030000 		.long	0x371
 594 0351 05       		.uleb128 0x5
 595 0352 00000000 		.secrel32	LASF0
 596 0356 05       		.byte	0x5
 597 0357 5B       		.byte	0x5b
 598 0358 71030000 		.long	0x371
 599 035c 02       		.byte	0x2
 600 035d 23       		.byte	0x23
 601 035e 00       		.uleb128 0
 602 035f 06       		.uleb128 0x6
 603 0360 705F7072 		.ascii "p_prev\0"
 603      657600
 604 0367 05       		.byte	0x5
 605 0368 5D       		.byte	0x5d
 606 0369 71030000 		.long	0x371
 607 036d 02       		.byte	0x2
 608 036e 23       		.byte	0x23
 609 036f 04       		.uleb128 0x4
 610 0370 00       		.byte	0
 611 0371 08       		.uleb128 0x8
 612 0372 04       		.byte	0x4
 613 0373 C5010000 		.long	0x1c5
 614 0377 03       		.uleb128 0x3
 615 0378 54687265 		.ascii "ThreadsQueue\0"
 615      61647351 
GAS LISTING C:\cygwin\tmp\ccMb7zBG.s 			page 14


 615      75657565 
 615      00
 616 0385 05       		.byte	0x5
 617 0386 5F       		.byte	0x5f
 618 0387 49030000 		.long	0x349
 619 038b 07       		.uleb128 0x7
 620 038c 04       		.byte	0x4
 621 038d 05       		.byte	0x5
 622 038e 64       		.byte	0x64
 623 038f A2030000 		.long	0x3a2
 624 0393 05       		.uleb128 0x5
 625 0394 00000000 		.secrel32	LASF0
 626 0398 05       		.byte	0x5
 627 0399 66       		.byte	0x66
 628 039a 71030000 		.long	0x371
 629 039e 02       		.byte	0x2
 630 039f 23       		.byte	0x23
 631 03a0 00       		.uleb128 0
 632 03a1 00       		.byte	0
 633 03a2 03       		.uleb128 0x3
 634 03a3 54687265 		.ascii "ThreadsList\0"
 634      6164734C 
 634      69737400 
 635 03af 05       		.byte	0x5
 636 03b0 69       		.byte	0x69
 637 03b1 8B030000 		.long	0x38b
 638 03b5 03       		.uleb128 0x3
 639 03b6 72656778 		.ascii "regx86\0"
 639      383600
 640 03bd 07       		.byte	0x7
 641 03be 44       		.byte	0x44
 642 03bf C3030000 		.long	0x3c3
 643 03c3 09       		.uleb128 0x9
 644 03c4 04       		.byte	0x4
 645 03c5 04       		.uleb128 0x4
 646 03c6 696E7463 		.ascii "intctx\0"
 646      747800
 647 03cd 14       		.byte	0x14
 648 03ce 07       		.byte	0x7
 649 03cf 52       		.byte	0x52
 650 03d0 1B040000 		.long	0x41b
 651 03d4 06       		.uleb128 0x6
 652 03d5 65627800 		.ascii "ebx\0"
 653 03d9 07       		.byte	0x7
 654 03da 53       		.byte	0x53
 655 03db B5030000 		.long	0x3b5
 656 03df 02       		.byte	0x2
 657 03e0 23       		.byte	0x23
 658 03e1 00       		.uleb128 0
 659 03e2 06       		.uleb128 0x6
 660 03e3 65646900 		.ascii "edi\0"
 661 03e7 07       		.byte	0x7
 662 03e8 54       		.byte	0x54
 663 03e9 B5030000 		.long	0x3b5
 664 03ed 02       		.byte	0x2
 665 03ee 23       		.byte	0x23
 666 03ef 04       		.uleb128 0x4
GAS LISTING C:\cygwin\tmp\ccMb7zBG.s 			page 15


 667 03f0 06       		.uleb128 0x6
 668 03f1 65736900 		.ascii "esi\0"
 669 03f5 07       		.byte	0x7
 670 03f6 55       		.byte	0x55
 671 03f7 B5030000 		.long	0x3b5
 672 03fb 02       		.byte	0x2
 673 03fc 23       		.byte	0x23
 674 03fd 08       		.uleb128 0x8
 675 03fe 06       		.uleb128 0x6
 676 03ff 65627000 		.ascii "ebp\0"
 677 0403 07       		.byte	0x7
 678 0404 56       		.byte	0x56
 679 0405 B5030000 		.long	0x3b5
 680 0409 02       		.byte	0x2
 681 040a 23       		.byte	0x23
 682 040b 0C       		.uleb128 0xc
 683 040c 06       		.uleb128 0x6
 684 040d 65697000 		.ascii "eip\0"
 685 0411 07       		.byte	0x7
 686 0412 57       		.byte	0x57
 687 0413 B5030000 		.long	0x3b5
 688 0417 02       		.byte	0x2
 689 0418 23       		.byte	0x23
 690 0419 10       		.uleb128 0x10
 691 041a 00       		.byte	0
 692 041b 04       		.uleb128 0x4
 693 041c 636F6E74 		.ascii "context\0"
 693      65787400 
 694 0424 04       		.byte	0x4
 695 0425 07       		.byte	0x7
 696 0426 5F       		.byte	0x5f
 697 0427 3A040000 		.long	0x43a
 698 042b 06       		.uleb128 0x6
 699 042c 65737000 		.ascii "esp\0"
 700 0430 07       		.byte	0x7
 701 0431 60       		.byte	0x60
 702 0432 3A040000 		.long	0x43a
 703 0436 02       		.byte	0x2
 704 0437 23       		.byte	0x23
 705 0438 00       		.uleb128 0
 706 0439 00       		.byte	0
 707 043a 08       		.uleb128 0x8
 708 043b 04       		.byte	0x4
 709 043c 40040000 		.long	0x440
 710 0440 0A       		.uleb128 0xa
 711 0441 C5030000 		.long	0x3c5
 712 0445 0A       		.uleb128 0xa
 713 0446 B4010000 		.long	0x1b4
 714 044a 07       		.uleb128 0x7
 715 044b 1C       		.byte	0x1c
 716 044c 08       		.byte	0x8
 717 044d 57       		.byte	0x57
 718 044e BE040000 		.long	0x4be
 719 0452 06       		.uleb128 0x6
 720 0453 725F7175 		.ascii "r_queue\0"
 720      65756500 
 721 045b 08       		.byte	0x8
GAS LISTING C:\cygwin\tmp\ccMb7zBG.s 			page 16


 722 045c 58       		.byte	0x58
 723 045d 77030000 		.long	0x377
 724 0461 02       		.byte	0x2
 725 0462 23       		.byte	0x23
 726 0463 00       		.uleb128 0
 727 0464 06       		.uleb128 0x6
 728 0465 725F7072 		.ascii "r_prio\0"
 728      696F00
 729 046c 08       		.byte	0x8
 730 046d 59       		.byte	0x59
 731 046e 85010000 		.long	0x185
 732 0472 02       		.byte	0x2
 733 0473 23       		.byte	0x23
 734 0474 08       		.uleb128 0x8
 735 0475 06       		.uleb128 0x6
 736 0476 725F6374 		.ascii "r_ctx\0"
 736      7800
 737 047c 08       		.byte	0x8
 738 047d 5B       		.byte	0x5b
 739 047e 1B040000 		.long	0x41b
 740 0482 02       		.byte	0x2
 741 0483 23       		.byte	0x23
 742 0484 0C       		.uleb128 0xc
 743 0485 06       		.uleb128 0x6
 744 0486 725F6E65 		.ascii "r_newer\0"
 744      77657200 
 745 048e 08       		.byte	0x8
 746 048f 5E       		.byte	0x5e
 747 0490 71030000 		.long	0x371
 748 0494 02       		.byte	0x2
 749 0495 23       		.byte	0x23
 750 0496 10       		.uleb128 0x10
 751 0497 06       		.uleb128 0x6
 752 0498 725F6F6C 		.ascii "r_older\0"
 752      64657200 
 753 04a0 08       		.byte	0x8
 754 04a1 5F       		.byte	0x5f
 755 04a2 71030000 		.long	0x371
 756 04a6 02       		.byte	0x2
 757 04a7 23       		.byte	0x23
 758 04a8 14       		.uleb128 0x14
 759 04a9 06       		.uleb128 0x6
 760 04aa 725F6375 		.ascii "r_current\0"
 760      7272656E 
 760      7400
 761 04b4 08       		.byte	0x8
 762 04b5 62       		.byte	0x62
 763 04b6 71030000 		.long	0x371
 764 04ba 02       		.byte	0x2
 765 04bb 23       		.byte	0x23
 766 04bc 18       		.uleb128 0x18
 767 04bd 00       		.byte	0
 768 04be 03       		.uleb128 0x3
 769 04bf 52656164 		.ascii "ReadyList\0"
 769      794C6973 
 769      7400
 770 04c9 08       		.byte	0x8
GAS LISTING C:\cygwin\tmp\ccMb7zBG.s 			page 17


 771 04ca 64       		.byte	0x64
 772 04cb 4A040000 		.long	0x44a
 773 04cf 04       		.uleb128 0x4
 774 04d0 4D757465 		.ascii "Mutex\0"
 774      7800
 775 04d6 10       		.byte	0x10
 776 04d7 09       		.byte	0x9
 777 04d8 25       		.byte	0x25
 778 04d9 13050000 		.long	0x513
 779 04dd 06       		.uleb128 0x6
 780 04de 6D5F7175 		.ascii "m_queue\0"
 780      65756500 
 781 04e6 09       		.byte	0x9
 782 04e7 26       		.byte	0x26
 783 04e8 77030000 		.long	0x377
 784 04ec 02       		.byte	0x2
 785 04ed 23       		.byte	0x23
 786 04ee 00       		.uleb128 0
 787 04ef 06       		.uleb128 0x6
 788 04f0 6D5F6F77 		.ascii "m_owner\0"
 788      6E657200 
 789 04f8 09       		.byte	0x9
 790 04f9 28       		.byte	0x28
 791 04fa 71030000 		.long	0x371
 792 04fe 02       		.byte	0x2
 793 04ff 23       		.byte	0x23
 794 0500 08       		.uleb128 0x8
 795 0501 06       		.uleb128 0x6
 796 0502 6D5F6E65 		.ascii "m_next\0"
 796      787400
 797 0509 09       		.byte	0x9
 798 050a 2A       		.byte	0x2a
 799 050b 13050000 		.long	0x513
 800 050f 02       		.byte	0x2
 801 0510 23       		.byte	0x23
 802 0511 0C       		.uleb128 0xc
 803 0512 00       		.byte	0
 804 0513 08       		.uleb128 0x8
 805 0514 04       		.byte	0x4
 806 0515 CF040000 		.long	0x4cf
 807 0519 03       		.uleb128 0x3
 808 051a 4D757465 		.ascii "Mutex\0"
 808      7800
 809 0520 09       		.byte	0x9
 810 0521 2C       		.byte	0x2c
 811 0522 CF040000 		.long	0x4cf
 812 0526 0B       		.uleb128 0xb
 813 0527 04       		.byte	0x4
 814 0528 06       		.byte	0x6
 815 0529 8F       		.byte	0x8f
 816 052a 69050000 		.long	0x569
 817 052e 0C       		.uleb128 0xc
 818 052f 7264796D 		.ascii "rdymsg\0"
 818      736700
 819 0536 06       		.byte	0x6
 820 0537 96       		.byte	0x96
 821 0538 94010000 		.long	0x194
GAS LISTING C:\cygwin\tmp\ccMb7zBG.s 			page 18


 822 053c 0C       		.uleb128 0xc
 823 053d 65786974 		.ascii "exitcode\0"
 823      636F6465 
 823      00
 824 0546 06       		.byte	0x6
 825 0547 9D       		.byte	0x9d
 826 0548 94010000 		.long	0x194
 827 054c 0C       		.uleb128 0xc
 828 054d 77746F62 		.ascii "wtobjp\0"
 828      6A7000
 829 0554 06       		.byte	0x6
 830 0555 A4       		.byte	0xa4
 831 0556 C3030000 		.long	0x3c3
 832 055a 0C       		.uleb128 0xc
 833 055b 65776D61 		.ascii "ewmask\0"
 833      736B00
 834 0562 06       		.byte	0x6
 835 0563 AB       		.byte	0xab
 836 0564 A1010000 		.long	0x1a1
 837 0568 00       		.byte	0
 838 0569 08       		.uleb128 0x8
 839 056a 04       		.byte	0x4
 840 056b 6F050000 		.long	0x56f
 841 056f 0D       		.uleb128 0xd
 842 0570 74050000 		.long	0x574
 843 0574 02       		.uleb128 0x2
 844 0575 01       		.byte	0x1
 845 0576 06       		.byte	0x6
 846 0577 63686172 		.ascii "char\0"
 846      00
 847 057c 08       		.uleb128 0x8
 848 057d 04       		.byte	0x4
 849 057e 19050000 		.long	0x519
 850 0582 07       		.uleb128 0x7
 851 0583 16       		.byte	0x16
 852 0584 0A       		.byte	0xa
 853 0585 25       		.byte	0x25
 854 0586 1B070000 		.long	0x71b
 855 058a 06       		.uleb128 0x6
 856 058b 63685F69 		.ascii "ch_identifier\0"
 856      64656E74 
 856      69666965 
 856      7200
 857 0599 0A       		.byte	0xa
 858 059a 26       		.byte	0x26
 859 059b 1B070000 		.long	0x71b
 860 059f 02       		.byte	0x2
 861 05a0 23       		.byte	0x23
 862 05a1 00       		.uleb128 0
 863 05a2 06       		.uleb128 0x6
 864 05a3 63685F7A 		.ascii "ch_zero\0"
 864      65726F00 
 865 05ab 0A       		.byte	0xa
 866 05ac 27       		.byte	0x27
 867 05ad B6000000 		.long	0xb6
 868 05b1 02       		.byte	0x2
 869 05b2 23       		.byte	0x23
GAS LISTING C:\cygwin\tmp\ccMb7zBG.s 			page 19


 870 05b3 04       		.uleb128 0x4
 871 05b4 06       		.uleb128 0x6
 872 05b5 63685F73 		.ascii "ch_size\0"
 872      697A6500 
 873 05bd 0A       		.byte	0xa
 874 05be 28       		.byte	0x28
 875 05bf B6000000 		.long	0xb6
 876 05c3 02       		.byte	0x2
 877 05c4 23       		.byte	0x23
 878 05c5 05       		.uleb128 0x5
 879 05c6 06       		.uleb128 0x6
 880 05c7 63685F76 		.ascii "ch_version\0"
 880      65727369 
 880      6F6E00
 881 05d2 0A       		.byte	0xa
 882 05d3 29       		.byte	0x29
 883 05d4 E3000000 		.long	0xe3
 884 05d8 02       		.byte	0x2
 885 05d9 23       		.byte	0x23
 886 05da 06       		.uleb128 0x6
 887 05db 06       		.uleb128 0x6
 888 05dc 63685F70 		.ascii "ch_ptrsize\0"
 888      74727369 
 888      7A6500
 889 05e7 0A       		.byte	0xa
 890 05e8 2A       		.byte	0x2a
 891 05e9 B6000000 		.long	0xb6
 892 05ed 02       		.byte	0x2
 893 05ee 23       		.byte	0x23
 894 05ef 08       		.uleb128 0x8
 895 05f0 06       		.uleb128 0x6
 896 05f1 63685F74 		.ascii "ch_timesize\0"
 896      696D6573 
 896      697A6500 
 897 05fd 0A       		.byte	0xa
 898 05fe 2B       		.byte	0x2b
 899 05ff B6000000 		.long	0xb6
 900 0603 02       		.byte	0x2
 901 0604 23       		.byte	0x23
 902 0605 09       		.uleb128 0x9
 903 0606 06       		.uleb128 0x6
 904 0607 63685F74 		.ascii "ch_threadsize\0"
 904      68726561 
 904      6473697A 
 904      6500
 905 0615 0A       		.byte	0xa
 906 0616 2C       		.byte	0x2c
 907 0617 B6000000 		.long	0xb6
 908 061b 02       		.byte	0x2
 909 061c 23       		.byte	0x23
 910 061d 0A       		.uleb128 0xa
 911 061e 06       		.uleb128 0x6
 912 061f 63665F6F 		.ascii "cf_off_prio\0"
 912      66665F70 
 912      72696F00 
 913 062b 0A       		.byte	0xa
 914 062c 2D       		.byte	0x2d
GAS LISTING C:\cygwin\tmp\ccMb7zBG.s 			page 20


 915 062d B6000000 		.long	0xb6
 916 0631 02       		.byte	0x2
 917 0632 23       		.byte	0x23
 918 0633 0B       		.uleb128 0xb
 919 0634 06       		.uleb128 0x6
 920 0635 63665F6F 		.ascii "cf_off_ctx\0"
 920      66665F63 
 920      747800
 921 0640 0A       		.byte	0xa
 922 0641 2E       		.byte	0x2e
 923 0642 B6000000 		.long	0xb6
 924 0646 02       		.byte	0x2
 925 0647 23       		.byte	0x23
 926 0648 0C       		.uleb128 0xc
 927 0649 06       		.uleb128 0x6
 928 064a 63665F6F 		.ascii "cf_off_newer\0"
 928      66665F6E 
 928      65776572 
 928      00
 929 0657 0A       		.byte	0xa
 930 0658 2F       		.byte	0x2f
 931 0659 B6000000 		.long	0xb6
 932 065d 02       		.byte	0x2
 933 065e 23       		.byte	0x23
 934 065f 0D       		.uleb128 0xd
 935 0660 06       		.uleb128 0x6
 936 0661 63665F6F 		.ascii "cf_off_older\0"
 936      66665F6F 
 936      6C646572 
 936      00
 937 066e 0A       		.byte	0xa
 938 066f 30       		.byte	0x30
 939 0670 B6000000 		.long	0xb6
 940 0674 02       		.byte	0x2
 941 0675 23       		.byte	0x23
 942 0676 0E       		.uleb128 0xe
 943 0677 06       		.uleb128 0x6
 944 0678 63665F6F 		.ascii "cf_off_name\0"
 944      66665F6E 
 944      616D6500 
 945 0684 0A       		.byte	0xa
 946 0685 31       		.byte	0x31
 947 0686 B6000000 		.long	0xb6
 948 068a 02       		.byte	0x2
 949 068b 23       		.byte	0x23
 950 068c 0F       		.uleb128 0xf
 951 068d 06       		.uleb128 0x6
 952 068e 63665F6F 		.ascii "cf_off_stklimit\0"
 952      66665F73 
 952      746B6C69 
 952      6D697400 
 953 069e 0A       		.byte	0xa
 954 069f 32       		.byte	0x32
 955 06a0 B6000000 		.long	0xb6
 956 06a4 02       		.byte	0x2
 957 06a5 23       		.byte	0x23
 958 06a6 10       		.uleb128 0x10
GAS LISTING C:\cygwin\tmp\ccMb7zBG.s 			page 21


 959 06a7 06       		.uleb128 0x6
 960 06a8 63665F6F 		.ascii "cf_off_state\0"
 960      66665F73 
 960      74617465 
 960      00
 961 06b5 0A       		.byte	0xa
 962 06b6 34       		.byte	0x34
 963 06b7 B6000000 		.long	0xb6
 964 06bb 02       		.byte	0x2
 965 06bc 23       		.byte	0x23
 966 06bd 11       		.uleb128 0x11
 967 06be 06       		.uleb128 0x6
 968 06bf 63665F6F 		.ascii "cf_off_flags\0"
 968      66665F66 
 968      6C616773 
 968      00
 969 06cc 0A       		.byte	0xa
 970 06cd 35       		.byte	0x35
 971 06ce B6000000 		.long	0xb6
 972 06d2 02       		.byte	0x2
 973 06d3 23       		.byte	0x23
 974 06d4 12       		.uleb128 0x12
 975 06d5 06       		.uleb128 0x6
 976 06d6 63665F6F 		.ascii "cf_off_refs\0"
 976      66665F72 
 976      65667300 
 977 06e2 0A       		.byte	0xa
 978 06e3 36       		.byte	0x36
 979 06e4 B6000000 		.long	0xb6
 980 06e8 02       		.byte	0x2
 981 06e9 23       		.byte	0x23
 982 06ea 13       		.uleb128 0x13
 983 06eb 06       		.uleb128 0x6
 984 06ec 63665F6F 		.ascii "cf_off_preempt\0"
 984      66665F70 
 984      7265656D 
 984      707400
 985 06fb 0A       		.byte	0xa
 986 06fc 37       		.byte	0x37
 987 06fd B6000000 		.long	0xb6
 988 0701 02       		.byte	0x2
 989 0702 23       		.byte	0x23
 990 0703 14       		.uleb128 0x14
 991 0704 06       		.uleb128 0x6
 992 0705 63665F6F 		.ascii "cf_off_time\0"
 992      66665F74 
 992      696D6500 
 993 0711 0A       		.byte	0xa
 994 0712 39       		.byte	0x39
 995 0713 B6000000 		.long	0xb6
 996 0717 02       		.byte	0x2
 997 0718 23       		.byte	0x23
 998 0719 15       		.uleb128 0x15
 999 071a 00       		.byte	0
 1000 071b 0E       		.uleb128 0xe
 1001 071c 74050000 		.long	0x574
 1002 0720 2B070000 		.long	0x72b
GAS LISTING C:\cygwin\tmp\ccMb7zBG.s 			page 22


 1003 0724 0F       		.uleb128 0xf
 1004 0725 81000000 		.long	0x81
 1005 0729 03       		.byte	0x3
 1006 072a 00       		.byte	0
 1007 072b 03       		.uleb128 0x3
 1008 072c 63686465 		.ascii "chdebug_t\0"
 1008      6275675F 
 1008      7400
 1009 0736 0A       		.byte	0xa
 1010 0737 3A       		.byte	0x3a
 1011 0738 82050000 		.long	0x582
 1012 073c 10       		.uleb128 0x10
 1013 073d 01       		.byte	0x1
 1014 073e 63685265 		.ascii "chRegFirstThread\0"
 1014      67466972 
 1014      73745468 
 1014      72656164 
 1014      00
 1015 074f 01       		.byte	0x1
 1016 0750 6E       		.byte	0x6e
 1017 0751 01       		.byte	0x1
 1018 0752 71030000 		.long	0x371
 1019 0756 00000000 		.long	LFB0
 1020 075a 7B000000 		.long	LFE0
 1021 075e 00000000 		.secrel32	LLST0
 1022 0762 74070000 		.long	0x774
 1023 0766 11       		.uleb128 0x11
 1024 0767 747000   		.ascii "tp\0"
 1025 076a 01       		.byte	0x1
 1026 076b 6F       		.byte	0x6f
 1027 076c 71030000 		.long	0x371
 1028 0770 02       		.byte	0x2
 1029 0771 91       		.byte	0x91
 1030 0772 74       		.sleb128 -12
 1031 0773 00       		.byte	0
 1032 0774 10       		.uleb128 0x10
 1033 0775 01       		.byte	0x1
 1034 0776 63685265 		.ascii "chRegNextThread\0"
 1034      674E6578 
 1034      74546872 
 1034      65616400 
 1035 0786 01       		.byte	0x1
 1036 0787 85       		.byte	0x85
 1037 0788 01       		.byte	0x1
 1038 0789 71030000 		.long	0x371
 1039 078d 7B000000 		.long	LFB1
 1040 0791 50010000 		.long	LFE1
 1041 0795 2C000000 		.secrel32	LLST1
 1042 0799 B9070000 		.long	0x7b9
 1043 079d 12       		.uleb128 0x12
 1044 079e 747000   		.ascii "tp\0"
 1045 07a1 01       		.byte	0x1
 1046 07a2 85       		.byte	0x85
 1047 07a3 71030000 		.long	0x371
 1048 07a7 02       		.byte	0x2
 1049 07a8 91       		.byte	0x91
 1050 07a9 00       		.sleb128 0
GAS LISTING C:\cygwin\tmp\ccMb7zBG.s 			page 23


 1051 07aa 11       		.uleb128 0x11
 1052 07ab 6E747000 		.ascii "ntp\0"
 1053 07af 01       		.byte	0x1
 1054 07b0 86       		.byte	0x86
 1055 07b1 71030000 		.long	0x371
 1056 07b5 02       		.byte	0x2
 1057 07b6 91       		.byte	0x91
 1058 07b7 6C       		.sleb128 -20
 1059 07b8 00       		.byte	0
 1060 07b9 13       		.uleb128 0x13
 1061 07ba 5F474C4F 		.ascii "_GLOBAL__sub_I_65535_0_ch_debug\0"
 1061      42414C5F 
 1061      5F737562 
 1061      5F495F36 
 1061      35353335 
 1062 07da 01       		.byte	0x1
 1063 07db 01       		.byte	0x1
 1064 07dc 50010000 		.long	LFB2
 1065 07e0 63010000 		.long	LFE2
 1066 07e4 58000000 		.secrel32	LLST2
 1067 07e8 14       		.uleb128 0x14
 1068 07e9 726C6973 		.ascii "rlist\0"
 1068      7400
 1069 07ef 08       		.byte	0x8
 1070 07f0 68       		.byte	0x68
 1071 07f1 BE040000 		.long	0x4be
 1072 07f5 01       		.byte	0x1
 1073 07f6 01       		.byte	0x1
 1074 07f7 14       		.uleb128 0x14
 1075 07f8 726C6973 		.ascii "rlist\0"
 1075      7400
 1076 07fe 08       		.byte	0x8
 1077 07ff 68       		.byte	0x68
 1078 0800 BE040000 		.long	0x4be
 1079 0804 01       		.byte	0x1
 1080 0805 01       		.byte	0x1
 1081 0806 15       		.uleb128 0x15
 1082 0807 63685F64 		.ascii "ch_debug\0"
 1082      65627567 
 1082      00
 1083 0810 01       		.byte	0x1
 1084 0811 3B       		.byte	0x3b
 1085 0812 1D080000 		.long	0x81d
 1086 0816 01       		.byte	0x1
 1087 0817 05       		.byte	0x5
 1088 0818 03       		.byte	0x3
 1089 0819 00000000 		.long	_ch_debug
 1090 081d 0D       		.uleb128 0xd
 1091 081e 2B070000 		.long	0x72b
 1092 0822 00       		.byte	0
 1093              		.section	.debug_abbrev,"dr"
 1094              	Ldebug_abbrev0:
 1095 0000 01       		.uleb128 0x1
 1096 0001 11       		.uleb128 0x11
 1097 0002 01       		.byte	0x1
 1098 0003 25       		.uleb128 0x25
 1099 0004 08       		.uleb128 0x8
GAS LISTING C:\cygwin\tmp\ccMb7zBG.s 			page 24


 1100 0005 13       		.uleb128 0x13
 1101 0006 0B       		.uleb128 0xb
 1102 0007 03       		.uleb128 0x3
 1103 0008 08       		.uleb128 0x8
 1104 0009 1B       		.uleb128 0x1b
 1105 000a 08       		.uleb128 0x8
 1106 000b 11       		.uleb128 0x11
 1107 000c 01       		.uleb128 0x1
 1108 000d 12       		.uleb128 0x12
 1109 000e 01       		.uleb128 0x1
 1110 000f 10       		.uleb128 0x10
 1111 0010 06       		.uleb128 0x6
 1112 0011 00       		.byte	0
 1113 0012 00       		.byte	0
 1114 0013 02       		.uleb128 0x2
 1115 0014 24       		.uleb128 0x24
 1116 0015 00       		.byte	0
 1117 0016 0B       		.uleb128 0xb
 1118 0017 0B       		.uleb128 0xb
 1119 0018 3E       		.uleb128 0x3e
 1120 0019 0B       		.uleb128 0xb
 1121 001a 03       		.uleb128 0x3
 1122 001b 08       		.uleb128 0x8
 1123 001c 00       		.byte	0
 1124 001d 00       		.byte	0
 1125 001e 03       		.uleb128 0x3
 1126 001f 16       		.uleb128 0x16
 1127 0020 00       		.byte	0
 1128 0021 03       		.uleb128 0x3
 1129 0022 08       		.uleb128 0x8
 1130 0023 3A       		.uleb128 0x3a
 1131 0024 0B       		.uleb128 0xb
 1132 0025 3B       		.uleb128 0x3b
 1133 0026 0B       		.uleb128 0xb
 1134 0027 49       		.uleb128 0x49
 1135 0028 13       		.uleb128 0x13
 1136 0029 00       		.byte	0
 1137 002a 00       		.byte	0
 1138 002b 04       		.uleb128 0x4
 1139 002c 13       		.uleb128 0x13
 1140 002d 01       		.byte	0x1
 1141 002e 03       		.uleb128 0x3
 1142 002f 08       		.uleb128 0x8
 1143 0030 0B       		.uleb128 0xb
 1144 0031 0B       		.uleb128 0xb
 1145 0032 3A       		.uleb128 0x3a
 1146 0033 0B       		.uleb128 0xb
 1147 0034 3B       		.uleb128 0x3b
 1148 0035 0B       		.uleb128 0xb
 1149 0036 01       		.uleb128 0x1
 1150 0037 13       		.uleb128 0x13
 1151 0038 00       		.byte	0
 1152 0039 00       		.byte	0
 1153 003a 05       		.uleb128 0x5
 1154 003b 0D       		.uleb128 0xd
 1155 003c 00       		.byte	0
 1156 003d 03       		.uleb128 0x3
GAS LISTING C:\cygwin\tmp\ccMb7zBG.s 			page 25


 1157 003e 0E       		.uleb128 0xe
 1158 003f 3A       		.uleb128 0x3a
 1159 0040 0B       		.uleb128 0xb
 1160 0041 3B       		.uleb128 0x3b
 1161 0042 0B       		.uleb128 0xb
 1162 0043 49       		.uleb128 0x49
 1163 0044 13       		.uleb128 0x13
 1164 0045 38       		.uleb128 0x38
 1165 0046 0A       		.uleb128 0xa
 1166 0047 00       		.byte	0
 1167 0048 00       		.byte	0
 1168 0049 06       		.uleb128 0x6
 1169 004a 0D       		.uleb128 0xd
 1170 004b 00       		.byte	0
 1171 004c 03       		.uleb128 0x3
 1172 004d 08       		.uleb128 0x8
 1173 004e 3A       		.uleb128 0x3a
 1174 004f 0B       		.uleb128 0xb
 1175 0050 3B       		.uleb128 0x3b
 1176 0051 0B       		.uleb128 0xb
 1177 0052 49       		.uleb128 0x49
 1178 0053 13       		.uleb128 0x13
 1179 0054 38       		.uleb128 0x38
 1180 0055 0A       		.uleb128 0xa
 1181 0056 00       		.byte	0
 1182 0057 00       		.byte	0
 1183 0058 07       		.uleb128 0x7
 1184 0059 13       		.uleb128 0x13
 1185 005a 01       		.byte	0x1
 1186 005b 0B       		.uleb128 0xb
 1187 005c 0B       		.uleb128 0xb
 1188 005d 3A       		.uleb128 0x3a
 1189 005e 0B       		.uleb128 0xb
 1190 005f 3B       		.uleb128 0x3b
 1191 0060 0B       		.uleb128 0xb
 1192 0061 01       		.uleb128 0x1
 1193 0062 13       		.uleb128 0x13
 1194 0063 00       		.byte	0
 1195 0064 00       		.byte	0
 1196 0065 08       		.uleb128 0x8
 1197 0066 0F       		.uleb128 0xf
 1198 0067 00       		.byte	0
 1199 0068 0B       		.uleb128 0xb
 1200 0069 0B       		.uleb128 0xb
 1201 006a 49       		.uleb128 0x49
 1202 006b 13       		.uleb128 0x13
 1203 006c 00       		.byte	0
 1204 006d 00       		.byte	0
 1205 006e 09       		.uleb128 0x9
 1206 006f 0F       		.uleb128 0xf
 1207 0070 00       		.byte	0
 1208 0071 0B       		.uleb128 0xb
 1209 0072 0B       		.uleb128 0xb
 1210 0073 00       		.byte	0
 1211 0074 00       		.byte	0
 1212 0075 0A       		.uleb128 0xa
 1213 0076 35       		.uleb128 0x35
GAS LISTING C:\cygwin\tmp\ccMb7zBG.s 			page 26


 1214 0077 00       		.byte	0
 1215 0078 49       		.uleb128 0x49
 1216 0079 13       		.uleb128 0x13
 1217 007a 00       		.byte	0
 1218 007b 00       		.byte	0
 1219 007c 0B       		.uleb128 0xb
 1220 007d 17       		.uleb128 0x17
 1221 007e 01       		.byte	0x1
 1222 007f 0B       		.uleb128 0xb
 1223 0080 0B       		.uleb128 0xb
 1224 0081 3A       		.uleb128 0x3a
 1225 0082 0B       		.uleb128 0xb
 1226 0083 3B       		.uleb128 0x3b
 1227 0084 0B       		.uleb128 0xb
 1228 0085 01       		.uleb128 0x1
 1229 0086 13       		.uleb128 0x13
 1230 0087 00       		.byte	0
 1231 0088 00       		.byte	0
 1232 0089 0C       		.uleb128 0xc
 1233 008a 0D       		.uleb128 0xd
 1234 008b 00       		.byte	0
 1235 008c 03       		.uleb128 0x3
 1236 008d 08       		.uleb128 0x8
 1237 008e 3A       		.uleb128 0x3a
 1238 008f 0B       		.uleb128 0xb
 1239 0090 3B       		.uleb128 0x3b
 1240 0091 0B       		.uleb128 0xb
 1241 0092 49       		.uleb128 0x49
 1242 0093 13       		.uleb128 0x13
 1243 0094 00       		.byte	0
 1244 0095 00       		.byte	0
 1245 0096 0D       		.uleb128 0xd
 1246 0097 26       		.uleb128 0x26
 1247 0098 00       		.byte	0
 1248 0099 49       		.uleb128 0x49
 1249 009a 13       		.uleb128 0x13
 1250 009b 00       		.byte	0
 1251 009c 00       		.byte	0
 1252 009d 0E       		.uleb128 0xe
 1253 009e 01       		.uleb128 0x1
 1254 009f 01       		.byte	0x1
 1255 00a0 49       		.uleb128 0x49
 1256 00a1 13       		.uleb128 0x13
 1257 00a2 01       		.uleb128 0x1
 1258 00a3 13       		.uleb128 0x13
 1259 00a4 00       		.byte	0
 1260 00a5 00       		.byte	0
 1261 00a6 0F       		.uleb128 0xf
 1262 00a7 21       		.uleb128 0x21
 1263 00a8 00       		.byte	0
 1264 00a9 49       		.uleb128 0x49
 1265 00aa 13       		.uleb128 0x13
 1266 00ab 2F       		.uleb128 0x2f
 1267 00ac 0B       		.uleb128 0xb
 1268 00ad 00       		.byte	0
 1269 00ae 00       		.byte	0
 1270 00af 10       		.uleb128 0x10
GAS LISTING C:\cygwin\tmp\ccMb7zBG.s 			page 27


 1271 00b0 2E       		.uleb128 0x2e
 1272 00b1 01       		.byte	0x1
 1273 00b2 3F       		.uleb128 0x3f
 1274 00b3 0C       		.uleb128 0xc
 1275 00b4 03       		.uleb128 0x3
 1276 00b5 08       		.uleb128 0x8
 1277 00b6 3A       		.uleb128 0x3a
 1278 00b7 0B       		.uleb128 0xb
 1279 00b8 3B       		.uleb128 0x3b
 1280 00b9 0B       		.uleb128 0xb
 1281 00ba 27       		.uleb128 0x27
 1282 00bb 0C       		.uleb128 0xc
 1283 00bc 49       		.uleb128 0x49
 1284 00bd 13       		.uleb128 0x13
 1285 00be 11       		.uleb128 0x11
 1286 00bf 01       		.uleb128 0x1
 1287 00c0 12       		.uleb128 0x12
 1288 00c1 01       		.uleb128 0x1
 1289 00c2 40       		.uleb128 0x40
 1290 00c3 06       		.uleb128 0x6
 1291 00c4 01       		.uleb128 0x1
 1292 00c5 13       		.uleb128 0x13
 1293 00c6 00       		.byte	0
 1294 00c7 00       		.byte	0
 1295 00c8 11       		.uleb128 0x11
 1296 00c9 34       		.uleb128 0x34
 1297 00ca 00       		.byte	0
 1298 00cb 03       		.uleb128 0x3
 1299 00cc 08       		.uleb128 0x8
 1300 00cd 3A       		.uleb128 0x3a
 1301 00ce 0B       		.uleb128 0xb
 1302 00cf 3B       		.uleb128 0x3b
 1303 00d0 0B       		.uleb128 0xb
 1304 00d1 49       		.uleb128 0x49
 1305 00d2 13       		.uleb128 0x13
 1306 00d3 02       		.uleb128 0x2
 1307 00d4 0A       		.uleb128 0xa
 1308 00d5 00       		.byte	0
 1309 00d6 00       		.byte	0
 1310 00d7 12       		.uleb128 0x12
 1311 00d8 05       		.uleb128 0x5
 1312 00d9 00       		.byte	0
 1313 00da 03       		.uleb128 0x3
 1314 00db 08       		.uleb128 0x8
 1315 00dc 3A       		.uleb128 0x3a
 1316 00dd 0B       		.uleb128 0xb
 1317 00de 3B       		.uleb128 0x3b
 1318 00df 0B       		.uleb128 0xb
 1319 00e0 49       		.uleb128 0x49
 1320 00e1 13       		.uleb128 0x13
 1321 00e2 02       		.uleb128 0x2
 1322 00e3 0A       		.uleb128 0xa
 1323 00e4 00       		.byte	0
 1324 00e5 00       		.byte	0
 1325 00e6 13       		.uleb128 0x13
 1326 00e7 2E       		.uleb128 0x2e
 1327 00e8 00       		.byte	0
GAS LISTING C:\cygwin\tmp\ccMb7zBG.s 			page 28


 1328 00e9 03       		.uleb128 0x3
 1329 00ea 08       		.uleb128 0x8
 1330 00eb 27       		.uleb128 0x27
 1331 00ec 0C       		.uleb128 0xc
 1332 00ed 34       		.uleb128 0x34
 1333 00ee 0C       		.uleb128 0xc
 1334 00ef 11       		.uleb128 0x11
 1335 00f0 01       		.uleb128 0x1
 1336 00f1 12       		.uleb128 0x12
 1337 00f2 01       		.uleb128 0x1
 1338 00f3 40       		.uleb128 0x40
 1339 00f4 06       		.uleb128 0x6
 1340 00f5 00       		.byte	0
 1341 00f6 00       		.byte	0
 1342 00f7 14       		.uleb128 0x14
 1343 00f8 34       		.uleb128 0x34
 1344 00f9 00       		.byte	0
 1345 00fa 03       		.uleb128 0x3
 1346 00fb 08       		.uleb128 0x8
 1347 00fc 3A       		.uleb128 0x3a
 1348 00fd 0B       		.uleb128 0xb
 1349 00fe 3B       		.uleb128 0x3b
 1350 00ff 0B       		.uleb128 0xb
 1351 0100 49       		.uleb128 0x49
 1352 0101 13       		.uleb128 0x13
 1353 0102 3F       		.uleb128 0x3f
 1354 0103 0C       		.uleb128 0xc
 1355 0104 3C       		.uleb128 0x3c
 1356 0105 0C       		.uleb128 0xc
 1357 0106 00       		.byte	0
 1358 0107 00       		.byte	0
 1359 0108 15       		.uleb128 0x15
 1360 0109 34       		.uleb128 0x34
 1361 010a 00       		.byte	0
 1362 010b 03       		.uleb128 0x3
 1363 010c 08       		.uleb128 0x8
 1364 010d 3A       		.uleb128 0x3a
 1365 010e 0B       		.uleb128 0xb
 1366 010f 3B       		.uleb128 0x3b
 1367 0110 0B       		.uleb128 0xb
 1368 0111 49       		.uleb128 0x49
 1369 0112 13       		.uleb128 0x13
 1370 0113 3F       		.uleb128 0x3f
 1371 0114 0C       		.uleb128 0xc
 1372 0115 02       		.uleb128 0x2
 1373 0116 0A       		.uleb128 0xa
 1374 0117 00       		.byte	0
 1375 0118 00       		.byte	0
 1376 0119 00       		.byte	0
 1377              		.section	.debug_loc,"dr"
 1378              	Ldebug_loc0:
 1379              	LLST0:
 1380 0000 00000000 		.long	LFB0-Ltext0
 1381 0004 03000000 		.long	LCFI0-Ltext0
 1382 0008 0200     		.word	0x2
 1383 000a 74       		.byte	0x74
 1384 000b 04       		.sleb128 4
GAS LISTING C:\cygwin\tmp\ccMb7zBG.s 			page 29


 1385 000c 03000000 		.long	LCFI0-Ltext0
 1386 0010 7A000000 		.long	LCFI1-Ltext0
 1387 0014 0200     		.word	0x2
 1388 0016 74       		.byte	0x74
 1389 0017 18       		.sleb128 24
 1390 0018 7A000000 		.long	LCFI1-Ltext0
 1391 001c 7B000000 		.long	LFE0-Ltext0
 1392 0020 0200     		.word	0x2
 1393 0022 74       		.byte	0x74
 1394 0023 04       		.sleb128 4
 1395 0024 00000000 		.long	0
 1396 0028 00000000 		.long	0
 1397              	LLST1:
 1398 002c 7B000000 		.long	LFB1-Ltext0
 1399 0030 7E000000 		.long	LCFI2-Ltext0
 1400 0034 0200     		.word	0x2
 1401 0036 74       		.byte	0x74
 1402 0037 04       		.sleb128 4
 1403 0038 7E000000 		.long	LCFI2-Ltext0
 1404 003c 4F010000 		.long	LCFI3-Ltext0
 1405 0040 0200     		.word	0x2
 1406 0042 74       		.byte	0x74
 1407 0043 30       		.sleb128 48
 1408 0044 4F010000 		.long	LCFI3-Ltext0
 1409 0048 50010000 		.long	LFE1-Ltext0
 1410 004c 0200     		.word	0x2
 1411 004e 74       		.byte	0x74
 1412 004f 04       		.sleb128 4
 1413 0050 00000000 		.long	0
 1414 0054 00000000 		.long	0
 1415              	LLST2:
 1416 0058 50010000 		.long	LFB2-Ltext0
 1417 005c 53010000 		.long	LCFI4-Ltext0
 1418 0060 0200     		.word	0x2
 1419 0062 74       		.byte	0x74
 1420 0063 04       		.sleb128 4
 1421 0064 53010000 		.long	LCFI4-Ltext0
 1422 0068 62010000 		.long	LCFI5-Ltext0
 1423 006c 0200     		.word	0x2
 1424 006e 74       		.byte	0x74
 1425 006f 20       		.sleb128 32
 1426 0070 62010000 		.long	LCFI5-Ltext0
 1427 0074 63010000 		.long	LFE2-Ltext0
 1428 0078 0200     		.word	0x2
 1429 007a 74       		.byte	0x74
 1430 007b 04       		.sleb128 4
 1431 007c 00000000 		.long	0
 1432 0080 00000000 		.long	0
 1433              		.section	.debug_aranges,"dr"
 1434 0000 1C000000 		.long	0x1c
 1435 0004 0200     		.word	0x2
 1436 0006 00000000 		.secrel32	Ldebug_info0
 1437 000a 04       		.byte	0x4
 1438 000b 00       		.byte	0
 1439 000c 0000     		.word	0
 1440 000e 0000     		.word	0
 1441 0010 00000000 		.long	Ltext0
GAS LISTING C:\cygwin\tmp\ccMb7zBG.s 			page 30


 1442 0014 63010000 		.long	Letext0-Ltext0
 1443 0018 00000000 		.long	0
 1444 001c 00000000 		.long	0
 1445              		.section	.debug_line,"dr"
 1446              	Ldebug_line0:
 1447 0000 7E010000 		.section	.debug_str,"dr"
 1447      02004601 
 1447      00000101 
 1447      FB0E0D00 
 1447      01010101 
 1448              	LASF0:
 1449 0000 705F6E65 		.ascii "p_next\0"
 1449      787400
 1450              		.def	_chThdRelease;	.scl	2;	.type	32;	.endef
 1451              		.def	___gcov_merge_add;	.scl	2;	.type	32;	.endef
 1452              		.def	___gcov_init;	.scl	2;	.type	32;	.endef
GAS LISTING C:\cygwin\tmp\ccMb7zBG.s 			page 31


DEFINED SYMBOLS
                            *ABS*:00000000 chregistry.c
C:\cygwin\tmp\ccMb7zBG.s:46     .rdata:00000000 _ch_debug
C:\cygwin\tmp\ccMb7zBG.s:86     .text:00000000 _chRegFirstThread
C:\cygwin\tmp\ccMb7zBG.s:145    .text:0000007b _chRegNextThread
C:\cygwin\tmp\ccMb7zBG.s:272    .text:00000150 __GLOBAL__sub_I_65535_0_ch_debug

UNDEFINED SYMBOLS
_rlist
_chThdRelease
___gcov_merge_add
___gcov_init
