GAS LISTING C:\cygwin\tmp\ccytH5Is.s 			page 1


   1              		.file	"chsys.c"
   2              	 # GNU C (GCC) version 4.6.2 (mingw32)
   3              	 #	compiled by GNU C version 4.6.2, GMP version 5.0.1, MPFR version 2.4.1, MPC version 0.8.1
   4              	 # GGC heuristics: --param ggc-min-expand=100 --param ggc-min-heapsize=131072
   5              	 # options passed:  -I . -I ../../os/ports/GCC/SIMIA32
   6              	 # -I ../../os/kernel/include -I ../../test -I ../../os/hal/include
   7              	 # -I ../../os/hal/platforms/Win32 -I ../../boards/simulator
   8              	 # -I ../../os/various -iprefix c:\mingw\bin\../lib/gcc/mingw32/4.6.2/
   9              	 # -MD ../../os/kernel/src/chsys.d -MF .dep/chsys.o.d -MP
  10              	 # -MQ ../../os/kernel/src/chsys.o -D SIMULATOR ../../os/kernel/src/chsys.c
  11              	 # -mtune=i386 -march=i386 -auxbase-strip ../../os/kernel/src/chsys.o -ggdb
  12              	 # -O0 -Wall -Wextra -Wstrict-prototypes -fomit-frame-pointer
  13              	 # -fprofile-arcs -ftest-coverage -fverbose-asm
  14              	 # options enabled:  -fasynchronous-unwind-tables -fauto-inc-dec
  15              	 # -fbranch-count-reg -fcommon -fdelete-null-pointer-checks
  16              	 # -fdwarf2-cfi-asm -fearly-inlining -feliminate-unused-debug-types
  17              	 # -ffunction-cse -fgcse-lm -fident -finline-functions-called-once
  18              	 # -fira-share-save-slots -fira-share-spill-slots -fivopts
  19              	 # -fkeep-inline-dllexport -fkeep-static-consts -fleading-underscore
  20              	 # -fmath-errno -fmerge-debug-strings -fmove-loop-invariants
  21              	 # -fomit-frame-pointer -fpeephole -fprefetch-loop-arrays -fprofile-arcs
  22              	 # -freg-struct-return -fsched-critical-path-heuristic
  23              	 # -fsched-dep-count-heuristic -fsched-group-heuristic -fsched-interblock
  24              	 # -fsched-last-insn-heuristic -fsched-rank-heuristic -fsched-spec
  25              	 # -fsched-spec-insn-heuristic -fsched-stalled-insns-dep
  26              	 # -fset-stack-executable -fshow-column -fsigned-zeros
  27              	 # -fsplit-ivs-in-unroller -fstrict-volatile-bitfields -ftest-coverage
  28              	 # -ftrapping-math -ftree-cselim -ftree-forwprop -ftree-loop-if-convert
  29              	 # -ftree-loop-im -ftree-loop-ivcanon -ftree-loop-optimize
  30              	 # -ftree-parallelize-loops= -ftree-phiprop -ftree-pta -ftree-reassoc
  31              	 # -ftree-scev-cprop -ftree-slp-vectorize -ftree-vect-loop-version
  32              	 # -funit-at-a-time -funwind-tables -fvect-cost-model -fverbose-asm
  33              	 # -fzero-initialized-in-bss -m32 -m80387 -m96bit-long-double
  34              	 # -maccumulate-outgoing-args -malign-double -malign-stringops
  35              	 # -mfancy-math-387 -mfp-ret-in-387 -mieee-fp -mno-red-zone -mno-sse4
  36              	 # -mpush-args -msahf -mstack-arg-probe
  37              	
  38              		.text
  39              	Ltext0:
  40              	 # Compiler executable checksum: c20aed7c018482d7b62efcd5dcab2a9d
  41              	
  42              		.comm	__idle_thread_wa, 16752, 5
  43              		.section .rdata,"dr"
  44              	LC0:
  45 0000 69646C65 		.ascii "idle\0"
  45      00
  46              		.text
  47              		.globl	__idle_thread
  48              		.def	__idle_thread;	.scl	2;	.type	32;	.endef
  49              	__idle_thread:
  50              	LFB0:
  51              		.file 1 "../../os/kernel/src/chsys.c"
  52              		.loc 1 54 0
  53              		.cfi_startproc
  54 0000 83EC0C   		subl	$12, %esp	 #,
  55              	LCFI0:
  56              		.cfi_def_cfa_offset 16
GAS LISTING C:\cygwin\tmp\ccytH5Is.s 			page 2


  57              		.loc 1 57 0
  58 0003 A1180000 		movl	_rlist+24, %eax	 # rlist.r_current, D.2757
  58      00
  59 0008 C7401800 		movl	$LC0, 24(%eax)	 #, D.2757_1->p_name
  59      000000
  60 000f A1C80000 		movl	LPBX1+104, %eax	 # *LPBX1, PROF_edge_counter.3
  60      00
  61 0014 8B15CC00 		movl	LPBX1+108, %edx	 # *LPBX1, PROF_edge_counter.3
  61      0000
  62 001a 83C001   		addl	$1, %eax	 #, PROF_edge_counter.3
  63 001d 83D200   		adcl	$0, %edx	 #, PROF_edge_counter.3
  64 0020 A3C80000 		movl	%eax, LPBX1+104	 # PROF_edge_counter.3, *LPBX1
  64      00
  65 0025 8915CC00 		movl	%edx, LPBX1+108	 # PROF_edge_counter.3, *LPBX1
  65      0000
  66              	L2:
  67              		.loc 1 59 0 discriminator 1
  68 002b E8000000 		call	_ChkIntSources	 #
  68      00
  69              		.loc 1 61 0 discriminator 1
  70 0030 A1D00000 		movl	LPBX1+112, %eax	 # *LPBX1, PROF_edge_counter.3
  70      00
  71 0035 8B15D400 		movl	LPBX1+116, %edx	 # *LPBX1, PROF_edge_counter.3
  71      0000
  72 003b 83C001   		addl	$1, %eax	 #, PROF_edge_counter.3
  73 003e 83D200   		adcl	$0, %edx	 #, PROF_edge_counter.3
  74 0041 A3D00000 		movl	%eax, LPBX1+112	 # PROF_edge_counter.3, *LPBX1
  74      00
  75 0046 8915D400 		movl	%edx, LPBX1+116	 # PROF_edge_counter.3, *LPBX1
  75      0000
  76 004c EBDD     		jmp	L2	 #
  77              		.cfi_endproc
  78              	LFE0:
  79              		.globl	_chSysInit
  80              		.def	_chSysInit;	.scl	2;	.type	32;	.endef
  81              	_chSysInit:
  82              	LFB1:
  83              		.loc 1 77 0
  84              		.cfi_startproc
  85 004e 83EC2C   		subl	$44, %esp	 #,
  86              	LCFI1:
  87              		.cfi_def_cfa_offset 48
  88              		.loc 1 77 0
  89 0051 A1880000 		movl	LPBX1+40, %eax	 # *LPBX1, PROF_edge_counter.2
  89      00
  90 0056 8B158C00 		movl	LPBX1+44, %edx	 # *LPBX1, PROF_edge_counter.2
  90      0000
  91 005c 83C001   		addl	$1, %eax	 #, PROF_edge_counter.2
  92 005f 83D200   		adcl	$0, %edx	 #, PROF_edge_counter.2
  93 0062 A3880000 		movl	%eax, LPBX1+40	 # PROF_edge_counter.2, *LPBX1
  93      00
  94 0067 89158C00 		movl	%edx, LPBX1+44	 # PROF_edge_counter.2, *LPBX1
  94      0000
  95              		.loc 1 84 0
  96 006d E8000000 		call	__scheduler_init	 #
  96      00
  97 0072 A1900000 		movl	LPBX1+48, %eax	 # *LPBX1, PROF_edge_counter.2
GAS LISTING C:\cygwin\tmp\ccytH5Is.s 			page 3


  97      00
  98 0077 8B159400 		movl	LPBX1+52, %edx	 # *LPBX1, PROF_edge_counter.2
  98      0000
  99 007d 83C001   		addl	$1, %eax	 #, PROF_edge_counter.2
 100 0080 83D200   		adcl	$0, %edx	 #, PROF_edge_counter.2
 101 0083 A3900000 		movl	%eax, LPBX1+48	 # PROF_edge_counter.2, *LPBX1
 101      00
 102 0088 89159400 		movl	%edx, LPBX1+52	 # PROF_edge_counter.2, *LPBX1
 102      0000
 103              		.loc 1 85 0
 104 008e E8000000 		call	__vt_init	 #
 104      00
 105 0093 A1980000 		movl	LPBX1+56, %eax	 # *LPBX1, PROF_edge_counter.2
 105      00
 106 0098 8B159C00 		movl	LPBX1+60, %edx	 # *LPBX1, PROF_edge_counter.2
 106      0000
 107 009e 83C001   		addl	$1, %eax	 #, PROF_edge_counter.2
 108 00a1 83D200   		adcl	$0, %edx	 #, PROF_edge_counter.2
 109 00a4 A3980000 		movl	%eax, LPBX1+56	 # PROF_edge_counter.2, *LPBX1
 109      00
 110 00a9 89159C00 		movl	%edx, LPBX1+60	 # PROF_edge_counter.2, *LPBX1
 110      0000
 111              		.loc 1 87 0
 112 00af E8000000 		call	__core_init	 #
 112      00
 113 00b4 A1A00000 		movl	LPBX1+64, %eax	 # *LPBX1, PROF_edge_counter.2
 113      00
 114 00b9 8B15A400 		movl	LPBX1+68, %edx	 # *LPBX1, PROF_edge_counter.2
 114      0000
 115 00bf 83C001   		addl	$1, %eax	 #, PROF_edge_counter.2
 116 00c2 83D200   		adcl	$0, %edx	 #, PROF_edge_counter.2
 117 00c5 A3A00000 		movl	%eax, LPBX1+64	 # PROF_edge_counter.2, *LPBX1
 117      00
 118 00ca 8915A400 		movl	%edx, LPBX1+68	 # PROF_edge_counter.2, *LPBX1
 118      0000
 119              		.loc 1 90 0
 120 00d0 E8000000 		call	__heap_init	 #
 120      00
 121 00d5 A1A80000 		movl	LPBX1+72, %eax	 # *LPBX1, PROF_edge_counter.2
 121      00
 122 00da 8B15AC00 		movl	LPBX1+76, %edx	 # *LPBX1, PROF_edge_counter.2
 122      0000
 123 00e0 83C001   		addl	$1, %eax	 #, PROF_edge_counter.2
 124 00e3 83D200   		adcl	$0, %edx	 #, PROF_edge_counter.2
 125 00e6 A3A80000 		movl	%eax, LPBX1+72	 # PROF_edge_counter.2, *LPBX1
 125      00
 126 00eb 8915AC00 		movl	%edx, LPBX1+76	 # PROF_edge_counter.2, *LPBX1
 126      0000
 127              		.loc 1 93 0
 128 00f1 E8000000 		call	__trace_init	 #
 128      00
 129 00f6 A1B00000 		movl	LPBX1+80, %eax	 # *LPBX1, PROF_edge_counter.2
 129      00
 130 00fb 8B15B400 		movl	LPBX1+84, %edx	 # *LPBX1, PROF_edge_counter.2
 130      0000
 131 0101 83C001   		addl	$1, %eax	 #, PROF_edge_counter.2
 132 0104 83D200   		adcl	$0, %edx	 #, PROF_edge_counter.2
GAS LISTING C:\cygwin\tmp\ccytH5Is.s 			page 4


 133 0107 A3B00000 		movl	%eax, LPBX1+80	 # PROF_edge_counter.2, *LPBX1
 133      00
 134 010c 8915B400 		movl	%edx, LPBX1+84	 # PROF_edge_counter.2, *LPBX1
 134      0000
 135              		.loc 1 97 0
 136 0112 C7442404 		movl	$64, 4(%esp)	 #,
 136      40000000 
 137 011a C7042400 		movl	$_mainthread.1849, (%esp)	 #,
 137      000000
 138 0121 E8000000 		call	__thread_init	 #
 138      00
 139 0126 89C1     		movl	%eax, %ecx	 #, D.2753
 140 0128 A1B80000 		movl	LPBX1+88, %eax	 # *LPBX1, PROF_edge_counter.2
 140      00
 141 012d 8B15BC00 		movl	LPBX1+92, %edx	 # *LPBX1, PROF_edge_counter.2
 141      0000
 142 0133 83C001   		addl	$1, %eax	 #, PROF_edge_counter.2
 143 0136 83D200   		adcl	$0, %edx	 #, PROF_edge_counter.2
 144 0139 A3B80000 		movl	%eax, LPBX1+88	 # PROF_edge_counter.2, *LPBX1
 144      00
 145 013e 8915BC00 		movl	%edx, LPBX1+92	 # PROF_edge_counter.2, *LPBX1
 145      0000
 146 0144 890D1800 		movl	%ecx, _rlist+24	 # D.2753, rlist.r_current
 146      0000
 147              		.loc 1 98 0
 148 014a A1180000 		movl	_rlist+24, %eax	 # rlist.r_current, D.2754
 148      00
 149 014f C6401C01 		movb	$1, 28(%eax)	 #, D.2754_2->p_state
 150              		.loc 1 108 0
 151 0153 A1180000 		movl	_rlist+24, %eax	 # rlist.r_current, D.2755
 151      00
 152 0158 C7401800 		movl	$_ch_debug, 24(%eax)	 #, D.2755_3->p_name
 152      000000
 153              		.loc 1 114 0
 154 015f B8000000 		movl	$__idle_thread, %eax	 #, _idle_thread.0
 154      00
 155 0164 C7442410 		movl	$0, 16(%esp)	 #,
 155      00000000 
 156 016c 8944240C 		movl	%eax, 12(%esp)	 # _idle_thread.0,
 157 0170 C7442408 		movl	$1, 8(%esp)	 #,
 157      01000000 
 158 0178 C7442404 		movl	$16752, 4(%esp)	 #,
 158      70410000 
 159 0180 C7042400 		movl	$__idle_thread_wa, (%esp)	 #,
 159      000000
 160 0187 E8000000 		call	_chThdCreateStatic	 #
 160      00
 161 018c A1C00000 		movl	LPBX1+96, %eax	 # *LPBX1, PROF_edge_counter.2
 161      00
 162 0191 8B15C400 		movl	LPBX1+100, %edx	 # *LPBX1, PROF_edge_counter.2
 162      0000
 163 0197 83C001   		addl	$1, %eax	 #, PROF_edge_counter.2
 164 019a 83D200   		adcl	$0, %edx	 #, PROF_edge_counter.2
 165 019d A3C00000 		movl	%eax, LPBX1+96	 # PROF_edge_counter.2, *LPBX1
 165      00
 166 01a2 8915C400 		movl	%edx, LPBX1+100	 # PROF_edge_counter.2, *LPBX1
 166      0000
GAS LISTING C:\cygwin\tmp\ccytH5Is.s 			page 5


 167              		.loc 1 117 0
 168 01a8 83C42C   		addl	$44, %esp	 #,
 169              	LCFI2:
 170              		.cfi_def_cfa_offset 4
 171 01ab C3       		ret
 172              		.cfi_endproc
 173              	LFE1:
 174              		.globl	_chSysTimerHandlerI
 175              		.def	_chSysTimerHandlerI;	.scl	2;	.type	32;	.endef
 176              	_chSysTimerHandlerI:
 177              	LFB2:
 178              		.loc 1 130 0
 179              		.cfi_startproc
 180 01ac 83EC2C   		subl	$44, %esp	 #,
 181              	LCFI3:
 182              		.cfi_def_cfa_offset 48
 183              		.loc 1 130 0
 184 01af A1600000 		movl	LPBX1, %eax	 # *LPBX1, PROF_edge_counter.1
 184      00
 185 01b4 8B156400 		movl	LPBX1+4, %edx	 # *LPBX1, PROF_edge_counter.1
 185      0000
 186 01ba 83C001   		addl	$1, %eax	 #, PROF_edge_counter.1
 187 01bd 83D200   		adcl	$0, %edx	 #, PROF_edge_counter.1
 188 01c0 A3600000 		movl	%eax, LPBX1	 # PROF_edge_counter.1, *LPBX1
 188      00
 189 01c5 89156400 		movl	%edx, LPBX1+4	 # PROF_edge_counter.1, *LPBX1
 189      0000
 190              		.loc 1 136 0
 191 01cb A1180000 		movl	_rlist+24, %eax	 # rlist.r_current, D.2731
 191      00
 192 01d0 8A401F   		movb	31(%eax), %al	 # D.2731_1->p_preempt, D.2732
 193 01d3 84C0     		testb	%al, %al	 # D.2732
 194 01d5 7428     		je	L5	 #,
 195              		.loc 1 138 0
 196 01d7 A1180000 		movl	_rlist+24, %eax	 # rlist.r_current, D.2735
 196      00
 197 01dc 8A501F   		movb	31(%eax), %dl	 # D.2735_3->p_preempt, D.2736
 198 01df 4A       		decl	%edx	 # D.2737
 199 01e0 88501F   		movb	%dl, 31(%eax)	 # D.2737, D.2735_3->p_preempt
 200 01e3 A1680000 		movl	LPBX1+8, %eax	 # *LPBX1, PROF_edge_counter.1
 200      00
 201 01e8 8B156C00 		movl	LPBX1+12, %edx	 # *LPBX1, PROF_edge_counter.1
 201      0000
 202 01ee 83C001   		addl	$1, %eax	 #, PROF_edge_counter.1
 203 01f1 83D200   		adcl	$0, %edx	 #, PROF_edge_counter.1
 204 01f4 A3680000 		movl	%eax, LPBX1+8	 # PROF_edge_counter.1, *LPBX1
 204      00
 205 01f9 89156C00 		movl	%edx, LPBX1+12	 # PROF_edge_counter.1, *LPBX1
 205      0000
 206              	L5:
 207              		.loc 1 141 0
 208 01ff A1180000 		movl	_rlist+24, %eax	 # rlist.r_current, D.2738
 208      00
 209 0204 8B5020   		movl	32(%eax), %edx	 # D.2738_6->p_time, D.2739
 210 0207 42       		incl	%edx	 # D.2740
 211 0208 895020   		movl	%edx, 32(%eax)	 # D.2740, D.2738_6->p_time
 212              		.loc 1 143 0
GAS LISTING C:\cygwin\tmp\ccytH5Is.s 			page 6


 213 020b A10C0000 		movl	_vtlist+12, %eax	 # vtlist.vt_systime, D.2741
 213      00
 214 0210 40       		incl	%eax	 # D.2742
 215 0211 A30C0000 		movl	%eax, _vtlist+12	 # D.2742, vtlist.vt_systime
 215      00
 216 0216 A1000000 		movl	_vtlist, %eax	 # vtlist.vt_next, D.2743
 216      00
 217 021b 3D000000 		cmpl	$_vtlist, %eax	 #, D.2743
 217      00
 218 0220 0F84B400 		je	L4	 #,
 218      0000
 219              	LBB2:
 220              		.loc 1 143 0 is_stmt 0 discriminator 1
 221 0226 A1000000 		movl	_vtlist, %eax	 # vtlist.vt_next, D.2746
 221      00
 222 022b 8B5008   		movl	8(%eax), %edx	 # D.2746_12->vt_time, D.2747
 223 022e 4A       		decl	%edx	 # D.2748
 224 022f 895008   		movl	%edx, 8(%eax)	 # D.2748, D.2746_12->vt_time
 225 0232 A1700000 		movl	LPBX1+16, %eax	 # *LPBX1, PROF_edge_counter.1
 225      00
 226 0237 8B157400 		movl	LPBX1+20, %edx	 # *LPBX1, PROF_edge_counter.1
 226      0000
 227 023d 83C001   		addl	$1, %eax	 #, PROF_edge_counter.1
 228 0240 83D200   		adcl	$0, %edx	 #, PROF_edge_counter.1
 229 0243 A3700000 		movl	%eax, LPBX1+16	 # PROF_edge_counter.1, *LPBX1
 229      00
 230 0248 89157400 		movl	%edx, LPBX1+20	 # PROF_edge_counter.1, *LPBX1
 230      0000
 231 024e EB5A     		jmp	L7	 #
 232              	L8:
 233              		.loc 1 143 0 discriminator 3
 234 0250 A1780000 		movl	LPBX1+24, %eax	 # *LPBX1, PROF_edge_counter.1
 234      00
 235 0255 8B157C00 		movl	LPBX1+28, %edx	 # *LPBX1, PROF_edge_counter.1
 235      0000
 236 025b 83C001   		addl	$1, %eax	 #, PROF_edge_counter.1
 237 025e 83D200   		adcl	$0, %edx	 #, PROF_edge_counter.1
 238 0261 A3780000 		movl	%eax, LPBX1+24	 # PROF_edge_counter.1, *LPBX1
 238      00
 239 0266 89157C00 		movl	%edx, LPBX1+28	 # PROF_edge_counter.1, *LPBX1
 239      0000
 240              	LBB3:
 241 026c 8B44241C 		movl	28(%esp), %eax	 # vtp, tmp87
 242 0270 8B400C   		movl	12(%eax), %eax	 # vtp_15->vt_func, tmp88
 243 0273 89442418 		movl	%eax, 24(%esp)	 # tmp88, fn
 244 0277 8B44241C 		movl	28(%esp), %eax	 # vtp, tmp89
 245 027b C7400C00 		movl	$0, 12(%eax)	 #, vtp_15->vt_func
 245      000000
 246 0282 8B44241C 		movl	28(%esp), %eax	 # vtp, tmp90
 247 0286 8B00     		movl	(%eax), %eax	 # vtp_15->vt_next, D.2749
 248 0288 C7400400 		movl	$_vtlist, 4(%eax)	 #, D.2749_18->vt_prev
 248      000000
 249 028f 8B44241C 		movl	28(%esp), %eax	 # vtp, tmp91
 250 0293 8B00     		movl	(%eax), %eax	 # vtp_15->vt_next, D.2750
 251 0295 A3000000 		movl	%eax, _vtlist	 # D.2750, vtlist.vt_next
 251      00
 252 029a 8B44241C 		movl	28(%esp), %eax	 # vtp, tmp92
GAS LISTING C:\cygwin\tmp\ccytH5Is.s 			page 7


 253 029e 8B4010   		movl	16(%eax), %eax	 # vtp_15->vt_par, D.2751
 254 02a1 890424   		movl	%eax, (%esp)	 # D.2751,
 255 02a4 8B442418 		movl	24(%esp), %eax	 # fn, tmp93
 256 02a8 FFD0     		call	*%eax	 # tmp93
 257              	L7:
 258              	LBE3:
 259              		.loc 1 143 0 discriminator 2
 260 02aa A1000000 		movl	_vtlist, %eax	 # vtlist.vt_next, tmp94
 260      00
 261 02af 8944241C 		movl	%eax, 28(%esp)	 # tmp94, vtp
 262 02b3 8B44241C 		movl	28(%esp), %eax	 # vtp, tmp95
 263 02b7 8B4008   		movl	8(%eax), %eax	 # vtp_15->vt_time, D.2752
 264 02ba 85C0     		testl	%eax, %eax	 # D.2752
 265 02bc 7492     		je	L8	 #,
 266              		.loc 1 143 0
 267 02be A1800000 		movl	LPBX1+32, %eax	 # *LPBX1, PROF_edge_counter.1
 267      00
 268 02c3 8B158400 		movl	LPBX1+36, %edx	 # *LPBX1, PROF_edge_counter.1
 268      0000
 269 02c9 83C001   		addl	$1, %eax	 #, PROF_edge_counter.1
 270 02cc 83D200   		adcl	$0, %edx	 #, PROF_edge_counter.1
 271 02cf A3800000 		movl	%eax, LPBX1+32	 # PROF_edge_counter.1, *LPBX1
 271      00
 272 02d4 89158400 		movl	%edx, LPBX1+36	 # PROF_edge_counter.1, *LPBX1
 272      0000
 273              	L4:
 274              	LBE2:
 275              		.loc 1 147 0 is_stmt 1
 276 02da 83C42C   		addl	$44, %esp	 #,
 277              	LCFI4:
 278              		.cfi_def_cfa_offset 4
 279 02dd C3       		ret
 280              		.cfi_endproc
 281              	LFE2:
 282              	.lcomm _mainthread.1849,72,32
 283              	.lcomm LPBX1,120,32
 284              		.section .rdata,"dr"
 285 0005 000000   		.align 4
 286              	LC1:
 287 0008 433A5C64 		.ascii "C:\\develop\\gyro\\ChibiOS\\test\\coverage/../../os/kernel/src/chsys.gcda\0"
 287      6576656C 
 287      6F705C67 
 287      79726F5C 
 287      43686962 
 288 004d 000000   		.data
 289              		.align 32
 290              	LC2:
 291              	 # <anonymous>:
 292 0000 03000000 		.long	3
 293              	 # <anonymous>:
 294 0004 34061321 		.long	554894900
 295              	 # <anonymous>:
 296 0008 05000000 		.long	5
 297              	 # <anonymous>:
 298 000c 02000000 		.long	2
 299              	 # <anonymous>:
 300 0010 A089D80A 		.long	181963168
GAS LISTING C:\cygwin\tmp\ccytH5Is.s 			page 8


 301              	 # <anonymous>:
 302 0014 08000000 		.long	8
 303              	 # <anonymous>:
 304 0018 01000000 		.long	1
 305              	 # <anonymous>:
 306 001c 596B7D9A 		.long	-1703056551
 307              	 # <anonymous>:
 308 0020 02000000 		.long	2
 309 0024 00000000 		.align 32
 309      00000000 
 309      00000000 
 309      00000000 
 309      00000000 
 310              	LPBX0:
 311              	 # <anonymous>:
 312 0040 2A363034 		.long	875574826
 313              	 # <anonymous>:
 314 0044 00000000 		.long	0
 315              	 # <anonymous>:
 316 0048 44127060 		.long	1617957444
 317              	 # <anonymous>:
 318 004c 08000000 		.long	LC1
 319              	 # <anonymous>:
 320 0050 03000000 		.long	3
 321              	 # <anonymous>:
 322 0054 00000000 		.long	LC2
 323              	 # <anonymous>:
 324 0058 01000000 		.long	1
 325              	 # <anonymous>:
 326              	 # <anonymous>:
 327 005c 0F000000 		.long	15
 328              	 # <anonymous>:
 329 0060 60000000 		.long	LPBX1
 330              	 # <anonymous>:
 331 0064 00000000 		.long	___gcov_merge_add
 332 0068 00000000 		.space 12
 332      00000000 
 332      00000000 
 333 0074 00000000 		.text
 333      00000000 
 333      00000000 
 334              		.def	__GLOBAL__sub_I_65535_0__idle_thread;	.scl	3;	.type	32;	.endef
 335              	__GLOBAL__sub_I_65535_0__idle_thread:
 336              	LFB3:
 337              		.loc 1 147 0
 338              		.cfi_startproc
 339 02de 83EC1C   		subl	$28, %esp	 #,
 340              	LCFI5:
 341              		.cfi_def_cfa_offset 32
 342              		.loc 1 147 0
 343 02e1 C7042440 		movl	$LPBX0, (%esp)	 #,
 343      000000
 344 02e8 E8000000 		call	___gcov_init	 #
 344      00
 345 02ed 83C41C   		addl	$28, %esp	 #,
 346              	LCFI6:
 347              		.cfi_def_cfa_offset 4
GAS LISTING C:\cygwin\tmp\ccytH5Is.s 			page 9


 348 02f0 C3       		ret
 349              		.cfi_endproc
 350              	LFE3:
 351              		.section	.ctors,"w"
 352              		.align 4
 353 0000 DE020000 		.long	__GLOBAL__sub_I_65535_0__idle_thread
 354              		.text
 355              	Letext0:
 356              		.file 2 "c:/mingw/bin/../lib/gcc/mingw32/4.6.2/../../../../include/stdint.h"
 357              		.file 3 "../../os/ports/GCC/SIMIA32/chtypes.h"
 358              		.file 4 "../../os/kernel/include/chlists.h"
 359              		.file 5 "../../os/kernel/include/chthreads.h"
 360              		.file 6 "../../os/ports/GCC/SIMIA32/chcore.h"
 361              		.file 7 "../../os/kernel/include/chvt.h"
 362              		.file 8 "../../os/kernel/include/chschd.h"
 363              		.file 9 "../../os/kernel/include/chmtx.h"
 364              		.file 10 "../../os/kernel/include/chregistry.h"
 365              		.file 11 "../../os/kernel/include/ch.h"
 366 02f1 909090   		.section	.debug_info,"dr"
 367              	Ldebug_info0:
 368 0000 FC090000 		.long	0x9fc
 369 0004 0200     		.word	0x2
 370 0006 00000000 		.secrel32	Ldebug_abbrev0
 371 000a 04       		.byte	0x4
 372 000b 01       		.uleb128 0x1
 373 000c 474E5520 		.ascii "GNU C 4.6.2\0"
 373      4320342E 
 373      362E3200 
 374 0018 01       		.byte	0x1
 375 0019 2E2E2F2E 		.ascii "../../os/kernel/src/chsys.c\0"
 375      2E2F6F73 
 375      2F6B6572 
 375      6E656C2F 
 375      7372632F 
 376 0035 433A5C64 		.ascii "C:\\develop\\gyro\\ChibiOS\\test\\coverage\0"
 376      6576656C 
 376      6F705C67 
 376      79726F5C 
 376      43686962 
 377 005b 00000000 		.long	Ltext0
 378 005f F1020000 		.long	Letext0
 379 0063 00000000 		.secrel32	Ldebug_line0
 380 0067 02       		.uleb128 0x2
 381 0068 04       		.byte	0x4
 382 0069 05       		.byte	0x5
 383 006a 696E7400 		.ascii "int\0"
 384 006e 02       		.uleb128 0x2
 385 006f 04       		.byte	0x4
 386 0070 07       		.byte	0x7
 387 0071 756E7369 		.ascii "unsigned int\0"
 387      676E6564 
 387      20696E74 
 387      00
 388 007e 02       		.uleb128 0x2
 389 007f 02       		.byte	0x2
 390 0080 07       		.byte	0x7
 391 0081 73686F72 		.ascii "short unsigned int\0"
GAS LISTING C:\cygwin\tmp\ccytH5Is.s 			page 10


 391      7420756E 
 391      7369676E 
 391      65642069 
 391      6E7400
 392 0094 02       		.uleb128 0x2
 393 0095 01       		.byte	0x1
 394 0096 06       		.byte	0x6
 395 0097 7369676E 		.ascii "signed char\0"
 395      65642063 
 395      68617200 
 396 00a3 03       		.uleb128 0x3
 397 00a4 75696E74 		.ascii "uint8_t\0"
 397      385F7400 
 398 00ac 02       		.byte	0x2
 399 00ad 1C       		.byte	0x1c
 400 00ae B2000000 		.long	0xb2
 401 00b2 02       		.uleb128 0x2
 402 00b3 01       		.byte	0x1
 403 00b4 08       		.byte	0x8
 404 00b5 756E7369 		.ascii "unsigned char\0"
 404      676E6564 
 404      20636861 
 404      7200
 405 00c3 02       		.uleb128 0x2
 406 00c4 02       		.byte	0x2
 407 00c5 05       		.byte	0x5
 408 00c6 73686F72 		.ascii "short int\0"
 408      7420696E 
 408      7400
 409 00d0 03       		.uleb128 0x3
 410 00d1 75696E74 		.ascii "uint16_t\0"
 410      31365F74 
 410      00
 411 00da 02       		.byte	0x2
 412 00db 1E       		.byte	0x1e
 413 00dc 7E000000 		.long	0x7e
 414 00e0 03       		.uleb128 0x3
 415 00e1 696E7433 		.ascii "int32_t\0"
 415      325F7400 
 416 00e9 02       		.byte	0x2
 417 00ea 1F       		.byte	0x1f
 418 00eb 67000000 		.long	0x67
 419 00ef 03       		.uleb128 0x3
 420 00f0 75696E74 		.ascii "uint32_t\0"
 420      33325F74 
 420      00
 421 00f9 02       		.byte	0x2
 422 00fa 20       		.byte	0x20
 423 00fb 6E000000 		.long	0x6e
 424 00ff 02       		.uleb128 0x2
 425 0100 08       		.byte	0x8
 426 0101 05       		.byte	0x5
 427 0102 6C6F6E67 		.ascii "long long int\0"
 427      206C6F6E 
 427      6720696E 
 427      7400
 428 0110 02       		.uleb128 0x2
GAS LISTING C:\cygwin\tmp\ccytH5Is.s 			page 11


 429 0111 08       		.byte	0x8
 430 0112 07       		.byte	0x7
 431 0113 6C6F6E67 		.ascii "long long unsigned int\0"
 431      206C6F6E 
 431      6720756E 
 431      7369676E 
 431      65642069 
 432 012a 02       		.uleb128 0x2
 433 012b 01       		.byte	0x1
 434 012c 02       		.byte	0x2
 435 012d 5F426F6F 		.ascii "_Bool\0"
 435      6C00
 436 0133 03       		.uleb128 0x3
 437 0134 746D6F64 		.ascii "tmode_t\0"
 437      655F7400 
 438 013c 03       		.byte	0x3
 439 013d 1D       		.byte	0x1d
 440 013e A3000000 		.long	0xa3
 441 0142 03       		.uleb128 0x3
 442 0143 74737461 		.ascii "tstate_t\0"
 442      74655F74 
 442      00
 443 014c 03       		.byte	0x3
 444 014d 1E       		.byte	0x1e
 445 014e A3000000 		.long	0xa3
 446 0152 03       		.uleb128 0x3
 447 0153 74726566 		.ascii "trefs_t\0"
 447      735F7400 
 448 015b 03       		.byte	0x3
 449 015c 1F       		.byte	0x1f
 450 015d A3000000 		.long	0xa3
 451 0161 03       		.uleb128 0x3
 452 0162 74736C69 		.ascii "tslices_t\0"
 452      6365735F 
 452      7400
 453 016c 03       		.byte	0x3
 454 016d 20       		.byte	0x20
 455 016e A3000000 		.long	0xa3
 456 0172 03       		.uleb128 0x3
 457 0173 74707269 		.ascii "tprio_t\0"
 457      6F5F7400 
 458 017b 03       		.byte	0x3
 459 017c 21       		.byte	0x21
 460 017d EF000000 		.long	0xef
 461 0181 03       		.uleb128 0x3
 462 0182 6D73675F 		.ascii "msg_t\0"
 462      7400
 463 0188 03       		.byte	0x3
 464 0189 22       		.byte	0x22
 465 018a E0000000 		.long	0xe0
 466 018e 03       		.uleb128 0x3
 467 018f 6576656E 		.ascii "eventmask_t\0"
 467      746D6173 
 467      6B5F7400 
 468 019b 03       		.byte	0x3
 469 019c 24       		.byte	0x24
 470 019d EF000000 		.long	0xef
GAS LISTING C:\cygwin\tmp\ccytH5Is.s 			page 12


 471 01a1 03       		.uleb128 0x3
 472 01a2 73797374 		.ascii "systime_t\0"
 472      696D655F 
 472      7400
 473 01ac 03       		.byte	0x3
 474 01ad 26       		.byte	0x26
 475 01ae EF000000 		.long	0xef
 476 01b2 03       		.uleb128 0x3
 477 01b3 54687265 		.ascii "Thread\0"
 477      616400
 478 01ba 04       		.byte	0x4
 479 01bb 23       		.byte	0x23
 480 01bc C0010000 		.long	0x1c0
 481 01c0 04       		.uleb128 0x4
 482 01c1 54687265 		.ascii "Thread\0"
 482      616400
 483 01c8 48       		.byte	0x48
 484 01c9 05       		.byte	0x5
 485 01ca 57       		.byte	0x57
 486 01cb 36030000 		.long	0x336
 487 01cf 05       		.uleb128 0x5
 488 01d0 26000000 		.secrel32	LASF0
 489 01d4 05       		.byte	0x5
 490 01d5 58       		.byte	0x58
 491 01d6 5E030000 		.long	0x35e
 492 01da 02       		.byte	0x2
 493 01db 23       		.byte	0x23
 494 01dc 00       		.uleb128 0
 495 01dd 06       		.uleb128 0x6
 496 01de 705F7072 		.ascii "p_prev\0"
 496      657600
 497 01e5 05       		.byte	0x5
 498 01e6 5A       		.byte	0x5a
 499 01e7 5E030000 		.long	0x35e
 500 01eb 02       		.byte	0x2
 501 01ec 23       		.byte	0x23
 502 01ed 04       		.uleb128 0x4
 503 01ee 06       		.uleb128 0x6
 504 01ef 705F7072 		.ascii "p_prio\0"
 504      696F00
 505 01f6 05       		.byte	0x5
 506 01f7 5C       		.byte	0x5c
 507 01f8 72010000 		.long	0x172
 508 01fc 02       		.byte	0x2
 509 01fd 23       		.byte	0x23
 510 01fe 08       		.uleb128 0x8
 511 01ff 06       		.uleb128 0x6
 512 0200 705F6374 		.ascii "p_ctx\0"
 512      7800
 513 0206 05       		.byte	0x5
 514 0207 5D       		.byte	0x5d
 515 0208 3F040000 		.long	0x43f
 516 020c 02       		.byte	0x2
 517 020d 23       		.byte	0x23
 518 020e 0C       		.uleb128 0xc
 519 020f 06       		.uleb128 0x6
 520 0210 705F6E65 		.ascii "p_newer\0"
GAS LISTING C:\cygwin\tmp\ccytH5Is.s 			page 13


 520      77657200 
 521 0218 05       		.byte	0x5
 522 0219 5F       		.byte	0x5f
 523 021a 5E030000 		.long	0x35e
 524 021e 02       		.byte	0x2
 525 021f 23       		.byte	0x23
 526 0220 10       		.uleb128 0x10
 527 0221 06       		.uleb128 0x6
 528 0222 705F6F6C 		.ascii "p_older\0"
 528      64657200 
 529 022a 05       		.byte	0x5
 530 022b 60       		.byte	0x60
 531 022c 5E030000 		.long	0x35e
 532 0230 02       		.byte	0x2
 533 0231 23       		.byte	0x23
 534 0232 14       		.uleb128 0x14
 535 0233 06       		.uleb128 0x6
 536 0234 705F6E61 		.ascii "p_name\0"
 536      6D6500
 537 023b 05       		.byte	0x5
 538 023c 67       		.byte	0x67
 539 023d 88060000 		.long	0x688
 540 0241 02       		.byte	0x2
 541 0242 23       		.byte	0x23
 542 0243 18       		.uleb128 0x18
 543 0244 06       		.uleb128 0x6
 544 0245 705F7374 		.ascii "p_state\0"
 544      61746500 
 545 024d 05       		.byte	0x5
 546 024e 72       		.byte	0x72
 547 024f 42010000 		.long	0x142
 548 0253 02       		.byte	0x2
 549 0254 23       		.byte	0x23
 550 0255 1C       		.uleb128 0x1c
 551 0256 06       		.uleb128 0x6
 552 0257 705F666C 		.ascii "p_flags\0"
 552      61677300 
 553 025f 05       		.byte	0x5
 554 0260 76       		.byte	0x76
 555 0261 33010000 		.long	0x133
 556 0265 02       		.byte	0x2
 557 0266 23       		.byte	0x23
 558 0267 1D       		.uleb128 0x1d
 559 0268 06       		.uleb128 0x6
 560 0269 705F7265 		.ascii "p_refs\0"
 560      667300
 561 0270 05       		.byte	0x5
 562 0271 7B       		.byte	0x7b
 563 0272 52010000 		.long	0x152
 564 0276 02       		.byte	0x2
 565 0277 23       		.byte	0x23
 566 0278 1E       		.uleb128 0x1e
 567 0279 06       		.uleb128 0x6
 568 027a 705F7072 		.ascii "p_preempt\0"
 568      65656D70 
 568      7400
 569 0284 05       		.byte	0x5
GAS LISTING C:\cygwin\tmp\ccytH5Is.s 			page 14


 570 0285 81       		.byte	0x81
 571 0286 61010000 		.long	0x161
 572 028a 02       		.byte	0x2
 573 028b 23       		.byte	0x23
 574 028c 1F       		.uleb128 0x1f
 575 028d 06       		.uleb128 0x6
 576 028e 705F7469 		.ascii "p_time\0"
 576      6D6500
 577 0295 05       		.byte	0x5
 578 0296 88       		.byte	0x88
 579 0297 56050000 		.long	0x556
 580 029b 02       		.byte	0x2
 581 029c 23       		.byte	0x23
 582 029d 20       		.uleb128 0x20
 583 029e 06       		.uleb128 0x6
 584 029f 705F7500 		.ascii "p_u\0"
 585 02a3 05       		.byte	0x5
 586 02a4 AD       		.byte	0xad
 587 02a5 45060000 		.long	0x645
 588 02a9 02       		.byte	0x2
 589 02aa 23       		.byte	0x23
 590 02ab 24       		.uleb128 0x24
 591 02ac 06       		.uleb128 0x6
 592 02ad 705F7761 		.ascii "p_waiting\0"
 592      6974696E 
 592      6700
 593 02b7 05       		.byte	0x5
 594 02b8 B2       		.byte	0xb2
 595 02b9 8F030000 		.long	0x38f
 596 02bd 02       		.byte	0x2
 597 02be 23       		.byte	0x23
 598 02bf 28       		.uleb128 0x28
 599 02c0 06       		.uleb128 0x6
 600 02c1 705F6D73 		.ascii "p_msgqueue\0"
 600      67717565 
 600      756500
 601 02cc 05       		.byte	0x5
 602 02cd B8       		.byte	0xb8
 603 02ce 64030000 		.long	0x364
 604 02d2 02       		.byte	0x2
 605 02d3 23       		.byte	0x23
 606 02d4 2C       		.uleb128 0x2c
 607 02d5 06       		.uleb128 0x6
 608 02d6 705F6D73 		.ascii "p_msg\0"
 608      6700
 609 02dc 05       		.byte	0x5
 610 02dd BC       		.byte	0xbc
 611 02de 81010000 		.long	0x181
 612 02e2 02       		.byte	0x2
 613 02e3 23       		.byte	0x23
 614 02e4 34       		.uleb128 0x34
 615 02e5 06       		.uleb128 0x6
 616 02e6 705F6570 		.ascii "p_epending\0"
 616      656E6469 
 616      6E6700
 617 02f1 05       		.byte	0x5
 618 02f2 C2       		.byte	0xc2
GAS LISTING C:\cygwin\tmp\ccytH5Is.s 			page 15


 619 02f3 8E010000 		.long	0x18e
 620 02f7 02       		.byte	0x2
 621 02f8 23       		.byte	0x23
 622 02f9 38       		.uleb128 0x38
 623 02fa 06       		.uleb128 0x6
 624 02fb 705F6D74 		.ascii "p_mtxlist\0"
 624      786C6973 
 624      7400
 625 0305 05       		.byte	0x5
 626 0306 C9       		.byte	0xc9
 627 0307 9B060000 		.long	0x69b
 628 030b 02       		.byte	0x2
 629 030c 23       		.byte	0x23
 630 030d 3C       		.uleb128 0x3c
 631 030e 06       		.uleb128 0x6
 632 030f 705F7265 		.ascii "p_realprio\0"
 632      616C7072 
 632      696F00
 633 031a 05       		.byte	0x5
 634 031b CD       		.byte	0xcd
 635 031c 72010000 		.long	0x172
 636 0320 02       		.byte	0x2
 637 0321 23       		.byte	0x23
 638 0322 40       		.uleb128 0x40
 639 0323 06       		.uleb128 0x6
 640 0324 705F6D70 		.ascii "p_mpool\0"
 640      6F6F6C00 
 641 032c 05       		.byte	0x5
 642 032d D3       		.byte	0xd3
 643 032e E7030000 		.long	0x3e7
 644 0332 02       		.byte	0x2
 645 0333 23       		.byte	0x23
 646 0334 44       		.uleb128 0x44
 647 0335 00       		.byte	0
 648 0336 07       		.uleb128 0x7
 649 0337 08       		.byte	0x8
 650 0338 04       		.byte	0x4
 651 0339 5A       		.byte	0x5a
 652 033a 5E030000 		.long	0x35e
 653 033e 05       		.uleb128 0x5
 654 033f 26000000 		.secrel32	LASF0
 655 0343 04       		.byte	0x4
 656 0344 5B       		.byte	0x5b
 657 0345 5E030000 		.long	0x35e
 658 0349 02       		.byte	0x2
 659 034a 23       		.byte	0x23
 660 034b 00       		.uleb128 0
 661 034c 06       		.uleb128 0x6
 662 034d 705F7072 		.ascii "p_prev\0"
 662      657600
 663 0354 04       		.byte	0x4
 664 0355 5D       		.byte	0x5d
 665 0356 5E030000 		.long	0x35e
 666 035a 02       		.byte	0x2
 667 035b 23       		.byte	0x23
 668 035c 04       		.uleb128 0x4
 669 035d 00       		.byte	0
GAS LISTING C:\cygwin\tmp\ccytH5Is.s 			page 16


 670 035e 08       		.uleb128 0x8
 671 035f 04       		.byte	0x4
 672 0360 B2010000 		.long	0x1b2
 673 0364 03       		.uleb128 0x3
 674 0365 54687265 		.ascii "ThreadsQueue\0"
 674      61647351 
 674      75657565 
 674      00
 675 0372 04       		.byte	0x4
 676 0373 5F       		.byte	0x5f
 677 0374 36030000 		.long	0x336
 678 0378 07       		.uleb128 0x7
 679 0379 04       		.byte	0x4
 680 037a 04       		.byte	0x4
 681 037b 64       		.byte	0x64
 682 037c 8F030000 		.long	0x38f
 683 0380 05       		.uleb128 0x5
 684 0381 26000000 		.secrel32	LASF0
 685 0385 04       		.byte	0x4
 686 0386 66       		.byte	0x66
 687 0387 5E030000 		.long	0x35e
 688 038b 02       		.byte	0x2
 689 038c 23       		.byte	0x23
 690 038d 00       		.uleb128 0
 691 038e 00       		.byte	0
 692 038f 03       		.uleb128 0x3
 693 0390 54687265 		.ascii "ThreadsList\0"
 693      6164734C 
 693      69737400 
 694 039c 04       		.byte	0x4
 695 039d 69       		.byte	0x69
 696 039e 78030000 		.long	0x378
 697 03a2 07       		.uleb128 0x7
 698 03a3 10       		.byte	0x10
 699 03a4 06       		.byte	0x6
 700 03a5 3D       		.byte	0x3d
 701 03a6 B7030000 		.long	0x3b7
 702 03aa 06       		.uleb128 0x6
 703 03ab 6100     		.ascii "a\0"
 704 03ad 06       		.byte	0x6
 705 03ae 3E       		.byte	0x3e
 706 03af B7030000 		.long	0x3b7
 707 03b3 02       		.byte	0x2
 708 03b4 23       		.byte	0x23
 709 03b5 00       		.uleb128 0
 710 03b6 00       		.byte	0
 711 03b7 09       		.uleb128 0x9
 712 03b8 A3000000 		.long	0xa3
 713 03bc C7030000 		.long	0x3c7
 714 03c0 0A       		.uleb128 0xa
 715 03c1 6E000000 		.long	0x6e
 716 03c5 0F       		.byte	0xf
 717 03c6 00       		.byte	0
 718 03c7 03       		.uleb128 0x3
 719 03c8 73746B61 		.ascii "stkalign_t\0"
 719      6C69676E 
 719      5F7400
GAS LISTING C:\cygwin\tmp\ccytH5Is.s 			page 17


 720 03d3 06       		.byte	0x6
 721 03d4 3F       		.byte	0x3f
 722 03d5 A2030000 		.long	0x3a2
 723 03d9 03       		.uleb128 0x3
 724 03da 72656778 		.ascii "regx86\0"
 724      383600
 725 03e1 06       		.byte	0x6
 726 03e2 44       		.byte	0x44
 727 03e3 E7030000 		.long	0x3e7
 728 03e7 0B       		.uleb128 0xb
 729 03e8 04       		.byte	0x4
 730 03e9 04       		.uleb128 0x4
 731 03ea 696E7463 		.ascii "intctx\0"
 731      747800
 732 03f1 14       		.byte	0x14
 733 03f2 06       		.byte	0x6
 734 03f3 52       		.byte	0x52
 735 03f4 3F040000 		.long	0x43f
 736 03f8 06       		.uleb128 0x6
 737 03f9 65627800 		.ascii "ebx\0"
 738 03fd 06       		.byte	0x6
 739 03fe 53       		.byte	0x53
 740 03ff D9030000 		.long	0x3d9
 741 0403 02       		.byte	0x2
 742 0404 23       		.byte	0x23
 743 0405 00       		.uleb128 0
 744 0406 06       		.uleb128 0x6
 745 0407 65646900 		.ascii "edi\0"
 746 040b 06       		.byte	0x6
 747 040c 54       		.byte	0x54
 748 040d D9030000 		.long	0x3d9
 749 0411 02       		.byte	0x2
 750 0412 23       		.byte	0x23
 751 0413 04       		.uleb128 0x4
 752 0414 06       		.uleb128 0x6
 753 0415 65736900 		.ascii "esi\0"
 754 0419 06       		.byte	0x6
 755 041a 55       		.byte	0x55
 756 041b D9030000 		.long	0x3d9
 757 041f 02       		.byte	0x2
 758 0420 23       		.byte	0x23
 759 0421 08       		.uleb128 0x8
 760 0422 06       		.uleb128 0x6
 761 0423 65627000 		.ascii "ebp\0"
 762 0427 06       		.byte	0x6
 763 0428 56       		.byte	0x56
 764 0429 D9030000 		.long	0x3d9
 765 042d 02       		.byte	0x2
 766 042e 23       		.byte	0x23
 767 042f 0C       		.uleb128 0xc
 768 0430 06       		.uleb128 0x6
 769 0431 65697000 		.ascii "eip\0"
 770 0435 06       		.byte	0x6
 771 0436 57       		.byte	0x57
 772 0437 D9030000 		.long	0x3d9
 773 043b 02       		.byte	0x2
 774 043c 23       		.byte	0x23
GAS LISTING C:\cygwin\tmp\ccytH5Is.s 			page 18


 775 043d 10       		.uleb128 0x10
 776 043e 00       		.byte	0
 777 043f 04       		.uleb128 0x4
 778 0440 636F6E74 		.ascii "context\0"
 778      65787400 
 779 0448 04       		.byte	0x4
 780 0449 06       		.byte	0x6
 781 044a 5F       		.byte	0x5f
 782 044b 5E040000 		.long	0x45e
 783 044f 06       		.uleb128 0x6
 784 0450 65737000 		.ascii "esp\0"
 785 0454 06       		.byte	0x6
 786 0455 60       		.byte	0x60
 787 0456 5E040000 		.long	0x45e
 788 045a 02       		.byte	0x2
 789 045b 23       		.byte	0x23
 790 045c 00       		.uleb128 0
 791 045d 00       		.byte	0
 792 045e 08       		.uleb128 0x8
 793 045f 04       		.byte	0x4
 794 0460 64040000 		.long	0x464
 795 0464 0C       		.uleb128 0xc
 796 0465 E9030000 		.long	0x3e9
 797 0469 03       		.uleb128 0x3
 798 046a 76746675 		.ascii "vtfunc_t\0"
 798      6E635F74 
 798      00
 799 0473 07       		.byte	0x7
 800 0474 4E       		.byte	0x4e
 801 0475 79040000 		.long	0x479
 802 0479 08       		.uleb128 0x8
 803 047a 04       		.byte	0x4
 804 047b 7F040000 		.long	0x47f
 805 047f 0D       		.uleb128 0xd
 806 0480 01       		.byte	0x1
 807 0481 8B040000 		.long	0x48b
 808 0485 0E       		.uleb128 0xe
 809 0486 E7030000 		.long	0x3e7
 810 048a 00       		.byte	0
 811 048b 0F       		.uleb128 0xf
 812 048c 19000000 		.secrel32	LASF1
 813 0490 07       		.byte	0x7
 814 0491 53       		.byte	0x53
 815 0492 96040000 		.long	0x496
 816 0496 10       		.uleb128 0x10
 817 0497 19000000 		.secrel32	LASF1
 818 049b 14       		.byte	0x14
 819 049c 07       		.byte	0x7
 820 049d 5A       		.byte	0x5a
 821 049e FC040000 		.long	0x4fc
 822 04a2 06       		.uleb128 0x6
 823 04a3 76745F6E 		.ascii "vt_next\0"
 823      65787400 
 824 04ab 07       		.byte	0x7
 825 04ac 5B       		.byte	0x5b
 826 04ad FC040000 		.long	0x4fc
 827 04b1 02       		.byte	0x2
GAS LISTING C:\cygwin\tmp\ccytH5Is.s 			page 19


 828 04b2 23       		.byte	0x23
 829 04b3 00       		.uleb128 0
 830 04b4 06       		.uleb128 0x6
 831 04b5 76745F70 		.ascii "vt_prev\0"
 831      72657600 
 832 04bd 07       		.byte	0x7
 833 04be 5D       		.byte	0x5d
 834 04bf FC040000 		.long	0x4fc
 835 04c3 02       		.byte	0x2
 836 04c4 23       		.byte	0x23
 837 04c5 04       		.uleb128 0x4
 838 04c6 06       		.uleb128 0x6
 839 04c7 76745F74 		.ascii "vt_time\0"
 839      696D6500 
 840 04cf 07       		.byte	0x7
 841 04d0 5F       		.byte	0x5f
 842 04d1 A1010000 		.long	0x1a1
 843 04d5 02       		.byte	0x2
 844 04d6 23       		.byte	0x23
 845 04d7 08       		.uleb128 0x8
 846 04d8 06       		.uleb128 0x6
 847 04d9 76745F66 		.ascii "vt_func\0"
 847      756E6300 
 848 04e1 07       		.byte	0x7
 849 04e2 60       		.byte	0x60
 850 04e3 69040000 		.long	0x469
 851 04e7 02       		.byte	0x2
 852 04e8 23       		.byte	0x23
 853 04e9 0C       		.uleb128 0xc
 854 04ea 06       		.uleb128 0x6
 855 04eb 76745F70 		.ascii "vt_par\0"
 855      617200
 856 04f2 07       		.byte	0x7
 857 04f3 62       		.byte	0x62
 858 04f4 E7030000 		.long	0x3e7
 859 04f8 02       		.byte	0x2
 860 04f9 23       		.byte	0x23
 861 04fa 10       		.uleb128 0x10
 862 04fb 00       		.byte	0
 863 04fc 08       		.uleb128 0x8
 864 04fd 04       		.byte	0x4
 865 04fe 8B040000 		.long	0x48b
 866 0502 07       		.uleb128 0x7
 867 0503 10       		.byte	0x10
 868 0504 07       		.byte	0x7
 869 0505 6C       		.byte	0x6c
 870 0506 56050000 		.long	0x556
 871 050a 06       		.uleb128 0x6
 872 050b 76745F6E 		.ascii "vt_next\0"
 872      65787400 
 873 0513 07       		.byte	0x7
 874 0514 6D       		.byte	0x6d
 875 0515 FC040000 		.long	0x4fc
 876 0519 02       		.byte	0x2
 877 051a 23       		.byte	0x23
 878 051b 00       		.uleb128 0
 879 051c 06       		.uleb128 0x6
GAS LISTING C:\cygwin\tmp\ccytH5Is.s 			page 20


 880 051d 76745F70 		.ascii "vt_prev\0"
 880      72657600 
 881 0525 07       		.byte	0x7
 882 0526 6F       		.byte	0x6f
 883 0527 FC040000 		.long	0x4fc
 884 052b 02       		.byte	0x2
 885 052c 23       		.byte	0x23
 886 052d 04       		.uleb128 0x4
 887 052e 06       		.uleb128 0x6
 888 052f 76745F74 		.ascii "vt_time\0"
 888      696D6500 
 889 0537 07       		.byte	0x7
 890 0538 71       		.byte	0x71
 891 0539 A1010000 		.long	0x1a1
 892 053d 02       		.byte	0x2
 893 053e 23       		.byte	0x23
 894 053f 08       		.uleb128 0x8
 895 0540 06       		.uleb128 0x6
 896 0541 76745F73 		.ascii "vt_systime\0"
 896      79737469 
 896      6D6500
 897 054c 07       		.byte	0x7
 898 054d 72       		.byte	0x72
 899 054e 56050000 		.long	0x556
 900 0552 02       		.byte	0x2
 901 0553 23       		.byte	0x23
 902 0554 0C       		.uleb128 0xc
 903 0555 00       		.byte	0
 904 0556 0C       		.uleb128 0xc
 905 0557 A1010000 		.long	0x1a1
 906 055b 03       		.uleb128 0x3
 907 055c 56544C69 		.ascii "VTList\0"
 907      737400
 908 0563 07       		.byte	0x7
 909 0564 73       		.byte	0x73
 910 0565 02050000 		.long	0x502
 911 0569 07       		.uleb128 0x7
 912 056a 1C       		.byte	0x1c
 913 056b 08       		.byte	0x8
 914 056c 57       		.byte	0x57
 915 056d DD050000 		.long	0x5dd
 916 0571 06       		.uleb128 0x6
 917 0572 725F7175 		.ascii "r_queue\0"
 917      65756500 
 918 057a 08       		.byte	0x8
 919 057b 58       		.byte	0x58
 920 057c 64030000 		.long	0x364
 921 0580 02       		.byte	0x2
 922 0581 23       		.byte	0x23
 923 0582 00       		.uleb128 0
 924 0583 06       		.uleb128 0x6
 925 0584 725F7072 		.ascii "r_prio\0"
 925      696F00
 926 058b 08       		.byte	0x8
 927 058c 59       		.byte	0x59
 928 058d 72010000 		.long	0x172
 929 0591 02       		.byte	0x2
GAS LISTING C:\cygwin\tmp\ccytH5Is.s 			page 21


 930 0592 23       		.byte	0x23
 931 0593 08       		.uleb128 0x8
 932 0594 06       		.uleb128 0x6
 933 0595 725F6374 		.ascii "r_ctx\0"
 933      7800
 934 059b 08       		.byte	0x8
 935 059c 5B       		.byte	0x5b
 936 059d 3F040000 		.long	0x43f
 937 05a1 02       		.byte	0x2
 938 05a2 23       		.byte	0x23
 939 05a3 0C       		.uleb128 0xc
 940 05a4 06       		.uleb128 0x6
 941 05a5 725F6E65 		.ascii "r_newer\0"
 941      77657200 
 942 05ad 08       		.byte	0x8
 943 05ae 5E       		.byte	0x5e
 944 05af 5E030000 		.long	0x35e
 945 05b3 02       		.byte	0x2
 946 05b4 23       		.byte	0x23
 947 05b5 10       		.uleb128 0x10
 948 05b6 06       		.uleb128 0x6
 949 05b7 725F6F6C 		.ascii "r_older\0"
 949      64657200 
 950 05bf 08       		.byte	0x8
 951 05c0 5F       		.byte	0x5f
 952 05c1 5E030000 		.long	0x35e
 953 05c5 02       		.byte	0x2
 954 05c6 23       		.byte	0x23
 955 05c7 14       		.uleb128 0x14
 956 05c8 06       		.uleb128 0x6
 957 05c9 725F6375 		.ascii "r_current\0"
 957      7272656E 
 957      7400
 958 05d3 08       		.byte	0x8
 959 05d4 62       		.byte	0x62
 960 05d5 5E030000 		.long	0x35e
 961 05d9 02       		.byte	0x2
 962 05da 23       		.byte	0x23
 963 05db 18       		.uleb128 0x18
 964 05dc 00       		.byte	0
 965 05dd 03       		.uleb128 0x3
 966 05de 52656164 		.ascii "ReadyList\0"
 966      794C6973 
 966      7400
 967 05e8 08       		.byte	0x8
 968 05e9 64       		.byte	0x64
 969 05ea 69050000 		.long	0x569
 970 05ee 04       		.uleb128 0x4
 971 05ef 4D757465 		.ascii "Mutex\0"
 971      7800
 972 05f5 10       		.byte	0x10
 973 05f6 09       		.byte	0x9
 974 05f7 25       		.byte	0x25
 975 05f8 32060000 		.long	0x632
 976 05fc 06       		.uleb128 0x6
 977 05fd 6D5F7175 		.ascii "m_queue\0"
 977      65756500 
GAS LISTING C:\cygwin\tmp\ccytH5Is.s 			page 22


 978 0605 09       		.byte	0x9
 979 0606 26       		.byte	0x26
 980 0607 64030000 		.long	0x364
 981 060b 02       		.byte	0x2
 982 060c 23       		.byte	0x23
 983 060d 00       		.uleb128 0
 984 060e 06       		.uleb128 0x6
 985 060f 6D5F6F77 		.ascii "m_owner\0"
 985      6E657200 
 986 0617 09       		.byte	0x9
 987 0618 28       		.byte	0x28
 988 0619 5E030000 		.long	0x35e
 989 061d 02       		.byte	0x2
 990 061e 23       		.byte	0x23
 991 061f 08       		.uleb128 0x8
 992 0620 06       		.uleb128 0x6
 993 0621 6D5F6E65 		.ascii "m_next\0"
 993      787400
 994 0628 09       		.byte	0x9
 995 0629 2A       		.byte	0x2a
 996 062a 32060000 		.long	0x632
 997 062e 02       		.byte	0x2
 998 062f 23       		.byte	0x23
 999 0630 0C       		.uleb128 0xc
 1000 0631 00       		.byte	0
 1001 0632 08       		.uleb128 0x8
 1002 0633 04       		.byte	0x4
 1003 0634 EE050000 		.long	0x5ee
 1004 0638 03       		.uleb128 0x3
 1005 0639 4D757465 		.ascii "Mutex\0"
 1005      7800
 1006 063f 09       		.byte	0x9
 1007 0640 2C       		.byte	0x2c
 1008 0641 EE050000 		.long	0x5ee
 1009 0645 11       		.uleb128 0x11
 1010 0646 04       		.byte	0x4
 1011 0647 05       		.byte	0x5
 1012 0648 8F       		.byte	0x8f
 1013 0649 88060000 		.long	0x688
 1014 064d 12       		.uleb128 0x12
 1015 064e 7264796D 		.ascii "rdymsg\0"
 1015      736700
 1016 0655 05       		.byte	0x5
 1017 0656 96       		.byte	0x96
 1018 0657 81010000 		.long	0x181
 1019 065b 12       		.uleb128 0x12
 1020 065c 65786974 		.ascii "exitcode\0"
 1020      636F6465 
 1020      00
 1021 0665 05       		.byte	0x5
 1022 0666 9D       		.byte	0x9d
 1023 0667 81010000 		.long	0x181
 1024 066b 12       		.uleb128 0x12
 1025 066c 77746F62 		.ascii "wtobjp\0"
 1025      6A7000
 1026 0673 05       		.byte	0x5
 1027 0674 A4       		.byte	0xa4
GAS LISTING C:\cygwin\tmp\ccytH5Is.s 			page 23


 1028 0675 E7030000 		.long	0x3e7
 1029 0679 12       		.uleb128 0x12
 1030 067a 65776D61 		.ascii "ewmask\0"
 1030      736B00
 1031 0681 05       		.byte	0x5
 1032 0682 AB       		.byte	0xab
 1033 0683 8E010000 		.long	0x18e
 1034 0687 00       		.byte	0
 1035 0688 08       		.uleb128 0x8
 1036 0689 04       		.byte	0x4
 1037 068a 8E060000 		.long	0x68e
 1038 068e 13       		.uleb128 0x13
 1039 068f 93060000 		.long	0x693
 1040 0693 02       		.uleb128 0x2
 1041 0694 01       		.byte	0x1
 1042 0695 06       		.byte	0x6
 1043 0696 63686172 		.ascii "char\0"
 1043      00
 1044 069b 08       		.uleb128 0x8
 1045 069c 04       		.byte	0x4
 1046 069d 38060000 		.long	0x638
 1047 06a1 03       		.uleb128 0x3
 1048 06a2 7466756E 		.ascii "tfunc_t\0"
 1048      635F7400 
 1049 06aa 05       		.byte	0x5
 1050 06ab DE       		.byte	0xde
 1051 06ac B0060000 		.long	0x6b0
 1052 06b0 08       		.uleb128 0x8
 1053 06b1 04       		.byte	0x4
 1054 06b2 B6060000 		.long	0x6b6
 1055 06b6 14       		.uleb128 0x14
 1056 06b7 01       		.byte	0x1
 1057 06b8 81010000 		.long	0x181
 1058 06bc C6060000 		.long	0x6c6
 1059 06c0 0E       		.uleb128 0xe
 1060 06c1 E7030000 		.long	0x3e7
 1061 06c5 00       		.byte	0
 1062 06c6 07       		.uleb128 0x7
 1063 06c7 16       		.byte	0x16
 1064 06c8 0A       		.byte	0xa
 1065 06c9 25       		.byte	0x25
 1066 06ca 5F080000 		.long	0x85f
 1067 06ce 06       		.uleb128 0x6
 1068 06cf 63685F69 		.ascii "ch_identifier\0"
 1068      64656E74 
 1068      69666965 
 1068      7200
 1069 06dd 0A       		.byte	0xa
 1070 06de 26       		.byte	0x26
 1071 06df 5F080000 		.long	0x85f
 1072 06e3 02       		.byte	0x2
 1073 06e4 23       		.byte	0x23
 1074 06e5 00       		.uleb128 0
 1075 06e6 06       		.uleb128 0x6
 1076 06e7 63685F7A 		.ascii "ch_zero\0"
 1076      65726F00 
 1077 06ef 0A       		.byte	0xa
GAS LISTING C:\cygwin\tmp\ccytH5Is.s 			page 24


 1078 06f0 27       		.byte	0x27
 1079 06f1 A3000000 		.long	0xa3
 1080 06f5 02       		.byte	0x2
 1081 06f6 23       		.byte	0x23
 1082 06f7 04       		.uleb128 0x4
 1083 06f8 06       		.uleb128 0x6
 1084 06f9 63685F73 		.ascii "ch_size\0"
 1084      697A6500 
 1085 0701 0A       		.byte	0xa
 1086 0702 28       		.byte	0x28
 1087 0703 A3000000 		.long	0xa3
 1088 0707 02       		.byte	0x2
 1089 0708 23       		.byte	0x23
 1090 0709 05       		.uleb128 0x5
 1091 070a 06       		.uleb128 0x6
 1092 070b 63685F76 		.ascii "ch_version\0"
 1092      65727369 
 1092      6F6E00
 1093 0716 0A       		.byte	0xa
 1094 0717 29       		.byte	0x29
 1095 0718 D0000000 		.long	0xd0
 1096 071c 02       		.byte	0x2
 1097 071d 23       		.byte	0x23
 1098 071e 06       		.uleb128 0x6
 1099 071f 06       		.uleb128 0x6
 1100 0720 63685F70 		.ascii "ch_ptrsize\0"
 1100      74727369 
 1100      7A6500
 1101 072b 0A       		.byte	0xa
 1102 072c 2A       		.byte	0x2a
 1103 072d A3000000 		.long	0xa3
 1104 0731 02       		.byte	0x2
 1105 0732 23       		.byte	0x23
 1106 0733 08       		.uleb128 0x8
 1107 0734 06       		.uleb128 0x6
 1108 0735 63685F74 		.ascii "ch_timesize\0"
 1108      696D6573 
 1108      697A6500 
 1109 0741 0A       		.byte	0xa
 1110 0742 2B       		.byte	0x2b
 1111 0743 A3000000 		.long	0xa3
 1112 0747 02       		.byte	0x2
 1113 0748 23       		.byte	0x23
 1114 0749 09       		.uleb128 0x9
 1115 074a 06       		.uleb128 0x6
 1116 074b 63685F74 		.ascii "ch_threadsize\0"
 1116      68726561 
 1116      6473697A 
 1116      6500
 1117 0759 0A       		.byte	0xa
 1118 075a 2C       		.byte	0x2c
 1119 075b A3000000 		.long	0xa3
 1120 075f 02       		.byte	0x2
 1121 0760 23       		.byte	0x23
 1122 0761 0A       		.uleb128 0xa
 1123 0762 06       		.uleb128 0x6
 1124 0763 63665F6F 		.ascii "cf_off_prio\0"
GAS LISTING C:\cygwin\tmp\ccytH5Is.s 			page 25


 1124      66665F70 
 1124      72696F00 
 1125 076f 0A       		.byte	0xa
 1126 0770 2D       		.byte	0x2d
 1127 0771 A3000000 		.long	0xa3
 1128 0775 02       		.byte	0x2
 1129 0776 23       		.byte	0x23
 1130 0777 0B       		.uleb128 0xb
 1131 0778 06       		.uleb128 0x6
 1132 0779 63665F6F 		.ascii "cf_off_ctx\0"
 1132      66665F63 
 1132      747800
 1133 0784 0A       		.byte	0xa
 1134 0785 2E       		.byte	0x2e
 1135 0786 A3000000 		.long	0xa3
 1136 078a 02       		.byte	0x2
 1137 078b 23       		.byte	0x23
 1138 078c 0C       		.uleb128 0xc
 1139 078d 06       		.uleb128 0x6
 1140 078e 63665F6F 		.ascii "cf_off_newer\0"
 1140      66665F6E 
 1140      65776572 
 1140      00
 1141 079b 0A       		.byte	0xa
 1142 079c 2F       		.byte	0x2f
 1143 079d A3000000 		.long	0xa3
 1144 07a1 02       		.byte	0x2
 1145 07a2 23       		.byte	0x23
 1146 07a3 0D       		.uleb128 0xd
 1147 07a4 06       		.uleb128 0x6
 1148 07a5 63665F6F 		.ascii "cf_off_older\0"
 1148      66665F6F 
 1148      6C646572 
 1148      00
 1149 07b2 0A       		.byte	0xa
 1150 07b3 30       		.byte	0x30
 1151 07b4 A3000000 		.long	0xa3
 1152 07b8 02       		.byte	0x2
 1153 07b9 23       		.byte	0x23
 1154 07ba 0E       		.uleb128 0xe
 1155 07bb 06       		.uleb128 0x6
 1156 07bc 63665F6F 		.ascii "cf_off_name\0"
 1156      66665F6E 
 1156      616D6500 
 1157 07c8 0A       		.byte	0xa
 1158 07c9 31       		.byte	0x31
 1159 07ca A3000000 		.long	0xa3
 1160 07ce 02       		.byte	0x2
 1161 07cf 23       		.byte	0x23
 1162 07d0 0F       		.uleb128 0xf
 1163 07d1 06       		.uleb128 0x6
 1164 07d2 63665F6F 		.ascii "cf_off_stklimit\0"
 1164      66665F73 
 1164      746B6C69 
 1164      6D697400 
 1165 07e2 0A       		.byte	0xa
 1166 07e3 32       		.byte	0x32
GAS LISTING C:\cygwin\tmp\ccytH5Is.s 			page 26


 1167 07e4 A3000000 		.long	0xa3
 1168 07e8 02       		.byte	0x2
 1169 07e9 23       		.byte	0x23
 1170 07ea 10       		.uleb128 0x10
 1171 07eb 06       		.uleb128 0x6
 1172 07ec 63665F6F 		.ascii "cf_off_state\0"
 1172      66665F73 
 1172      74617465 
 1172      00
 1173 07f9 0A       		.byte	0xa
 1174 07fa 34       		.byte	0x34
 1175 07fb A3000000 		.long	0xa3
 1176 07ff 02       		.byte	0x2
 1177 0800 23       		.byte	0x23
 1178 0801 11       		.uleb128 0x11
 1179 0802 06       		.uleb128 0x6
 1180 0803 63665F6F 		.ascii "cf_off_flags\0"
 1180      66665F66 
 1180      6C616773 
 1180      00
 1181 0810 0A       		.byte	0xa
 1182 0811 35       		.byte	0x35
 1183 0812 A3000000 		.long	0xa3
 1184 0816 02       		.byte	0x2
 1185 0817 23       		.byte	0x23
 1186 0818 12       		.uleb128 0x12
 1187 0819 06       		.uleb128 0x6
 1188 081a 63665F6F 		.ascii "cf_off_refs\0"
 1188      66665F72 
 1188      65667300 
 1189 0826 0A       		.byte	0xa
 1190 0827 36       		.byte	0x36
 1191 0828 A3000000 		.long	0xa3
 1192 082c 02       		.byte	0x2
 1193 082d 23       		.byte	0x23
 1194 082e 13       		.uleb128 0x13
 1195 082f 06       		.uleb128 0x6
 1196 0830 63665F6F 		.ascii "cf_off_preempt\0"
 1196      66665F70 
 1196      7265656D 
 1196      707400
 1197 083f 0A       		.byte	0xa
 1198 0840 37       		.byte	0x37
 1199 0841 A3000000 		.long	0xa3
 1200 0845 02       		.byte	0x2
 1201 0846 23       		.byte	0x23
 1202 0847 14       		.uleb128 0x14
 1203 0848 06       		.uleb128 0x6
 1204 0849 63665F6F 		.ascii "cf_off_time\0"
 1204      66665F74 
 1204      696D6500 
 1205 0855 0A       		.byte	0xa
 1206 0856 39       		.byte	0x39
 1207 0857 A3000000 		.long	0xa3
 1208 085b 02       		.byte	0x2
 1209 085c 23       		.byte	0x23
 1210 085d 15       		.uleb128 0x15
GAS LISTING C:\cygwin\tmp\ccytH5Is.s 			page 27


 1211 085e 00       		.byte	0
 1212 085f 09       		.uleb128 0x9
 1213 0860 93060000 		.long	0x693
 1214 0864 6F080000 		.long	0x86f
 1215 0868 0A       		.uleb128 0xa
 1216 0869 6E000000 		.long	0x6e
 1217 086d 03       		.byte	0x3
 1218 086e 00       		.byte	0
 1219 086f 03       		.uleb128 0x3
 1220 0870 63686465 		.ascii "chdebug_t\0"
 1220      6275675F 
 1220      7400
 1221 087a 0A       		.byte	0xa
 1222 087b 3A       		.byte	0x3a
 1223 087c C6060000 		.long	0x6c6
 1224 0880 15       		.uleb128 0x15
 1225 0881 01       		.byte	0x1
 1226 0882 5F69646C 		.ascii "_idle_thread\0"
 1226      655F7468 
 1226      72656164 
 1226      00
 1227 088f 01       		.byte	0x1
 1228 0890 36       		.byte	0x36
 1229 0891 01       		.byte	0x1
 1230 0892 00000000 		.long	LFB0
 1231 0896 4E000000 		.long	LFE0
 1232 089a 00000000 		.secrel32	LLST0
 1233 089e AF080000 		.long	0x8af
 1234 08a2 16       		.uleb128 0x16
 1235 08a3 7000     		.ascii "p\0"
 1236 08a5 01       		.byte	0x1
 1237 08a6 36       		.byte	0x36
 1238 08a7 E7030000 		.long	0x3e7
 1239 08ab 02       		.byte	0x2
 1240 08ac 91       		.byte	0x91
 1241 08ad 00       		.sleb128 0
 1242 08ae 00       		.byte	0
 1243 08af 15       		.uleb128 0x15
 1244 08b0 01       		.byte	0x1
 1245 08b1 63685379 		.ascii "chSysInit\0"
 1245      73496E69 
 1245      7400
 1246 08bb 01       		.byte	0x1
 1247 08bc 4D       		.byte	0x4d
 1248 08bd 01       		.byte	0x1
 1249 08be 4E000000 		.long	LFB1
 1250 08c2 AC010000 		.long	LFE1
 1251 08c6 20000000 		.secrel32	LLST1
 1252 08ca E7080000 		.long	0x8e7
 1253 08ce 17       		.uleb128 0x17
 1254 08cf 6D61696E 		.ascii "mainthread\0"
 1254      74687265 
 1254      616400
 1255 08da 01       		.byte	0x1
 1256 08db 4E       		.byte	0x4e
 1257 08dc B2010000 		.long	0x1b2
 1258 08e0 05       		.byte	0x5
GAS LISTING C:\cygwin\tmp\ccytH5Is.s 			page 28


 1259 08e1 03       		.byte	0x3
 1260 08e2 00000000 		.long	_mainthread.1849
 1261 08e6 00       		.byte	0
 1262 08e7 15       		.uleb128 0x15
 1263 08e8 01       		.byte	0x1
 1264 08e9 63685379 		.ascii "chSysTimerHandlerI\0"
 1264      7354696D 
 1264      65724861 
 1264      6E646C65 
 1264      724900
 1265 08fc 01       		.byte	0x1
 1266 08fd 82       		.byte	0x82
 1267 08fe 01       		.byte	0x1
 1268 08ff AC010000 		.long	LFB2
 1269 0903 DE020000 		.long	LFE2
 1270 0907 4C000000 		.secrel32	LLST2
 1271 090b 3F090000 		.long	0x93f
 1272 090f 18       		.uleb128 0x18
 1273 0910 26020000 		.long	LBB2
 1274 0914 DA020000 		.long	LBE2
 1275 0918 17       		.uleb128 0x17
 1276 0919 76747000 		.ascii "vtp\0"
 1277 091d 01       		.byte	0x1
 1278 091e 8F       		.byte	0x8f
 1279 091f FC040000 		.long	0x4fc
 1280 0923 02       		.byte	0x2
 1281 0924 91       		.byte	0x91
 1282 0925 6C       		.sleb128 -20
 1283 0926 18       		.uleb128 0x18
 1284 0927 6C020000 		.long	LBB3
 1285 092b AA020000 		.long	LBE3
 1286 092f 17       		.uleb128 0x17
 1287 0930 666E00   		.ascii "fn\0"
 1288 0933 01       		.byte	0x1
 1289 0934 8F       		.byte	0x8f
 1290 0935 69040000 		.long	0x469
 1291 0939 02       		.byte	0x2
 1292 093a 91       		.byte	0x91
 1293 093b 68       		.sleb128 -24
 1294 093c 00       		.byte	0
 1295 093d 00       		.byte	0
 1296 093e 00       		.byte	0
 1297 093f 19       		.uleb128 0x19
 1298 0940 5F474C4F 		.ascii "_GLOBAL__sub_I_65535_0__idle_thread\0"
 1298      42414C5F 
 1298      5F737562 
 1298      5F495F36 
 1298      35353335 
 1299 0964 01       		.byte	0x1
 1300 0965 01       		.byte	0x1
 1301 0966 DE020000 		.long	LFB3
 1302 096a F1020000 		.long	LFE3
 1303 096e 78000000 		.secrel32	LLST3
 1304 0972 1A       		.uleb128 0x1a
 1305 0973 76746C69 		.ascii "vtlist\0"
 1305      737400
 1306 097a 07       		.byte	0x7
GAS LISTING C:\cygwin\tmp\ccytH5Is.s 			page 29


 1307 097b D1       		.byte	0xd1
 1308 097c 5B050000 		.long	0x55b
 1309 0980 01       		.byte	0x1
 1310 0981 01       		.byte	0x1
 1311 0982 1A       		.uleb128 0x1a
 1312 0983 726C6973 		.ascii "rlist\0"
 1312      7400
 1313 0989 08       		.byte	0x8
 1314 098a 68       		.byte	0x68
 1315 098b DD050000 		.long	0x5dd
 1316 098f 01       		.byte	0x1
 1317 0990 01       		.byte	0x1
 1318 0991 1B       		.uleb128 0x1b
 1319 0992 00000000 		.secrel32	LASF2
 1320 0996 0A       		.byte	0xa
 1321 0997 77       		.byte	0x77
 1322 0998 9E090000 		.long	0x99e
 1323 099c 01       		.byte	0x1
 1324 099d 01       		.byte	0x1
 1325 099e 13       		.uleb128 0x13
 1326 099f 6F080000 		.long	0x86f
 1327 09a3 09       		.uleb128 0x9
 1328 09a4 C7030000 		.long	0x3c7
 1329 09a8 B4090000 		.long	0x9b4
 1330 09ac 1C       		.uleb128 0x1c
 1331 09ad 6E000000 		.long	0x6e
 1332 09b1 1604     		.word	0x416
 1333 09b3 00       		.byte	0
 1334 09b4 1B       		.uleb128 0x1b
 1335 09b5 09000000 		.secrel32	LASF3
 1336 09b9 0B       		.byte	0xb
 1337 09ba 82       		.byte	0x82
 1338 09bb A3090000 		.long	0x9a3
 1339 09bf 01       		.byte	0x1
 1340 09c0 01       		.byte	0x1
 1341 09c1 1A       		.uleb128 0x1a
 1342 09c2 76746C69 		.ascii "vtlist\0"
 1342      737400
 1343 09c9 07       		.byte	0x7
 1344 09ca D1       		.byte	0xd1
 1345 09cb 5B050000 		.long	0x55b
 1346 09cf 01       		.byte	0x1
 1347 09d0 01       		.byte	0x1
 1348 09d1 1A       		.uleb128 0x1a
 1349 09d2 726C6973 		.ascii "rlist\0"
 1349      7400
 1350 09d8 08       		.byte	0x8
 1351 09d9 68       		.byte	0x68
 1352 09da DD050000 		.long	0x5dd
 1353 09de 01       		.byte	0x1
 1354 09df 01       		.byte	0x1
 1355 09e0 1B       		.uleb128 0x1b
 1356 09e1 00000000 		.secrel32	LASF2
 1357 09e5 0A       		.byte	0xa
 1358 09e6 77       		.byte	0x77
 1359 09e7 9E090000 		.long	0x99e
 1360 09eb 01       		.byte	0x1
GAS LISTING C:\cygwin\tmp\ccytH5Is.s 			page 30


 1361 09ec 01       		.byte	0x1
 1362 09ed 1D       		.uleb128 0x1d
 1363 09ee 09000000 		.secrel32	LASF3
 1364 09f2 01       		.byte	0x1
 1365 09f3 2A       		.byte	0x2a
 1366 09f4 A3090000 		.long	0x9a3
 1367 09f8 01       		.byte	0x1
 1368 09f9 05       		.byte	0x5
 1369 09fa 03       		.byte	0x3
 1370 09fb 00000000 		.long	__idle_thread_wa
 1371 09ff 00       		.byte	0
 1372              		.section	.debug_abbrev,"dr"
 1373              	Ldebug_abbrev0:
 1374 0000 01       		.uleb128 0x1
 1375 0001 11       		.uleb128 0x11
 1376 0002 01       		.byte	0x1
 1377 0003 25       		.uleb128 0x25
 1378 0004 08       		.uleb128 0x8
 1379 0005 13       		.uleb128 0x13
 1380 0006 0B       		.uleb128 0xb
 1381 0007 03       		.uleb128 0x3
 1382 0008 08       		.uleb128 0x8
 1383 0009 1B       		.uleb128 0x1b
 1384 000a 08       		.uleb128 0x8
 1385 000b 11       		.uleb128 0x11
 1386 000c 01       		.uleb128 0x1
 1387 000d 12       		.uleb128 0x12
 1388 000e 01       		.uleb128 0x1
 1389 000f 10       		.uleb128 0x10
 1390 0010 06       		.uleb128 0x6
 1391 0011 00       		.byte	0
 1392 0012 00       		.byte	0
 1393 0013 02       		.uleb128 0x2
 1394 0014 24       		.uleb128 0x24
 1395 0015 00       		.byte	0
 1396 0016 0B       		.uleb128 0xb
 1397 0017 0B       		.uleb128 0xb
 1398 0018 3E       		.uleb128 0x3e
 1399 0019 0B       		.uleb128 0xb
 1400 001a 03       		.uleb128 0x3
 1401 001b 08       		.uleb128 0x8
 1402 001c 00       		.byte	0
 1403 001d 00       		.byte	0
 1404 001e 03       		.uleb128 0x3
 1405 001f 16       		.uleb128 0x16
 1406 0020 00       		.byte	0
 1407 0021 03       		.uleb128 0x3
 1408 0022 08       		.uleb128 0x8
 1409 0023 3A       		.uleb128 0x3a
 1410 0024 0B       		.uleb128 0xb
 1411 0025 3B       		.uleb128 0x3b
 1412 0026 0B       		.uleb128 0xb
 1413 0027 49       		.uleb128 0x49
 1414 0028 13       		.uleb128 0x13
 1415 0029 00       		.byte	0
 1416 002a 00       		.byte	0
 1417 002b 04       		.uleb128 0x4
GAS LISTING C:\cygwin\tmp\ccytH5Is.s 			page 31


 1418 002c 13       		.uleb128 0x13
 1419 002d 01       		.byte	0x1
 1420 002e 03       		.uleb128 0x3
 1421 002f 08       		.uleb128 0x8
 1422 0030 0B       		.uleb128 0xb
 1423 0031 0B       		.uleb128 0xb
 1424 0032 3A       		.uleb128 0x3a
 1425 0033 0B       		.uleb128 0xb
 1426 0034 3B       		.uleb128 0x3b
 1427 0035 0B       		.uleb128 0xb
 1428 0036 01       		.uleb128 0x1
 1429 0037 13       		.uleb128 0x13
 1430 0038 00       		.byte	0
 1431 0039 00       		.byte	0
 1432 003a 05       		.uleb128 0x5
 1433 003b 0D       		.uleb128 0xd
 1434 003c 00       		.byte	0
 1435 003d 03       		.uleb128 0x3
 1436 003e 0E       		.uleb128 0xe
 1437 003f 3A       		.uleb128 0x3a
 1438 0040 0B       		.uleb128 0xb
 1439 0041 3B       		.uleb128 0x3b
 1440 0042 0B       		.uleb128 0xb
 1441 0043 49       		.uleb128 0x49
 1442 0044 13       		.uleb128 0x13
 1443 0045 38       		.uleb128 0x38
 1444 0046 0A       		.uleb128 0xa
 1445 0047 00       		.byte	0
 1446 0048 00       		.byte	0
 1447 0049 06       		.uleb128 0x6
 1448 004a 0D       		.uleb128 0xd
 1449 004b 00       		.byte	0
 1450 004c 03       		.uleb128 0x3
 1451 004d 08       		.uleb128 0x8
 1452 004e 3A       		.uleb128 0x3a
 1453 004f 0B       		.uleb128 0xb
 1454 0050 3B       		.uleb128 0x3b
 1455 0051 0B       		.uleb128 0xb
 1456 0052 49       		.uleb128 0x49
 1457 0053 13       		.uleb128 0x13
 1458 0054 38       		.uleb128 0x38
 1459 0055 0A       		.uleb128 0xa
 1460 0056 00       		.byte	0
 1461 0057 00       		.byte	0
 1462 0058 07       		.uleb128 0x7
 1463 0059 13       		.uleb128 0x13
 1464 005a 01       		.byte	0x1
 1465 005b 0B       		.uleb128 0xb
 1466 005c 0B       		.uleb128 0xb
 1467 005d 3A       		.uleb128 0x3a
 1468 005e 0B       		.uleb128 0xb
 1469 005f 3B       		.uleb128 0x3b
 1470 0060 0B       		.uleb128 0xb
 1471 0061 01       		.uleb128 0x1
 1472 0062 13       		.uleb128 0x13
 1473 0063 00       		.byte	0
 1474 0064 00       		.byte	0
GAS LISTING C:\cygwin\tmp\ccytH5Is.s 			page 32


 1475 0065 08       		.uleb128 0x8
 1476 0066 0F       		.uleb128 0xf
 1477 0067 00       		.byte	0
 1478 0068 0B       		.uleb128 0xb
 1479 0069 0B       		.uleb128 0xb
 1480 006a 49       		.uleb128 0x49
 1481 006b 13       		.uleb128 0x13
 1482 006c 00       		.byte	0
 1483 006d 00       		.byte	0
 1484 006e 09       		.uleb128 0x9
 1485 006f 01       		.uleb128 0x1
 1486 0070 01       		.byte	0x1
 1487 0071 49       		.uleb128 0x49
 1488 0072 13       		.uleb128 0x13
 1489 0073 01       		.uleb128 0x1
 1490 0074 13       		.uleb128 0x13
 1491 0075 00       		.byte	0
 1492 0076 00       		.byte	0
 1493 0077 0A       		.uleb128 0xa
 1494 0078 21       		.uleb128 0x21
 1495 0079 00       		.byte	0
 1496 007a 49       		.uleb128 0x49
 1497 007b 13       		.uleb128 0x13
 1498 007c 2F       		.uleb128 0x2f
 1499 007d 0B       		.uleb128 0xb
 1500 007e 00       		.byte	0
 1501 007f 00       		.byte	0
 1502 0080 0B       		.uleb128 0xb
 1503 0081 0F       		.uleb128 0xf
 1504 0082 00       		.byte	0
 1505 0083 0B       		.uleb128 0xb
 1506 0084 0B       		.uleb128 0xb
 1507 0085 00       		.byte	0
 1508 0086 00       		.byte	0
 1509 0087 0C       		.uleb128 0xc
 1510 0088 35       		.uleb128 0x35
 1511 0089 00       		.byte	0
 1512 008a 49       		.uleb128 0x49
 1513 008b 13       		.uleb128 0x13
 1514 008c 00       		.byte	0
 1515 008d 00       		.byte	0
 1516 008e 0D       		.uleb128 0xd
 1517 008f 15       		.uleb128 0x15
 1518 0090 01       		.byte	0x1
 1519 0091 27       		.uleb128 0x27
 1520 0092 0C       		.uleb128 0xc
 1521 0093 01       		.uleb128 0x1
 1522 0094 13       		.uleb128 0x13
 1523 0095 00       		.byte	0
 1524 0096 00       		.byte	0
 1525 0097 0E       		.uleb128 0xe
 1526 0098 05       		.uleb128 0x5
 1527 0099 00       		.byte	0
 1528 009a 49       		.uleb128 0x49
 1529 009b 13       		.uleb128 0x13
 1530 009c 00       		.byte	0
 1531 009d 00       		.byte	0
GAS LISTING C:\cygwin\tmp\ccytH5Is.s 			page 33


 1532 009e 0F       		.uleb128 0xf
 1533 009f 16       		.uleb128 0x16
 1534 00a0 00       		.byte	0
 1535 00a1 03       		.uleb128 0x3
 1536 00a2 0E       		.uleb128 0xe
 1537 00a3 3A       		.uleb128 0x3a
 1538 00a4 0B       		.uleb128 0xb
 1539 00a5 3B       		.uleb128 0x3b
 1540 00a6 0B       		.uleb128 0xb
 1541 00a7 49       		.uleb128 0x49
 1542 00a8 13       		.uleb128 0x13
 1543 00a9 00       		.byte	0
 1544 00aa 00       		.byte	0
 1545 00ab 10       		.uleb128 0x10
 1546 00ac 13       		.uleb128 0x13
 1547 00ad 01       		.byte	0x1
 1548 00ae 03       		.uleb128 0x3
 1549 00af 0E       		.uleb128 0xe
 1550 00b0 0B       		.uleb128 0xb
 1551 00b1 0B       		.uleb128 0xb
 1552 00b2 3A       		.uleb128 0x3a
 1553 00b3 0B       		.uleb128 0xb
 1554 00b4 3B       		.uleb128 0x3b
 1555 00b5 0B       		.uleb128 0xb
 1556 00b6 01       		.uleb128 0x1
 1557 00b7 13       		.uleb128 0x13
 1558 00b8 00       		.byte	0
 1559 00b9 00       		.byte	0
 1560 00ba 11       		.uleb128 0x11
 1561 00bb 17       		.uleb128 0x17
 1562 00bc 01       		.byte	0x1
 1563 00bd 0B       		.uleb128 0xb
 1564 00be 0B       		.uleb128 0xb
 1565 00bf 3A       		.uleb128 0x3a
 1566 00c0 0B       		.uleb128 0xb
 1567 00c1 3B       		.uleb128 0x3b
 1568 00c2 0B       		.uleb128 0xb
 1569 00c3 01       		.uleb128 0x1
 1570 00c4 13       		.uleb128 0x13
 1571 00c5 00       		.byte	0
 1572 00c6 00       		.byte	0
 1573 00c7 12       		.uleb128 0x12
 1574 00c8 0D       		.uleb128 0xd
 1575 00c9 00       		.byte	0
 1576 00ca 03       		.uleb128 0x3
 1577 00cb 08       		.uleb128 0x8
 1578 00cc 3A       		.uleb128 0x3a
 1579 00cd 0B       		.uleb128 0xb
 1580 00ce 3B       		.uleb128 0x3b
 1581 00cf 0B       		.uleb128 0xb
 1582 00d0 49       		.uleb128 0x49
 1583 00d1 13       		.uleb128 0x13
 1584 00d2 00       		.byte	0
 1585 00d3 00       		.byte	0
 1586 00d4 13       		.uleb128 0x13
 1587 00d5 26       		.uleb128 0x26
 1588 00d6 00       		.byte	0
GAS LISTING C:\cygwin\tmp\ccytH5Is.s 			page 34


 1589 00d7 49       		.uleb128 0x49
 1590 00d8 13       		.uleb128 0x13
 1591 00d9 00       		.byte	0
 1592 00da 00       		.byte	0
 1593 00db 14       		.uleb128 0x14
 1594 00dc 15       		.uleb128 0x15
 1595 00dd 01       		.byte	0x1
 1596 00de 27       		.uleb128 0x27
 1597 00df 0C       		.uleb128 0xc
 1598 00e0 49       		.uleb128 0x49
 1599 00e1 13       		.uleb128 0x13
 1600 00e2 01       		.uleb128 0x1
 1601 00e3 13       		.uleb128 0x13
 1602 00e4 00       		.byte	0
 1603 00e5 00       		.byte	0
 1604 00e6 15       		.uleb128 0x15
 1605 00e7 2E       		.uleb128 0x2e
 1606 00e8 01       		.byte	0x1
 1607 00e9 3F       		.uleb128 0x3f
 1608 00ea 0C       		.uleb128 0xc
 1609 00eb 03       		.uleb128 0x3
 1610 00ec 08       		.uleb128 0x8
 1611 00ed 3A       		.uleb128 0x3a
 1612 00ee 0B       		.uleb128 0xb
 1613 00ef 3B       		.uleb128 0x3b
 1614 00f0 0B       		.uleb128 0xb
 1615 00f1 27       		.uleb128 0x27
 1616 00f2 0C       		.uleb128 0xc
 1617 00f3 11       		.uleb128 0x11
 1618 00f4 01       		.uleb128 0x1
 1619 00f5 12       		.uleb128 0x12
 1620 00f6 01       		.uleb128 0x1
 1621 00f7 40       		.uleb128 0x40
 1622 00f8 06       		.uleb128 0x6
 1623 00f9 01       		.uleb128 0x1
 1624 00fa 13       		.uleb128 0x13
 1625 00fb 00       		.byte	0
 1626 00fc 00       		.byte	0
 1627 00fd 16       		.uleb128 0x16
 1628 00fe 05       		.uleb128 0x5
 1629 00ff 00       		.byte	0
 1630 0100 03       		.uleb128 0x3
 1631 0101 08       		.uleb128 0x8
 1632 0102 3A       		.uleb128 0x3a
 1633 0103 0B       		.uleb128 0xb
 1634 0104 3B       		.uleb128 0x3b
 1635 0105 0B       		.uleb128 0xb
 1636 0106 49       		.uleb128 0x49
 1637 0107 13       		.uleb128 0x13
 1638 0108 02       		.uleb128 0x2
 1639 0109 0A       		.uleb128 0xa
 1640 010a 00       		.byte	0
 1641 010b 00       		.byte	0
 1642 010c 17       		.uleb128 0x17
 1643 010d 34       		.uleb128 0x34
 1644 010e 00       		.byte	0
 1645 010f 03       		.uleb128 0x3
GAS LISTING C:\cygwin\tmp\ccytH5Is.s 			page 35


 1646 0110 08       		.uleb128 0x8
 1647 0111 3A       		.uleb128 0x3a
 1648 0112 0B       		.uleb128 0xb
 1649 0113 3B       		.uleb128 0x3b
 1650 0114 0B       		.uleb128 0xb
 1651 0115 49       		.uleb128 0x49
 1652 0116 13       		.uleb128 0x13
 1653 0117 02       		.uleb128 0x2
 1654 0118 0A       		.uleb128 0xa
 1655 0119 00       		.byte	0
 1656 011a 00       		.byte	0
 1657 011b 18       		.uleb128 0x18
 1658 011c 0B       		.uleb128 0xb
 1659 011d 01       		.byte	0x1
 1660 011e 11       		.uleb128 0x11
 1661 011f 01       		.uleb128 0x1
 1662 0120 12       		.uleb128 0x12
 1663 0121 01       		.uleb128 0x1
 1664 0122 00       		.byte	0
 1665 0123 00       		.byte	0
 1666 0124 19       		.uleb128 0x19
 1667 0125 2E       		.uleb128 0x2e
 1668 0126 00       		.byte	0
 1669 0127 03       		.uleb128 0x3
 1670 0128 08       		.uleb128 0x8
 1671 0129 27       		.uleb128 0x27
 1672 012a 0C       		.uleb128 0xc
 1673 012b 34       		.uleb128 0x34
 1674 012c 0C       		.uleb128 0xc
 1675 012d 11       		.uleb128 0x11
 1676 012e 01       		.uleb128 0x1
 1677 012f 12       		.uleb128 0x12
 1678 0130 01       		.uleb128 0x1
 1679 0131 40       		.uleb128 0x40
 1680 0132 06       		.uleb128 0x6
 1681 0133 00       		.byte	0
 1682 0134 00       		.byte	0
 1683 0135 1A       		.uleb128 0x1a
 1684 0136 34       		.uleb128 0x34
 1685 0137 00       		.byte	0
 1686 0138 03       		.uleb128 0x3
 1687 0139 08       		.uleb128 0x8
 1688 013a 3A       		.uleb128 0x3a
 1689 013b 0B       		.uleb128 0xb
 1690 013c 3B       		.uleb128 0x3b
 1691 013d 0B       		.uleb128 0xb
 1692 013e 49       		.uleb128 0x49
 1693 013f 13       		.uleb128 0x13
 1694 0140 3F       		.uleb128 0x3f
 1695 0141 0C       		.uleb128 0xc
 1696 0142 3C       		.uleb128 0x3c
 1697 0143 0C       		.uleb128 0xc
 1698 0144 00       		.byte	0
 1699 0145 00       		.byte	0
 1700 0146 1B       		.uleb128 0x1b
 1701 0147 34       		.uleb128 0x34
 1702 0148 00       		.byte	0
GAS LISTING C:\cygwin\tmp\ccytH5Is.s 			page 36


 1703 0149 03       		.uleb128 0x3
 1704 014a 0E       		.uleb128 0xe
 1705 014b 3A       		.uleb128 0x3a
 1706 014c 0B       		.uleb128 0xb
 1707 014d 3B       		.uleb128 0x3b
 1708 014e 0B       		.uleb128 0xb
 1709 014f 49       		.uleb128 0x49
 1710 0150 13       		.uleb128 0x13
 1711 0151 3F       		.uleb128 0x3f
 1712 0152 0C       		.uleb128 0xc
 1713 0153 3C       		.uleb128 0x3c
 1714 0154 0C       		.uleb128 0xc
 1715 0155 00       		.byte	0
 1716 0156 00       		.byte	0
 1717 0157 1C       		.uleb128 0x1c
 1718 0158 21       		.uleb128 0x21
 1719 0159 00       		.byte	0
 1720 015a 49       		.uleb128 0x49
 1721 015b 13       		.uleb128 0x13
 1722 015c 2F       		.uleb128 0x2f
 1723 015d 05       		.uleb128 0x5
 1724 015e 00       		.byte	0
 1725 015f 00       		.byte	0
 1726 0160 1D       		.uleb128 0x1d
 1727 0161 34       		.uleb128 0x34
 1728 0162 00       		.byte	0
 1729 0163 03       		.uleb128 0x3
 1730 0164 0E       		.uleb128 0xe
 1731 0165 3A       		.uleb128 0x3a
 1732 0166 0B       		.uleb128 0xb
 1733 0167 3B       		.uleb128 0x3b
 1734 0168 0B       		.uleb128 0xb
 1735 0169 49       		.uleb128 0x49
 1736 016a 13       		.uleb128 0x13
 1737 016b 3F       		.uleb128 0x3f
 1738 016c 0C       		.uleb128 0xc
 1739 016d 02       		.uleb128 0x2
 1740 016e 0A       		.uleb128 0xa
 1741 016f 00       		.byte	0
 1742 0170 00       		.byte	0
 1743 0171 00       		.byte	0
 1744              		.section	.debug_loc,"dr"
 1745              	Ldebug_loc0:
 1746              	LLST0:
 1747 0000 00000000 		.long	LFB0-Ltext0
 1748 0004 03000000 		.long	LCFI0-Ltext0
 1749 0008 0200     		.word	0x2
 1750 000a 74       		.byte	0x74
 1751 000b 04       		.sleb128 4
 1752 000c 03000000 		.long	LCFI0-Ltext0
 1753 0010 4E000000 		.long	LFE0-Ltext0
 1754 0014 0200     		.word	0x2
 1755 0016 74       		.byte	0x74
 1756 0017 10       		.sleb128 16
 1757 0018 00000000 		.long	0
 1758 001c 00000000 		.long	0
 1759              	LLST1:
GAS LISTING C:\cygwin\tmp\ccytH5Is.s 			page 37


 1760 0020 4E000000 		.long	LFB1-Ltext0
 1761 0024 51000000 		.long	LCFI1-Ltext0
 1762 0028 0200     		.word	0x2
 1763 002a 74       		.byte	0x74
 1764 002b 04       		.sleb128 4
 1765 002c 51000000 		.long	LCFI1-Ltext0
 1766 0030 AB010000 		.long	LCFI2-Ltext0
 1767 0034 0200     		.word	0x2
 1768 0036 74       		.byte	0x74
 1769 0037 30       		.sleb128 48
 1770 0038 AB010000 		.long	LCFI2-Ltext0
 1771 003c AC010000 		.long	LFE1-Ltext0
 1772 0040 0200     		.word	0x2
 1773 0042 74       		.byte	0x74
 1774 0043 04       		.sleb128 4
 1775 0044 00000000 		.long	0
 1776 0048 00000000 		.long	0
 1777              	LLST2:
 1778 004c AC010000 		.long	LFB2-Ltext0
 1779 0050 AF010000 		.long	LCFI3-Ltext0
 1780 0054 0200     		.word	0x2
 1781 0056 74       		.byte	0x74
 1782 0057 04       		.sleb128 4
 1783 0058 AF010000 		.long	LCFI3-Ltext0
 1784 005c DD020000 		.long	LCFI4-Ltext0
 1785 0060 0200     		.word	0x2
 1786 0062 74       		.byte	0x74
 1787 0063 30       		.sleb128 48
 1788 0064 DD020000 		.long	LCFI4-Ltext0
 1789 0068 DE020000 		.long	LFE2-Ltext0
 1790 006c 0200     		.word	0x2
 1791 006e 74       		.byte	0x74
 1792 006f 04       		.sleb128 4
 1793 0070 00000000 		.long	0
 1794 0074 00000000 		.long	0
 1795              	LLST3:
 1796 0078 DE020000 		.long	LFB3-Ltext0
 1797 007c E1020000 		.long	LCFI5-Ltext0
 1798 0080 0200     		.word	0x2
 1799 0082 74       		.byte	0x74
 1800 0083 04       		.sleb128 4
 1801 0084 E1020000 		.long	LCFI5-Ltext0
 1802 0088 F0020000 		.long	LCFI6-Ltext0
 1803 008c 0200     		.word	0x2
 1804 008e 74       		.byte	0x74
 1805 008f 20       		.sleb128 32
 1806 0090 F0020000 		.long	LCFI6-Ltext0
 1807 0094 F1020000 		.long	LFE3-Ltext0
 1808 0098 0200     		.word	0x2
 1809 009a 74       		.byte	0x74
 1810 009b 04       		.sleb128 4
 1811 009c 00000000 		.long	0
 1812 00a0 00000000 		.long	0
 1813              		.section	.debug_aranges,"dr"
 1814 0000 1C000000 		.long	0x1c
 1815 0004 0200     		.word	0x2
 1816 0006 00000000 		.secrel32	Ldebug_info0
GAS LISTING C:\cygwin\tmp\ccytH5Is.s 			page 38


 1817 000a 04       		.byte	0x4
 1818 000b 00       		.byte	0
 1819 000c 0000     		.word	0
 1820 000e 0000     		.word	0
 1821 0010 00000000 		.long	Ltext0
 1822 0014 F1020000 		.long	Letext0-Ltext0
 1823 0018 00000000 		.long	0
 1824 001c 00000000 		.long	0
 1825              		.section	.debug_line,"dr"
 1826              	Ldebug_line0:
 1827 0000 7D010000 		.section	.debug_str,"dr"
 1827      02001901 
 1827      00000101 
 1827      FB0E0D00 
 1827      01010101 
 1828              	LASF2:
 1829 0000 63685F64 		.ascii "ch_debug\0"
 1829      65627567 
 1829      00
 1830              	LASF3:
 1831 0009 5F69646C 		.ascii "_idle_thread_wa\0"
 1831      655F7468 
 1831      72656164 
 1831      5F776100 
 1832              	LASF1:
 1833 0019 56697274 		.ascii "VirtualTimer\0"
 1833      75616C54 
 1833      696D6572 
 1833      00
 1834              	LASF0:
 1835 0026 705F6E65 		.ascii "p_next\0"
 1835      787400
 1836              		.def	_ChkIntSources;	.scl	2;	.type	32;	.endef
 1837              		.def	__scheduler_init;	.scl	2;	.type	32;	.endef
 1838              		.def	__vt_init;	.scl	2;	.type	32;	.endef
 1839              		.def	__core_init;	.scl	2;	.type	32;	.endef
 1840              		.def	__heap_init;	.scl	2;	.type	32;	.endef
 1841              		.def	__trace_init;	.scl	2;	.type	32;	.endef
 1842              		.def	__thread_init;	.scl	2;	.type	32;	.endef
 1843              		.def	_chThdCreateStatic;	.scl	2;	.type	32;	.endef
 1844              		.def	___gcov_merge_add;	.scl	2;	.type	32;	.endef
 1845              		.def	___gcov_init;	.scl	2;	.type	32;	.endef
GAS LISTING C:\cygwin\tmp\ccytH5Is.s 			page 39


DEFINED SYMBOLS
                            *ABS*:00000000 chsys.c
                            *COM*:00004170 __idle_thread_wa
C:\cygwin\tmp\ccytH5Is.s:49     .text:00000000 __idle_thread
C:\cygwin\tmp\ccytH5Is.s:81     .text:0000004e _chSysInit
C:\cygwin\tmp\ccytH5Is.s:282    .bss:00000000 _mainthread.1849
C:\cygwin\tmp\ccytH5Is.s:176    .text:000001ac _chSysTimerHandlerI
C:\cygwin\tmp\ccytH5Is.s:335    .text:000002de __GLOBAL__sub_I_65535_0__idle_thread

UNDEFINED SYMBOLS
_rlist
_ch_debug
_vtlist
_ChkIntSources
__scheduler_init
__vt_init
__core_init
__heap_init
__trace_init
__thread_init
_chThdCreateStatic
___gcov_merge_add
___gcov_init
