GAS LISTING C:\cygwin\tmp\ccfQKYZs.s 			page 1


   1              		.file	"hal.c"
   2              	 # GNU C (GCC) version 4.6.2 (mingw32)
   3              	 #	compiled by GNU C version 4.6.2, GMP version 5.0.1, MPFR version 2.4.1, MPC version 0.8.1
   4              	 # GGC heuristics: --param ggc-min-expand=100 --param ggc-min-heapsize=131072
   5              	 # options passed:  -I . -I ../../os/ports/GCC/SIMIA32
   6              	 # -I ../../os/kernel/include -I ../../test -I ../../os/hal/include
   7              	 # -I ../../os/hal/platforms/Win32 -I ../../boards/simulator
   8              	 # -I ../../os/various -iprefix c:\mingw\bin\../lib/gcc/mingw32/4.6.2/
   9              	 # -MD ../../os/hal/src/hal.d -MF .dep/hal.o.d -MP
  10              	 # -MQ ../../os/hal/src/hal.o -D SIMULATOR ../../os/hal/src/hal.c
  11              	 # -mtune=i386 -march=i386 -auxbase-strip ../../os/hal/src/hal.o -ggdb -O0
  12              	 # -Wall -Wextra -Wstrict-prototypes -fomit-frame-pointer -fprofile-arcs
  13              	 # -ftest-coverage -fverbose-asm
  14              	 # options enabled:  -fasynchronous-unwind-tables -fauto-inc-dec
  15              	 # -fbranch-count-reg -fcommon -fdelete-null-pointer-checks
  16              	 # -fdwarf2-cfi-asm -fearly-inlining -feliminate-unused-debug-types
  17              	 # -ffunction-cse -fgcse-lm -fident -finline-functions-called-once
  18              	 # -fira-share-save-slots -fira-share-spill-slots -fivopts
  19              	 # -fkeep-inline-dllexport -fkeep-static-consts -fleading-underscore
  20              	 # -fmath-errno -fmerge-debug-strings -fmove-loop-invariants
  21              	 # -fomit-frame-pointer -fpeephole -fprefetch-loop-arrays -fprofile-arcs
  22              	 # -freg-struct-return -fsched-critical-path-heuristic
  23              	 # -fsched-dep-count-heuristic -fsched-group-heuristic -fsched-interblock
  24              	 # -fsched-last-insn-heuristic -fsched-rank-heuristic -fsched-spec
  25              	 # -fsched-spec-insn-heuristic -fsched-stalled-insns-dep
  26              	 # -fset-stack-executable -fshow-column -fsigned-zeros
  27              	 # -fsplit-ivs-in-unroller -fstrict-volatile-bitfields -ftest-coverage
  28              	 # -ftrapping-math -ftree-cselim -ftree-forwprop -ftree-loop-if-convert
  29              	 # -ftree-loop-im -ftree-loop-ivcanon -ftree-loop-optimize
  30              	 # -ftree-parallelize-loops= -ftree-phiprop -ftree-pta -ftree-reassoc
  31              	 # -ftree-scev-cprop -ftree-slp-vectorize -ftree-vect-loop-version
  32              	 # -funit-at-a-time -funwind-tables -fvect-cost-model -fverbose-asm
  33              	 # -fzero-initialized-in-bss -m32 -m80387 -m96bit-long-double
  34              	 # -maccumulate-outgoing-args -malign-double -malign-stringops
  35              	 # -mfancy-math-387 -mfp-ret-in-387 -mieee-fp -mno-red-zone -mno-sse4
  36              	 # -mpush-args -msahf -mstack-arg-probe
  37              	
  38              		.text
  39              	Ltext0:
  40              	 # Compiler executable checksum: c20aed7c018482d7b62efcd5dcab2a9d
  41              	
  42              		.globl	_halInit
  43              		.def	_halInit;	.scl	2;	.type	32;	.endef
  44              	_halInit:
  45              	LFB9:
  46              		.file 1 "../../os/hal/src/hal.c"
  47              		.loc 1 61 0
  48              		.cfi_startproc
  49 0000 83EC0C   		subl	$12, %esp	 #,
  50              	LCFI0:
  51              		.cfi_def_cfa_offset 16
  52              		.loc 1 61 0
  53 0003 A1000000 		movl	LPBX1, %eax	 # *LPBX1, PROF_edge_counter.0
  53      00
  54 0008 8B150400 		movl	LPBX1+4, %edx	 # *LPBX1, PROF_edge_counter.0
  54      0000
  55 000e 83C001   		addl	$1, %eax	 #, PROF_edge_counter.0
GAS LISTING C:\cygwin\tmp\ccfQKYZs.s 			page 2


  56 0011 83D200   		adcl	$0, %edx	 #, PROF_edge_counter.0
  57 0014 A3000000 		movl	%eax, LPBX1	 # PROF_edge_counter.0, *LPBX1
  57      00
  58 0019 89150400 		movl	%edx, LPBX1+4	 # PROF_edge_counter.0, *LPBX1
  58      0000
  59              		.loc 1 63 0
  60 001f E8000000 		call	_hal_lld_init	 #
  60      00
  61 0024 A1080000 		movl	LPBX1+8, %eax	 # *LPBX1, PROF_edge_counter.0
  61      00
  62 0029 8B150C00 		movl	LPBX1+12, %edx	 # *LPBX1, PROF_edge_counter.0
  62      0000
  63 002f 83C001   		addl	$1, %eax	 #, PROF_edge_counter.0
  64 0032 83D200   		adcl	$0, %edx	 #, PROF_edge_counter.0
  65 0035 A3080000 		movl	%eax, LPBX1+8	 # PROF_edge_counter.0, *LPBX1
  65      00
  66 003a 89150C00 		movl	%edx, LPBX1+12	 # PROF_edge_counter.0, *LPBX1
  66      0000
  67              		.loc 1 120 0
  68 0040 E8000000 		call	_boardInit	 #
  68      00
  69 0045 A1100000 		movl	LPBX1+16, %eax	 # *LPBX1, PROF_edge_counter.0
  69      00
  70 004a 8B151400 		movl	LPBX1+20, %edx	 # *LPBX1, PROF_edge_counter.0
  70      0000
  71 0050 83C001   		addl	$1, %eax	 #, PROF_edge_counter.0
  72 0053 83D200   		adcl	$0, %edx	 #, PROF_edge_counter.0
  73 0056 A3100000 		movl	%eax, LPBX1+16	 # PROF_edge_counter.0, *LPBX1
  73      00
  74 005b 89151400 		movl	%edx, LPBX1+20	 # PROF_edge_counter.0, *LPBX1
  74      0000
  75              		.loc 1 121 0
  76 0061 83C40C   		addl	$12, %esp	 #,
  77              	LCFI1:
  78              		.cfi_def_cfa_offset 4
  79 0064 C3       		ret
  80              		.cfi_endproc
  81              	LFE9:
  82              	.lcomm LPBX1,24,8
  83              		.section .rdata,"dr"
  84              		.align 4
  85              	LC0:
  86 0000 433A5C64 		.ascii "C:\\develop\\gyro\\ChibiOS\\test\\coverage/../../os/hal/src/hal.gcda\0"
  86      6576656C 
  86      6F705C67 
  86      79726F5C 
  86      43686962 
  87              		.data
  88              		.align 4
  89              	LC1:
  90              	 # <anonymous>:
  91 0000 0A000000 		.long	10
  92              	 # <anonymous>:
  93 0004 1FFA7C28 		.long	679279135
  94              	 # <anonymous>:
  95 0008 03000000 		.long	3
  96 000c 00000000 		.align 32
GAS LISTING C:\cygwin\tmp\ccfQKYZs.s 			page 3


  96      00000000 
  96      00000000 
  96      00000000 
  96      00000000 
  97              	LPBX0:
  98              	 # <anonymous>:
  99 0020 2A363034 		.long	875574826
 100              	 # <anonymous>:
 101 0024 00000000 		.long	0
 102              	 # <anonymous>:
 103 0028 0A9EFA66 		.long	1727700490
 104              	 # <anonymous>:
 105 002c 00000000 		.long	LC0
 106              	 # <anonymous>:
 107 0030 01000000 		.long	1
 108              	 # <anonymous>:
 109 0034 00000000 		.long	LC1
 110              	 # <anonymous>:
 111 0038 01000000 		.long	1
 112              	 # <anonymous>:
 113              	 # <anonymous>:
 114 003c 03000000 		.long	3
 115              	 # <anonymous>:
 116 0040 00000000 		.long	LPBX1
 117              	 # <anonymous>:
 118 0044 00000000 		.long	___gcov_merge_add
 119 0048 00000000 		.space 12
 119      00000000 
 119      00000000 
 120 0054 00000000 		.text
 120      00000000 
 120      00000000 
 121              		.def	__GLOBAL__sub_I_65535_0_halInit;	.scl	3;	.type	32;	.endef
 122              	__GLOBAL__sub_I_65535_0_halInit:
 123              	LFB10:
 124              		.loc 1 121 0
 125              		.cfi_startproc
 126 0065 83EC1C   		subl	$28, %esp	 #,
 127              	LCFI2:
 128              		.cfi_def_cfa_offset 32
 129              		.loc 1 121 0
 130 0068 C7042420 		movl	$LPBX0, (%esp)	 #,
 130      000000
 131 006f E8000000 		call	___gcov_init	 #
 131      00
 132 0074 83C41C   		addl	$28, %esp	 #,
 133              	LCFI3:
 134              		.cfi_def_cfa_offset 4
 135 0077 C3       		ret
 136              		.cfi_endproc
 137              	LFE10:
 138              		.section	.ctors,"w"
 139              		.align 4
 140 0000 65000000 		.long	__GLOBAL__sub_I_65535_0_halInit
 141              		.text
 142              	Letext0:
 143              		.file 2 "c:/mingw/bin/../lib/gcc/mingw32/4.6.2/../../../../include/stdio.h"
GAS LISTING C:\cygwin\tmp\ccfQKYZs.s 			page 4


 144              		.section	.debug_info,"dr"
 145              	Ldebug_info0:
 146 0000 40020000 		.long	0x240
 147 0004 0200     		.word	0x2
 148 0006 00000000 		.secrel32	Ldebug_abbrev0
 149 000a 04       		.byte	0x4
 150 000b 01       		.uleb128 0x1
 151 000c 474E5520 		.ascii "GNU C 4.6.2\0"
 151      4320342E 
 151      362E3200 
 152 0018 01       		.byte	0x1
 153 0019 2E2E2F2E 		.ascii "../../os/hal/src/hal.c\0"
 153      2E2F6F73 
 153      2F68616C 
 153      2F737263 
 153      2F68616C 
 154 0030 433A5C64 		.ascii "C:\\develop\\gyro\\ChibiOS\\test\\coverage\0"
 154      6576656C 
 154      6F705C67 
 154      79726F5C 
 154      43686962 
 155 0056 00000000 		.long	Ltext0
 156 005a 78000000 		.long	Letext0
 157 005e 00000000 		.secrel32	Ldebug_line0
 158 0062 02       		.uleb128 0x2
 159 0063 04       		.byte	0x4
 160 0064 05       		.byte	0x5
 161 0065 696E7400 		.ascii "int\0"
 162 0069 02       		.uleb128 0x2
 163 006a 04       		.byte	0x4
 164 006b 07       		.byte	0x7
 165 006c 756E7369 		.ascii "unsigned int\0"
 165      676E6564 
 165      20696E74 
 165      00
 166 0079 02       		.uleb128 0x2
 167 007a 02       		.byte	0x2
 168 007b 07       		.byte	0x7
 169 007c 73686F72 		.ascii "short unsigned int\0"
 169      7420756E 
 169      7369676E 
 169      65642069 
 169      6E7400
 170 008f 02       		.uleb128 0x2
 171 0090 01       		.byte	0x1
 172 0091 06       		.byte	0x6
 173 0092 7369676E 		.ascii "signed char\0"
 173      65642063 
 173      68617200 
 174 009e 02       		.uleb128 0x2
 175 009f 01       		.byte	0x1
 176 00a0 08       		.byte	0x8
 177 00a1 756E7369 		.ascii "unsigned char\0"
 177      676E6564 
 177      20636861 
 177      7200
 178 00af 02       		.uleb128 0x2
GAS LISTING C:\cygwin\tmp\ccfQKYZs.s 			page 5


 179 00b0 02       		.byte	0x2
 180 00b1 05       		.byte	0x5
 181 00b2 73686F72 		.ascii "short int\0"
 181      7420696E 
 181      7400
 182 00bc 02       		.uleb128 0x2
 183 00bd 08       		.byte	0x8
 184 00be 05       		.byte	0x5
 185 00bf 6C6F6E67 		.ascii "long long int\0"
 185      206C6F6E 
 185      6720696E 
 185      7400
 186 00cd 02       		.uleb128 0x2
 187 00ce 08       		.byte	0x8
 188 00cf 07       		.byte	0x7
 189 00d0 6C6F6E67 		.ascii "long long unsigned int\0"
 189      206C6F6E 
 189      6720756E 
 189      7369676E 
 189      65642069 
 190 00e7 02       		.uleb128 0x2
 191 00e8 01       		.byte	0x1
 192 00e9 02       		.byte	0x2
 193 00ea 5F426F6F 		.ascii "_Bool\0"
 193      6C00
 194 00f0 02       		.uleb128 0x2
 195 00f1 01       		.byte	0x1
 196 00f2 06       		.byte	0x6
 197 00f3 63686172 		.ascii "char\0"
 197      00
 198 00f8 02       		.uleb128 0x2
 199 00f9 04       		.byte	0x4
 200 00fa 07       		.byte	0x7
 201 00fb 6C6F6E67 		.ascii "long unsigned int\0"
 201      20756E73 
 201      69676E65 
 201      6420696E 
 201      7400
 202 010d 02       		.uleb128 0x2
 203 010e 04       		.byte	0x4
 204 010f 04       		.byte	0x4
 205 0110 666C6F61 		.ascii "float\0"
 205      7400
 206 0116 02       		.uleb128 0x2
 207 0117 04       		.byte	0x4
 208 0118 05       		.byte	0x5
 209 0119 6C6F6E67 		.ascii "long int\0"
 209      20696E74 
 209      00
 210 0122 03       		.uleb128 0x3
 211 0123 04       		.byte	0x4
 212 0124 F0000000 		.long	0xf0
 213 0128 02       		.uleb128 0x2
 214 0129 08       		.byte	0x8
 215 012a 04       		.byte	0x4
 216 012b 646F7562 		.ascii "double\0"
 216      6C6500
GAS LISTING C:\cygwin\tmp\ccfQKYZs.s 			page 6


 217 0132 04       		.uleb128 0x4
 218 0133 5F696F62 		.ascii "_iobuf\0"
 218      756600
 219 013a 20       		.byte	0x20
 220 013b 02       		.byte	0x2
 221 013c 81       		.byte	0x81
 222 013d C9010000 		.long	0x1c9
 223 0141 05       		.uleb128 0x5
 224 0142 5F707472 		.ascii "_ptr\0"
 224      00
 225 0147 02       		.byte	0x2
 226 0148 83       		.byte	0x83
 227 0149 22010000 		.long	0x122
 228 014d 02       		.byte	0x2
 229 014e 23       		.byte	0x23
 230 014f 00       		.uleb128 0
 231 0150 05       		.uleb128 0x5
 232 0151 5F636E74 		.ascii "_cnt\0"
 232      00
 233 0156 02       		.byte	0x2
 234 0157 84       		.byte	0x84
 235 0158 62000000 		.long	0x62
 236 015c 02       		.byte	0x2
 237 015d 23       		.byte	0x23
 238 015e 04       		.uleb128 0x4
 239 015f 05       		.uleb128 0x5
 240 0160 5F626173 		.ascii "_base\0"
 240      6500
 241 0166 02       		.byte	0x2
 242 0167 85       		.byte	0x85
 243 0168 22010000 		.long	0x122
 244 016c 02       		.byte	0x2
 245 016d 23       		.byte	0x23
 246 016e 08       		.uleb128 0x8
 247 016f 05       		.uleb128 0x5
 248 0170 5F666C61 		.ascii "_flag\0"
 248      6700
 249 0176 02       		.byte	0x2
 250 0177 86       		.byte	0x86
 251 0178 62000000 		.long	0x62
 252 017c 02       		.byte	0x2
 253 017d 23       		.byte	0x23
 254 017e 0C       		.uleb128 0xc
 255 017f 05       		.uleb128 0x5
 256 0180 5F66696C 		.ascii "_file\0"
 256      6500
 257 0186 02       		.byte	0x2
 258 0187 87       		.byte	0x87
 259 0188 62000000 		.long	0x62
 260 018c 02       		.byte	0x2
 261 018d 23       		.byte	0x23
 262 018e 10       		.uleb128 0x10
 263 018f 05       		.uleb128 0x5
 264 0190 5F636861 		.ascii "_charbuf\0"
 264      72627566 
 264      00
 265 0199 02       		.byte	0x2
GAS LISTING C:\cygwin\tmp\ccfQKYZs.s 			page 7


 266 019a 88       		.byte	0x88
 267 019b 62000000 		.long	0x62
 268 019f 02       		.byte	0x2
 269 01a0 23       		.byte	0x23
 270 01a1 14       		.uleb128 0x14
 271 01a2 05       		.uleb128 0x5
 272 01a3 5F627566 		.ascii "_bufsiz\0"
 272      73697A00 
 273 01ab 02       		.byte	0x2
 274 01ac 89       		.byte	0x89
 275 01ad 62000000 		.long	0x62
 276 01b1 02       		.byte	0x2
 277 01b2 23       		.byte	0x23
 278 01b3 18       		.uleb128 0x18
 279 01b4 05       		.uleb128 0x5
 280 01b5 5F746D70 		.ascii "_tmpfname\0"
 280      666E616D 
 280      6500
 281 01bf 02       		.byte	0x2
 282 01c0 8A       		.byte	0x8a
 283 01c1 22010000 		.long	0x122
 284 01c5 02       		.byte	0x2
 285 01c6 23       		.byte	0x23
 286 01c7 1C       		.uleb128 0x1c
 287 01c8 00       		.byte	0
 288 01c9 06       		.uleb128 0x6
 289 01ca 46494C45 		.ascii "FILE\0"
 289      00
 290 01cf 02       		.byte	0x2
 291 01d0 8B       		.byte	0x8b
 292 01d1 32010000 		.long	0x132
 293 01d5 07       		.uleb128 0x7
 294 01d6 01       		.byte	0x1
 295 01d7 68616C49 		.ascii "halInit\0"
 295      6E697400 
 296 01df 01       		.byte	0x1
 297 01e0 3D       		.byte	0x3d
 298 01e1 01       		.byte	0x1
 299 01e2 00000000 		.long	LFB9
 300 01e6 65000000 		.long	LFE9
 301 01ea 00000000 		.secrel32	LLST0
 302 01ee 08       		.uleb128 0x8
 303 01ef 5F474C4F 		.ascii "_GLOBAL__sub_I_65535_0_halInit\0"
 303      42414C5F 
 303      5F737562 
 303      5F495F36 
 303      35353335 
 304 020e 01       		.byte	0x1
 305 020f 01       		.byte	0x1
 306 0210 65000000 		.long	LFB10
 307 0214 78000000 		.long	LFE10
 308 0218 2C000000 		.secrel32	LLST1
 309 021c 09       		.uleb128 0x9
 310 021d C9010000 		.long	0x1c9
 311 0221 27020000 		.long	0x227
 312 0225 0A       		.uleb128 0xa
 313 0226 00       		.byte	0
GAS LISTING C:\cygwin\tmp\ccfQKYZs.s 			page 8


 314 0227 0B       		.uleb128 0xb
 315 0228 5F696F62 		.ascii "_iob\0"
 315      00
 316 022d 02       		.byte	0x2
 317 022e 9A       		.byte	0x9a
 318 022f 1C020000 		.long	0x21c
 319 0233 01       		.byte	0x1
 320 0234 01       		.byte	0x1
 321 0235 0B       		.uleb128 0xb
 322 0236 5F696F62 		.ascii "_iob\0"
 322      00
 323 023b 02       		.byte	0x2
 324 023c 9A       		.byte	0x9a
 325 023d 1C020000 		.long	0x21c
 326 0241 01       		.byte	0x1
 327 0242 01       		.byte	0x1
 328 0243 00       		.byte	0
 329              		.section	.debug_abbrev,"dr"
 330              	Ldebug_abbrev0:
 331 0000 01       		.uleb128 0x1
 332 0001 11       		.uleb128 0x11
 333 0002 01       		.byte	0x1
 334 0003 25       		.uleb128 0x25
 335 0004 08       		.uleb128 0x8
 336 0005 13       		.uleb128 0x13
 337 0006 0B       		.uleb128 0xb
 338 0007 03       		.uleb128 0x3
 339 0008 08       		.uleb128 0x8
 340 0009 1B       		.uleb128 0x1b
 341 000a 08       		.uleb128 0x8
 342 000b 11       		.uleb128 0x11
 343 000c 01       		.uleb128 0x1
 344 000d 12       		.uleb128 0x12
 345 000e 01       		.uleb128 0x1
 346 000f 10       		.uleb128 0x10
 347 0010 06       		.uleb128 0x6
 348 0011 00       		.byte	0
 349 0012 00       		.byte	0
 350 0013 02       		.uleb128 0x2
 351 0014 24       		.uleb128 0x24
 352 0015 00       		.byte	0
 353 0016 0B       		.uleb128 0xb
 354 0017 0B       		.uleb128 0xb
 355 0018 3E       		.uleb128 0x3e
 356 0019 0B       		.uleb128 0xb
 357 001a 03       		.uleb128 0x3
 358 001b 08       		.uleb128 0x8
 359 001c 00       		.byte	0
 360 001d 00       		.byte	0
 361 001e 03       		.uleb128 0x3
 362 001f 0F       		.uleb128 0xf
 363 0020 00       		.byte	0
 364 0021 0B       		.uleb128 0xb
 365 0022 0B       		.uleb128 0xb
 366 0023 49       		.uleb128 0x49
 367 0024 13       		.uleb128 0x13
 368 0025 00       		.byte	0
GAS LISTING C:\cygwin\tmp\ccfQKYZs.s 			page 9


 369 0026 00       		.byte	0
 370 0027 04       		.uleb128 0x4
 371 0028 13       		.uleb128 0x13
 372 0029 01       		.byte	0x1
 373 002a 03       		.uleb128 0x3
 374 002b 08       		.uleb128 0x8
 375 002c 0B       		.uleb128 0xb
 376 002d 0B       		.uleb128 0xb
 377 002e 3A       		.uleb128 0x3a
 378 002f 0B       		.uleb128 0xb
 379 0030 3B       		.uleb128 0x3b
 380 0031 0B       		.uleb128 0xb
 381 0032 01       		.uleb128 0x1
 382 0033 13       		.uleb128 0x13
 383 0034 00       		.byte	0
 384 0035 00       		.byte	0
 385 0036 05       		.uleb128 0x5
 386 0037 0D       		.uleb128 0xd
 387 0038 00       		.byte	0
 388 0039 03       		.uleb128 0x3
 389 003a 08       		.uleb128 0x8
 390 003b 3A       		.uleb128 0x3a
 391 003c 0B       		.uleb128 0xb
 392 003d 3B       		.uleb128 0x3b
 393 003e 0B       		.uleb128 0xb
 394 003f 49       		.uleb128 0x49
 395 0040 13       		.uleb128 0x13
 396 0041 38       		.uleb128 0x38
 397 0042 0A       		.uleb128 0xa
 398 0043 00       		.byte	0
 399 0044 00       		.byte	0
 400 0045 06       		.uleb128 0x6
 401 0046 16       		.uleb128 0x16
 402 0047 00       		.byte	0
 403 0048 03       		.uleb128 0x3
 404 0049 08       		.uleb128 0x8
 405 004a 3A       		.uleb128 0x3a
 406 004b 0B       		.uleb128 0xb
 407 004c 3B       		.uleb128 0x3b
 408 004d 0B       		.uleb128 0xb
 409 004e 49       		.uleb128 0x49
 410 004f 13       		.uleb128 0x13
 411 0050 00       		.byte	0
 412 0051 00       		.byte	0
 413 0052 07       		.uleb128 0x7
 414 0053 2E       		.uleb128 0x2e
 415 0054 00       		.byte	0
 416 0055 3F       		.uleb128 0x3f
 417 0056 0C       		.uleb128 0xc
 418 0057 03       		.uleb128 0x3
 419 0058 08       		.uleb128 0x8
 420 0059 3A       		.uleb128 0x3a
 421 005a 0B       		.uleb128 0xb
 422 005b 3B       		.uleb128 0x3b
 423 005c 0B       		.uleb128 0xb
 424 005d 27       		.uleb128 0x27
 425 005e 0C       		.uleb128 0xc
GAS LISTING C:\cygwin\tmp\ccfQKYZs.s 			page 10


 426 005f 11       		.uleb128 0x11
 427 0060 01       		.uleb128 0x1
 428 0061 12       		.uleb128 0x12
 429 0062 01       		.uleb128 0x1
 430 0063 40       		.uleb128 0x40
 431 0064 06       		.uleb128 0x6
 432 0065 00       		.byte	0
 433 0066 00       		.byte	0
 434 0067 08       		.uleb128 0x8
 435 0068 2E       		.uleb128 0x2e
 436 0069 00       		.byte	0
 437 006a 03       		.uleb128 0x3
 438 006b 08       		.uleb128 0x8
 439 006c 27       		.uleb128 0x27
 440 006d 0C       		.uleb128 0xc
 441 006e 34       		.uleb128 0x34
 442 006f 0C       		.uleb128 0xc
 443 0070 11       		.uleb128 0x11
 444 0071 01       		.uleb128 0x1
 445 0072 12       		.uleb128 0x12
 446 0073 01       		.uleb128 0x1
 447 0074 40       		.uleb128 0x40
 448 0075 06       		.uleb128 0x6
 449 0076 00       		.byte	0
 450 0077 00       		.byte	0
 451 0078 09       		.uleb128 0x9
 452 0079 01       		.uleb128 0x1
 453 007a 01       		.byte	0x1
 454 007b 49       		.uleb128 0x49
 455 007c 13       		.uleb128 0x13
 456 007d 01       		.uleb128 0x1
 457 007e 13       		.uleb128 0x13
 458 007f 00       		.byte	0
 459 0080 00       		.byte	0
 460 0081 0A       		.uleb128 0xa
 461 0082 21       		.uleb128 0x21
 462 0083 00       		.byte	0
 463 0084 00       		.byte	0
 464 0085 00       		.byte	0
 465 0086 0B       		.uleb128 0xb
 466 0087 34       		.uleb128 0x34
 467 0088 00       		.byte	0
 468 0089 03       		.uleb128 0x3
 469 008a 08       		.uleb128 0x8
 470 008b 3A       		.uleb128 0x3a
 471 008c 0B       		.uleb128 0xb
 472 008d 3B       		.uleb128 0x3b
 473 008e 0B       		.uleb128 0xb
 474 008f 49       		.uleb128 0x49
 475 0090 13       		.uleb128 0x13
 476 0091 3F       		.uleb128 0x3f
 477 0092 0C       		.uleb128 0xc
 478 0093 3C       		.uleb128 0x3c
 479 0094 0C       		.uleb128 0xc
 480 0095 00       		.byte	0
 481 0096 00       		.byte	0
 482 0097 00       		.byte	0
GAS LISTING C:\cygwin\tmp\ccfQKYZs.s 			page 11


 483              		.section	.debug_loc,"dr"
 484              	Ldebug_loc0:
 485              	LLST0:
 486 0000 00000000 		.long	LFB9-Ltext0
 487 0004 03000000 		.long	LCFI0-Ltext0
 488 0008 0200     		.word	0x2
 489 000a 74       		.byte	0x74
 490 000b 04       		.sleb128 4
 491 000c 03000000 		.long	LCFI0-Ltext0
 492 0010 64000000 		.long	LCFI1-Ltext0
 493 0014 0200     		.word	0x2
 494 0016 74       		.byte	0x74
 495 0017 10       		.sleb128 16
 496 0018 64000000 		.long	LCFI1-Ltext0
 497 001c 65000000 		.long	LFE9-Ltext0
 498 0020 0200     		.word	0x2
 499 0022 74       		.byte	0x74
 500 0023 04       		.sleb128 4
 501 0024 00000000 		.long	0
 502 0028 00000000 		.long	0
 503              	LLST1:
 504 002c 65000000 		.long	LFB10-Ltext0
 505 0030 68000000 		.long	LCFI2-Ltext0
 506 0034 0200     		.word	0x2
 507 0036 74       		.byte	0x74
 508 0037 04       		.sleb128 4
 509 0038 68000000 		.long	LCFI2-Ltext0
 510 003c 77000000 		.long	LCFI3-Ltext0
 511 0040 0200     		.word	0x2
 512 0042 74       		.byte	0x74
 513 0043 20       		.sleb128 32
 514 0044 77000000 		.long	LCFI3-Ltext0
 515 0048 78000000 		.long	LFE10-Ltext0
 516 004c 0200     		.word	0x2
 517 004e 74       		.byte	0x74
 518 004f 04       		.sleb128 4
 519 0050 00000000 		.long	0
 520 0054 00000000 		.long	0
 521              		.section	.debug_aranges,"dr"
 522 0000 1C000000 		.long	0x1c
 523 0004 0200     		.word	0x2
 524 0006 00000000 		.secrel32	Ldebug_info0
 525 000a 04       		.byte	0x4
 526 000b 00       		.byte	0
 527 000c 0000     		.word	0
 528 000e 0000     		.word	0
 529 0010 00000000 		.long	Ltext0
 530 0014 78000000 		.long	Letext0-Ltext0
 531 0018 00000000 		.long	0
 532 001c 00000000 		.long	0
 533              		.section	.debug_line,"dr"
 534              	Ldebug_line0:
 535              		.def	_hal_lld_init;	.scl	2;	.type	32;	.endef
 536              		.def	_boardInit;	.scl	2;	.type	32;	.endef
 537              		.def	___gcov_merge_add;	.scl	2;	.type	32;	.endef
 538 0000 92000000 		.def	___gcov_init;	.scl	2;	.type	32;	.endef
 538      02007200 
GAS LISTING C:\cygwin\tmp\ccfQKYZs.s 			page 12


 538      00000101 
 538      FB0E0D00 
 538      01010101 
GAS LISTING C:\cygwin\tmp\ccfQKYZs.s 			page 13


DEFINED SYMBOLS
                            *ABS*:00000000 hal.c
C:\cygwin\tmp\ccfQKYZs.s:44     .text:00000000 _halInit
C:\cygwin\tmp\ccfQKYZs.s:122    .text:00000065 __GLOBAL__sub_I_65535_0_halInit

UNDEFINED SYMBOLS
_hal_lld_init
_boardInit
___gcov_merge_add
___gcov_init
