GAS LISTING C:\cygwin\tmp\ccE08SPj.s 			page 1


   1              		.file	"board.c"
   2              	 # GNU C (GCC) version 4.6.2 (mingw32)
   3              	 #	compiled by GNU C version 4.6.2, GMP version 5.0.1, MPFR version 2.4.1, MPC version 0.8.1
   4              	 # GGC heuristics: --param ggc-min-expand=100 --param ggc-min-heapsize=131072
   5              	 # options passed:  -I . -I ../../os/ports/GCC/SIMIA32
   6              	 # -I ../../os/kernel/include -I ../../test -I ../../os/hal/include
   7              	 # -I ../../os/hal/platforms/Win32 -I ../../boards/simulator
   8              	 # -I ../../os/various -iprefix c:\mingw\bin\../lib/gcc/mingw32/4.6.2/
   9              	 # -MD ../../boards/simulator/board.d -MF .dep/board.o.d -MP
  10              	 # -MQ ../../boards/simulator/board.o -D SIMULATOR
  11              	 # ../../boards/simulator/board.c -mtune=i386 -march=i386
  12              	 # -auxbase-strip ../../boards/simulator/board.o -ggdb -O0 -Wall -Wextra
  13              	 # -Wstrict-prototypes -fomit-frame-pointer -fprofile-arcs -ftest-coverage
  14              	 # -fverbose-asm
  15              	 # options enabled:  -fasynchronous-unwind-tables -fauto-inc-dec
  16              	 # -fbranch-count-reg -fcommon -fdelete-null-pointer-checks
  17              	 # -fdwarf2-cfi-asm -fearly-inlining -feliminate-unused-debug-types
  18              	 # -ffunction-cse -fgcse-lm -fident -finline-functions-called-once
  19              	 # -fira-share-save-slots -fira-share-spill-slots -fivopts
  20              	 # -fkeep-inline-dllexport -fkeep-static-consts -fleading-underscore
  21              	 # -fmath-errno -fmerge-debug-strings -fmove-loop-invariants
  22              	 # -fomit-frame-pointer -fpeephole -fprefetch-loop-arrays -fprofile-arcs
  23              	 # -freg-struct-return -fsched-critical-path-heuristic
  24              	 # -fsched-dep-count-heuristic -fsched-group-heuristic -fsched-interblock
  25              	 # -fsched-last-insn-heuristic -fsched-rank-heuristic -fsched-spec
  26              	 # -fsched-spec-insn-heuristic -fsched-stalled-insns-dep
  27              	 # -fset-stack-executable -fshow-column -fsigned-zeros
  28              	 # -fsplit-ivs-in-unroller -fstrict-volatile-bitfields -ftest-coverage
  29              	 # -ftrapping-math -ftree-cselim -ftree-forwprop -ftree-loop-if-convert
  30              	 # -ftree-loop-im -ftree-loop-ivcanon -ftree-loop-optimize
  31              	 # -ftree-parallelize-loops= -ftree-phiprop -ftree-pta -ftree-reassoc
  32              	 # -ftree-scev-cprop -ftree-slp-vectorize -ftree-vect-loop-version
  33              	 # -funit-at-a-time -funwind-tables -fvect-cost-model -fverbose-asm
  34              	 # -fzero-initialized-in-bss -m32 -m80387 -m96bit-long-double
  35              	 # -maccumulate-outgoing-args -malign-double -malign-stringops
  36              	 # -mfancy-math-387 -mfp-ret-in-387 -mieee-fp -mno-red-zone -mno-sse4
  37              	 # -mpush-args -msahf -mstack-arg-probe
  38              	
  39              		.text
  40              	Ltext0:
  41              	 # Compiler executable checksum: c20aed7c018482d7b62efcd5dcab2a9d
  42              	
  43              		.globl	_boardInit
  44              		.def	_boardInit;	.scl	2;	.type	32;	.endef
  45              	_boardInit:
  46              	LFB9:
  47              		.file 1 "../../boards/simulator/board.c"
  48              		.loc 1 38 0
  49              		.cfi_startproc
  50 0000 83EC04   		subl	$4, %esp	 #,
  51              	LCFI0:
  52              		.cfi_def_cfa_offset 8
  53              		.loc 1 38 0
  54 0003 A1000000 		movl	LPBX1, %eax	 # *LPBX1, PROF_edge_counter.0
  54      00
  55 0008 8B150400 		movl	LPBX1+4, %edx	 # *LPBX1, PROF_edge_counter.0
  55      0000
GAS LISTING C:\cygwin\tmp\ccE08SPj.s 			page 2


  56 000e 83C001   		addl	$1, %eax	 #, PROF_edge_counter.0
  57 0011 83D200   		adcl	$0, %edx	 #, PROF_edge_counter.0
  58 0014 A3000000 		movl	%eax, LPBX1	 # PROF_edge_counter.0, *LPBX1
  58      00
  59 0019 89150400 		movl	%edx, LPBX1+4	 # PROF_edge_counter.0, *LPBX1
  59      0000
  60              		.loc 1 39 0
  61 001f 83C404   		addl	$4, %esp	 #,
  62              	LCFI1:
  63              		.cfi_def_cfa_offset 4
  64 0022 C3       		ret
  65              		.cfi_endproc
  66              	LFE9:
  67              	.lcomm LPBX1,8,8
  68              		.section .rdata,"dr"
  69              		.align 4
  70              	LC0:
  71 0000 433A5C64 		.ascii "C:\\develop\\gyro\\ChibiOS\\test\\coverage/../../boards/simulator/board.gcda\0"
  71      6576656C 
  71      6F705C67 
  71      79726F5C 
  71      43686962 
  72              		.data
  73              		.align 4
  74              	LC1:
  75              	 # <anonymous>:
  76 0000 0A000000 		.long	10
  77              	 # <anonymous>:
  78 0004 7BDF6265 		.long	1700978555
  79              	 # <anonymous>:
  80 0008 01000000 		.long	1
  81 000c 00000000 		.align 32
  81      00000000 
  81      00000000 
  81      00000000 
  81      00000000 
  82              	LPBX0:
  83              	 # <anonymous>:
  84 0020 2A363034 		.long	875574826
  85              	 # <anonymous>:
  86 0024 00000000 		.long	0
  87              	 # <anonymous>:
  88 0028 F2C3FA66 		.long	1727710194
  89              	 # <anonymous>:
  90 002c 00000000 		.long	LC0
  91              	 # <anonymous>:
  92 0030 01000000 		.long	1
  93              	 # <anonymous>:
  94 0034 00000000 		.long	LC1
  95              	 # <anonymous>:
  96 0038 01000000 		.long	1
  97              	 # <anonymous>:
  98              	 # <anonymous>:
  99 003c 01000000 		.long	1
 100              	 # <anonymous>:
 101 0040 00000000 		.long	LPBX1
 102              	 # <anonymous>:
GAS LISTING C:\cygwin\tmp\ccE08SPj.s 			page 3


 103 0044 00000000 		.long	___gcov_merge_add
 104 0048 00000000 		.space 12
 104      00000000 
 104      00000000 
 105 0054 00000000 		.text
 105      00000000 
 105      00000000 
 106              		.def	__GLOBAL__sub_I_65535_0_boardInit;	.scl	3;	.type	32;	.endef
 107              	__GLOBAL__sub_I_65535_0_boardInit:
 108              	LFB10:
 109              		.loc 1 39 0
 110              		.cfi_startproc
 111 0023 83EC1C   		subl	$28, %esp	 #,
 112              	LCFI2:
 113              		.cfi_def_cfa_offset 32
 114              		.loc 1 39 0
 115 0026 C7042420 		movl	$LPBX0, (%esp)	 #,
 115      000000
 116 002d E8000000 		call	___gcov_init	 #
 116      00
 117 0032 83C41C   		addl	$28, %esp	 #,
 118              	LCFI3:
 119              		.cfi_def_cfa_offset 4
 120 0035 C3       		ret
 121              		.cfi_endproc
 122              	LFE10:
 123              		.section	.ctors,"w"
 124              		.align 4
 125 0000 23000000 		.long	__GLOBAL__sub_I_65535_0_boardInit
 126              		.text
 127              	Letext0:
 128              		.file 2 "c:/mingw/bin/../lib/gcc/mingw32/4.6.2/../../../../include/stdio.h"
 129 0036 9090     		.section	.debug_info,"dr"
 130              	Ldebug_info0:
 131 0000 4C020000 		.long	0x24c
 132 0004 0200     		.word	0x2
 133 0006 00000000 		.secrel32	Ldebug_abbrev0
 134 000a 04       		.byte	0x4
 135 000b 01       		.uleb128 0x1
 136 000c 474E5520 		.ascii "GNU C 4.6.2\0"
 136      4320342E 
 136      362E3200 
 137 0018 01       		.byte	0x1
 138 0019 2E2E2F2E 		.ascii "../../boards/simulator/board.c\0"
 138      2E2F626F 
 138      61726473 
 138      2F73696D 
 138      756C6174 
 139 0038 433A5C64 		.ascii "C:\\develop\\gyro\\ChibiOS\\test\\coverage\0"
 139      6576656C 
 139      6F705C67 
 139      79726F5C 
 139      43686962 
 140 005e 00000000 		.long	Ltext0
 141 0062 36000000 		.long	Letext0
 142 0066 00000000 		.secrel32	Ldebug_line0
 143 006a 02       		.uleb128 0x2
GAS LISTING C:\cygwin\tmp\ccE08SPj.s 			page 4


 144 006b 04       		.byte	0x4
 145 006c 05       		.byte	0x5
 146 006d 696E7400 		.ascii "int\0"
 147 0071 02       		.uleb128 0x2
 148 0072 04       		.byte	0x4
 149 0073 07       		.byte	0x7
 150 0074 756E7369 		.ascii "unsigned int\0"
 150      676E6564 
 150      20696E74 
 150      00
 151 0081 02       		.uleb128 0x2
 152 0082 02       		.byte	0x2
 153 0083 07       		.byte	0x7
 154 0084 73686F72 		.ascii "short unsigned int\0"
 154      7420756E 
 154      7369676E 
 154      65642069 
 154      6E7400
 155 0097 02       		.uleb128 0x2
 156 0098 01       		.byte	0x1
 157 0099 06       		.byte	0x6
 158 009a 7369676E 		.ascii "signed char\0"
 158      65642063 
 158      68617200 
 159 00a6 02       		.uleb128 0x2
 160 00a7 01       		.byte	0x1
 161 00a8 08       		.byte	0x8
 162 00a9 756E7369 		.ascii "unsigned char\0"
 162      676E6564 
 162      20636861 
 162      7200
 163 00b7 02       		.uleb128 0x2
 164 00b8 02       		.byte	0x2
 165 00b9 05       		.byte	0x5
 166 00ba 73686F72 		.ascii "short int\0"
 166      7420696E 
 166      7400
 167 00c4 02       		.uleb128 0x2
 168 00c5 08       		.byte	0x8
 169 00c6 05       		.byte	0x5
 170 00c7 6C6F6E67 		.ascii "long long int\0"
 170      206C6F6E 
 170      6720696E 
 170      7400
 171 00d5 02       		.uleb128 0x2
 172 00d6 08       		.byte	0x8
 173 00d7 07       		.byte	0x7
 174 00d8 6C6F6E67 		.ascii "long long unsigned int\0"
 174      206C6F6E 
 174      6720756E 
 174      7369676E 
 174      65642069 
 175 00ef 02       		.uleb128 0x2
 176 00f0 01       		.byte	0x1
 177 00f1 02       		.byte	0x2
 178 00f2 5F426F6F 		.ascii "_Bool\0"
 178      6C00
GAS LISTING C:\cygwin\tmp\ccE08SPj.s 			page 5


 179 00f8 02       		.uleb128 0x2
 180 00f9 01       		.byte	0x1
 181 00fa 06       		.byte	0x6
 182 00fb 63686172 		.ascii "char\0"
 182      00
 183 0100 02       		.uleb128 0x2
 184 0101 04       		.byte	0x4
 185 0102 07       		.byte	0x7
 186 0103 6C6F6E67 		.ascii "long unsigned int\0"
 186      20756E73 
 186      69676E65 
 186      6420696E 
 186      7400
 187 0115 02       		.uleb128 0x2
 188 0116 04       		.byte	0x4
 189 0117 04       		.byte	0x4
 190 0118 666C6F61 		.ascii "float\0"
 190      7400
 191 011e 02       		.uleb128 0x2
 192 011f 04       		.byte	0x4
 193 0120 05       		.byte	0x5
 194 0121 6C6F6E67 		.ascii "long int\0"
 194      20696E74 
 194      00
 195 012a 03       		.uleb128 0x3
 196 012b 04       		.byte	0x4
 197 012c F8000000 		.long	0xf8
 198 0130 02       		.uleb128 0x2
 199 0131 08       		.byte	0x8
 200 0132 04       		.byte	0x4
 201 0133 646F7562 		.ascii "double\0"
 201      6C6500
 202 013a 04       		.uleb128 0x4
 203 013b 5F696F62 		.ascii "_iobuf\0"
 203      756600
 204 0142 20       		.byte	0x20
 205 0143 02       		.byte	0x2
 206 0144 81       		.byte	0x81
 207 0145 D1010000 		.long	0x1d1
 208 0149 05       		.uleb128 0x5
 209 014a 5F707472 		.ascii "_ptr\0"
 209      00
 210 014f 02       		.byte	0x2
 211 0150 83       		.byte	0x83
 212 0151 2A010000 		.long	0x12a
 213 0155 02       		.byte	0x2
 214 0156 23       		.byte	0x23
 215 0157 00       		.uleb128 0
 216 0158 05       		.uleb128 0x5
 217 0159 5F636E74 		.ascii "_cnt\0"
 217      00
 218 015e 02       		.byte	0x2
 219 015f 84       		.byte	0x84
 220 0160 6A000000 		.long	0x6a
 221 0164 02       		.byte	0x2
 222 0165 23       		.byte	0x23
 223 0166 04       		.uleb128 0x4
GAS LISTING C:\cygwin\tmp\ccE08SPj.s 			page 6


 224 0167 05       		.uleb128 0x5
 225 0168 5F626173 		.ascii "_base\0"
 225      6500
 226 016e 02       		.byte	0x2
 227 016f 85       		.byte	0x85
 228 0170 2A010000 		.long	0x12a
 229 0174 02       		.byte	0x2
 230 0175 23       		.byte	0x23
 231 0176 08       		.uleb128 0x8
 232 0177 05       		.uleb128 0x5
 233 0178 5F666C61 		.ascii "_flag\0"
 233      6700
 234 017e 02       		.byte	0x2
 235 017f 86       		.byte	0x86
 236 0180 6A000000 		.long	0x6a
 237 0184 02       		.byte	0x2
 238 0185 23       		.byte	0x23
 239 0186 0C       		.uleb128 0xc
 240 0187 05       		.uleb128 0x5
 241 0188 5F66696C 		.ascii "_file\0"
 241      6500
 242 018e 02       		.byte	0x2
 243 018f 87       		.byte	0x87
 244 0190 6A000000 		.long	0x6a
 245 0194 02       		.byte	0x2
 246 0195 23       		.byte	0x23
 247 0196 10       		.uleb128 0x10
 248 0197 05       		.uleb128 0x5
 249 0198 5F636861 		.ascii "_charbuf\0"
 249      72627566 
 249      00
 250 01a1 02       		.byte	0x2
 251 01a2 88       		.byte	0x88
 252 01a3 6A000000 		.long	0x6a
 253 01a7 02       		.byte	0x2
 254 01a8 23       		.byte	0x23
 255 01a9 14       		.uleb128 0x14
 256 01aa 05       		.uleb128 0x5
 257 01ab 5F627566 		.ascii "_bufsiz\0"
 257      73697A00 
 258 01b3 02       		.byte	0x2
 259 01b4 89       		.byte	0x89
 260 01b5 6A000000 		.long	0x6a
 261 01b9 02       		.byte	0x2
 262 01ba 23       		.byte	0x23
 263 01bb 18       		.uleb128 0x18
 264 01bc 05       		.uleb128 0x5
 265 01bd 5F746D70 		.ascii "_tmpfname\0"
 265      666E616D 
 265      6500
 266 01c7 02       		.byte	0x2
 267 01c8 8A       		.byte	0x8a
 268 01c9 2A010000 		.long	0x12a
 269 01cd 02       		.byte	0x2
 270 01ce 23       		.byte	0x23
 271 01cf 1C       		.uleb128 0x1c
 272 01d0 00       		.byte	0
GAS LISTING C:\cygwin\tmp\ccE08SPj.s 			page 7


 273 01d1 06       		.uleb128 0x6
 274 01d2 46494C45 		.ascii "FILE\0"
 274      00
 275 01d7 02       		.byte	0x2
 276 01d8 8B       		.byte	0x8b
 277 01d9 3A010000 		.long	0x13a
 278 01dd 07       		.uleb128 0x7
 279 01de 01       		.byte	0x1
 280 01df 626F6172 		.ascii "boardInit\0"
 280      64496E69 
 280      7400
 281 01e9 01       		.byte	0x1
 282 01ea 26       		.byte	0x26
 283 01eb 01       		.byte	0x1
 284 01ec 00000000 		.long	LFB9
 285 01f0 23000000 		.long	LFE9
 286 01f4 00000000 		.secrel32	LLST0
 287 01f8 08       		.uleb128 0x8
 288 01f9 5F474C4F 		.ascii "_GLOBAL__sub_I_65535_0_boardInit\0"
 288      42414C5F 
 288      5F737562 
 288      5F495F36 
 288      35353335 
 289 021a 01       		.byte	0x1
 290 021b 01       		.byte	0x1
 291 021c 23000000 		.long	LFB10
 292 0220 36000000 		.long	LFE10
 293 0224 2C000000 		.secrel32	LLST1
 294 0228 09       		.uleb128 0x9
 295 0229 D1010000 		.long	0x1d1
 296 022d 33020000 		.long	0x233
 297 0231 0A       		.uleb128 0xa
 298 0232 00       		.byte	0
 299 0233 0B       		.uleb128 0xb
 300 0234 5F696F62 		.ascii "_iob\0"
 300      00
 301 0239 02       		.byte	0x2
 302 023a 9A       		.byte	0x9a
 303 023b 28020000 		.long	0x228
 304 023f 01       		.byte	0x1
 305 0240 01       		.byte	0x1
 306 0241 0B       		.uleb128 0xb
 307 0242 5F696F62 		.ascii "_iob\0"
 307      00
 308 0247 02       		.byte	0x2
 309 0248 9A       		.byte	0x9a
 310 0249 28020000 		.long	0x228
 311 024d 01       		.byte	0x1
 312 024e 01       		.byte	0x1
 313 024f 00       		.byte	0
 314              		.section	.debug_abbrev,"dr"
 315              	Ldebug_abbrev0:
 316 0000 01       		.uleb128 0x1
 317 0001 11       		.uleb128 0x11
 318 0002 01       		.byte	0x1
 319 0003 25       		.uleb128 0x25
 320 0004 08       		.uleb128 0x8
GAS LISTING C:\cygwin\tmp\ccE08SPj.s 			page 8


 321 0005 13       		.uleb128 0x13
 322 0006 0B       		.uleb128 0xb
 323 0007 03       		.uleb128 0x3
 324 0008 08       		.uleb128 0x8
 325 0009 1B       		.uleb128 0x1b
 326 000a 08       		.uleb128 0x8
 327 000b 11       		.uleb128 0x11
 328 000c 01       		.uleb128 0x1
 329 000d 12       		.uleb128 0x12
 330 000e 01       		.uleb128 0x1
 331 000f 10       		.uleb128 0x10
 332 0010 06       		.uleb128 0x6
 333 0011 00       		.byte	0
 334 0012 00       		.byte	0
 335 0013 02       		.uleb128 0x2
 336 0014 24       		.uleb128 0x24
 337 0015 00       		.byte	0
 338 0016 0B       		.uleb128 0xb
 339 0017 0B       		.uleb128 0xb
 340 0018 3E       		.uleb128 0x3e
 341 0019 0B       		.uleb128 0xb
 342 001a 03       		.uleb128 0x3
 343 001b 08       		.uleb128 0x8
 344 001c 00       		.byte	0
 345 001d 00       		.byte	0
 346 001e 03       		.uleb128 0x3
 347 001f 0F       		.uleb128 0xf
 348 0020 00       		.byte	0
 349 0021 0B       		.uleb128 0xb
 350 0022 0B       		.uleb128 0xb
 351 0023 49       		.uleb128 0x49
 352 0024 13       		.uleb128 0x13
 353 0025 00       		.byte	0
 354 0026 00       		.byte	0
 355 0027 04       		.uleb128 0x4
 356 0028 13       		.uleb128 0x13
 357 0029 01       		.byte	0x1
 358 002a 03       		.uleb128 0x3
 359 002b 08       		.uleb128 0x8
 360 002c 0B       		.uleb128 0xb
 361 002d 0B       		.uleb128 0xb
 362 002e 3A       		.uleb128 0x3a
 363 002f 0B       		.uleb128 0xb
 364 0030 3B       		.uleb128 0x3b
 365 0031 0B       		.uleb128 0xb
 366 0032 01       		.uleb128 0x1
 367 0033 13       		.uleb128 0x13
 368 0034 00       		.byte	0
 369 0035 00       		.byte	0
 370 0036 05       		.uleb128 0x5
 371 0037 0D       		.uleb128 0xd
 372 0038 00       		.byte	0
 373 0039 03       		.uleb128 0x3
 374 003a 08       		.uleb128 0x8
 375 003b 3A       		.uleb128 0x3a
 376 003c 0B       		.uleb128 0xb
 377 003d 3B       		.uleb128 0x3b
GAS LISTING C:\cygwin\tmp\ccE08SPj.s 			page 9


 378 003e 0B       		.uleb128 0xb
 379 003f 49       		.uleb128 0x49
 380 0040 13       		.uleb128 0x13
 381 0041 38       		.uleb128 0x38
 382 0042 0A       		.uleb128 0xa
 383 0043 00       		.byte	0
 384 0044 00       		.byte	0
 385 0045 06       		.uleb128 0x6
 386 0046 16       		.uleb128 0x16
 387 0047 00       		.byte	0
 388 0048 03       		.uleb128 0x3
 389 0049 08       		.uleb128 0x8
 390 004a 3A       		.uleb128 0x3a
 391 004b 0B       		.uleb128 0xb
 392 004c 3B       		.uleb128 0x3b
 393 004d 0B       		.uleb128 0xb
 394 004e 49       		.uleb128 0x49
 395 004f 13       		.uleb128 0x13
 396 0050 00       		.byte	0
 397 0051 00       		.byte	0
 398 0052 07       		.uleb128 0x7
 399 0053 2E       		.uleb128 0x2e
 400 0054 00       		.byte	0
 401 0055 3F       		.uleb128 0x3f
 402 0056 0C       		.uleb128 0xc
 403 0057 03       		.uleb128 0x3
 404 0058 08       		.uleb128 0x8
 405 0059 3A       		.uleb128 0x3a
 406 005a 0B       		.uleb128 0xb
 407 005b 3B       		.uleb128 0x3b
 408 005c 0B       		.uleb128 0xb
 409 005d 27       		.uleb128 0x27
 410 005e 0C       		.uleb128 0xc
 411 005f 11       		.uleb128 0x11
 412 0060 01       		.uleb128 0x1
 413 0061 12       		.uleb128 0x12
 414 0062 01       		.uleb128 0x1
 415 0063 40       		.uleb128 0x40
 416 0064 06       		.uleb128 0x6
 417 0065 00       		.byte	0
 418 0066 00       		.byte	0
 419 0067 08       		.uleb128 0x8
 420 0068 2E       		.uleb128 0x2e
 421 0069 00       		.byte	0
 422 006a 03       		.uleb128 0x3
 423 006b 08       		.uleb128 0x8
 424 006c 27       		.uleb128 0x27
 425 006d 0C       		.uleb128 0xc
 426 006e 34       		.uleb128 0x34
 427 006f 0C       		.uleb128 0xc
 428 0070 11       		.uleb128 0x11
 429 0071 01       		.uleb128 0x1
 430 0072 12       		.uleb128 0x12
 431 0073 01       		.uleb128 0x1
 432 0074 40       		.uleb128 0x40
 433 0075 06       		.uleb128 0x6
 434 0076 00       		.byte	0
GAS LISTING C:\cygwin\tmp\ccE08SPj.s 			page 10


 435 0077 00       		.byte	0
 436 0078 09       		.uleb128 0x9
 437 0079 01       		.uleb128 0x1
 438 007a 01       		.byte	0x1
 439 007b 49       		.uleb128 0x49
 440 007c 13       		.uleb128 0x13
 441 007d 01       		.uleb128 0x1
 442 007e 13       		.uleb128 0x13
 443 007f 00       		.byte	0
 444 0080 00       		.byte	0
 445 0081 0A       		.uleb128 0xa
 446 0082 21       		.uleb128 0x21
 447 0083 00       		.byte	0
 448 0084 00       		.byte	0
 449 0085 00       		.byte	0
 450 0086 0B       		.uleb128 0xb
 451 0087 34       		.uleb128 0x34
 452 0088 00       		.byte	0
 453 0089 03       		.uleb128 0x3
 454 008a 08       		.uleb128 0x8
 455 008b 3A       		.uleb128 0x3a
 456 008c 0B       		.uleb128 0xb
 457 008d 3B       		.uleb128 0x3b
 458 008e 0B       		.uleb128 0xb
 459 008f 49       		.uleb128 0x49
 460 0090 13       		.uleb128 0x13
 461 0091 3F       		.uleb128 0x3f
 462 0092 0C       		.uleb128 0xc
 463 0093 3C       		.uleb128 0x3c
 464 0094 0C       		.uleb128 0xc
 465 0095 00       		.byte	0
 466 0096 00       		.byte	0
 467 0097 00       		.byte	0
 468              		.section	.debug_loc,"dr"
 469              	Ldebug_loc0:
 470              	LLST0:
 471 0000 00000000 		.long	LFB9-Ltext0
 472 0004 03000000 		.long	LCFI0-Ltext0
 473 0008 0200     		.word	0x2
 474 000a 74       		.byte	0x74
 475 000b 04       		.sleb128 4
 476 000c 03000000 		.long	LCFI0-Ltext0
 477 0010 22000000 		.long	LCFI1-Ltext0
 478 0014 0200     		.word	0x2
 479 0016 74       		.byte	0x74
 480 0017 08       		.sleb128 8
 481 0018 22000000 		.long	LCFI1-Ltext0
 482 001c 23000000 		.long	LFE9-Ltext0
 483 0020 0200     		.word	0x2
 484 0022 74       		.byte	0x74
 485 0023 04       		.sleb128 4
 486 0024 00000000 		.long	0
 487 0028 00000000 		.long	0
 488              	LLST1:
 489 002c 23000000 		.long	LFB10-Ltext0
 490 0030 26000000 		.long	LCFI2-Ltext0
 491 0034 0200     		.word	0x2
GAS LISTING C:\cygwin\tmp\ccE08SPj.s 			page 11


 492 0036 74       		.byte	0x74
 493 0037 04       		.sleb128 4
 494 0038 26000000 		.long	LCFI2-Ltext0
 495 003c 35000000 		.long	LCFI3-Ltext0
 496 0040 0200     		.word	0x2
 497 0042 74       		.byte	0x74
 498 0043 20       		.sleb128 32
 499 0044 35000000 		.long	LCFI3-Ltext0
 500 0048 36000000 		.long	LFE10-Ltext0
 501 004c 0200     		.word	0x2
 502 004e 74       		.byte	0x74
 503 004f 04       		.sleb128 4
 504 0050 00000000 		.long	0
 505 0054 00000000 		.long	0
 506              		.section	.debug_aranges,"dr"
 507 0000 1C000000 		.long	0x1c
 508 0004 0200     		.word	0x2
 509 0006 00000000 		.secrel32	Ldebug_info0
 510 000a 04       		.byte	0x4
 511 000b 00       		.byte	0
 512 000c 0000     		.word	0
 513 000e 0000     		.word	0
 514 0010 00000000 		.long	Ltext0
 515 0014 36000000 		.long	Letext0-Ltext0
 516 0018 00000000 		.long	0
 517 001c 00000000 		.long	0
 518              		.section	.debug_line,"dr"
 519              	Ldebug_line0:
 520              		.def	___gcov_merge_add;	.scl	2;	.type	32;	.endef
 521 0000 94000000 		.def	___gcov_init;	.scl	2;	.type	32;	.endef
 521      02007A00 
 521      00000101 
 521      FB0E0D00 
 521      01010101 
GAS LISTING C:\cygwin\tmp\ccE08SPj.s 			page 12


DEFINED SYMBOLS
                            *ABS*:00000000 board.c
C:\cygwin\tmp\ccE08SPj.s:45     .text:00000000 _boardInit
C:\cygwin\tmp\ccE08SPj.s:107    .text:00000023 __GLOBAL__sub_I_65535_0_boardInit

UNDEFINED SYMBOLS
___gcov_merge_add
___gcov_init
